[0.098s] DEBUG:colcon:Command line arguments: ['/usr/bin/colcon', 'build']
[0.098s] DEBUG:colcon:Parsed command line arguments: Namespace(log_base=None, log_level=None, verb_name='build', build_base='build', install_base='install', merge_install=False, symlink_install=False, test_result_base=None, continue_on_error=False, executor='parallel', parallel_workers=8, event_handlers=None, ignore_user_meta=False, metas=['./colcon.meta'], base_paths=['.'], packages_ignore=None, packages_ignore_regex=None, paths=None, packages_up_to=None, packages_up_to_regex=None, packages_above=None, packages_above_and_dependencies=None, packages_above_depth=None, packages_select_by_dep=None, packages_skip_by_dep=None, packages_skip_up_to=None, packages_select_build_failed=False, packages_skip_build_finished=False, packages_select_test_failures=False, packages_skip_test_passed=False, packages_select=None, packages_skip=None, packages_select_regex=None, packages_skip_regex=None, packages_start=None, packages_end=None, allow_overriding=[], cmake_args=None, cmake_target=None, cmake_target_skip_unavailable=False, cmake_clean_cache=False, cmake_clean_first=False, cmake_force_configure=False, ament_cmake_args=None, catkin_cmake_args=None, catkin_skip_building_tests=False, mixin_files=None, mixin=None, verb_parser=<colcon_mixin.mixin.mixin_argument.MixinArgumentDecorator object at 0x7f9c497a97b0>, verb_extension=<colcon_core.verb.build.BuildVerb object at 0x7f9c498c26e0>, main=<bound method BuildVerb.main of <colcon_core.verb.build.BuildVerb object at 0x7f9c498c26e0>>, mixin_verb=('build',))
[0.245s] Level 1:colcon.colcon_core.package_discovery:discover_packages(colcon_meta) check parameters
[0.246s] Level 1:colcon.colcon_core.package_discovery:discover_packages(recursive) check parameters
[0.246s] Level 1:colcon.colcon_core.package_discovery:discover_packages(ignore) check parameters
[0.246s] Level 1:colcon.colcon_core.package_discovery:discover_packages(path) check parameters
[0.246s] Level 1:colcon.colcon_core.package_discovery:discover_packages(colcon_meta) discover
[0.246s] Level 1:colcon.colcon_core.package_discovery:discover_packages(recursive) discover
[0.246s] INFO:colcon.colcon_core.package_discovery:Crawling recursively for packages in '/home/nadurham/arduinobot_ws'
[0.246s] Level 1:colcon.colcon_core.package_identification:_identify(.) by extensions ['ignore', 'ignore_ament_install']
[0.246s] Level 1:colcon.colcon_core.package_identification:_identify(.) by extension 'ignore'
[0.246s] Level 1:colcon.colcon_core.package_identification:_identify(.) by extension 'ignore_ament_install'
[0.246s] Level 1:colcon.colcon_core.package_identification:_identify(.) by extensions ['colcon_pkg']
[0.246s] Level 1:colcon.colcon_core.package_identification:_identify(.) by extension 'colcon_pkg'
[0.246s] Level 1:colcon.colcon_core.package_identification:_identify(.) by extensions ['colcon_meta']
[0.246s] Level 1:colcon.colcon_core.package_identification:_identify(.) by extension 'colcon_meta'
[0.246s] Level 1:colcon.colcon_core.package_identification:_identify(.) by extensions ['ros']
[0.246s] Level 1:colcon.colcon_core.package_identification:_identify(.) by extension 'ros'
[0.254s] Level 1:colcon.colcon_core.package_identification:_identify(.) by extensions ['cmake', 'python']
[0.255s] Level 1:colcon.colcon_core.package_identification:_identify(.) by extension 'cmake'
[0.255s] Level 1:colcon.colcon_core.package_identification:_identify(.) by extension 'python'
[0.255s] Level 1:colcon.colcon_core.package_identification:_identify(.) by extensions ['python_setup_py']
[0.255s] Level 1:colcon.colcon_core.package_identification:_identify(.) by extension 'python_setup_py'
[0.255s] Level 1:colcon.colcon_core.package_identification:_identify(build) by extensions ['ignore', 'ignore_ament_install']
[0.255s] Level 1:colcon.colcon_core.package_identification:_identify(build) by extension 'ignore'
[0.255s] Level 1:colcon.colcon_core.package_identification:_identify(build) ignored
[0.255s] Level 1:colcon.colcon_core.package_identification:_identify(install) by extensions ['ignore', 'ignore_ament_install']
[0.255s] Level 1:colcon.colcon_core.package_identification:_identify(install) by extension 'ignore'
[0.255s] Level 1:colcon.colcon_core.package_identification:_identify(install) ignored
[0.255s] Level 1:colcon.colcon_core.package_identification:_identify(log) by extensions ['ignore', 'ignore_ament_install']
[0.255s] Level 1:colcon.colcon_core.package_identification:_identify(log) by extension 'ignore'
[0.255s] Level 1:colcon.colcon_core.package_identification:_identify(log) ignored
[0.255s] Level 1:colcon.colcon_core.package_identification:_identify(src) by extensions ['ignore', 'ignore_ament_install']
[0.256s] Level 1:colcon.colcon_core.package_identification:_identify(src) by extension 'ignore'
[0.256s] Level 1:colcon.colcon_core.package_identification:_identify(src) by extension 'ignore_ament_install'
[0.256s] Level 1:colcon.colcon_core.package_identification:_identify(src) by extensions ['colcon_pkg']
[0.256s] Level 1:colcon.colcon_core.package_identification:_identify(src) by extension 'colcon_pkg'
[0.256s] Level 1:colcon.colcon_core.package_identification:_identify(src) by extensions ['colcon_meta']
[0.256s] Level 1:colcon.colcon_core.package_identification:_identify(src) by extension 'colcon_meta'
[0.256s] Level 1:colcon.colcon_core.package_identification:_identify(src) by extensions ['ros']
[0.256s] Level 1:colcon.colcon_core.package_identification:_identify(src) by extension 'ros'
[0.256s] Level 1:colcon.colcon_core.package_identification:_identify(src) by extensions ['cmake', 'python']
[0.256s] Level 1:colcon.colcon_core.package_identification:_identify(src) by extension 'cmake'
[0.256s] Level 1:colcon.colcon_core.package_identification:_identify(src) by extension 'python'
[0.256s] Level 1:colcon.colcon_core.package_identification:_identify(src) by extensions ['python_setup_py']
[0.256s] Level 1:colcon.colcon_core.package_identification:_identify(src) by extension 'python_setup_py'
[0.256s] Level 1:colcon.colcon_core.package_identification:_identify(src/arduinobot_cpp_examples) by extensions ['ignore', 'ignore_ament_install']
[0.256s] Level 1:colcon.colcon_core.package_identification:_identify(src/arduinobot_cpp_examples) by extension 'ignore'
[0.256s] Level 1:colcon.colcon_core.package_identification:_identify(src/arduinobot_cpp_examples) by extension 'ignore_ament_install'
[0.256s] Level 1:colcon.colcon_core.package_identification:_identify(src/arduinobot_cpp_examples) by extensions ['colcon_pkg']
[0.256s] Level 1:colcon.colcon_core.package_identification:_identify(src/arduinobot_cpp_examples) by extension 'colcon_pkg'
[0.256s] Level 1:colcon.colcon_core.package_identification:_identify(src/arduinobot_cpp_examples) by extensions ['colcon_meta']
[0.256s] Level 1:colcon.colcon_core.package_identification:_identify(src/arduinobot_cpp_examples) by extension 'colcon_meta'
[0.256s] Level 1:colcon.colcon_core.package_identification:_identify(src/arduinobot_cpp_examples) by extensions ['ros']
[0.256s] Level 1:colcon.colcon_core.package_identification:_identify(src/arduinobot_cpp_examples) by extension 'ros'
[0.258s] DEBUG:colcon.colcon_core.package_identification:Package 'src/arduinobot_cpp_examples' with type 'ros.ament_cmake' and name 'arduinobot_cpp_examples'
[0.258s] Level 1:colcon.colcon_core.package_identification:_identify(src/arduinobot_description) by extensions ['ignore', 'ignore_ament_install']
[0.258s] Level 1:colcon.colcon_core.package_identification:_identify(src/arduinobot_description) by extension 'ignore'
[0.258s] Level 1:colcon.colcon_core.package_identification:_identify(src/arduinobot_description) by extension 'ignore_ament_install'
[0.258s] Level 1:colcon.colcon_core.package_identification:_identify(src/arduinobot_description) by extensions ['colcon_pkg']
[0.259s] Level 1:colcon.colcon_core.package_identification:_identify(src/arduinobot_description) by extension 'colcon_pkg'
[0.259s] Level 1:colcon.colcon_core.package_identification:_identify(src/arduinobot_description) by extensions ['colcon_meta']
[0.259s] Level 1:colcon.colcon_core.package_identification:_identify(src/arduinobot_description) by extension 'colcon_meta'
[0.259s] Level 1:colcon.colcon_core.package_identification:_identify(src/arduinobot_description) by extensions ['ros']
[0.259s] Level 1:colcon.colcon_core.package_identification:_identify(src/arduinobot_description) by extension 'ros'
[0.261s] DEBUG:colcon.colcon_core.package_identification:Package 'src/arduinobot_description' with type 'ros.ament_cmake' and name 'arduinobot_description'
[0.261s] Level 1:colcon.colcon_core.package_identification:_identify(src/arduinobot_py_examples) by extensions ['ignore', 'ignore_ament_install']
[0.261s] Level 1:colcon.colcon_core.package_identification:_identify(src/arduinobot_py_examples) by extension 'ignore'
[0.261s] Level 1:colcon.colcon_core.package_identification:_identify(src/arduinobot_py_examples) by extension 'ignore_ament_install'
[0.262s] Level 1:colcon.colcon_core.package_identification:_identify(src/arduinobot_py_examples) by extensions ['colcon_pkg']
[0.262s] Level 1:colcon.colcon_core.package_identification:_identify(src/arduinobot_py_examples) by extension 'colcon_pkg'
[0.262s] Level 1:colcon.colcon_core.package_identification:_identify(src/arduinobot_py_examples) by extensions ['colcon_meta']
[0.262s] Level 1:colcon.colcon_core.package_identification:_identify(src/arduinobot_py_examples) by extension 'colcon_meta'
[0.262s] Level 1:colcon.colcon_core.package_identification:_identify(src/arduinobot_py_examples) by extensions ['ros']
[0.262s] Level 1:colcon.colcon_core.package_identification:_identify(src/arduinobot_py_examples) by extension 'ros'
[0.263s] DEBUG:colcon.colcon_core.package_identification:Package 'src/arduinobot_py_examples' with type 'ros.ament_python' and name 'arduinobot_py_examples'
[0.263s] Level 1:colcon.colcon_core.package_identification:_identify(src/aruduinobot_controller) by extensions ['ignore', 'ignore_ament_install']
[0.263s] Level 1:colcon.colcon_core.package_identification:_identify(src/aruduinobot_controller) by extension 'ignore'
[0.263s] Level 1:colcon.colcon_core.package_identification:_identify(src/aruduinobot_controller) by extension 'ignore_ament_install'
[0.263s] Level 1:colcon.colcon_core.package_identification:_identify(src/aruduinobot_controller) by extensions ['colcon_pkg']
[0.263s] Level 1:colcon.colcon_core.package_identification:_identify(src/aruduinobot_controller) by extension 'colcon_pkg'
[0.263s] Level 1:colcon.colcon_core.package_identification:_identify(src/aruduinobot_controller) by extensions ['colcon_meta']
[0.263s] Level 1:colcon.colcon_core.package_identification:_identify(src/aruduinobot_controller) by extension 'colcon_meta'
[0.263s] Level 1:colcon.colcon_core.package_identification:_identify(src/aruduinobot_controller) by extensions ['ros']
[0.263s] Level 1:colcon.colcon_core.package_identification:_identify(src/aruduinobot_controller) by extension 'ros'
[0.264s] DEBUG:colcon.colcon_core.package_identification:Package 'src/aruduinobot_controller' with type 'ros.ament_cmake' and name 'aruduinobot_controller'
[0.264s] Level 1:colcon.colcon_core.package_identification:_identify(src/build) by extensions ['ignore', 'ignore_ament_install']
[0.264s] Level 1:colcon.colcon_core.package_identification:_identify(src/build) by extension 'ignore'
[0.264s] Level 1:colcon.colcon_core.package_identification:_identify(src/build) ignored
[0.264s] Level 1:colcon.colcon_core.package_identification:_identify(src/install) by extensions ['ignore', 'ignore_ament_install']
[0.264s] Level 1:colcon.colcon_core.package_identification:_identify(src/install) by extension 'ignore'
[0.264s] Level 1:colcon.colcon_core.package_identification:_identify(src/install) ignored
[0.264s] Level 1:colcon.colcon_core.package_identification:_identify(src/log) by extensions ['ignore', 'ignore_ament_install']
[0.264s] Level 1:colcon.colcon_core.package_identification:_identify(src/log) by extension 'ignore'
[0.264s] Level 1:colcon.colcon_core.package_identification:_identify(src/log) ignored
[0.264s] Level 1:colcon.colcon_core.package_discovery:discover_packages(recursive) using defaults
[0.264s] Level 1:colcon.colcon_core.package_discovery:discover_packages(ignore) discover
[0.264s] Level 1:colcon.colcon_core.package_discovery:discover_packages(ignore) using defaults
[0.264s] Level 1:colcon.colcon_core.package_discovery:discover_packages(path) discover
[0.264s] Level 1:colcon.colcon_core.package_discovery:discover_packages(path) using defaults
[0.293s] Level 1:colcon.colcon_core.package_discovery:discover_packages(prefix_path) check parameters
[0.293s] Level 1:colcon.colcon_core.package_discovery:discover_packages(prefix_path) discover
[0.296s] DEBUG:colcon.colcon_installed_package_information.package_discovery:Found 4 installed packages in /home/nadurham/arduinobot_ws/install
[0.297s] DEBUG:colcon.colcon_installed_package_information.package_discovery:Found 390 installed packages in /opt/ros/humble
[0.299s] Level 1:colcon.colcon_core.package_discovery:discover_packages(prefix_path) using defaults
[0.342s] Level 5:colcon.colcon_core.verb:set package 'arduinobot_cpp_examples' build argument 'cmake_args' from command line to 'None'
[0.342s] Level 5:colcon.colcon_core.verb:set package 'arduinobot_cpp_examples' build argument 'cmake_target' from command line to 'None'
[0.342s] Level 5:colcon.colcon_core.verb:set package 'arduinobot_cpp_examples' build argument 'cmake_target_skip_unavailable' from command line to 'False'
[0.342s] Level 5:colcon.colcon_core.verb:set package 'arduinobot_cpp_examples' build argument 'cmake_clean_cache' from command line to 'False'
[0.342s] Level 5:colcon.colcon_core.verb:set package 'arduinobot_cpp_examples' build argument 'cmake_clean_first' from command line to 'False'
[0.342s] Level 5:colcon.colcon_core.verb:set package 'arduinobot_cpp_examples' build argument 'cmake_force_configure' from command line to 'False'
[0.342s] Level 5:colcon.colcon_core.verb:set package 'arduinobot_cpp_examples' build argument 'ament_cmake_args' from command line to 'None'
[0.342s] Level 5:colcon.colcon_core.verb:set package 'arduinobot_cpp_examples' build argument 'catkin_cmake_args' from command line to 'None'
[0.342s] Level 5:colcon.colcon_core.verb:set package 'arduinobot_cpp_examples' build argument 'catkin_skip_building_tests' from command line to 'False'
[0.342s] DEBUG:colcon.colcon_core.verb:Building package 'arduinobot_cpp_examples' with the following arguments: {'ament_cmake_args': None, 'build_base': '/home/nadurham/arduinobot_ws/build/arduinobot_cpp_examples', 'catkin_cmake_args': None, 'catkin_skip_building_tests': False, 'cmake_args': None, 'cmake_clean_cache': False, 'cmake_clean_first': False, 'cmake_force_configure': False, 'cmake_target': None, 'cmake_target_skip_unavailable': False, 'install_base': '/home/nadurham/arduinobot_ws/install/arduinobot_cpp_examples', 'merge_install': False, 'path': '/home/nadurham/arduinobot_ws/src/arduinobot_cpp_examples', 'symlink_install': False, 'test_result_base': None}
[0.343s] Level 5:colcon.colcon_core.verb:set package 'arduinobot_description' build argument 'cmake_args' from command line to 'None'
[0.343s] Level 5:colcon.colcon_core.verb:set package 'arduinobot_description' build argument 'cmake_target' from command line to 'None'
[0.343s] Level 5:colcon.colcon_core.verb:set package 'arduinobot_description' build argument 'cmake_target_skip_unavailable' from command line to 'False'
[0.343s] Level 5:colcon.colcon_core.verb:set package 'arduinobot_description' build argument 'cmake_clean_cache' from command line to 'False'
[0.343s] Level 5:colcon.colcon_core.verb:set package 'arduinobot_description' build argument 'cmake_clean_first' from command line to 'False'
[0.343s] Level 5:colcon.colcon_core.verb:set package 'arduinobot_description' build argument 'cmake_force_configure' from command line to 'False'
[0.343s] Level 5:colcon.colcon_core.verb:set package 'arduinobot_description' build argument 'ament_cmake_args' from command line to 'None'
[0.343s] Level 5:colcon.colcon_core.verb:set package 'arduinobot_description' build argument 'catkin_cmake_args' from command line to 'None'
[0.343s] Level 5:colcon.colcon_core.verb:set package 'arduinobot_description' build argument 'catkin_skip_building_tests' from command line to 'False'
[0.343s] DEBUG:colcon.colcon_core.verb:Building package 'arduinobot_description' with the following arguments: {'ament_cmake_args': None, 'build_base': '/home/nadurham/arduinobot_ws/build/arduinobot_description', 'catkin_cmake_args': None, 'catkin_skip_building_tests': False, 'cmake_args': None, 'cmake_clean_cache': False, 'cmake_clean_first': False, 'cmake_force_configure': False, 'cmake_target': None, 'cmake_target_skip_unavailable': False, 'install_base': '/home/nadurham/arduinobot_ws/install/arduinobot_description', 'merge_install': False, 'path': '/home/nadurham/arduinobot_ws/src/arduinobot_description', 'symlink_install': False, 'test_result_base': None}
[0.343s] Level 5:colcon.colcon_core.verb:set package 'arduinobot_py_examples' build argument 'cmake_args' from command line to 'None'
[0.343s] Level 5:colcon.colcon_core.verb:set package 'arduinobot_py_examples' build argument 'cmake_target' from command line to 'None'
[0.343s] Level 5:colcon.colcon_core.verb:set package 'arduinobot_py_examples' build argument 'cmake_target_skip_unavailable' from command line to 'False'
[0.343s] Level 5:colcon.colcon_core.verb:set package 'arduinobot_py_examples' build argument 'cmake_clean_cache' from command line to 'False'
[0.343s] Level 5:colcon.colcon_core.verb:set package 'arduinobot_py_examples' build argument 'cmake_clean_first' from command line to 'False'
[0.343s] Level 5:colcon.colcon_core.verb:set package 'arduinobot_py_examples' build argument 'cmake_force_configure' from command line to 'False'
[0.343s] Level 5:colcon.colcon_core.verb:set package 'arduinobot_py_examples' build argument 'ament_cmake_args' from command line to 'None'
[0.343s] Level 5:colcon.colcon_core.verb:set package 'arduinobot_py_examples' build argument 'catkin_cmake_args' from command line to 'None'
[0.343s] Level 5:colcon.colcon_core.verb:set package 'arduinobot_py_examples' build argument 'catkin_skip_building_tests' from command line to 'False'
[0.343s] DEBUG:colcon.colcon_core.verb:Building package 'arduinobot_py_examples' with the following arguments: {'ament_cmake_args': None, 'build_base': '/home/nadurham/arduinobot_ws/build/arduinobot_py_examples', 'catkin_cmake_args': None, 'catkin_skip_building_tests': False, 'cmake_args': None, 'cmake_clean_cache': False, 'cmake_clean_first': False, 'cmake_force_configure': False, 'cmake_target': None, 'cmake_target_skip_unavailable': False, 'install_base': '/home/nadurham/arduinobot_ws/install/arduinobot_py_examples', 'merge_install': False, 'path': '/home/nadurham/arduinobot_ws/src/arduinobot_py_examples', 'symlink_install': False, 'test_result_base': None}
[0.344s] Level 5:colcon.colcon_core.verb:set package 'aruduinobot_controller' build argument 'cmake_args' from command line to 'None'
[0.344s] Level 5:colcon.colcon_core.verb:set package 'aruduinobot_controller' build argument 'cmake_target' from command line to 'None'
[0.344s] Level 5:colcon.colcon_core.verb:set package 'aruduinobot_controller' build argument 'cmake_target_skip_unavailable' from command line to 'False'
[0.344s] Level 5:colcon.colcon_core.verb:set package 'aruduinobot_controller' build argument 'cmake_clean_cache' from command line to 'False'
[0.344s] Level 5:colcon.colcon_core.verb:set package 'aruduinobot_controller' build argument 'cmake_clean_first' from command line to 'False'
[0.344s] Level 5:colcon.colcon_core.verb:set package 'aruduinobot_controller' build argument 'cmake_force_configure' from command line to 'False'
[0.344s] Level 5:colcon.colcon_core.verb:set package 'aruduinobot_controller' build argument 'ament_cmake_args' from command line to 'None'
[0.344s] Level 5:colcon.colcon_core.verb:set package 'aruduinobot_controller' build argument 'catkin_cmake_args' from command line to 'None'
[0.344s] Level 5:colcon.colcon_core.verb:set package 'aruduinobot_controller' build argument 'catkin_skip_building_tests' from command line to 'False'
[0.344s] DEBUG:colcon.colcon_core.verb:Building package 'aruduinobot_controller' with the following arguments: {'ament_cmake_args': None, 'build_base': '/home/nadurham/arduinobot_ws/build/aruduinobot_controller', 'catkin_cmake_args': None, 'catkin_skip_building_tests': False, 'cmake_args': None, 'cmake_clean_cache': False, 'cmake_clean_first': False, 'cmake_force_configure': False, 'cmake_target': None, 'cmake_target_skip_unavailable': False, 'install_base': '/home/nadurham/arduinobot_ws/install/aruduinobot_controller', 'merge_install': False, 'path': '/home/nadurham/arduinobot_ws/src/aruduinobot_controller', 'symlink_install': False, 'test_result_base': None}
[0.344s] INFO:colcon.colcon_core.executor:Executing jobs using 'parallel' executor
[0.345s] DEBUG:colcon.colcon_parallel_executor.executor.parallel:run_until_complete
[0.345s] INFO:colcon.colcon_ros.task.ament_cmake.build:Building ROS package in '/home/nadurham/arduinobot_ws/src/arduinobot_cpp_examples' with build type 'ament_cmake'
[0.345s] INFO:colcon.colcon_cmake.task.cmake.build:Building CMake package in '/home/nadurham/arduinobot_ws/src/arduinobot_cpp_examples'
[0.347s] INFO:colcon.colcon_core.plugin_system:Skipping extension 'colcon_core.shell.bat': Not used on non-Windows systems
[0.347s] INFO:colcon.colcon_core.shell:Skip shell extension 'powershell' for command environment: Not usable outside of PowerShell
[0.347s] DEBUG:colcon.colcon_core.shell:Skip shell extension 'dsv' for command environment
[0.351s] INFO:colcon.colcon_ros.task.ament_cmake.build:Building ROS package in '/home/nadurham/arduinobot_ws/src/arduinobot_description' with build type 'ament_cmake'
[0.351s] INFO:colcon.colcon_cmake.task.cmake.build:Building CMake package in '/home/nadurham/arduinobot_ws/src/arduinobot_description'
[0.351s] INFO:colcon.colcon_core.shell:Skip shell extension 'powershell' for command environment: Not usable outside of PowerShell
[0.351s] DEBUG:colcon.colcon_core.shell:Skip shell extension 'dsv' for command environment
[0.355s] INFO:colcon.colcon_ros.task.ament_python.build:Building ROS package in '/home/nadurham/arduinobot_ws/src/arduinobot_py_examples' with build type 'ament_python'
[0.355s] Level 1:colcon.colcon_core.shell:create_environment_hook('arduinobot_py_examples', 'ament_prefix_path')
[0.356s] INFO:colcon.colcon_core.shell:Creating environment hook '/home/nadurham/arduinobot_ws/install/arduinobot_py_examples/share/arduinobot_py_examples/hook/ament_prefix_path.ps1'
[0.356s] INFO:colcon.colcon_core.shell:Creating environment descriptor '/home/nadurham/arduinobot_ws/install/arduinobot_py_examples/share/arduinobot_py_examples/hook/ament_prefix_path.dsv'
[0.357s] INFO:colcon.colcon_core.shell:Creating environment hook '/home/nadurham/arduinobot_ws/install/arduinobot_py_examples/share/arduinobot_py_examples/hook/ament_prefix_path.sh'
[0.358s] INFO:colcon.colcon_core.shell:Skip shell extension 'powershell' for command environment: Not usable outside of PowerShell
[0.358s] DEBUG:colcon.colcon_core.shell:Skip shell extension 'dsv' for command environment
[0.361s] INFO:colcon.colcon_ros.task.ament_cmake.build:Building ROS package in '/home/nadurham/arduinobot_ws/src/aruduinobot_controller' with build type 'ament_cmake'
[0.361s] INFO:colcon.colcon_cmake.task.cmake.build:Building CMake package in '/home/nadurham/arduinobot_ws/src/aruduinobot_controller'
[0.362s] INFO:colcon.colcon_core.shell:Skip shell extension 'powershell' for command environment: Not usable outside of PowerShell
[0.362s] DEBUG:colcon.colcon_core.shell:Skip shell extension 'dsv' for command environment
[0.378s] DEBUG:colcon.colcon_core.event_handler.log_command:Invoking command in '/home/nadurham/arduinobot_ws/build/arduinobot_cpp_examples': CMAKE_PREFIX_PATH=${CMAKE_PREFIX_PATH}:/home/nadurham/arduinobot_ws/install/arduinobot_py_examples:/opt/ros/humble /usr/bin/cmake --build /home/nadurham/arduinobot_ws/build/arduinobot_cpp_examples -- -j8 -l8
[0.379s] DEBUG:colcon.colcon_core.event_handler.log_command:Invoking command in '/home/nadurham/arduinobot_ws/build/arduinobot_description': CMAKE_PREFIX_PATH=${CMAKE_PREFIX_PATH}:/home/nadurham/arduinobot_ws/install/arduinobot_py_examples:/opt/ros/humble /usr/bin/cmake --build /home/nadurham/arduinobot_ws/build/arduinobot_description -- -j8 -l8
[0.676s] INFO:colcon.colcon_core.task.python.build:Building Python package in '/home/nadurham/arduinobot_ws/src/arduinobot_py_examples'
[0.676s] INFO:colcon.colcon_core.shell:Skip shell extension 'powershell' for command environment: Not usable outside of PowerShell
[0.676s] DEBUG:colcon.colcon_core.shell:Skip shell extension 'dsv' for command environment
[0.702s] DEBUG:colcon.colcon_core.event_handler.log_command:Invoking command in '/home/nadurham/arduinobot_ws/build/aruduinobot_controller': CMAKE_PREFIX_PATH=${CMAKE_PREFIX_PATH}:/home/nadurham/arduinobot_ws/install/arduinobot_py_examples:/opt/ros/humble /usr/bin/cmake --build /home/nadurham/arduinobot_ws/build/aruduinobot_controller -- -j8 -l8
[0.704s] DEBUG:colcon.colcon_core.event_handler.log_command:Invoked command in '/home/nadurham/arduinobot_ws/build/arduinobot_cpp_examples' returned '0': CMAKE_PREFIX_PATH=${CMAKE_PREFIX_PATH}:/home/nadurham/arduinobot_ws/install/arduinobot_py_examples:/opt/ros/humble /usr/bin/cmake --build /home/nadurham/arduinobot_ws/build/arduinobot_cpp_examples -- -j8 -l8
[0.716s] DEBUG:colcon.colcon_core.event_handler.log_command:Invoking command in '/home/nadurham/arduinobot_ws/build/arduinobot_cpp_examples': CMAKE_PREFIX_PATH=${CMAKE_PREFIX_PATH}:/home/nadurham/arduinobot_ws/install/arduinobot_py_examples:/opt/ros/humble /usr/bin/cmake --install /home/nadurham/arduinobot_ws/build/arduinobot_cpp_examples
[0.717s] DEBUG:colcon.colcon_core.event_handler.log_command:Invoked command in '/home/nadurham/arduinobot_ws/build/arduinobot_description' returned '0': CMAKE_PREFIX_PATH=${CMAKE_PREFIX_PATH}:/home/nadurham/arduinobot_ws/install/arduinobot_py_examples:/opt/ros/humble /usr/bin/cmake --build /home/nadurham/arduinobot_ws/build/arduinobot_description -- -j8 -l8
[0.720s] DEBUG:colcon.colcon_core.event_handler.log_command:Invoking command in '/home/nadurham/arduinobot_ws/build/arduinobot_description': CMAKE_PREFIX_PATH=${CMAKE_PREFIX_PATH}:/home/nadurham/arduinobot_ws/install/arduinobot_py_examples:/opt/ros/humble /usr/bin/cmake --install /home/nadurham/arduinobot_ws/build/arduinobot_description
[0.742s] Level 1:colcon.colcon_core.environment:create_environment_scripts_only(arduinobot_cpp_examples)
[0.748s] DEBUG:colcon.colcon_core.event_handler.log_command:Invoked command in '/home/nadurham/arduinobot_ws/build/arduinobot_cpp_examples' returned '0': CMAKE_PREFIX_PATH=${CMAKE_PREFIX_PATH}:/home/nadurham/arduinobot_ws/install/arduinobot_py_examples:/opt/ros/humble /usr/bin/cmake --install /home/nadurham/arduinobot_ws/build/arduinobot_cpp_examples
[0.752s] Level 1:colcon.colcon_core.environment:checking '/home/nadurham/arduinobot_ws/install/arduinobot_cpp_examples' for CMake module files
[0.752s] Level 1:colcon.colcon_core.environment:checking '/home/nadurham/arduinobot_ws/install/arduinobot_cpp_examples' for CMake config files
[0.753s] Level 1:colcon.colcon_core.shell:create_environment_hook('arduinobot_cpp_examples', 'cmake_prefix_path')
[0.753s] INFO:colcon.colcon_core.shell:Creating environment hook '/home/nadurham/arduinobot_ws/install/arduinobot_cpp_examples/share/arduinobot_cpp_examples/hook/cmake_prefix_path.ps1'
[0.755s] INFO:colcon.colcon_core.shell:Creating environment descriptor '/home/nadurham/arduinobot_ws/install/arduinobot_cpp_examples/share/arduinobot_cpp_examples/hook/cmake_prefix_path.dsv'
[0.755s] INFO:colcon.colcon_core.shell:Creating environment hook '/home/nadurham/arduinobot_ws/install/arduinobot_cpp_examples/share/arduinobot_cpp_examples/hook/cmake_prefix_path.sh'
[0.756s] Level 1:colcon.colcon_core.environment:checking '/home/nadurham/arduinobot_ws/install/arduinobot_cpp_examples/bin'
[0.756s] Level 1:colcon.colcon_core.environment:checking '/home/nadurham/arduinobot_ws/install/arduinobot_cpp_examples/lib/pkgconfig/arduinobot_cpp_examples.pc'
[0.756s] Level 1:colcon.colcon_core.environment:checking '/home/nadurham/arduinobot_ws/install/arduinobot_cpp_examples/lib/python3.10/site-packages'
[0.757s] Level 1:colcon.colcon_core.environment:checking '/home/nadurham/arduinobot_ws/install/arduinobot_cpp_examples/bin'
[0.757s] INFO:colcon.colcon_core.shell:Creating package script '/home/nadurham/arduinobot_ws/install/arduinobot_cpp_examples/share/arduinobot_cpp_examples/package.ps1'
[0.758s] INFO:colcon.colcon_core.shell:Creating package descriptor '/home/nadurham/arduinobot_ws/install/arduinobot_cpp_examples/share/arduinobot_cpp_examples/package.dsv'
[0.758s] INFO:colcon.colcon_core.shell:Creating package script '/home/nadurham/arduinobot_ws/install/arduinobot_cpp_examples/share/arduinobot_cpp_examples/package.sh'
[0.759s] INFO:colcon.colcon_core.shell:Creating package script '/home/nadurham/arduinobot_ws/install/arduinobot_cpp_examples/share/arduinobot_cpp_examples/package.bash'
[0.760s] INFO:colcon.colcon_core.shell:Creating package script '/home/nadurham/arduinobot_ws/install/arduinobot_cpp_examples/share/arduinobot_cpp_examples/package.zsh'
[0.761s] Level 1:colcon.colcon_core.environment:create_file_with_runtime_dependencies(/home/nadurham/arduinobot_ws/install/arduinobot_cpp_examples/share/colcon-core/packages/arduinobot_cpp_examples)
[0.764s] Level 1:colcon.colcon_core.environment:create_environment_scripts_only(arduinobot_cpp_examples)
[0.764s] Level 1:colcon.colcon_core.environment:checking '/home/nadurham/arduinobot_ws/install/arduinobot_cpp_examples' for CMake module files
[0.765s] Level 1:colcon.colcon_core.environment:checking '/home/nadurham/arduinobot_ws/install/arduinobot_cpp_examples' for CMake config files
[0.765s] Level 1:colcon.colcon_core.shell:create_environment_hook('arduinobot_cpp_examples', 'cmake_prefix_path')
[0.765s] INFO:colcon.colcon_core.shell:Creating environment hook '/home/nadurham/arduinobot_ws/install/arduinobot_cpp_examples/share/arduinobot_cpp_examples/hook/cmake_prefix_path.ps1'
[0.766s] INFO:colcon.colcon_core.shell:Creating environment descriptor '/home/nadurham/arduinobot_ws/install/arduinobot_cpp_examples/share/arduinobot_cpp_examples/hook/cmake_prefix_path.dsv'
[0.767s] INFO:colcon.colcon_core.shell:Creating environment hook '/home/nadurham/arduinobot_ws/install/arduinobot_cpp_examples/share/arduinobot_cpp_examples/hook/cmake_prefix_path.sh'
[0.767s] Level 1:colcon.colcon_core.environment:checking '/home/nadurham/arduinobot_ws/install/arduinobot_cpp_examples/bin'
[0.767s] Level 1:colcon.colcon_core.environment:checking '/home/nadurham/arduinobot_ws/install/arduinobot_cpp_examples/lib/pkgconfig/arduinobot_cpp_examples.pc'
[0.768s] Level 1:colcon.colcon_core.environment:checking '/home/nadurham/arduinobot_ws/install/arduinobot_cpp_examples/lib/python3.10/site-packages'
[0.768s] Level 1:colcon.colcon_core.environment:checking '/home/nadurham/arduinobot_ws/install/arduinobot_cpp_examples/bin'
[0.768s] INFO:colcon.colcon_core.shell:Creating package script '/home/nadurham/arduinobot_ws/install/arduinobot_cpp_examples/share/arduinobot_cpp_examples/package.ps1'
[0.769s] INFO:colcon.colcon_core.shell:Creating package descriptor '/home/nadurham/arduinobot_ws/install/arduinobot_cpp_examples/share/arduinobot_cpp_examples/package.dsv'
[0.770s] INFO:colcon.colcon_core.shell:Creating package script '/home/nadurham/arduinobot_ws/install/arduinobot_cpp_examples/share/arduinobot_cpp_examples/package.sh'
[0.774s] INFO:colcon.colcon_core.shell:Creating package script '/home/nadurham/arduinobot_ws/install/arduinobot_cpp_examples/share/arduinobot_cpp_examples/package.bash'
[0.774s] INFO:colcon.colcon_core.shell:Creating package script '/home/nadurham/arduinobot_ws/install/arduinobot_cpp_examples/share/arduinobot_cpp_examples/package.zsh'
[0.775s] Level 1:colcon.colcon_core.environment:create_file_with_runtime_dependencies(/home/nadurham/arduinobot_ws/install/arduinobot_cpp_examples/share/colcon-core/packages/arduinobot_cpp_examples)
[0.775s] Level 1:colcon.colcon_core.environment:create_environment_scripts_only(arduinobot_description)
[0.775s] Level 1:colcon.colcon_core.environment:checking '/home/nadurham/arduinobot_ws/install/arduinobot_description' for CMake module files
[0.776s] Level 1:colcon.colcon_core.environment:checking '/home/nadurham/arduinobot_ws/install/arduinobot_description' for CMake config files
[0.776s] Level 1:colcon.colcon_core.shell:create_environment_hook('arduinobot_description', 'cmake_prefix_path')
[0.777s] INFO:colcon.colcon_core.shell:Creating environment hook '/home/nadurham/arduinobot_ws/install/arduinobot_description/share/arduinobot_description/hook/cmake_prefix_path.ps1'
[0.779s] DEBUG:colcon.colcon_core.event_handler.log_command:Invoked command in '/home/nadurham/arduinobot_ws/build/arduinobot_description' returned '0': CMAKE_PREFIX_PATH=${CMAKE_PREFIX_PATH}:/home/nadurham/arduinobot_ws/install/arduinobot_py_examples:/opt/ros/humble /usr/bin/cmake --install /home/nadurham/arduinobot_ws/build/arduinobot_description
[0.779s] INFO:colcon.colcon_core.shell:Creating environment descriptor '/home/nadurham/arduinobot_ws/install/arduinobot_description/share/arduinobot_description/hook/cmake_prefix_path.dsv'
[0.782s] INFO:colcon.colcon_core.shell:Creating environment hook '/home/nadurham/arduinobot_ws/install/arduinobot_description/share/arduinobot_description/hook/cmake_prefix_path.sh'
[0.783s] Level 1:colcon.colcon_core.environment:checking '/home/nadurham/arduinobot_ws/install/arduinobot_description/bin'
[0.783s] Level 1:colcon.colcon_core.environment:checking '/home/nadurham/arduinobot_ws/install/arduinobot_description/lib/pkgconfig/arduinobot_description.pc'
[0.783s] Level 1:colcon.colcon_core.environment:checking '/home/nadurham/arduinobot_ws/install/arduinobot_description/lib/python3.10/site-packages'
[0.783s] Level 1:colcon.colcon_core.environment:checking '/home/nadurham/arduinobot_ws/install/arduinobot_description/bin'
[0.784s] INFO:colcon.colcon_core.shell:Creating package script '/home/nadurham/arduinobot_ws/install/arduinobot_description/share/arduinobot_description/package.ps1'
[0.784s] INFO:colcon.colcon_core.shell:Creating package descriptor '/home/nadurham/arduinobot_ws/install/arduinobot_description/share/arduinobot_description/package.dsv'
[0.785s] INFO:colcon.colcon_core.shell:Creating package script '/home/nadurham/arduinobot_ws/install/arduinobot_description/share/arduinobot_description/package.sh'
[0.785s] INFO:colcon.colcon_core.shell:Creating package script '/home/nadurham/arduinobot_ws/install/arduinobot_description/share/arduinobot_description/package.bash'
[0.786s] INFO:colcon.colcon_core.shell:Creating package script '/home/nadurham/arduinobot_ws/install/arduinobot_description/share/arduinobot_description/package.zsh'
[0.788s] Level 1:colcon.colcon_core.environment:create_file_with_runtime_dependencies(/home/nadurham/arduinobot_ws/install/arduinobot_description/share/colcon-core/packages/arduinobot_description)
[0.789s] Level 1:colcon.colcon_core.environment:create_environment_scripts_only(arduinobot_description)
[0.789s] Level 1:colcon.colcon_core.environment:checking '/home/nadurham/arduinobot_ws/install/arduinobot_description' for CMake module files
[0.789s] Level 1:colcon.colcon_core.environment:checking '/home/nadurham/arduinobot_ws/install/arduinobot_description' for CMake config files
[0.790s] Level 1:colcon.colcon_core.shell:create_environment_hook('arduinobot_description', 'cmake_prefix_path')
[0.790s] INFO:colcon.colcon_core.shell:Creating environment hook '/home/nadurham/arduinobot_ws/install/arduinobot_description/share/arduinobot_description/hook/cmake_prefix_path.ps1'
[0.791s] INFO:colcon.colcon_core.shell:Creating environment descriptor '/home/nadurham/arduinobot_ws/install/arduinobot_description/share/arduinobot_description/hook/cmake_prefix_path.dsv'
[0.791s] INFO:colcon.colcon_core.shell:Creating environment hook '/home/nadurham/arduinobot_ws/install/arduinobot_description/share/arduinobot_description/hook/cmake_prefix_path.sh'
[0.792s] Level 1:colcon.colcon_core.environment:checking '/home/nadurham/arduinobot_ws/install/arduinobot_description/bin'
[0.792s] Level 1:colcon.colcon_core.environment:checking '/home/nadurham/arduinobot_ws/install/arduinobot_description/lib/pkgconfig/arduinobot_description.pc'
[0.792s] Level 1:colcon.colcon_core.environment:checking '/home/nadurham/arduinobot_ws/install/arduinobot_description/lib/python3.10/site-packages'
[0.793s] Level 1:colcon.colcon_core.environment:checking '/home/nadurham/arduinobot_ws/install/arduinobot_description/bin'
[0.793s] INFO:colcon.colcon_core.shell:Creating package script '/home/nadurham/arduinobot_ws/install/arduinobot_description/share/arduinobot_description/package.ps1'
[0.793s] INFO:colcon.colcon_core.shell:Creating package descriptor '/home/nadurham/arduinobot_ws/install/arduinobot_description/share/arduinobot_description/package.dsv'
[0.796s] INFO:colcon.colcon_core.shell:Creating package script '/home/nadurham/arduinobot_ws/install/arduinobot_description/share/arduinobot_description/package.sh'
[0.798s] INFO:colcon.colcon_core.shell:Creating package script '/home/nadurham/arduinobot_ws/install/arduinobot_description/share/arduinobot_description/package.bash'
[0.798s] INFO:colcon.colcon_core.shell:Creating package script '/home/nadurham/arduinobot_ws/install/arduinobot_description/share/arduinobot_description/package.zsh'
[0.799s] Level 1:colcon.colcon_core.environment:create_file_with_runtime_dependencies(/home/nadurham/arduinobot_ws/install/arduinobot_description/share/colcon-core/packages/arduinobot_description)
[0.803s] DEBUG:colcon.colcon_core.event_handler.log_command:Invoked command in '/home/nadurham/arduinobot_ws/build/aruduinobot_controller' returned '0': CMAKE_PREFIX_PATH=${CMAKE_PREFIX_PATH}:/home/nadurham/arduinobot_ws/install/arduinobot_py_examples:/opt/ros/humble /usr/bin/cmake --build /home/nadurham/arduinobot_ws/build/aruduinobot_controller -- -j8 -l8
[0.805s] DEBUG:colcon.colcon_core.event_handler.log_command:Invoking command in '/home/nadurham/arduinobot_ws/build/aruduinobot_controller': CMAKE_PREFIX_PATH=${CMAKE_PREFIX_PATH}:/home/nadurham/arduinobot_ws/install/arduinobot_py_examples:/opt/ros/humble /usr/bin/cmake --install /home/nadurham/arduinobot_ws/build/aruduinobot_controller
[0.819s] Level 1:colcon.colcon_core.environment:create_environment_scripts_only(aruduinobot_controller)
[0.819s] DEBUG:colcon.colcon_core.event_handler.log_command:Invoked command in '/home/nadurham/arduinobot_ws/build/aruduinobot_controller' returned '0': CMAKE_PREFIX_PATH=${CMAKE_PREFIX_PATH}:/home/nadurham/arduinobot_ws/install/arduinobot_py_examples:/opt/ros/humble /usr/bin/cmake --install /home/nadurham/arduinobot_ws/build/aruduinobot_controller
[0.820s] Level 1:colcon.colcon_core.environment:checking '/home/nadurham/arduinobot_ws/install/aruduinobot_controller' for CMake module files
[0.820s] Level 1:colcon.colcon_core.environment:checking '/home/nadurham/arduinobot_ws/install/aruduinobot_controller' for CMake config files
[0.821s] Level 1:colcon.colcon_core.shell:create_environment_hook('aruduinobot_controller', 'cmake_prefix_path')
[0.821s] INFO:colcon.colcon_core.shell:Creating environment hook '/home/nadurham/arduinobot_ws/install/aruduinobot_controller/share/aruduinobot_controller/hook/cmake_prefix_path.ps1'
[0.821s] INFO:colcon.colcon_core.shell:Creating environment descriptor '/home/nadurham/arduinobot_ws/install/aruduinobot_controller/share/aruduinobot_controller/hook/cmake_prefix_path.dsv'
[0.823s] INFO:colcon.colcon_core.shell:Creating environment hook '/home/nadurham/arduinobot_ws/install/aruduinobot_controller/share/aruduinobot_controller/hook/cmake_prefix_path.sh'
[0.824s] Level 1:colcon.colcon_core.environment:checking '/home/nadurham/arduinobot_ws/install/aruduinobot_controller/bin'
[0.824s] Level 1:colcon.colcon_core.environment:checking '/home/nadurham/arduinobot_ws/install/aruduinobot_controller/lib/pkgconfig/aruduinobot_controller.pc'
[0.824s] Level 1:colcon.colcon_core.environment:checking '/home/nadurham/arduinobot_ws/install/aruduinobot_controller/lib/python3.10/site-packages'
[0.824s] Level 1:colcon.colcon_core.environment:checking '/home/nadurham/arduinobot_ws/install/aruduinobot_controller/bin'
[0.824s] INFO:colcon.colcon_core.shell:Creating package script '/home/nadurham/arduinobot_ws/install/aruduinobot_controller/share/aruduinobot_controller/package.ps1'
[0.825s] INFO:colcon.colcon_core.shell:Creating package descriptor '/home/nadurham/arduinobot_ws/install/aruduinobot_controller/share/aruduinobot_controller/package.dsv'
[0.826s] INFO:colcon.colcon_core.shell:Creating package script '/home/nadurham/arduinobot_ws/install/aruduinobot_controller/share/aruduinobot_controller/package.sh'
[0.826s] INFO:colcon.colcon_core.shell:Creating package script '/home/nadurham/arduinobot_ws/install/aruduinobot_controller/share/aruduinobot_controller/package.bash'
[0.826s] INFO:colcon.colcon_core.shell:Creating package script '/home/nadurham/arduinobot_ws/install/aruduinobot_controller/share/aruduinobot_controller/package.zsh'
[0.827s] Level 1:colcon.colcon_core.environment:create_file_with_runtime_dependencies(/home/nadurham/arduinobot_ws/install/aruduinobot_controller/share/colcon-core/packages/aruduinobot_controller)
[0.828s] Level 1:colcon.colcon_core.environment:create_environment_scripts_only(aruduinobot_controller)
[0.828s] Level 1:colcon.colcon_core.environment:checking '/home/nadurham/arduinobot_ws/install/aruduinobot_controller' for CMake module files
[0.828s] Level 1:colcon.colcon_core.environment:checking '/home/nadurham/arduinobot_ws/install/aruduinobot_controller' for CMake config files
[0.828s] Level 1:colcon.colcon_core.shell:create_environment_hook('aruduinobot_controller', 'cmake_prefix_path')
[0.829s] INFO:colcon.colcon_core.shell:Creating environment hook '/home/nadurham/arduinobot_ws/install/aruduinobot_controller/share/aruduinobot_controller/hook/cmake_prefix_path.ps1'
[0.830s] INFO:colcon.colcon_core.shell:Creating environment descriptor '/home/nadurham/arduinobot_ws/install/aruduinobot_controller/share/aruduinobot_controller/hook/cmake_prefix_path.dsv'
[0.830s] INFO:colcon.colcon_core.shell:Creating environment hook '/home/nadurham/arduinobot_ws/install/aruduinobot_controller/share/aruduinobot_controller/hook/cmake_prefix_path.sh'
[0.831s] Level 1:colcon.colcon_core.environment:checking '/home/nadurham/arduinobot_ws/install/aruduinobot_controller/bin'
[0.831s] Level 1:colcon.colcon_core.environment:checking '/home/nadurham/arduinobot_ws/install/aruduinobot_controller/lib/pkgconfig/aruduinobot_controller.pc'
[0.831s] Level 1:colcon.colcon_core.environment:checking '/home/nadurham/arduinobot_ws/install/aruduinobot_controller/lib/python3.10/site-packages'
[0.832s] Level 1:colcon.colcon_core.environment:checking '/home/nadurham/arduinobot_ws/install/aruduinobot_controller/bin'
[0.832s] INFO:colcon.colcon_core.shell:Creating package script '/home/nadurham/arduinobot_ws/install/aruduinobot_controller/share/aruduinobot_controller/package.ps1'
[0.833s] INFO:colcon.colcon_core.shell:Creating package descriptor '/home/nadurham/arduinobot_ws/install/aruduinobot_controller/share/aruduinobot_controller/package.dsv'
[0.833s] INFO:colcon.colcon_core.shell:Creating package script '/home/nadurham/arduinobot_ws/install/aruduinobot_controller/share/aruduinobot_controller/package.sh'
[0.834s] INFO:colcon.colcon_core.shell:Creating package script '/home/nadurham/arduinobot_ws/install/aruduinobot_controller/share/aruduinobot_controller/package.bash'
[0.835s] INFO:colcon.colcon_core.shell:Creating package script '/home/nadurham/arduinobot_ws/install/aruduinobot_controller/share/aruduinobot_controller/package.zsh'
[0.835s] Level 1:colcon.colcon_core.environment:create_file_with_runtime_dependencies(/home/nadurham/arduinobot_ws/install/aruduinobot_controller/share/colcon-core/packages/aruduinobot_controller)
[1.096s] DEBUG:colcon.colcon_core.event_handler.log_command:Invoking command in '/home/nadurham/arduinobot_ws/src/arduinobot_py_examples': PYTHONPATH=/home/nadurham/arduinobot_ws/build/arduinobot_py_examples/prefix_override:/usr/lib/python3/dist-packages/colcon_core/task/python/colcon_distutils_commands:/home/nadurham/arduinobot_ws/install/arduinobot_py_examples/lib/python3.10/site-packages:${PYTHONPATH} /usr/bin/python3 -W ignore:setup.py install is deprecated -W ignore:easy_install command is deprecated setup.py egg_info --egg-base ../../build/arduinobot_py_examples build --build-base /home/nadurham/arduinobot_ws/build/arduinobot_py_examples/build install --record /home/nadurham/arduinobot_ws/build/arduinobot_py_examples/install.log --single-version-externally-managed install_data
[1.382s] Level 1:colcon.colcon_core.environment:checking '/home/nadurham/arduinobot_ws/install/arduinobot_py_examples' for CMake module files
[1.383s] DEBUG:colcon.colcon_core.event_handler.log_command:Invoked command in '/home/nadurham/arduinobot_ws/src/arduinobot_py_examples' returned '0': PYTHONPATH=/home/nadurham/arduinobot_ws/build/arduinobot_py_examples/prefix_override:/usr/lib/python3/dist-packages/colcon_core/task/python/colcon_distutils_commands:/home/nadurham/arduinobot_ws/install/arduinobot_py_examples/lib/python3.10/site-packages:${PYTHONPATH} /usr/bin/python3 -W ignore:setup.py install is deprecated -W ignore:easy_install command is deprecated setup.py egg_info --egg-base ../../build/arduinobot_py_examples build --build-base /home/nadurham/arduinobot_ws/build/arduinobot_py_examples/build install --record /home/nadurham/arduinobot_ws/build/arduinobot_py_examples/install.log --single-version-externally-managed install_data
[1.384s] Level 1:colcon.colcon_core.environment:checking '/home/nadurham/arduinobot_ws/install/arduinobot_py_examples' for CMake config files
[1.384s] Level 1:colcon.colcon_core.environment:checking '/home/nadurham/arduinobot_ws/install/arduinobot_py_examples/lib'
[1.385s] Level 1:colcon.colcon_core.environment:checking '/home/nadurham/arduinobot_ws/install/arduinobot_py_examples/bin'
[1.385s] Level 1:colcon.colcon_core.environment:checking '/home/nadurham/arduinobot_ws/install/arduinobot_py_examples/lib/pkgconfig/arduinobot_py_examples.pc'
[1.385s] Level 1:colcon.colcon_core.environment:checking '/home/nadurham/arduinobot_ws/install/arduinobot_py_examples/lib/python3.10/site-packages'
[1.385s] Level 1:colcon.colcon_core.shell:create_environment_hook('arduinobot_py_examples', 'pythonpath')
[1.385s] INFO:colcon.colcon_core.shell:Creating environment hook '/home/nadurham/arduinobot_ws/install/arduinobot_py_examples/share/arduinobot_py_examples/hook/pythonpath.ps1'
[1.386s] INFO:colcon.colcon_core.shell:Creating environment descriptor '/home/nadurham/arduinobot_ws/install/arduinobot_py_examples/share/arduinobot_py_examples/hook/pythonpath.dsv'
[1.387s] INFO:colcon.colcon_core.shell:Creating environment hook '/home/nadurham/arduinobot_ws/install/arduinobot_py_examples/share/arduinobot_py_examples/hook/pythonpath.sh'
[1.387s] Level 1:colcon.colcon_core.environment:checking '/home/nadurham/arduinobot_ws/install/arduinobot_py_examples/bin'
[1.387s] Level 1:colcon.colcon_core.environment:create_environment_scripts_only(arduinobot_py_examples)
[1.388s] INFO:colcon.colcon_core.shell:Creating package script '/home/nadurham/arduinobot_ws/install/arduinobot_py_examples/share/arduinobot_py_examples/package.ps1'
[1.389s] INFO:colcon.colcon_core.shell:Creating package descriptor '/home/nadurham/arduinobot_ws/install/arduinobot_py_examples/share/arduinobot_py_examples/package.dsv'
[1.389s] INFO:colcon.colcon_core.shell:Creating package script '/home/nadurham/arduinobot_ws/install/arduinobot_py_examples/share/arduinobot_py_examples/package.sh'
[1.390s] INFO:colcon.colcon_core.shell:Creating package script '/home/nadurham/arduinobot_ws/install/arduinobot_py_examples/share/arduinobot_py_examples/package.bash'
[1.390s] INFO:colcon.colcon_core.shell:Creating package script '/home/nadurham/arduinobot_ws/install/arduinobot_py_examples/share/arduinobot_py_examples/package.zsh'
[1.391s] Level 1:colcon.colcon_core.environment:create_file_with_runtime_dependencies(/home/nadurham/arduinobot_ws/install/arduinobot_py_examples/share/colcon-core/packages/arduinobot_py_examples)
[1.392s] DEBUG:colcon.colcon_parallel_executor.executor.parallel:closing loop
[1.392s] DEBUG:colcon.colcon_parallel_executor.executor.parallel:loop closed
[1.392s] DEBUG:colcon.colcon_parallel_executor.executor.parallel:run_until_complete finished with '0'
[1.393s] DEBUG:colcon.colcon_core.event_reactor:joining thread
[1.399s] INFO:colcon.colcon_core.plugin_system:Skipping extension 'colcon_notification.desktop_notification.terminal_notifier': Not used on non-Darwin systems
[1.399s] INFO:colcon.colcon_core.plugin_system:Skipping extension 'colcon_notification.desktop_notification.win32': Not used on non-Windows systems
[1.399s] INFO:colcon.colcon_notification.desktop_notification:Sending desktop notification using 'notify2'
[1.417s] DEBUG:colcon.colcon_core.event_reactor:joined thread
[1.418s] INFO:colcon.colcon_core.shell:Creating prefix script '/home/nadurham/arduinobot_ws/install/local_setup.ps1'
[1.419s] INFO:colcon.colcon_core.shell:Creating prefix util module '/home/nadurham/arduinobot_ws/install/_local_setup_util_ps1.py'
[1.421s] INFO:colcon.colcon_core.shell:Creating prefix chain script '/home/nadurham/arduinobot_ws/install/setup.ps1'
[1.423s] INFO:colcon.colcon_core.shell:Creating prefix script '/home/nadurham/arduinobot_ws/install/local_setup.sh'
[1.423s] INFO:colcon.colcon_core.shell:Creating prefix util module '/home/nadurham/arduinobot_ws/install/_local_setup_util_sh.py'
[1.424s] INFO:colcon.colcon_core.shell:Creating prefix chain script '/home/nadurham/arduinobot_ws/install/setup.sh'
[1.426s] INFO:colcon.colcon_core.shell:Creating prefix script '/home/nadurham/arduinobot_ws/install/local_setup.bash'
[1.427s] INFO:colcon.colcon_core.shell:Creating prefix chain script '/home/nadurham/arduinobot_ws/install/setup.bash'
[1.429s] INFO:colcon.colcon_core.shell:Creating prefix script '/home/nadurham/arduinobot_ws/install/local_setup.zsh'
[1.430s] INFO:colcon.colcon_core.shell:Creating prefix chain script '/home/nadurham/arduinobot_ws/install/setup.zsh'
