[0.028s] Invoking command in '/home/nicholas/arduinobot_ws/build/arduinobot_bringup': CMAKE_PREFIX_PATH=${CMAKE_PREFIX_PATH}:/home/nicholas/arduinobot_ws/install/arduinobot_py_examples:/opt/ros/humble /usr/bin/cmake --build /home/nicholas/arduinobot_ws/build/arduinobot_bringup -- -j16 -l16
[0.084s] Invoked command in '/home/nicholas/arduinobot_ws/build/arduinobot_bringup' returned '0': CMAKE_PREFIX_PATH=${CMAKE_PREFIX_PATH}:/home/nicholas/arduinobot_ws/install/arduinobot_py_examples:/opt/ros/humble /usr/bin/cmake --build /home/nicholas/arduinobot_ws/build/arduinobot_bringup -- -j16 -l16
[0.086s] Invoking command in '/home/nicholas/arduinobot_ws/build/arduinobot_bringup': CMAKE_PREFIX_PATH=${CMAKE_PREFIX_PATH}:/home/nicholas/arduinobot_ws/install/arduinobot_py_examples:/opt/ros/humble /usr/bin/cmake --install /home/nicholas/arduinobot_ws/build/arduinobot_bringup
[0.095s] -- Install configuration: ""
[0.095s] -- Up-to-date: /home/nicholas/arduinobot_ws/install/arduinobot_bringup/share/arduinobot_bringup/launch
[0.095s] -- Up-to-date: /home/nicholas/arduinobot_ws/install/arduinobot_bringup/share/arduinobot_bringup/launch/simulated_robot.launch.py
[0.095s] -- Up-to-date: /home/nicholas/arduinobot_ws/install/arduinobot_bringup/share/arduinobot_bringup/launch/real_robot.launch.py
[0.095s] -- Up-to-date: /home/nicholas/arduinobot_ws/install/arduinobot_bringup/share/ament_index/resource_index/package_run_dependencies/arduinobot_bringup
[0.095s] -- Up-to-date: /home/nicholas/arduinobot_ws/install/arduinobot_bringup/share/ament_index/resource_index/parent_prefix_path/arduinobot_bringup
[0.096s] -- Up-to-date: /home/nicholas/arduinobot_ws/install/arduinobot_bringup/share/arduinobot_bringup/environment/ament_prefix_path.sh
[0.096s] -- Up-to-date: /home/nicholas/arduinobot_ws/install/arduinobot_bringup/share/arduinobot_bringup/environment/ament_prefix_path.dsv
[0.096s] -- Up-to-date: /home/nicholas/arduinobot_ws/install/arduinobot_bringup/share/arduinobot_bringup/environment/path.sh
[0.096s] -- Up-to-date: /home/nicholas/arduinobot_ws/install/arduinobot_bringup/share/arduinobot_bringup/environment/path.dsv
[0.096s] -- Up-to-date: /home/nicholas/arduinobot_ws/install/arduinobot_bringup/share/arduinobot_bringup/local_setup.bash
[0.096s] -- Up-to-date: /home/nicholas/arduinobot_ws/install/arduinobot_bringup/share/arduinobot_bringup/local_setup.sh
[0.096s] -- Up-to-date: /home/nicholas/arduinobot_ws/install/arduinobot_bringup/share/arduinobot_bringup/local_setup.zsh
[0.096s] -- Up-to-date: /home/nicholas/arduinobot_ws/install/arduinobot_bringup/share/arduinobot_bringup/local_setup.dsv
[0.096s] -- Installing: /home/nicholas/arduinobot_ws/install/arduinobot_bringup/share/arduinobot_bringup/package.dsv
[0.096s] -- Up-to-date: /home/nicholas/arduinobot_ws/install/arduinobot_bringup/share/ament_index/resource_index/packages/arduinobot_bringup
[0.096s] -- Up-to-date: /home/nicholas/arduinobot_ws/install/arduinobot_bringup/share/arduinobot_bringup/cmake/arduinobot_bringupConfig.cmake
[0.096s] -- Up-to-date: /home/nicholas/arduinobot_ws/install/arduinobot_bringup/share/arduinobot_bringup/cmake/arduinobot_bringupConfig-version.cmake
[0.097s] -- Up-to-date: /home/nicholas/arduinobot_ws/install/arduinobot_bringup/share/arduinobot_bringup/package.xml
[0.128s] Invoked command in '/home/nicholas/arduinobot_ws/build/arduinobot_bringup' returned '0': CMAKE_PREFIX_PATH=${CMAKE_PREFIX_PATH}:/home/nicholas/arduinobot_ws/install/arduinobot_py_examples:/opt/ros/humble /usr/bin/cmake --install /home/nicholas/arduinobot_ws/build/arduinobot_bringup
