[0.030s] Invoking command in '/home/nicholas/arduinobot_ws/build/arduinobot_bringup': CMAKE_PREFIX_PATH=${CMAKE_PREFIX_PATH}:/home/nicholas/arduinobot_ws/install/arduinobot_py_examples:/opt/ros/humble /usr/bin/cmake --build /home/nicholas/arduinobot_ws/build/arduinobot_bringup -- -j16 -l16
[0.047s] -- Found ament_cmake: 1.3.11 (/opt/ros/humble/share/ament_cmake/cmake)
[0.187s] -- Found ament_lint_auto: 0.12.12 (/opt/ros/humble/share/ament_lint_auto/cmake)
[0.255s] -- Added test 'flake8' to check Python code syntax and style conventions
[0.255s] -- Added test 'lint_cmake' to check CMake code style
[0.255s] -- Added test 'pep257' to check Python code against some of the docstring style conventions in PEP 257
[0.257s] -- Added test 'xmllint' to check XML markup files
[0.258s] -- Configuring done
[0.261s] -- Generating done
[0.263s] -- Build files have been written to: /home/nicholas/arduinobot_ws/build/arduinobot_bringup
[0.285s] Invoked command in '/home/nicholas/arduinobot_ws/build/arduinobot_bringup' returned '0': CMAKE_PREFIX_PATH=${CMAKE_PREFIX_PATH}:/home/nicholas/arduinobot_ws/install/arduinobot_py_examples:/opt/ros/humble /usr/bin/cmake --build /home/nicholas/arduinobot_ws/build/arduinobot_bringup -- -j16 -l16
[0.286s] Invoking command in '/home/nicholas/arduinobot_ws/build/arduinobot_bringup': CMAKE_PREFIX_PATH=${CMAKE_PREFIX_PATH}:/home/nicholas/arduinobot_ws/install/arduinobot_py_examples:/opt/ros/humble /usr/bin/cmake --install /home/nicholas/arduinobot_ws/build/arduinobot_bringup
[0.293s] -- Install configuration: ""
[0.293s] -- Installing: /home/nicholas/arduinobot_ws/install/arduinobot_bringup/share/arduinobot_bringup/launch
[0.294s] -- Installing: /home/nicholas/arduinobot_ws/install/arduinobot_bringup/share/arduinobot_bringup/launch/simulated_robot.launch.py
[0.294s] -- Installing: /home/nicholas/arduinobot_ws/install/arduinobot_bringup/share/ament_index/resource_index/package_run_dependencies/arduinobot_bringup
[0.294s] -- Up-to-date: /home/nicholas/arduinobot_ws/install/arduinobot_bringup/share/ament_index/resource_index/parent_prefix_path/arduinobot_bringup
[0.294s] -- Up-to-date: /home/nicholas/arduinobot_ws/install/arduinobot_bringup/share/arduinobot_bringup/environment/ament_prefix_path.sh
[0.294s] -- Installing: /home/nicholas/arduinobot_ws/install/arduinobot_bringup/share/arduinobot_bringup/environment/ament_prefix_path.dsv
[0.294s] -- Up-to-date: /home/nicholas/arduinobot_ws/install/arduinobot_bringup/share/arduinobot_bringup/environment/path.sh
[0.294s] -- Installing: /home/nicholas/arduinobot_ws/install/arduinobot_bringup/share/arduinobot_bringup/environment/path.dsv
[0.294s] -- Up-to-date: /home/nicholas/arduinobot_ws/install/arduinobot_bringup/share/arduinobot_bringup/local_setup.bash
[0.295s] -- Up-to-date: /home/nicholas/arduinobot_ws/install/arduinobot_bringup/share/arduinobot_bringup/local_setup.sh
[0.295s] -- Up-to-date: /home/nicholas/arduinobot_ws/install/arduinobot_bringup/share/arduinobot_bringup/local_setup.zsh
[0.295s] -- Installing: /home/nicholas/arduinobot_ws/install/arduinobot_bringup/share/arduinobot_bringup/local_setup.dsv
[0.295s] -- Installing: /home/nicholas/arduinobot_ws/install/arduinobot_bringup/share/arduinobot_bringup/package.dsv
[0.295s] -- Up-to-date: /home/nicholas/arduinobot_ws/install/arduinobot_bringup/share/ament_index/resource_index/packages/arduinobot_bringup
[0.295s] -- Up-to-date: /home/nicholas/arduinobot_ws/install/arduinobot_bringup/share/arduinobot_bringup/cmake/arduinobot_bringupConfig.cmake
[0.295s] -- Up-to-date: /home/nicholas/arduinobot_ws/install/arduinobot_bringup/share/arduinobot_bringup/cmake/arduinobot_bringupConfig-version.cmake
[0.295s] -- Installing: /home/nicholas/arduinobot_ws/install/arduinobot_bringup/share/arduinobot_bringup/package.xml
[0.298s] Invoked command in '/home/nicholas/arduinobot_ws/build/arduinobot_bringup' returned '0': CMAKE_PREFIX_PATH=${CMAKE_PREFIX_PATH}:/home/nicholas/arduinobot_ws/install/arduinobot_py_examples:/opt/ros/humble /usr/bin/cmake --install /home/nicholas/arduinobot_ws/build/arduinobot_bringup
