[0.097s] DEBUG:colcon:Command line arguments: ['/usr/bin/colcon', 'build']
[0.098s] DEBUG:colcon:Parsed command line arguments: Namespace(log_base=None, log_level=None, verb_name='build', build_base='build', install_base='install', merge_install=False, symlink_install=False, test_result_base=None, continue_on_error=False, executor='parallel', parallel_workers=8, event_handlers=None, ignore_user_meta=False, metas=['./colcon.meta'], base_paths=['.'], packages_ignore=None, packages_ignore_regex=None, paths=None, packages_up_to=None, packages_up_to_regex=None, packages_above=None, packages_above_and_dependencies=None, packages_above_depth=None, packages_select_by_dep=None, packages_skip_by_dep=None, packages_skip_up_to=None, packages_select_build_failed=False, packages_skip_build_finished=False, packages_select_test_failures=False, packages_skip_test_passed=False, packages_select=None, packages_skip=None, packages_select_regex=None, packages_skip_regex=None, packages_start=None, packages_end=None, allow_overriding=[], cmake_args=None, cmake_target=None, cmake_target_skip_unavailable=False, cmake_clean_cache=False, cmake_clean_first=False, cmake_force_configure=False, ament_cmake_args=None, catkin_cmake_args=None, catkin_skip_building_tests=False, mixin_files=None, mixin=None, verb_parser=<colcon_mixin.mixin.mixin_argument.MixinArgumentDecorator object at 0x7fdc597257b0>, verb_extension=<colcon_core.verb.build.BuildVerb object at 0x7fdc598326e0>, main=<bound method BuildVerb.main of <colcon_core.verb.build.BuildVerb object at 0x7fdc598326e0>>, mixin_verb=('build',))
[0.243s] Level 1:colcon.colcon_core.package_discovery:discover_packages(colcon_meta) check parameters
[0.243s] Level 1:colcon.colcon_core.package_discovery:discover_packages(recursive) check parameters
[0.243s] Level 1:colcon.colcon_core.package_discovery:discover_packages(ignore) check parameters
[0.243s] Level 1:colcon.colcon_core.package_discovery:discover_packages(path) check parameters
[0.243s] Level 1:colcon.colcon_core.package_discovery:discover_packages(colcon_meta) discover
[0.243s] Level 1:colcon.colcon_core.package_discovery:discover_packages(recursive) discover
[0.243s] INFO:colcon.colcon_core.package_discovery:Crawling recursively for packages in '/home/nadurham/arduinobot_ws'
[0.243s] Level 1:colcon.colcon_core.package_identification:_identify(.) by extensions ['ignore', 'ignore_ament_install']
[0.243s] Level 1:colcon.colcon_core.package_identification:_identify(.) by extension 'ignore'
[0.243s] Level 1:colcon.colcon_core.package_identification:_identify(.) by extension 'ignore_ament_install'
[0.243s] Level 1:colcon.colcon_core.package_identification:_identify(.) by extensions ['colcon_pkg']
[0.243s] Level 1:colcon.colcon_core.package_identification:_identify(.) by extension 'colcon_pkg'
[0.243s] Level 1:colcon.colcon_core.package_identification:_identify(.) by extensions ['colcon_meta']
[0.243s] Level 1:colcon.colcon_core.package_identification:_identify(.) by extension 'colcon_meta'
[0.243s] Level 1:colcon.colcon_core.package_identification:_identify(.) by extensions ['ros']
[0.243s] Level 1:colcon.colcon_core.package_identification:_identify(.) by extension 'ros'
[0.252s] Level 1:colcon.colcon_core.package_identification:_identify(.) by extensions ['cmake', 'python']
[0.252s] Level 1:colcon.colcon_core.package_identification:_identify(.) by extension 'cmake'
[0.252s] Level 1:colcon.colcon_core.package_identification:_identify(.) by extension 'python'
[0.252s] Level 1:colcon.colcon_core.package_identification:_identify(.) by extensions ['python_setup_py']
[0.252s] Level 1:colcon.colcon_core.package_identification:_identify(.) by extension 'python_setup_py'
[0.253s] Level 1:colcon.colcon_core.package_identification:_identify(build) by extensions ['ignore', 'ignore_ament_install']
[0.253s] Level 1:colcon.colcon_core.package_identification:_identify(build) by extension 'ignore'
[0.253s] Level 1:colcon.colcon_core.package_identification:_identify(build) ignored
[0.253s] Level 1:colcon.colcon_core.package_identification:_identify(install) by extensions ['ignore', 'ignore_ament_install']
[0.253s] Level 1:colcon.colcon_core.package_identification:_identify(install) by extension 'ignore'
[0.253s] Level 1:colcon.colcon_core.package_identification:_identify(install) ignored
[0.253s] Level 1:colcon.colcon_core.package_identification:_identify(log) by extensions ['ignore', 'ignore_ament_install']
[0.253s] Level 1:colcon.colcon_core.package_identification:_identify(log) by extension 'ignore'
[0.253s] Level 1:colcon.colcon_core.package_identification:_identify(log) ignored
[0.253s] Level 1:colcon.colcon_core.package_identification:_identify(src) by extensions ['ignore', 'ignore_ament_install']
[0.253s] Level 1:colcon.colcon_core.package_identification:_identify(src) by extension 'ignore'
[0.253s] Level 1:colcon.colcon_core.package_identification:_identify(src) by extension 'ignore_ament_install'
[0.254s] Level 1:colcon.colcon_core.package_identification:_identify(src) by extensions ['colcon_pkg']
[0.254s] Level 1:colcon.colcon_core.package_identification:_identify(src) by extension 'colcon_pkg'
[0.254s] Level 1:colcon.colcon_core.package_identification:_identify(src) by extensions ['colcon_meta']
[0.254s] Level 1:colcon.colcon_core.package_identification:_identify(src) by extension 'colcon_meta'
[0.254s] Level 1:colcon.colcon_core.package_identification:_identify(src) by extensions ['ros']
[0.254s] Level 1:colcon.colcon_core.package_identification:_identify(src) by extension 'ros'
[0.254s] Level 1:colcon.colcon_core.package_identification:_identify(src) by extensions ['cmake', 'python']
[0.254s] Level 1:colcon.colcon_core.package_identification:_identify(src) by extension 'cmake'
[0.254s] Level 1:colcon.colcon_core.package_identification:_identify(src) by extension 'python'
[0.254s] Level 1:colcon.colcon_core.package_identification:_identify(src) by extensions ['python_setup_py']
[0.254s] Level 1:colcon.colcon_core.package_identification:_identify(src) by extension 'python_setup_py'
[0.254s] Level 1:colcon.colcon_core.package_identification:_identify(src/arduinobot_cpp_examples) by extensions ['ignore', 'ignore_ament_install']
[0.254s] Level 1:colcon.colcon_core.package_identification:_identify(src/arduinobot_cpp_examples) by extension 'ignore'
[0.254s] Level 1:colcon.colcon_core.package_identification:_identify(src/arduinobot_cpp_examples) by extension 'ignore_ament_install'
[0.254s] Level 1:colcon.colcon_core.package_identification:_identify(src/arduinobot_cpp_examples) by extensions ['colcon_pkg']
[0.254s] Level 1:colcon.colcon_core.package_identification:_identify(src/arduinobot_cpp_examples) by extension 'colcon_pkg'
[0.254s] Level 1:colcon.colcon_core.package_identification:_identify(src/arduinobot_cpp_examples) by extensions ['colcon_meta']
[0.254s] Level 1:colcon.colcon_core.package_identification:_identify(src/arduinobot_cpp_examples) by extension 'colcon_meta'
[0.254s] Level 1:colcon.colcon_core.package_identification:_identify(src/arduinobot_cpp_examples) by extensions ['ros']
[0.254s] Level 1:colcon.colcon_core.package_identification:_identify(src/arduinobot_cpp_examples) by extension 'ros'
[0.256s] DEBUG:colcon.colcon_core.package_identification:Package 'src/arduinobot_cpp_examples' with type 'ros.ament_cmake' and name 'arduinobot_cpp_examples'
[0.256s] Level 1:colcon.colcon_core.package_identification:_identify(src/arduinobot_description) by extensions ['ignore', 'ignore_ament_install']
[0.256s] Level 1:colcon.colcon_core.package_identification:_identify(src/arduinobot_description) by extension 'ignore'
[0.256s] Level 1:colcon.colcon_core.package_identification:_identify(src/arduinobot_description) by extension 'ignore_ament_install'
[0.256s] Level 1:colcon.colcon_core.package_identification:_identify(src/arduinobot_description) by extensions ['colcon_pkg']
[0.257s] Level 1:colcon.colcon_core.package_identification:_identify(src/arduinobot_description) by extension 'colcon_pkg'
[0.257s] Level 1:colcon.colcon_core.package_identification:_identify(src/arduinobot_description) by extensions ['colcon_meta']
[0.257s] Level 1:colcon.colcon_core.package_identification:_identify(src/arduinobot_description) by extension 'colcon_meta'
[0.257s] Level 1:colcon.colcon_core.package_identification:_identify(src/arduinobot_description) by extensions ['ros']
[0.257s] Level 1:colcon.colcon_core.package_identification:_identify(src/arduinobot_description) by extension 'ros'
[0.259s] DEBUG:colcon.colcon_core.package_identification:Package 'src/arduinobot_description' with type 'ros.ament_cmake' and name 'arduinobot_description'
[0.259s] Level 1:colcon.colcon_core.package_identification:_identify(src/arduinobot_py_examples) by extensions ['ignore', 'ignore_ament_install']
[0.259s] Level 1:colcon.colcon_core.package_identification:_identify(src/arduinobot_py_examples) by extension 'ignore'
[0.259s] Level 1:colcon.colcon_core.package_identification:_identify(src/arduinobot_py_examples) by extension 'ignore_ament_install'
[0.259s] Level 1:colcon.colcon_core.package_identification:_identify(src/arduinobot_py_examples) by extensions ['colcon_pkg']
[0.259s] Level 1:colcon.colcon_core.package_identification:_identify(src/arduinobot_py_examples) by extension 'colcon_pkg'
[0.259s] Level 1:colcon.colcon_core.package_identification:_identify(src/arduinobot_py_examples) by extensions ['colcon_meta']
[0.259s] Level 1:colcon.colcon_core.package_identification:_identify(src/arduinobot_py_examples) by extension 'colcon_meta'
[0.259s] Level 1:colcon.colcon_core.package_identification:_identify(src/arduinobot_py_examples) by extensions ['ros']
[0.259s] Level 1:colcon.colcon_core.package_identification:_identify(src/arduinobot_py_examples) by extension 'ros'
[0.260s] DEBUG:colcon.colcon_core.package_identification:Package 'src/arduinobot_py_examples' with type 'ros.ament_python' and name 'arduinobot_py_examples'
[0.260s] Level 1:colcon.colcon_core.package_identification:_identify(src/aruduinobot_controller) by extensions ['ignore', 'ignore_ament_install']
[0.260s] Level 1:colcon.colcon_core.package_identification:_identify(src/aruduinobot_controller) by extension 'ignore'
[0.260s] Level 1:colcon.colcon_core.package_identification:_identify(src/aruduinobot_controller) by extension 'ignore_ament_install'
[0.260s] Level 1:colcon.colcon_core.package_identification:_identify(src/aruduinobot_controller) by extensions ['colcon_pkg']
[0.260s] Level 1:colcon.colcon_core.package_identification:_identify(src/aruduinobot_controller) by extension 'colcon_pkg'
[0.260s] Level 1:colcon.colcon_core.package_identification:_identify(src/aruduinobot_controller) by extensions ['colcon_meta']
[0.260s] Level 1:colcon.colcon_core.package_identification:_identify(src/aruduinobot_controller) by extension 'colcon_meta'
[0.260s] Level 1:colcon.colcon_core.package_identification:_identify(src/aruduinobot_controller) by extensions ['ros']
[0.260s] Level 1:colcon.colcon_core.package_identification:_identify(src/aruduinobot_controller) by extension 'ros'
[0.261s] DEBUG:colcon.colcon_core.package_identification:Package 'src/aruduinobot_controller' with type 'ros.ament_cmake' and name 'aruduinobot_controller'
[0.261s] Level 1:colcon.colcon_core.package_identification:_identify(src/build) by extensions ['ignore', 'ignore_ament_install']
[0.261s] Level 1:colcon.colcon_core.package_identification:_identify(src/build) by extension 'ignore'
[0.261s] Level 1:colcon.colcon_core.package_identification:_identify(src/build) ignored
[0.261s] Level 1:colcon.colcon_core.package_identification:_identify(src/install) by extensions ['ignore', 'ignore_ament_install']
[0.261s] Level 1:colcon.colcon_core.package_identification:_identify(src/install) by extension 'ignore'
[0.261s] Level 1:colcon.colcon_core.package_identification:_identify(src/install) ignored
[0.261s] Level 1:colcon.colcon_core.package_identification:_identify(src/log) by extensions ['ignore', 'ignore_ament_install']
[0.261s] Level 1:colcon.colcon_core.package_identification:_identify(src/log) by extension 'ignore'
[0.262s] Level 1:colcon.colcon_core.package_identification:_identify(src/log) ignored
[0.262s] Level 1:colcon.colcon_core.package_discovery:discover_packages(recursive) using defaults
[0.262s] Level 1:colcon.colcon_core.package_discovery:discover_packages(ignore) discover
[0.262s] Level 1:colcon.colcon_core.package_discovery:discover_packages(ignore) using defaults
[0.262s] Level 1:colcon.colcon_core.package_discovery:discover_packages(path) discover
[0.262s] Level 1:colcon.colcon_core.package_discovery:discover_packages(path) using defaults
[0.294s] Level 1:colcon.colcon_core.package_discovery:discover_packages(prefix_path) check parameters
[0.294s] Level 1:colcon.colcon_core.package_discovery:discover_packages(prefix_path) discover
[0.296s] DEBUG:colcon.colcon_installed_package_information.package_discovery:Found 4 installed packages in /home/nadurham/arduinobot_ws/install
[0.297s] DEBUG:colcon.colcon_installed_package_information.package_discovery:Found 390 installed packages in /opt/ros/humble
[0.299s] Level 1:colcon.colcon_core.package_discovery:discover_packages(prefix_path) using defaults
[0.338s] Level 5:colcon.colcon_core.verb:set package 'arduinobot_cpp_examples' build argument 'cmake_args' from command line to 'None'
[0.338s] Level 5:colcon.colcon_core.verb:set package 'arduinobot_cpp_examples' build argument 'cmake_target' from command line to 'None'
[0.338s] Level 5:colcon.colcon_core.verb:set package 'arduinobot_cpp_examples' build argument 'cmake_target_skip_unavailable' from command line to 'False'
[0.338s] Level 5:colcon.colcon_core.verb:set package 'arduinobot_cpp_examples' build argument 'cmake_clean_cache' from command line to 'False'
[0.338s] Level 5:colcon.colcon_core.verb:set package 'arduinobot_cpp_examples' build argument 'cmake_clean_first' from command line to 'False'
[0.338s] Level 5:colcon.colcon_core.verb:set package 'arduinobot_cpp_examples' build argument 'cmake_force_configure' from command line to 'False'
[0.338s] Level 5:colcon.colcon_core.verb:set package 'arduinobot_cpp_examples' build argument 'ament_cmake_args' from command line to 'None'
[0.338s] Level 5:colcon.colcon_core.verb:set package 'arduinobot_cpp_examples' build argument 'catkin_cmake_args' from command line to 'None'
[0.338s] Level 5:colcon.colcon_core.verb:set package 'arduinobot_cpp_examples' build argument 'catkin_skip_building_tests' from command line to 'False'
[0.338s] DEBUG:colcon.colcon_core.verb:Building package 'arduinobot_cpp_examples' with the following arguments: {'ament_cmake_args': None, 'build_base': '/home/nadurham/arduinobot_ws/build/arduinobot_cpp_examples', 'catkin_cmake_args': None, 'catkin_skip_building_tests': False, 'cmake_args': None, 'cmake_clean_cache': False, 'cmake_clean_first': False, 'cmake_force_configure': False, 'cmake_target': None, 'cmake_target_skip_unavailable': False, 'install_base': '/home/nadurham/arduinobot_ws/install/arduinobot_cpp_examples', 'merge_install': False, 'path': '/home/nadurham/arduinobot_ws/src/arduinobot_cpp_examples', 'symlink_install': False, 'test_result_base': None}
[0.338s] Level 5:colcon.colcon_core.verb:set package 'arduinobot_description' build argument 'cmake_args' from command line to 'None'
[0.338s] Level 5:colcon.colcon_core.verb:set package 'arduinobot_description' build argument 'cmake_target' from command line to 'None'
[0.338s] Level 5:colcon.colcon_core.verb:set package 'arduinobot_description' build argument 'cmake_target_skip_unavailable' from command line to 'False'
[0.338s] Level 5:colcon.colcon_core.verb:set package 'arduinobot_description' build argument 'cmake_clean_cache' from command line to 'False'
[0.338s] Level 5:colcon.colcon_core.verb:set package 'arduinobot_description' build argument 'cmake_clean_first' from command line to 'False'
[0.339s] Level 5:colcon.colcon_core.verb:set package 'arduinobot_description' build argument 'cmake_force_configure' from command line to 'False'
[0.339s] Level 5:colcon.colcon_core.verb:set package 'arduinobot_description' build argument 'ament_cmake_args' from command line to 'None'
[0.339s] Level 5:colcon.colcon_core.verb:set package 'arduinobot_description' build argument 'catkin_cmake_args' from command line to 'None'
[0.339s] Level 5:colcon.colcon_core.verb:set package 'arduinobot_description' build argument 'catkin_skip_building_tests' from command line to 'False'
[0.339s] DEBUG:colcon.colcon_core.verb:Building package 'arduinobot_description' with the following arguments: {'ament_cmake_args': None, 'build_base': '/home/nadurham/arduinobot_ws/build/arduinobot_description', 'catkin_cmake_args': None, 'catkin_skip_building_tests': False, 'cmake_args': None, 'cmake_clean_cache': False, 'cmake_clean_first': False, 'cmake_force_configure': False, 'cmake_target': None, 'cmake_target_skip_unavailable': False, 'install_base': '/home/nadurham/arduinobot_ws/install/arduinobot_description', 'merge_install': False, 'path': '/home/nadurham/arduinobot_ws/src/arduinobot_description', 'symlink_install': False, 'test_result_base': None}
[0.339s] Level 5:colcon.colcon_core.verb:set package 'arduinobot_py_examples' build argument 'cmake_args' from command line to 'None'
[0.339s] Level 5:colcon.colcon_core.verb:set package 'arduinobot_py_examples' build argument 'cmake_target' from command line to 'None'
[0.339s] Level 5:colcon.colcon_core.verb:set package 'arduinobot_py_examples' build argument 'cmake_target_skip_unavailable' from command line to 'False'
[0.339s] Level 5:colcon.colcon_core.verb:set package 'arduinobot_py_examples' build argument 'cmake_clean_cache' from command line to 'False'
[0.339s] Level 5:colcon.colcon_core.verb:set package 'arduinobot_py_examples' build argument 'cmake_clean_first' from command line to 'False'
[0.339s] Level 5:colcon.colcon_core.verb:set package 'arduinobot_py_examples' build argument 'cmake_force_configure' from command line to 'False'
[0.339s] Level 5:colcon.colcon_core.verb:set package 'arduinobot_py_examples' build argument 'ament_cmake_args' from command line to 'None'
[0.339s] Level 5:colcon.colcon_core.verb:set package 'arduinobot_py_examples' build argument 'catkin_cmake_args' from command line to 'None'
[0.339s] Level 5:colcon.colcon_core.verb:set package 'arduinobot_py_examples' build argument 'catkin_skip_building_tests' from command line to 'False'
[0.339s] DEBUG:colcon.colcon_core.verb:Building package 'arduinobot_py_examples' with the following arguments: {'ament_cmake_args': None, 'build_base': '/home/nadurham/arduinobot_ws/build/arduinobot_py_examples', 'catkin_cmake_args': None, 'catkin_skip_building_tests': False, 'cmake_args': None, 'cmake_clean_cache': False, 'cmake_clean_first': False, 'cmake_force_configure': False, 'cmake_target': None, 'cmake_target_skip_unavailable': False, 'install_base': '/home/nadurham/arduinobot_ws/install/arduinobot_py_examples', 'merge_install': False, 'path': '/home/nadurham/arduinobot_ws/src/arduinobot_py_examples', 'symlink_install': False, 'test_result_base': None}
[0.339s] Level 5:colcon.colcon_core.verb:set package 'aruduinobot_controller' build argument 'cmake_args' from command line to 'None'
[0.339s] Level 5:colcon.colcon_core.verb:set package 'aruduinobot_controller' build argument 'cmake_target' from command line to 'None'
[0.339s] Level 5:colcon.colcon_core.verb:set package 'aruduinobot_controller' build argument 'cmake_target_skip_unavailable' from command line to 'False'
[0.339s] Level 5:colcon.colcon_core.verb:set package 'aruduinobot_controller' build argument 'cmake_clean_cache' from command line to 'False'
[0.339s] Level 5:colcon.colcon_core.verb:set package 'aruduinobot_controller' build argument 'cmake_clean_first' from command line to 'False'
[0.339s] Level 5:colcon.colcon_core.verb:set package 'aruduinobot_controller' build argument 'cmake_force_configure' from command line to 'False'
[0.339s] Level 5:colcon.colcon_core.verb:set package 'aruduinobot_controller' build argument 'ament_cmake_args' from command line to 'None'
[0.339s] Level 5:colcon.colcon_core.verb:set package 'aruduinobot_controller' build argument 'catkin_cmake_args' from command line to 'None'
[0.340s] Level 5:colcon.colcon_core.verb:set package 'aruduinobot_controller' build argument 'catkin_skip_building_tests' from command line to 'False'
[0.340s] DEBUG:colcon.colcon_core.verb:Building package 'aruduinobot_controller' with the following arguments: {'ament_cmake_args': None, 'build_base': '/home/nadurham/arduinobot_ws/build/aruduinobot_controller', 'catkin_cmake_args': None, 'catkin_skip_building_tests': False, 'cmake_args': None, 'cmake_clean_cache': False, 'cmake_clean_first': False, 'cmake_force_configure': False, 'cmake_target': None, 'cmake_target_skip_unavailable': False, 'install_base': '/home/nadurham/arduinobot_ws/install/aruduinobot_controller', 'merge_install': False, 'path': '/home/nadurham/arduinobot_ws/src/aruduinobot_controller', 'symlink_install': False, 'test_result_base': None}
[0.340s] INFO:colcon.colcon_core.executor:Executing jobs using 'parallel' executor
[0.341s] DEBUG:colcon.colcon_parallel_executor.executor.parallel:run_until_complete
[0.342s] INFO:colcon.colcon_ros.task.ament_cmake.build:Building ROS package in '/home/nadurham/arduinobot_ws/src/arduinobot_cpp_examples' with build type 'ament_cmake'
[0.342s] INFO:colcon.colcon_cmake.task.cmake.build:Building CMake package in '/home/nadurham/arduinobot_ws/src/arduinobot_cpp_examples'
[0.344s] INFO:colcon.colcon_core.plugin_system:Skipping extension 'colcon_core.shell.bat': Not used on non-Windows systems
[0.344s] INFO:colcon.colcon_core.shell:Skip shell extension 'powershell' for command environment: Not usable outside of PowerShell
[0.344s] DEBUG:colcon.colcon_core.shell:Skip shell extension 'dsv' for command environment
[0.348s] INFO:colcon.colcon_ros.task.ament_cmake.build:Building ROS package in '/home/nadurham/arduinobot_ws/src/arduinobot_description' with build type 'ament_cmake'
[0.348s] INFO:colcon.colcon_cmake.task.cmake.build:Building CMake package in '/home/nadurham/arduinobot_ws/src/arduinobot_description'
[0.349s] INFO:colcon.colcon_core.shell:Skip shell extension 'powershell' for command environment: Not usable outside of PowerShell
[0.349s] DEBUG:colcon.colcon_core.shell:Skip shell extension 'dsv' for command environment
[0.353s] INFO:colcon.colcon_ros.task.ament_python.build:Building ROS package in '/home/nadurham/arduinobot_ws/src/arduinobot_py_examples' with build type 'ament_python'
[0.353s] Level 1:colcon.colcon_core.shell:create_environment_hook('arduinobot_py_examples', 'ament_prefix_path')
[0.353s] INFO:colcon.colcon_core.shell:Creating environment hook '/home/nadurham/arduinobot_ws/install/arduinobot_py_examples/share/arduinobot_py_examples/hook/ament_prefix_path.ps1'
[0.354s] INFO:colcon.colcon_core.shell:Creating environment descriptor '/home/nadurham/arduinobot_ws/install/arduinobot_py_examples/share/arduinobot_py_examples/hook/ament_prefix_path.dsv'
[0.355s] INFO:colcon.colcon_core.shell:Creating environment hook '/home/nadurham/arduinobot_ws/install/arduinobot_py_examples/share/arduinobot_py_examples/hook/ament_prefix_path.sh'
[0.360s] INFO:colcon.colcon_core.shell:Skip shell extension 'powershell' for command environment: Not usable outside of PowerShell
[0.361s] DEBUG:colcon.colcon_core.shell:Skip shell extension 'dsv' for command environment
[0.367s] INFO:colcon.colcon_ros.task.ament_cmake.build:Building ROS package in '/home/nadurham/arduinobot_ws/src/aruduinobot_controller' with build type 'ament_cmake'
[0.368s] INFO:colcon.colcon_cmake.task.cmake.build:Building CMake package in '/home/nadurham/arduinobot_ws/src/aruduinobot_controller'
[0.368s] INFO:colcon.colcon_core.shell:Skip shell extension 'powershell' for command environment: Not usable outside of PowerShell
[0.368s] DEBUG:colcon.colcon_core.shell:Skip shell extension 'dsv' for command environment
[0.380s] DEBUG:colcon.colcon_core.event_handler.log_command:Invoking command in '/home/nadurham/arduinobot_ws/build/arduinobot_cpp_examples': CMAKE_PREFIX_PATH=${CMAKE_PREFIX_PATH}:/home/nadurham/arduinobot_ws/install/arduinobot_py_examples:/opt/ros/humble /usr/bin/cmake --build /home/nadurham/arduinobot_ws/build/arduinobot_cpp_examples -- -j8 -l8
[0.385s] DEBUG:colcon.colcon_core.event_handler.log_command:Invoking command in '/home/nadurham/arduinobot_ws/build/arduinobot_description': CMAKE_PREFIX_PATH=${CMAKE_PREFIX_PATH}:/home/nadurham/arduinobot_ws/install/arduinobot_py_examples:/opt/ros/humble /usr/bin/cmake --build /home/nadurham/arduinobot_ws/build/arduinobot_description -- -j8 -l8
[0.688s] INFO:colcon.colcon_core.task.python.build:Building Python package in '/home/nadurham/arduinobot_ws/src/arduinobot_py_examples'
[0.689s] INFO:colcon.colcon_core.shell:Skip shell extension 'powershell' for command environment: Not usable outside of PowerShell
[0.689s] DEBUG:colcon.colcon_core.shell:Skip shell extension 'dsv' for command environment
[0.705s] DEBUG:colcon.colcon_core.event_handler.log_command:Invoking command in '/home/nadurham/arduinobot_ws/build/aruduinobot_controller': CMAKE_PREFIX_PATH=${CMAKE_PREFIX_PATH}:/home/nadurham/arduinobot_ws/install/arduinobot_py_examples:/opt/ros/humble /usr/bin/cmake --build /home/nadurham/arduinobot_ws/build/aruduinobot_controller -- -j8 -l8
[0.718s] DEBUG:colcon.colcon_core.event_handler.log_command:Invoked command in '/home/nadurham/arduinobot_ws/build/arduinobot_description' returned '0': CMAKE_PREFIX_PATH=${CMAKE_PREFIX_PATH}:/home/nadurham/arduinobot_ws/install/arduinobot_py_examples:/opt/ros/humble /usr/bin/cmake --build /home/nadurham/arduinobot_ws/build/arduinobot_description -- -j8 -l8
[0.734s] DEBUG:colcon.colcon_core.event_handler.log_command:Invoking command in '/home/nadurham/arduinobot_ws/build/arduinobot_description': CMAKE_PREFIX_PATH=${CMAKE_PREFIX_PATH}:/home/nadurham/arduinobot_ws/install/arduinobot_py_examples:/opt/ros/humble /usr/bin/cmake --install /home/nadurham/arduinobot_ws/build/arduinobot_description
[0.738s] DEBUG:colcon.colcon_core.event_handler.log_command:Invoked command in '/home/nadurham/arduinobot_ws/build/arduinobot_cpp_examples' returned '0': CMAKE_PREFIX_PATH=${CMAKE_PREFIX_PATH}:/home/nadurham/arduinobot_ws/install/arduinobot_py_examples:/opt/ros/humble /usr/bin/cmake --build /home/nadurham/arduinobot_ws/build/arduinobot_cpp_examples -- -j8 -l8
[0.738s] DEBUG:colcon.colcon_core.event_handler.log_command:Invoking command in '/home/nadurham/arduinobot_ws/build/arduinobot_cpp_examples': CMAKE_PREFIX_PATH=${CMAKE_PREFIX_PATH}:/home/nadurham/arduinobot_ws/install/arduinobot_py_examples:/opt/ros/humble /usr/bin/cmake --install /home/nadurham/arduinobot_ws/build/arduinobot_cpp_examples
[0.749s] DEBUG:colcon.colcon_core.event_handler.log_command:Invoked command in '/home/nadurham/arduinobot_ws/build/aruduinobot_controller' returned '0': CMAKE_PREFIX_PATH=${CMAKE_PREFIX_PATH}:/home/nadurham/arduinobot_ws/install/arduinobot_py_examples:/opt/ros/humble /usr/bin/cmake --build /home/nadurham/arduinobot_ws/build/aruduinobot_controller -- -j8 -l8
[0.753s] DEBUG:colcon.colcon_core.event_handler.log_command:Invoking command in '/home/nadurham/arduinobot_ws/build/aruduinobot_controller': CMAKE_PREFIX_PATH=${CMAKE_PREFIX_PATH}:/home/nadurham/arduinobot_ws/install/arduinobot_py_examples:/opt/ros/humble /usr/bin/cmake --install /home/nadurham/arduinobot_ws/build/aruduinobot_controller
[0.760s] Level 1:colcon.colcon_core.environment:create_environment_scripts_only(arduinobot_cpp_examples)
[0.766s] DEBUG:colcon.colcon_core.event_handler.log_command:Invoked command in '/home/nadurham/arduinobot_ws/build/arduinobot_cpp_examples' returned '0': CMAKE_PREFIX_PATH=${CMAKE_PREFIX_PATH}:/home/nadurham/arduinobot_ws/install/arduinobot_py_examples:/opt/ros/humble /usr/bin/cmake --install /home/nadurham/arduinobot_ws/build/arduinobot_cpp_examples
[0.771s] Level 1:colcon.colcon_core.environment:checking '/home/nadurham/arduinobot_ws/install/arduinobot_cpp_examples' for CMake module files
[0.773s] Level 1:colcon.colcon_core.environment:checking '/home/nadurham/arduinobot_ws/install/arduinobot_cpp_examples' for CMake config files
[0.773s] Level 1:colcon.colcon_core.shell:create_environment_hook('arduinobot_cpp_examples', 'cmake_prefix_path')
[0.774s] INFO:colcon.colcon_core.shell:Creating environment hook '/home/nadurham/arduinobot_ws/install/arduinobot_cpp_examples/share/arduinobot_cpp_examples/hook/cmake_prefix_path.ps1'
[0.781s] INFO:colcon.colcon_core.shell:Creating environment descriptor '/home/nadurham/arduinobot_ws/install/arduinobot_cpp_examples/share/arduinobot_cpp_examples/hook/cmake_prefix_path.dsv'
[0.783s] INFO:colcon.colcon_core.shell:Creating environment hook '/home/nadurham/arduinobot_ws/install/arduinobot_cpp_examples/share/arduinobot_cpp_examples/hook/cmake_prefix_path.sh'
[0.784s] Level 1:colcon.colcon_core.environment:checking '/home/nadurham/arduinobot_ws/install/arduinobot_cpp_examples/bin'
[0.785s] Level 1:colcon.colcon_core.environment:checking '/home/nadurham/arduinobot_ws/install/arduinobot_cpp_examples/lib/pkgconfig/arduinobot_cpp_examples.pc'
[0.785s] Level 1:colcon.colcon_core.environment:checking '/home/nadurham/arduinobot_ws/install/arduinobot_cpp_examples/lib/python3.10/site-packages'
[0.785s] Level 1:colcon.colcon_core.environment:checking '/home/nadurham/arduinobot_ws/install/arduinobot_cpp_examples/bin'
[0.785s] INFO:colcon.colcon_core.shell:Creating package script '/home/nadurham/arduinobot_ws/install/arduinobot_cpp_examples/share/arduinobot_cpp_examples/package.ps1'
[0.787s] INFO:colcon.colcon_core.shell:Creating package descriptor '/home/nadurham/arduinobot_ws/install/arduinobot_cpp_examples/share/arduinobot_cpp_examples/package.dsv'
[0.787s] INFO:colcon.colcon_core.shell:Creating package script '/home/nadurham/arduinobot_ws/install/arduinobot_cpp_examples/share/arduinobot_cpp_examples/package.sh'
[0.788s] INFO:colcon.colcon_core.shell:Creating package script '/home/nadurham/arduinobot_ws/install/arduinobot_cpp_examples/share/arduinobot_cpp_examples/package.bash'
[0.789s] INFO:colcon.colcon_core.shell:Creating package script '/home/nadurham/arduinobot_ws/install/arduinobot_cpp_examples/share/arduinobot_cpp_examples/package.zsh'
[0.790s] Level 1:colcon.colcon_core.environment:create_file_with_runtime_dependencies(/home/nadurham/arduinobot_ws/install/arduinobot_cpp_examples/share/colcon-core/packages/arduinobot_cpp_examples)
[0.791s] Level 1:colcon.colcon_core.environment:create_environment_scripts_only(arduinobot_cpp_examples)
[0.791s] Level 1:colcon.colcon_core.environment:checking '/home/nadurham/arduinobot_ws/install/arduinobot_cpp_examples' for CMake module files
[0.791s] Level 1:colcon.colcon_core.environment:checking '/home/nadurham/arduinobot_ws/install/arduinobot_cpp_examples' for CMake config files
[0.792s] Level 1:colcon.colcon_core.shell:create_environment_hook('arduinobot_cpp_examples', 'cmake_prefix_path')
[0.792s] INFO:colcon.colcon_core.shell:Creating environment hook '/home/nadurham/arduinobot_ws/install/arduinobot_cpp_examples/share/arduinobot_cpp_examples/hook/cmake_prefix_path.ps1'
[0.793s] INFO:colcon.colcon_core.shell:Creating environment descriptor '/home/nadurham/arduinobot_ws/install/arduinobot_cpp_examples/share/arduinobot_cpp_examples/hook/cmake_prefix_path.dsv'
[0.793s] INFO:colcon.colcon_core.shell:Creating environment hook '/home/nadurham/arduinobot_ws/install/arduinobot_cpp_examples/share/arduinobot_cpp_examples/hook/cmake_prefix_path.sh'
[0.794s] Level 1:colcon.colcon_core.environment:checking '/home/nadurham/arduinobot_ws/install/arduinobot_cpp_examples/bin'
[0.794s] Level 1:colcon.colcon_core.environment:checking '/home/nadurham/arduinobot_ws/install/arduinobot_cpp_examples/lib/pkgconfig/arduinobot_cpp_examples.pc'
[0.794s] Level 1:colcon.colcon_core.environment:checking '/home/nadurham/arduinobot_ws/install/arduinobot_cpp_examples/lib/python3.10/site-packages'
[0.794s] Level 1:colcon.colcon_core.environment:checking '/home/nadurham/arduinobot_ws/install/arduinobot_cpp_examples/bin'
[0.795s] INFO:colcon.colcon_core.shell:Creating package script '/home/nadurham/arduinobot_ws/install/arduinobot_cpp_examples/share/arduinobot_cpp_examples/package.ps1'
[0.795s] INFO:colcon.colcon_core.shell:Creating package descriptor '/home/nadurham/arduinobot_ws/install/arduinobot_cpp_examples/share/arduinobot_cpp_examples/package.dsv'
[0.796s] INFO:colcon.colcon_core.shell:Creating package script '/home/nadurham/arduinobot_ws/install/arduinobot_cpp_examples/share/arduinobot_cpp_examples/package.sh'
[0.797s] INFO:colcon.colcon_core.shell:Creating package script '/home/nadurham/arduinobot_ws/install/arduinobot_cpp_examples/share/arduinobot_cpp_examples/package.bash'
[0.797s] INFO:colcon.colcon_core.shell:Creating package script '/home/nadurham/arduinobot_ws/install/arduinobot_cpp_examples/share/arduinobot_cpp_examples/package.zsh'
[0.797s] Level 1:colcon.colcon_core.environment:create_file_with_runtime_dependencies(/home/nadurham/arduinobot_ws/install/arduinobot_cpp_examples/share/colcon-core/packages/arduinobot_cpp_examples)
[0.800s] Level 1:colcon.colcon_core.environment:create_environment_scripts_only(aruduinobot_controller)
[0.800s] Level 1:colcon.colcon_core.environment:checking '/home/nadurham/arduinobot_ws/install/aruduinobot_controller' for CMake module files
[0.802s] DEBUG:colcon.colcon_core.event_handler.log_command:Invoked command in '/home/nadurham/arduinobot_ws/build/aruduinobot_controller' returned '0': CMAKE_PREFIX_PATH=${CMAKE_PREFIX_PATH}:/home/nadurham/arduinobot_ws/install/arduinobot_py_examples:/opt/ros/humble /usr/bin/cmake --install /home/nadurham/arduinobot_ws/build/aruduinobot_controller
[0.802s] Level 1:colcon.colcon_core.environment:checking '/home/nadurham/arduinobot_ws/install/aruduinobot_controller' for CMake config files
[0.803s] Level 1:colcon.colcon_core.shell:create_environment_hook('aruduinobot_controller', 'cmake_prefix_path')
[0.803s] INFO:colcon.colcon_core.shell:Creating environment hook '/home/nadurham/arduinobot_ws/install/aruduinobot_controller/share/aruduinobot_controller/hook/cmake_prefix_path.ps1'
[0.803s] INFO:colcon.colcon_core.shell:Creating environment descriptor '/home/nadurham/arduinobot_ws/install/aruduinobot_controller/share/aruduinobot_controller/hook/cmake_prefix_path.dsv'
[0.804s] INFO:colcon.colcon_core.shell:Creating environment hook '/home/nadurham/arduinobot_ws/install/aruduinobot_controller/share/aruduinobot_controller/hook/cmake_prefix_path.sh'
[0.804s] Level 1:colcon.colcon_core.environment:checking '/home/nadurham/arduinobot_ws/install/aruduinobot_controller/bin'
[0.804s] Level 1:colcon.colcon_core.environment:checking '/home/nadurham/arduinobot_ws/install/aruduinobot_controller/lib/pkgconfig/aruduinobot_controller.pc'
[0.805s] Level 1:colcon.colcon_core.environment:checking '/home/nadurham/arduinobot_ws/install/aruduinobot_controller/lib/python3.10/site-packages'
[0.805s] Level 1:colcon.colcon_core.environment:checking '/home/nadurham/arduinobot_ws/install/aruduinobot_controller/bin'
[0.805s] INFO:colcon.colcon_core.shell:Creating package script '/home/nadurham/arduinobot_ws/install/aruduinobot_controller/share/aruduinobot_controller/package.ps1'
[0.805s] INFO:colcon.colcon_core.shell:Creating package descriptor '/home/nadurham/arduinobot_ws/install/aruduinobot_controller/share/aruduinobot_controller/package.dsv'
[0.806s] INFO:colcon.colcon_core.shell:Creating package script '/home/nadurham/arduinobot_ws/install/aruduinobot_controller/share/aruduinobot_controller/package.sh'
[0.807s] INFO:colcon.colcon_core.shell:Creating package script '/home/nadurham/arduinobot_ws/install/aruduinobot_controller/share/aruduinobot_controller/package.bash'
[0.807s] INFO:colcon.colcon_core.shell:Creating package script '/home/nadurham/arduinobot_ws/install/aruduinobot_controller/share/aruduinobot_controller/package.zsh'
[0.808s] Level 1:colcon.colcon_core.environment:create_file_with_runtime_dependencies(/home/nadurham/arduinobot_ws/install/aruduinobot_controller/share/colcon-core/packages/aruduinobot_controller)
[0.809s] Level 1:colcon.colcon_core.environment:create_environment_scripts_only(aruduinobot_controller)
[0.809s] Level 1:colcon.colcon_core.environment:checking '/home/nadurham/arduinobot_ws/install/aruduinobot_controller' for CMake module files
[0.809s] Level 1:colcon.colcon_core.environment:checking '/home/nadurham/arduinobot_ws/install/aruduinobot_controller' for CMake config files
[0.809s] Level 1:colcon.colcon_core.shell:create_environment_hook('aruduinobot_controller', 'cmake_prefix_path')
[0.810s] INFO:colcon.colcon_core.shell:Creating environment hook '/home/nadurham/arduinobot_ws/install/aruduinobot_controller/share/aruduinobot_controller/hook/cmake_prefix_path.ps1'
[0.810s] INFO:colcon.colcon_core.shell:Creating environment descriptor '/home/nadurham/arduinobot_ws/install/aruduinobot_controller/share/aruduinobot_controller/hook/cmake_prefix_path.dsv'
[0.810s] INFO:colcon.colcon_core.shell:Creating environment hook '/home/nadurham/arduinobot_ws/install/aruduinobot_controller/share/aruduinobot_controller/hook/cmake_prefix_path.sh'
[0.811s] Level 1:colcon.colcon_core.environment:checking '/home/nadurham/arduinobot_ws/install/aruduinobot_controller/bin'
[0.811s] Level 1:colcon.colcon_core.environment:checking '/home/nadurham/arduinobot_ws/install/aruduinobot_controller/lib/pkgconfig/aruduinobot_controller.pc'
[0.811s] Level 1:colcon.colcon_core.environment:checking '/home/nadurham/arduinobot_ws/install/aruduinobot_controller/lib/python3.10/site-packages'
[0.811s] Level 1:colcon.colcon_core.environment:checking '/home/nadurham/arduinobot_ws/install/aruduinobot_controller/bin'
[0.812s] INFO:colcon.colcon_core.shell:Creating package script '/home/nadurham/arduinobot_ws/install/aruduinobot_controller/share/aruduinobot_controller/package.ps1'
[0.812s] INFO:colcon.colcon_core.shell:Creating package descriptor '/home/nadurham/arduinobot_ws/install/aruduinobot_controller/share/aruduinobot_controller/package.dsv'
[0.812s] INFO:colcon.colcon_core.shell:Creating package script '/home/nadurham/arduinobot_ws/install/aruduinobot_controller/share/aruduinobot_controller/package.sh'
[0.813s] INFO:colcon.colcon_core.shell:Creating package script '/home/nadurham/arduinobot_ws/install/aruduinobot_controller/share/aruduinobot_controller/package.bash'
[0.813s] INFO:colcon.colcon_core.shell:Creating package script '/home/nadurham/arduinobot_ws/install/aruduinobot_controller/share/aruduinobot_controller/package.zsh'
[0.814s] Level 1:colcon.colcon_core.environment:create_file_with_runtime_dependencies(/home/nadurham/arduinobot_ws/install/aruduinobot_controller/share/colcon-core/packages/aruduinobot_controller)
[0.815s] Level 1:colcon.colcon_core.environment:create_environment_scripts_only(arduinobot_description)
[0.815s] Level 1:colcon.colcon_core.environment:checking '/home/nadurham/arduinobot_ws/install/arduinobot_description' for CMake module files
[0.816s] Level 1:colcon.colcon_core.environment:checking '/home/nadurham/arduinobot_ws/install/arduinobot_description' for CMake config files
[0.817s] Level 1:colcon.colcon_core.shell:create_environment_hook('arduinobot_description', 'cmake_prefix_path')
[0.817s] INFO:colcon.colcon_core.shell:Creating environment hook '/home/nadurham/arduinobot_ws/install/arduinobot_description/share/arduinobot_description/hook/cmake_prefix_path.ps1'
[0.817s] INFO:colcon.colcon_core.shell:Creating environment descriptor '/home/nadurham/arduinobot_ws/install/arduinobot_description/share/arduinobot_description/hook/cmake_prefix_path.dsv'
[0.818s] INFO:colcon.colcon_core.shell:Creating environment hook '/home/nadurham/arduinobot_ws/install/arduinobot_description/share/arduinobot_description/hook/cmake_prefix_path.sh'
[0.818s] Level 1:colcon.colcon_core.environment:checking '/home/nadurham/arduinobot_ws/install/arduinobot_description/bin'
[0.819s] Level 1:colcon.colcon_core.environment:checking '/home/nadurham/arduinobot_ws/install/arduinobot_description/lib/pkgconfig/arduinobot_description.pc'
[0.819s] Level 1:colcon.colcon_core.environment:checking '/home/nadurham/arduinobot_ws/install/arduinobot_description/lib/python3.10/site-packages'
[0.819s] Level 1:colcon.colcon_core.environment:checking '/home/nadurham/arduinobot_ws/install/arduinobot_description/bin'
[0.819s] INFO:colcon.colcon_core.shell:Creating package script '/home/nadurham/arduinobot_ws/install/arduinobot_description/share/arduinobot_description/package.ps1'
[0.820s] INFO:colcon.colcon_core.shell:Creating package descriptor '/home/nadurham/arduinobot_ws/install/arduinobot_description/share/arduinobot_description/package.dsv'
[0.820s] INFO:colcon.colcon_core.shell:Creating package script '/home/nadurham/arduinobot_ws/install/arduinobot_description/share/arduinobot_description/package.sh'
[0.821s] INFO:colcon.colcon_core.shell:Creating package script '/home/nadurham/arduinobot_ws/install/arduinobot_description/share/arduinobot_description/package.bash'
[0.821s] DEBUG:colcon.colcon_core.event_handler.log_command:Invoked command in '/home/nadurham/arduinobot_ws/build/arduinobot_description' returned '0': CMAKE_PREFIX_PATH=${CMAKE_PREFIX_PATH}:/home/nadurham/arduinobot_ws/install/arduinobot_py_examples:/opt/ros/humble /usr/bin/cmake --install /home/nadurham/arduinobot_ws/build/arduinobot_description
[0.822s] INFO:colcon.colcon_core.shell:Creating package script '/home/nadurham/arduinobot_ws/install/arduinobot_description/share/arduinobot_description/package.zsh'
[0.823s] Level 1:colcon.colcon_core.environment:create_file_with_runtime_dependencies(/home/nadurham/arduinobot_ws/install/arduinobot_description/share/colcon-core/packages/arduinobot_description)
[0.824s] Level 1:colcon.colcon_core.environment:create_environment_scripts_only(arduinobot_description)
[0.824s] Level 1:colcon.colcon_core.environment:checking '/home/nadurham/arduinobot_ws/install/arduinobot_description' for CMake module files
[0.825s] Level 1:colcon.colcon_core.environment:checking '/home/nadurham/arduinobot_ws/install/arduinobot_description' for CMake config files
[0.825s] Level 1:colcon.colcon_core.shell:create_environment_hook('arduinobot_description', 'cmake_prefix_path')
[0.825s] INFO:colcon.colcon_core.shell:Creating environment hook '/home/nadurham/arduinobot_ws/install/arduinobot_description/share/arduinobot_description/hook/cmake_prefix_path.ps1'
[0.826s] INFO:colcon.colcon_core.shell:Creating environment descriptor '/home/nadurham/arduinobot_ws/install/arduinobot_description/share/arduinobot_description/hook/cmake_prefix_path.dsv'
[0.827s] INFO:colcon.colcon_core.shell:Creating environment hook '/home/nadurham/arduinobot_ws/install/arduinobot_description/share/arduinobot_description/hook/cmake_prefix_path.sh'
[0.827s] Level 1:colcon.colcon_core.environment:checking '/home/nadurham/arduinobot_ws/install/arduinobot_description/bin'
[0.827s] Level 1:colcon.colcon_core.environment:checking '/home/nadurham/arduinobot_ws/install/arduinobot_description/lib/pkgconfig/arduinobot_description.pc'
[0.828s] Level 1:colcon.colcon_core.environment:checking '/home/nadurham/arduinobot_ws/install/arduinobot_description/lib/python3.10/site-packages'
[0.828s] Level 1:colcon.colcon_core.environment:checking '/home/nadurham/arduinobot_ws/install/arduinobot_description/bin'
[0.828s] INFO:colcon.colcon_core.shell:Creating package script '/home/nadurham/arduinobot_ws/install/arduinobot_description/share/arduinobot_description/package.ps1'
[0.829s] INFO:colcon.colcon_core.shell:Creating package descriptor '/home/nadurham/arduinobot_ws/install/arduinobot_description/share/arduinobot_description/package.dsv'
[0.830s] INFO:colcon.colcon_core.shell:Creating package script '/home/nadurham/arduinobot_ws/install/arduinobot_description/share/arduinobot_description/package.sh'
[0.830s] INFO:colcon.colcon_core.shell:Creating package script '/home/nadurham/arduinobot_ws/install/arduinobot_description/share/arduinobot_description/package.bash'
[0.831s] INFO:colcon.colcon_core.shell:Creating package script '/home/nadurham/arduinobot_ws/install/arduinobot_description/share/arduinobot_description/package.zsh'
[0.832s] Level 1:colcon.colcon_core.environment:create_file_with_runtime_dependencies(/home/nadurham/arduinobot_ws/install/arduinobot_description/share/colcon-core/packages/arduinobot_description)
[1.181s] DEBUG:colcon.colcon_core.event_handler.log_command:Invoking command in '/home/nadurham/arduinobot_ws/src/arduinobot_py_examples': PYTHONPATH=/home/nadurham/arduinobot_ws/build/arduinobot_py_examples/prefix_override:/usr/lib/python3/dist-packages/colcon_core/task/python/colcon_distutils_commands:/home/nadurham/arduinobot_ws/install/arduinobot_py_examples/lib/python3.10/site-packages:${PYTHONPATH} /usr/bin/python3 -W ignore:setup.py install is deprecated -W ignore:easy_install command is deprecated setup.py egg_info --egg-base ../../build/arduinobot_py_examples build --build-base /home/nadurham/arduinobot_ws/build/arduinobot_py_examples/build install --record /home/nadurham/arduinobot_ws/build/arduinobot_py_examples/install.log --single-version-externally-managed install_data
[1.508s] Level 1:colcon.colcon_core.environment:checking '/home/nadurham/arduinobot_ws/install/arduinobot_py_examples' for CMake module files
[1.509s] DEBUG:colcon.colcon_core.event_handler.log_command:Invoked command in '/home/nadurham/arduinobot_ws/src/arduinobot_py_examples' returned '0': PYTHONPATH=/home/nadurham/arduinobot_ws/build/arduinobot_py_examples/prefix_override:/usr/lib/python3/dist-packages/colcon_core/task/python/colcon_distutils_commands:/home/nadurham/arduinobot_ws/install/arduinobot_py_examples/lib/python3.10/site-packages:${PYTHONPATH} /usr/bin/python3 -W ignore:setup.py install is deprecated -W ignore:easy_install command is deprecated setup.py egg_info --egg-base ../../build/arduinobot_py_examples build --build-base /home/nadurham/arduinobot_ws/build/arduinobot_py_examples/build install --record /home/nadurham/arduinobot_ws/build/arduinobot_py_examples/install.log --single-version-externally-managed install_data
[1.509s] Level 1:colcon.colcon_core.environment:checking '/home/nadurham/arduinobot_ws/install/arduinobot_py_examples' for CMake config files
[1.510s] Level 1:colcon.colcon_core.environment:checking '/home/nadurham/arduinobot_ws/install/arduinobot_py_examples/lib'
[1.510s] Level 1:colcon.colcon_core.environment:checking '/home/nadurham/arduinobot_ws/install/arduinobot_py_examples/bin'
[1.511s] Level 1:colcon.colcon_core.environment:checking '/home/nadurham/arduinobot_ws/install/arduinobot_py_examples/lib/pkgconfig/arduinobot_py_examples.pc'
[1.511s] Level 1:colcon.colcon_core.environment:checking '/home/nadurham/arduinobot_ws/install/arduinobot_py_examples/lib/python3.10/site-packages'
[1.511s] Level 1:colcon.colcon_core.shell:create_environment_hook('arduinobot_py_examples', 'pythonpath')
[1.511s] INFO:colcon.colcon_core.shell:Creating environment hook '/home/nadurham/arduinobot_ws/install/arduinobot_py_examples/share/arduinobot_py_examples/hook/pythonpath.ps1'
[1.512s] INFO:colcon.colcon_core.shell:Creating environment descriptor '/home/nadurham/arduinobot_ws/install/arduinobot_py_examples/share/arduinobot_py_examples/hook/pythonpath.dsv'
[1.512s] INFO:colcon.colcon_core.shell:Creating environment hook '/home/nadurham/arduinobot_ws/install/arduinobot_py_examples/share/arduinobot_py_examples/hook/pythonpath.sh'
[1.513s] Level 1:colcon.colcon_core.environment:checking '/home/nadurham/arduinobot_ws/install/arduinobot_py_examples/bin'
[1.513s] Level 1:colcon.colcon_core.environment:create_environment_scripts_only(arduinobot_py_examples)
[1.513s] INFO:colcon.colcon_core.shell:Creating package script '/home/nadurham/arduinobot_ws/install/arduinobot_py_examples/share/arduinobot_py_examples/package.ps1'
[1.514s] INFO:colcon.colcon_core.shell:Creating package descriptor '/home/nadurham/arduinobot_ws/install/arduinobot_py_examples/share/arduinobot_py_examples/package.dsv'
[1.515s] INFO:colcon.colcon_core.shell:Creating package script '/home/nadurham/arduinobot_ws/install/arduinobot_py_examples/share/arduinobot_py_examples/package.sh'
[1.515s] INFO:colcon.colcon_core.shell:Creating package script '/home/nadurham/arduinobot_ws/install/arduinobot_py_examples/share/arduinobot_py_examples/package.bash'
[1.516s] INFO:colcon.colcon_core.shell:Creating package script '/home/nadurham/arduinobot_ws/install/arduinobot_py_examples/share/arduinobot_py_examples/package.zsh'
[1.516s] Level 1:colcon.colcon_core.environment:create_file_with_runtime_dependencies(/home/nadurham/arduinobot_ws/install/arduinobot_py_examples/share/colcon-core/packages/arduinobot_py_examples)
[1.517s] DEBUG:colcon.colcon_parallel_executor.executor.parallel:closing loop
[1.517s] DEBUG:colcon.colcon_parallel_executor.executor.parallel:loop closed
[1.517s] DEBUG:colcon.colcon_parallel_executor.executor.parallel:run_until_complete finished with '0'
[1.517s] DEBUG:colcon.colcon_core.event_reactor:joining thread
[1.524s] INFO:colcon.colcon_core.plugin_system:Skipping extension 'colcon_notification.desktop_notification.terminal_notifier': Not used on non-Darwin systems
[1.524s] INFO:colcon.colcon_core.plugin_system:Skipping extension 'colcon_notification.desktop_notification.win32': Not used on non-Windows systems
[1.524s] INFO:colcon.colcon_notification.desktop_notification:Sending desktop notification using 'notify2'
[1.542s] DEBUG:colcon.colcon_core.event_reactor:joined thread
[1.543s] INFO:colcon.colcon_core.shell:Creating prefix script '/home/nadurham/arduinobot_ws/install/local_setup.ps1'
[1.545s] INFO:colcon.colcon_core.shell:Creating prefix util module '/home/nadurham/arduinobot_ws/install/_local_setup_util_ps1.py'
[1.546s] INFO:colcon.colcon_core.shell:Creating prefix chain script '/home/nadurham/arduinobot_ws/install/setup.ps1'
[1.547s] INFO:colcon.colcon_core.shell:Creating prefix script '/home/nadurham/arduinobot_ws/install/local_setup.sh'
[1.549s] INFO:colcon.colcon_core.shell:Creating prefix util module '/home/nadurham/arduinobot_ws/install/_local_setup_util_sh.py'
[1.550s] INFO:colcon.colcon_core.shell:Creating prefix chain script '/home/nadurham/arduinobot_ws/install/setup.sh'
[1.552s] INFO:colcon.colcon_core.shell:Creating prefix script '/home/nadurham/arduinobot_ws/install/local_setup.bash'
[1.553s] INFO:colcon.colcon_core.shell:Creating prefix chain script '/home/nadurham/arduinobot_ws/install/setup.bash'
[1.554s] INFO:colcon.colcon_core.shell:Creating prefix script '/home/nadurham/arduinobot_ws/install/local_setup.zsh'
[1.555s] INFO:colcon.colcon_core.shell:Creating prefix chain script '/home/nadurham/arduinobot_ws/install/setup.zsh'
