[0.403s] Invoking command in '/home/nicholas/arduinobot_ws/build/arduinobot_remote': CMAKE_PREFIX_PATH=/home/nicholas/arduinobot_ws/install/arduinobot_moveit:/home/nicholas/arduinobot_ws/install/arduinobot_msgs:/home/nicholas/arduinobot_ws/install/arduinobot_description:/home/nicholas/arduinobot_ws/install/aruduinobot_controller:/home/nicholas/arduinobot_ws/install/arduinobot_utils:/home/nicholas/arduinobot_ws/install/arduinobot_remote:/home/nicholas/arduinobot_ws/install/arduinobot_cpp_examples:/home/nicholas/arduinobot_ws/install/arduinobot_py_examples:/opt/ros/humble LD_LIBRARY_PATH=/home/nicholas/arduinobot_ws/install/arduinobot_msgs/lib:/home/nicholas/arduinobot_ws/install/arduinobot_remote/lib:/usr/lib/x86_64-linux-gnu/gazebo-11/plugins:/opt/ros/humble/opt/rviz_ogre_vendor/lib:/opt/ros/humble/lib/x86_64-linux-gnu:/usr/share/gurumdds/cmake/../../../lib:/opt/ros/humble/lib /usr/bin/cmake --build /home/nicholas/arduinobot_ws/build/arduinobot_remote -- -j16 -l16
[0.532s] [ 50%] Built target task_server_node
[0.537s] [100%] Built target task_server
[0.548s] [100%] Built target ament_cmake_python_copy_arduinobot_remote
[0.942s] running egg_info
[0.943s] writing arduinobot_remote.egg-info/PKG-INFO
[0.947s] writing dependency_links to arduinobot_remote.egg-info/dependency_links.txt
[0.947s] writing top-level names to arduinobot_remote.egg-info/top_level.txt
[0.951s] reading manifest file 'arduinobot_remote.egg-info/SOURCES.txt'
[0.951s] writing manifest file 'arduinobot_remote.egg-info/SOURCES.txt'
[1.039s] [100%] Built target ament_cmake_python_build_arduinobot_remote_egg
[1.069s] Invoked command in '/home/nicholas/arduinobot_ws/build/arduinobot_remote' returned '0': CMAKE_PREFIX_PATH=/home/nicholas/arduinobot_ws/install/arduinobot_moveit:/home/nicholas/arduinobot_ws/install/arduinobot_msgs:/home/nicholas/arduinobot_ws/install/arduinobot_description:/home/nicholas/arduinobot_ws/install/aruduinobot_controller:/home/nicholas/arduinobot_ws/install/arduinobot_utils:/home/nicholas/arduinobot_ws/install/arduinobot_remote:/home/nicholas/arduinobot_ws/install/arduinobot_cpp_examples:/home/nicholas/arduinobot_ws/install/arduinobot_py_examples:/opt/ros/humble LD_LIBRARY_PATH=/home/nicholas/arduinobot_ws/install/arduinobot_msgs/lib:/home/nicholas/arduinobot_ws/install/arduinobot_remote/lib:/usr/lib/x86_64-linux-gnu/gazebo-11/plugins:/opt/ros/humble/opt/rviz_ogre_vendor/lib:/opt/ros/humble/lib/x86_64-linux-gnu:/usr/share/gurumdds/cmake/../../../lib:/opt/ros/humble/lib /usr/bin/cmake --build /home/nicholas/arduinobot_ws/build/arduinobot_remote -- -j16 -l16
[1.069s] Invoking command in '/home/nicholas/arduinobot_ws/build/arduinobot_remote': CMAKE_PREFIX_PATH=/home/nicholas/arduinobot_ws/install/arduinobot_moveit:/home/nicholas/arduinobot_ws/install/arduinobot_msgs:/home/nicholas/arduinobot_ws/install/arduinobot_description:/home/nicholas/arduinobot_ws/install/aruduinobot_controller:/home/nicholas/arduinobot_ws/install/arduinobot_utils:/home/nicholas/arduinobot_ws/install/arduinobot_remote:/home/nicholas/arduinobot_ws/install/arduinobot_cpp_examples:/home/nicholas/arduinobot_ws/install/arduinobot_py_examples:/opt/ros/humble LD_LIBRARY_PATH=/home/nicholas/arduinobot_ws/install/arduinobot_msgs/lib:/home/nicholas/arduinobot_ws/install/arduinobot_remote/lib:/usr/lib/x86_64-linux-gnu/gazebo-11/plugins:/opt/ros/humble/opt/rviz_ogre_vendor/lib:/opt/ros/humble/lib/x86_64-linux-gnu:/usr/share/gurumdds/cmake/../../../lib:/opt/ros/humble/lib /usr/bin/cmake --install /home/nicholas/arduinobot_ws/build/arduinobot_remote
[1.084s] -- Install configuration: ""
[1.084s] -- Up-to-date: /home/nicholas/arduinobot_ws/install/arduinobot_remote/lib/arduinobot_remote/task_server_node
[1.084s] -- Up-to-date: /home/nicholas/arduinobot_ws/install/arduinobot_remote/share/arduinobot_remote/environment/pythonpath.sh
[1.084s] -- Up-to-date: /home/nicholas/arduinobot_ws/install/arduinobot_remote/share/arduinobot_remote/environment/pythonpath.dsv
[1.084s] -- Up-to-date: /home/nicholas/arduinobot_ws/install/arduinobot_remote/local/lib/python3.10/dist-packages/arduinobot_remote-0.0.0-py3.10.egg-info
[1.084s] -- Installing: /home/nicholas/arduinobot_ws/install/arduinobot_remote/local/lib/python3.10/dist-packages/arduinobot_remote-0.0.0-py3.10.egg-info/top_level.txt
[1.084s] -- Installing: /home/nicholas/arduinobot_ws/install/arduinobot_remote/local/lib/python3.10/dist-packages/arduinobot_remote-0.0.0-py3.10.egg-info/dependency_links.txt
[1.085s] -- Installing: /home/nicholas/arduinobot_ws/install/arduinobot_remote/local/lib/python3.10/dist-packages/arduinobot_remote-0.0.0-py3.10.egg-info/SOURCES.txt
[1.085s] -- Installing: /home/nicholas/arduinobot_ws/install/arduinobot_remote/local/lib/python3.10/dist-packages/arduinobot_remote-0.0.0-py3.10.egg-info/PKG-INFO
[1.085s] -- Up-to-date: /home/nicholas/arduinobot_ws/install/arduinobot_remote/local/lib/python3.10/dist-packages/arduinobot_remote
[1.085s] -- Up-to-date: /home/nicholas/arduinobot_ws/install/arduinobot_remote/local/lib/python3.10/dist-packages/arduinobot_remote/__init__.py
[1.136s] Listing '/home/nicholas/arduinobot_ws/install/arduinobot_remote/local/lib/python3.10/dist-packages/arduinobot_remote'...
[1.146s] -- Up-to-date: /home/nicholas/arduinobot_ws/install/arduinobot_remote/lib/libtask_server.so
[1.146s] -- Up-to-date: /home/nicholas/arduinobot_ws/install/arduinobot_remote/share/arduinobot_remote/launch
[1.147s] -- Installing: /home/nicholas/arduinobot_ws/install/arduinobot_remote/share/arduinobot_remote/launch/remote_interface.launch.py
[1.147s] -- Up-to-date: /home/nicholas/arduinobot_ws/install/arduinobot_remote/share/ament_index/resource_index/package_run_dependencies/arduinobot_remote
[1.148s] -- Up-to-date: /home/nicholas/arduinobot_ws/install/arduinobot_remote/share/ament_index/resource_index/parent_prefix_path/arduinobot_remote
[1.148s] -- Up-to-date: /home/nicholas/arduinobot_ws/install/arduinobot_remote/share/arduinobot_remote/environment/ament_prefix_path.sh
[1.148s] -- Up-to-date: /home/nicholas/arduinobot_ws/install/arduinobot_remote/share/arduinobot_remote/environment/ament_prefix_path.dsv
[1.148s] -- Up-to-date: /home/nicholas/arduinobot_ws/install/arduinobot_remote/share/arduinobot_remote/environment/path.sh
[1.148s] -- Up-to-date: /home/nicholas/arduinobot_ws/install/arduinobot_remote/share/arduinobot_remote/environment/path.dsv
[1.148s] -- Up-to-date: /home/nicholas/arduinobot_ws/install/arduinobot_remote/share/arduinobot_remote/local_setup.bash
[1.148s] -- Up-to-date: /home/nicholas/arduinobot_ws/install/arduinobot_remote/share/arduinobot_remote/local_setup.sh
[1.148s] -- Up-to-date: /home/nicholas/arduinobot_ws/install/arduinobot_remote/share/arduinobot_remote/local_setup.zsh
[1.150s] -- Up-to-date: /home/nicholas/arduinobot_ws/install/arduinobot_remote/share/arduinobot_remote/local_setup.dsv
[1.150s] -- Installing: /home/nicholas/arduinobot_ws/install/arduinobot_remote/share/arduinobot_remote/package.dsv
[1.150s] -- Up-to-date: /home/nicholas/arduinobot_ws/install/arduinobot_remote/share/ament_index/resource_index/packages/arduinobot_remote
[1.151s] -- Up-to-date: /home/nicholas/arduinobot_ws/install/arduinobot_remote/share/ament_index/resource_index/rclcpp_components/arduinobot_remote
[1.151s] -- Up-to-date: /home/nicholas/arduinobot_ws/install/arduinobot_remote/share/arduinobot_remote/cmake/arduinobot_remoteConfig.cmake
[1.151s] -- Up-to-date: /home/nicholas/arduinobot_ws/install/arduinobot_remote/share/arduinobot_remote/cmake/arduinobot_remoteConfig-version.cmake
[1.151s] -- Up-to-date: /home/nicholas/arduinobot_ws/install/arduinobot_remote/share/arduinobot_remote/package.xml
[1.158s] Invoked command in '/home/nicholas/arduinobot_ws/build/arduinobot_remote' returned '0': CMAKE_PREFIX_PATH=/home/nicholas/arduinobot_ws/install/arduinobot_moveit:/home/nicholas/arduinobot_ws/install/arduinobot_msgs:/home/nicholas/arduinobot_ws/install/arduinobot_description:/home/nicholas/arduinobot_ws/install/aruduinobot_controller:/home/nicholas/arduinobot_ws/install/arduinobot_utils:/home/nicholas/arduinobot_ws/install/arduinobot_remote:/home/nicholas/arduinobot_ws/install/arduinobot_cpp_examples:/home/nicholas/arduinobot_ws/install/arduinobot_py_examples:/opt/ros/humble LD_LIBRARY_PATH=/home/nicholas/arduinobot_ws/install/arduinobot_msgs/lib:/home/nicholas/arduinobot_ws/install/arduinobot_remote/lib:/usr/lib/x86_64-linux-gnu/gazebo-11/plugins:/opt/ros/humble/opt/rviz_ogre_vendor/lib:/opt/ros/humble/lib/x86_64-linux-gnu:/usr/share/gurumdds/cmake/../../../lib:/opt/ros/humble/lib /usr/bin/cmake --install /home/nicholas/arduinobot_ws/build/arduinobot_remote
