[0.016s] Invoking command in '/home/nicholas/arduinobot_ws/build/arduinobot_description': CMAKE_PREFIX_PATH=${CMAKE_PREFIX_PATH}:/home/nicholas/arduinobot_ws/install/arduinobot_py_examples:/opt/ros/humble /usr/bin/cmake /home/nicholas/arduinobot_ws/src/arduinobot_description -DCMAKE_INSTALL_PREFIX=/home/nicholas/arduinobot_ws/install/arduinobot_description
[0.076s] -- The C compiler identification is GNU 11.4.0
[0.130s] -- The CXX compiler identification is GNU 11.4.0
[0.138s] -- Detecting C compiler ABI info
[0.207s] -- Detecting C compiler ABI info - done
[0.217s] -- Check for working C compiler: /usr/bin/cc - skipped
[0.217s] -- Detecting C compile features
[0.218s] -- Detecting C compile features - done
[0.221s] -- Detecting CXX compiler ABI info
[0.300s] -- Detecting CXX compiler ABI info - done
[0.306s] -- Check for working CXX compiler: /usr/bin/c++ - skipped
[0.307s] -- Detecting CXX compile features
[0.307s] -- Detecting CXX compile features - done
[0.310s] -- Found ament_cmake: 1.3.11 (/opt/ros/humble/share/ament_cmake/cmake)
[0.449s] -- Found Python3: /usr/bin/python3 (found version "3.10.12") found components: Interpreter 
[0.545s] -- Found ament_lint_auto: 0.12.12 (/opt/ros/humble/share/ament_lint_auto/cmake)
[0.623s] -- Added test 'flake8' to check Python code syntax and style conventions
[0.625s] -- Added test 'lint_cmake' to check CMake code style
[0.625s] -- Added test 'pep257' to check Python code against some of the docstring style conventions in PEP 257
[0.627s] -- Added test 'xmllint' to check XML markup files
[0.628s] -- Configuring done
[0.631s] -- Generating done
[0.633s] -- Build files have been written to: /home/nicholas/arduinobot_ws/build/arduinobot_description
[0.637s] Invoked command in '/home/nicholas/arduinobot_ws/build/arduinobot_description' returned '0': CMAKE_PREFIX_PATH=${CMAKE_PREFIX_PATH}:/home/nicholas/arduinobot_ws/install/arduinobot_py_examples:/opt/ros/humble /usr/bin/cmake /home/nicholas/arduinobot_ws/src/arduinobot_description -DCMAKE_INSTALL_PREFIX=/home/nicholas/arduinobot_ws/install/arduinobot_description
[0.639s] Invoking command in '/home/nicholas/arduinobot_ws/build/arduinobot_description': CMAKE_PREFIX_PATH=${CMAKE_PREFIX_PATH}:/home/nicholas/arduinobot_ws/install/arduinobot_py_examples:/opt/ros/humble /usr/bin/cmake --build /home/nicholas/arduinobot_ws/build/arduinobot_description -- -j16 -l16
[0.676s] Invoked command in '/home/nicholas/arduinobot_ws/build/arduinobot_description' returned '0': CMAKE_PREFIX_PATH=${CMAKE_PREFIX_PATH}:/home/nicholas/arduinobot_ws/install/arduinobot_py_examples:/opt/ros/humble /usr/bin/cmake --build /home/nicholas/arduinobot_ws/build/arduinobot_description -- -j16 -l16
[0.680s] Invoking command in '/home/nicholas/arduinobot_ws/build/arduinobot_description': CMAKE_PREFIX_PATH=${CMAKE_PREFIX_PATH}:/home/nicholas/arduinobot_ws/install/arduinobot_py_examples:/opt/ros/humble /usr/bin/cmake --install /home/nicholas/arduinobot_ws/build/arduinobot_description
[0.687s] -- Install configuration: ""
[0.687s] -- Installing: /home/nicholas/arduinobot_ws/install/arduinobot_description/share/arduinobot_description/meshes
[0.687s] -- Installing: /home/nicholas/arduinobot_ws/install/arduinobot_description/share/arduinobot_description/meshes/left_finger.STL
[0.687s] -- Installing: /home/nicholas/arduinobot_ws/install/arduinobot_description/share/arduinobot_description/meshes/pi_camera.STL
[0.688s] -- Installing: /home/nicholas/arduinobot_ws/install/arduinobot_description/share/arduinobot_description/meshes/plate.STL
[0.691s] -- Installing: /home/nicholas/arduinobot_ws/install/arduinobot_description/share/arduinobot_description/meshes/basement.STL
[0.692s] -- Installing: /home/nicholas/arduinobot_ws/install/arduinobot_description/share/arduinobot_description/meshes/right_finger.STL
[0.693s] -- Installing: /home/nicholas/arduinobot_ws/install/arduinobot_description/share/arduinobot_description/meshes/round_plate.STL
[0.693s] -- Installing: /home/nicholas/arduinobot_ws/install/arduinobot_description/share/arduinobot_description/meshes/claw_support.STL
[0.693s] -- Installing: /home/nicholas/arduinobot_ws/install/arduinobot_description/share/arduinobot_description/meshes/vertical_drive_arm.STL
[0.695s] -- Installing: /home/nicholas/arduinobot_ws/install/arduinobot_description/share/arduinobot_description/meshes/link.STL
[0.696s] -- Installing: /home/nicholas/arduinobot_ws/install/arduinobot_description/share/arduinobot_description/meshes/forward_drive_arm.STL
[0.698s] -- Installing: /home/nicholas/arduinobot_ws/install/arduinobot_description/share/arduinobot_description/meshes/servo_plate.STL
[0.698s] -- Installing: /home/nicholas/arduinobot_ws/install/arduinobot_description/share/arduinobot_description/meshes/base_plate.STL
[0.702s] -- Installing: /home/nicholas/arduinobot_ws/install/arduinobot_description/share/arduinobot_description/meshes/triangular_link.STL
[0.703s] -- Installing: /home/nicholas/arduinobot_ws/install/arduinobot_description/share/arduinobot_description/meshes/horizontal_arm.STL
[0.705s] -- Installing: /home/nicholas/arduinobot_ws/install/arduinobot_description/share/arduinobot_description/urdf
[0.705s] -- Installing: /home/nicholas/arduinobot_ws/install/arduinobot_description/share/arduinobot_description/urdf/arduinobot_ros2_control.xacro
[0.705s] -- Installing: /home/nicholas/arduinobot_ws/install/arduinobot_description/share/arduinobot_description/urdf/arduinobot.urdf.xacro
[0.705s] -- Installing: /home/nicholas/arduinobot_ws/install/arduinobot_description/share/arduinobot_description/urdf/arduinobot_gazebo.xacro
[0.705s] -- Installing: /home/nicholas/arduinobot_ws/install/arduinobot_description/share/arduinobot_description/launch
[0.705s] -- Installing: /home/nicholas/arduinobot_ws/install/arduinobot_description/share/arduinobot_description/launch/display.launch.py
[0.705s] -- Installing: /home/nicholas/arduinobot_ws/install/arduinobot_description/share/arduinobot_description/launch/gazebo.launch.py
[0.705s] -- Installing: /home/nicholas/arduinobot_ws/install/arduinobot_description/share/arduinobot_description/rviz
[0.705s] -- Installing: /home/nicholas/arduinobot_ws/install/arduinobot_description/share/arduinobot_description/rviz/display.rviz
[0.706s] -- Installing: /home/nicholas/arduinobot_ws/install/arduinobot_description/share/ament_index/resource_index/package_run_dependencies/arduinobot_description
[0.706s] -- Installing: /home/nicholas/arduinobot_ws/install/arduinobot_description/share/ament_index/resource_index/parent_prefix_path/arduinobot_description
[0.706s] -- Installing: /home/nicholas/arduinobot_ws/install/arduinobot_description/share/arduinobot_description/environment/ament_prefix_path.sh
[0.706s] -- Installing: /home/nicholas/arduinobot_ws/install/arduinobot_description/share/arduinobot_description/environment/ament_prefix_path.dsv
[0.706s] -- Installing: /home/nicholas/arduinobot_ws/install/arduinobot_description/share/arduinobot_description/environment/path.sh
[0.706s] -- Installing: /home/nicholas/arduinobot_ws/install/arduinobot_description/share/arduinobot_description/environment/path.dsv
[0.707s] -- Installing: /home/nicholas/arduinobot_ws/install/arduinobot_description/share/arduinobot_description/local_setup.bash
[0.707s] -- Installing: /home/nicholas/arduinobot_ws/install/arduinobot_description/share/arduinobot_description/local_setup.sh
[0.707s] -- Installing: /home/nicholas/arduinobot_ws/install/arduinobot_description/share/arduinobot_description/local_setup.zsh
[0.707s] -- Installing: /home/nicholas/arduinobot_ws/install/arduinobot_description/share/arduinobot_description/local_setup.dsv
[0.707s] -- Installing: /home/nicholas/arduinobot_ws/install/arduinobot_description/share/arduinobot_description/package.dsv
[0.707s] -- Installing: /home/nicholas/arduinobot_ws/install/arduinobot_description/share/ament_index/resource_index/packages/arduinobot_description
[0.708s] -- Installing: /home/nicholas/arduinobot_ws/install/arduinobot_description/share/arduinobot_description/cmake/arduinobot_descriptionConfig.cmake
[0.708s] -- Installing: /home/nicholas/arduinobot_ws/install/arduinobot_description/share/arduinobot_description/cmake/arduinobot_descriptionConfig-version.cmake
[0.708s] -- Installing: /home/nicholas/arduinobot_ws/install/arduinobot_description/share/arduinobot_description/package.xml
