[35m[1mConsolidate compiler generated dependencies of target arduinobot_msgs__rosidl_generator_c[0m
[  2%] Built target arduinobot_msgs__cpp
[ 12%] Built target arduinobot_msgs__rosidl_generator_c
[35m[1mConsolidate compiler generated dependencies of target arduinobot_msgs__rosidl_typesupport_fastrtps_cpp[0m
[35m[1mConsolidate compiler generated dependencies of target arduinobot_msgs__rosidl_typesupport_cpp[0m
[35m[1mConsolidate compiler generated dependencies of target arduinobot_msgs__rosidl_typesupport_introspection_cpp[0m
[35m[1mConsolidate compiler generated dependencies of target arduinobot_msgs__rosidl_typesupport_introspection_c[0m
[ 12%] Built target ament_cmake_python_copy_arduinobot_msgs
[35m[1mConsolidate compiler generated dependencies of target arduinobot_msgs__rosidl_typesupport_fastrtps_c[0m
[35m[1mConsolidate compiler generated dependencies of target arduinobot_msgs__rosidl_typesupport_c[0m
[ 23%] Built target arduinobot_msgs__rosidl_typesupport_cpp
[ 34%] Built target arduinobot_msgs__rosidl_typesupport_fastrtps_cpp
[ 44%] Built target arduinobot_msgs__rosidl_typesupport_introspection_c
[ 55%] Built target arduinobot_msgs__rosidl_typesupport_introspection_cpp
[ 65%] Built target arduinobot_msgs__rosidl_typesupport_c
[ 76%] Built target arduinobot_msgs__rosidl_typesupport_fastrtps_c
[ 76%] Built target arduinobot_msgs
[ 78%] Built target arduinobot_msgs__py
[35m[1mConsolidate compiler generated dependencies of target arduinobot_msgs__rosidl_generator_py[0m
[ 87%] Built target arduinobot_msgs__rosidl_generator_py
[35m[1mConsolidate compiler generated dependencies of target arduinobot_msgs__rosidl_typesupport_fastrtps_c__pyext[0m
[35m[1mConsolidate compiler generated dependencies of target arduinobot_msgs__rosidl_typesupport_introspection_c__pyext[0m
[35m[1mConsolidate compiler generated dependencies of target arduinobot_msgs__rosidl_typesupport_c__pyext[0m
[ 95%] Built target arduinobot_msgs__rosidl_typesupport_introspection_c__pyext
[ 95%] Built target arduinobot_msgs__rosidl_typesupport_fastrtps_c__pyext
[100%] Built target arduinobot_msgs__rosidl_typesupport_c__pyext
running egg_info
writing arduinobot_msgs.egg-info/PKG-INFO
writing dependency_links to arduinobot_msgs.egg-info/dependency_links.txt
writing top-level names to arduinobot_msgs.egg-info/top_level.txt
reading manifest file 'arduinobot_msgs.egg-info/SOURCES.txt'
writing manifest file 'arduinobot_msgs.egg-info/SOURCES.txt'
[100%] Built target ament_cmake_python_build_arduinobot_msgs_egg
