[0.027s] Invoking command in '/home/nicholas/arduinobot_ws/build/arduinobot_bringup': CMAKE_PREFIX_PATH=${CMAKE_PREFIX_PATH}:/home/nicholas/arduinobot_ws/install/arduinobot_py_examples:/opt/ros/humble /usr/bin/cmake --build /home/nicholas/arduinobot_ws/build/arduinobot_bringup -- -j16 -l16
[0.087s] Invoked command in '/home/nicholas/arduinobot_ws/build/arduinobot_bringup' returned '0': CMAKE_PREFIX_PATH=${CMAKE_PREFIX_PATH}:/home/nicholas/arduinobot_ws/install/arduinobot_py_examples:/opt/ros/humble /usr/bin/cmake --build /home/nicholas/arduinobot_ws/build/arduinobot_bringup -- -j16 -l16
[0.088s] Invoking command in '/home/nicholas/arduinobot_ws/build/arduinobot_bringup': CMAKE_PREFIX_PATH=${CMAKE_PREFIX_PATH}:/home/nicholas/arduinobot_ws/install/arduinobot_py_examples:/opt/ros/humble /usr/bin/cmake --install /home/nicholas/arduinobot_ws/build/arduinobot_bringup
[0.099s] -- Install configuration: ""
[0.099s] -- Up-to-date: /home/nicholas/arduinobot_ws/install/arduinobot_bringup/share/arduinobot_bringup/launch
[0.099s] -- Up-to-date: /home/nicholas/arduinobot_ws/install/arduinobot_bringup/share/arduinobot_bringup/launch/simulated_robot.launch.py
[0.099s] -- Installing: /home/nicholas/arduinobot_ws/install/arduinobot_bringup/share/arduinobot_bringup/launch/real_robot.launch.py
[0.100s] -- Up-to-date: /home/nicholas/arduinobot_ws/install/arduinobot_bringup/share/ament_index/resource_index/package_run_dependencies/arduinobot_bringup
[0.100s] -- Up-to-date: /home/nicholas/arduinobot_ws/install/arduinobot_bringup/share/ament_index/resource_index/parent_prefix_path/arduinobot_bringup
[0.100s] -- Up-to-date: /home/nicholas/arduinobot_ws/install/arduinobot_bringup/share/arduinobot_bringup/environment/ament_prefix_path.sh
[0.100s] -- Up-to-date: /home/nicholas/arduinobot_ws/install/arduinobot_bringup/share/arduinobot_bringup/environment/ament_prefix_path.dsv
[0.100s] -- Up-to-date: /home/nicholas/arduinobot_ws/install/arduinobot_bringup/share/arduinobot_bringup/environment/path.sh
[0.100s] -- Up-to-date: /home/nicholas/arduinobot_ws/install/arduinobot_bringup/share/arduinobot_bringup/environment/path.dsv
[0.100s] -- Up-to-date: /home/nicholas/arduinobot_ws/install/arduinobot_bringup/share/arduinobot_bringup/local_setup.bash
[0.100s] -- Up-to-date: /home/nicholas/arduinobot_ws/install/arduinobot_bringup/share/arduinobot_bringup/local_setup.sh
[0.101s] -- Up-to-date: /home/nicholas/arduinobot_ws/install/arduinobot_bringup/share/arduinobot_bringup/local_setup.zsh
[0.101s] -- Up-to-date: /home/nicholas/arduinobot_ws/install/arduinobot_bringup/share/arduinobot_bringup/local_setup.dsv
[0.101s] -- Installing: /home/nicholas/arduinobot_ws/install/arduinobot_bringup/share/arduinobot_bringup/package.dsv
[0.101s] -- Up-to-date: /home/nicholas/arduinobot_ws/install/arduinobot_bringup/share/ament_index/resource_index/packages/arduinobot_bringup
[0.101s] -- Up-to-date: /home/nicholas/arduinobot_ws/install/arduinobot_bringup/share/arduinobot_bringup/cmake/arduinobot_bringupConfig.cmake
[0.101s] -- Up-to-date: /home/nicholas/arduinobot_ws/install/arduinobot_bringup/share/arduinobot_bringup/cmake/arduinobot_bringupConfig-version.cmake
[0.101s] -- Up-to-date: /home/nicholas/arduinobot_ws/install/arduinobot_bringup/share/arduinobot_bringup/package.xml
[0.150s] Invoked command in '/home/nicholas/arduinobot_ws/build/arduinobot_bringup' returned '0': CMAKE_PREFIX_PATH=${CMAKE_PREFIX_PATH}:/home/nicholas/arduinobot_ws/install/arduinobot_py_examples:/opt/ros/humble /usr/bin/cmake --install /home/nicholas/arduinobot_ws/build/arduinobot_bringup
