[0.025s] Invoking command in '/home/nicholas/arduinobot_ws/build/arduinobot_msgs': CMAKE_PREFIX_PATH=${CMAKE_PREFIX_PATH}:/home/nicholas/arduinobot_ws/install/arduinobot_py_examples:/opt/ros/humble /usr/bin/cmake --build /home/nicholas/arduinobot_ws/build/arduinobot_msgs -- -j16 -l16
[0.077s] [ 10%] Built target arduinobot_msgs__rosidl_generator_c
[0.077s] [ 12%] Built target arduinobot_msgs__cpp
[0.088s] [ 12%] Built target ament_cmake_python_copy_arduinobot_msgs
[0.102s] [ 23%] Built target arduinobot_msgs__rosidl_typesupport_introspection_c
[0.102s] [ 34%] Built target arduinobot_msgs__rosidl_typesupport_c
[0.102s] [ 45%] Built target arduinobot_msgs__rosidl_typesupport_cpp
[0.103s] [ 56%] Built target arduinobot_msgs__rosidl_typesupport_fastrtps_cpp
[0.104s] [ 67%] Built target arduinobot_msgs__rosidl_typesupport_fastrtps_c
[0.104s] [ 78%] Built target arduinobot_msgs__rosidl_typesupport_introspection_cpp
[0.125s] [ 78%] Built target arduinobot_msgs
[0.146s] [ 80%] Built target arduinobot_msgs__py
[0.168s] [ 89%] Built target arduinobot_msgs__rosidl_generator_py
[0.190s] [ 96%] Built target arduinobot_msgs__rosidl_typesupport_fastrtps_c__pyext
[0.190s] [ 96%] Built target arduinobot_msgs__rosidl_typesupport_introspection_c__pyext
[0.191s] [100%] Built target arduinobot_msgs__rosidl_typesupport_c__pyext
[0.304s] running egg_info
[0.305s] writing arduinobot_msgs.egg-info/PKG-INFO
[0.305s] writing dependency_links to arduinobot_msgs.egg-info/dependency_links.txt
[0.305s] writing top-level names to arduinobot_msgs.egg-info/top_level.txt
[0.307s] reading manifest file 'arduinobot_msgs.egg-info/SOURCES.txt'
[0.307s] writing manifest file 'arduinobot_msgs.egg-info/SOURCES.txt'
[0.331s] [100%] Built target ament_cmake_python_build_arduinobot_msgs_egg
