[0.036s] Invoking command in '/home/nicholas/arduinobot_ws/build/arduinobot_msgs': CMAKE_PREFIX_PATH=${CMAKE_PREFIX_PATH}:/home/nicholas/arduinobot_ws/install/arduinobot_py_examples:/opt/ros/humble /usr/bin/cmake --build /home/nicholas/arduinobot_ws/build/arduinobot_msgs -- -j16 -l16
[0.113s] [  1%] Built target arduinobot_msgs__cpp
[0.117s] [ 12%] Built target arduinobot_msgs__rosidl_generator_c
[0.140s] [ 12%] Built target ament_cmake_python_copy_arduinobot_msgs
[0.151s] [ 34%] Built target arduinobot_msgs__rosidl_typesupport_cpp
[0.151s] [ 34%] Built target arduinobot_msgs__rosidl_typesupport_fastrtps_cpp
[0.157s] [ 46%] Built target arduinobot_msgs__rosidl_typesupport_introspection_c
[0.157s] [ 57%] Built target arduinobot_msgs__rosidl_typesupport_c
[0.162s] [ 79%] Built target arduinobot_msgs__rosidl_typesupport_introspection_cpp
[0.163s] [ 79%] Built target arduinobot_msgs__rosidl_typesupport_fastrtps_c
[0.198s] [ 79%] Built target arduinobot_msgs
[0.222s] [ 80%] Built target arduinobot_msgs__py
[0.256s] [ 90%] Built target arduinobot_msgs__rosidl_generator_py
[0.291s] [ 95%] Built target arduinobot_msgs__rosidl_typesupport_introspection_c__pyext
[0.291s] [ 96%] Built target arduinobot_msgs__rosidl_typesupport_c__pyext
[0.292s] [100%] Built target arduinobot_msgs__rosidl_typesupport_fastrtps_c__pyext
[0.418s] running egg_info
[0.419s] writing arduinobot_msgs.egg-info/PKG-INFO
[0.419s] writing dependency_links to arduinobot_msgs.egg-info/dependency_links.txt
[0.420s] writing top-level names to arduinobot_msgs.egg-info/top_level.txt
[0.422s] reading manifest file 'arduinobot_msgs.egg-info/SOURCES.txt'
[0.423s] writing manifest file 'arduinobot_msgs.egg-info/SOURCES.txt'
[0.458s] [100%] Built target ament_cmake_python_build_arduinobot_msgs_egg
