[0.270s] Invoking command in '/home/nicholas/arduinobot_ws/build/arduinobot_remote': CMAKE_PREFIX_PATH=/home/nicholas/arduinobot_ws/install/arduinobot_msgs:/home/nicholas/arduinobot_ws/install/aruduinobot_controller:/home/nicholas/arduinobot_ws/install/arduinobot_utils:/home/nicholas/arduinobot_ws/install/arduinobot_remote:/home/nicholas/arduinobot_ws/install/arduinobot_moveit:/home/nicholas/arduinobot_ws/install/arduinobot_description:/home/nicholas/arduinobot_ws/install/arduinobot_cpp_examples:/home/nicholas/arduinobot_ws/install/arduinobot_py_examples:/opt/ros/humble /usr/bin/cmake --build /home/nicholas/arduinobot_ws/build/arduinobot_remote -- -j16 -l16
[0.304s] -- Found ament_cmake: 1.3.11 (/opt/ros/humble/share/ament_cmake/cmake)
[0.427s] -- Found rclcpp: 16.0.12 (/opt/ros/humble/share/rclcpp/cmake)
[0.460s] -- Found rosidl_generator_c: 3.1.6 (/opt/ros/humble/share/rosidl_generator_c/cmake)
[0.462s] -- Found rosidl_adapter: 3.1.6 (/opt/ros/humble/share/rosidl_adapter/cmake)
[0.467s] -- Found rosidl_generator_cpp: 3.1.6 (/opt/ros/humble/share/rosidl_generator_cpp/cmake)
[0.476s] -- Using all available rosidl_typesupport_c: rosidl_typesupport_fastrtps_c;rosidl_typesupport_introspection_c
[0.486s] -- Using all available rosidl_typesupport_cpp: rosidl_typesupport_fastrtps_cpp;rosidl_typesupport_introspection_cpp
[0.514s] -- Found rmw_implementation_cmake: 6.1.2 (/opt/ros/humble/share/rmw_implementation_cmake/cmake)
[0.515s] -- Found rmw_cyclonedds_cpp: 1.3.4 (/opt/ros/humble/share/rmw_cyclonedds_cpp/cmake)
[0.532s] -- Using RMW implementation 'rmw_cyclonedds_cpp' as default
[0.578s] -- Found rclcpp_action: 16.0.12 (/opt/ros/humble/share/rclcpp_action/cmake)
[0.604s] -- Found rclcpp_components: 16.0.12 (/opt/ros/humble/share/rclcpp_components/cmake)
[0.622s] -- Found arduinobot_msgs: 0.0.0 (/home/nicholas/arduinobot_ws/install/arduinobot_msgs/share/arduinobot_msgs/cmake)
[0.635s] -- Found moveit_ros_planning_interface: 2.5.8 (/opt/ros/humble/share/moveit_ros_planning_interface/cmake)
[0.645s] -- Found Boost: /usr/lib/x86_64-linux-gnu/cmake/Boost-1.74.0/BoostConfig.cmake (found version "1.74.0") found components: date_time filesystem program_options system thread 
[0.762s] -- Found Boost: /usr/lib/x86_64-linux-gnu/cmake/Boost-1.74.0/BoostConfig.cmake (found version "1.74.0") found components: chrono date_time filesystem iostreams program_options regex serialization system thread 
[0.785s] -- Found parameter_traits: 0.4.0 (/opt/ros/humble/share/parameter_traits/cmake)
[0.791s] -- Found rclcpp_lifecycle: 16.0.12 (/opt/ros/humble/share/rclcpp_lifecycle/cmake)
[0.809s] -- Found Boost: /usr/lib/x86_64-linux-gnu/cmake/Boost-1.74.0/BoostConfig.cmake (found version "1.74.0") found components: filesystem 
[0.843s] -- library: /usr/lib/x86_64-linux-gnu/libcurl.so
[0.865s] -- Ensuring Eigen3 include directory is part of orocos-kdl CMake target
[0.941s] -- Found Boost: /usr/lib/x86_64-linux-gnu/cmake/Boost-1.74.0/BoostConfig.cmake (found version "1.74.0") found components: system filesystem date_time program_options thread chrono 
[0.965s] -- Found Boost: /usr/lib/x86_64-linux-gnu/cmake/Boost-1.74.0/BoostConfig.cmake (found version "1.74.0") found components: thread system filesystem regex date_time program_options 
[0.989s] -- Found Boost: /usr/lib/x86_64-linux-gnu/cmake/Boost-1.74.0/BoostConfig.cmake (found version "1.74.0") found components: system filesystem date_time program_options thread 
[1.011s] -- Found rclpy: 3.3.16 (/opt/ros/humble/share/rclpy/cmake)
[1.068s] [31mCMake Error at /opt/ros/humble/share/ament_cmake_python/cmake/ament_python_install_package.cmake:66 (message):
[1.068s]   ament_python_install_package() the Python package folder
[1.068s]   '/home/nicholas/arduinobot_ws/src/arduinobot_remote/arduinobot_remote'
[1.068s]   doesn't contain an '__init__.py' file
[1.069s] Call Stack (most recent call first):
[1.069s]   /opt/ros/humble/share/ament_cmake_python/cmake/ament_python_install_package.cmake:39 (_ament_cmake_python_install_package)
[1.069s]   CMakeLists.txt:34 (ament_python_install_package)
[1.069s] 
[1.069s] [0m
[1.069s] -- Configuring incomplete, errors occurred!
[1.069s] See also "/home/nicholas/arduinobot_ws/build/arduinobot_remote/CMakeFiles/CMakeOutput.log".
[1.078s] gmake: *** [Makefile:226: cmake_check_build_system] Error 1
