[0.729s] Invoking command in '/home/nadurham/arduinobot_ws/src/arduinobot_py_examples': PYTHONPATH=/home/nadurham/arduinobot_ws/build/arduinobot_py_examples/prefix_override:/usr/lib/python3/dist-packages/colcon_core/task/python/colcon_distutils_commands:/home/nadurham/arduinobot_ws/install/arduinobot_py_examples/lib/python3.10/site-packages:${PYTHONPATH} /usr/bin/python3 -W ignore:setup.py install is deprecated -W ignore:easy_install command is deprecated setup.py egg_info --egg-base ../../build/arduinobot_py_examples build --build-base /home/nadurham/arduinobot_ws/build/arduinobot_py_examples/build install --record /home/nadurham/arduinobot_ws/build/arduinobot_py_examples/install.log --single-version-externally-managed install_data
[1.055s] running egg_info
[1.060s] creating ../../build/arduinobot_py_examples/arduinobot_py_examples.egg-info
[1.060s] writing ../../build/arduinobot_py_examples/arduinobot_py_examples.egg-info/PKG-INFO
[1.061s] writing dependency_links to ../../build/arduinobot_py_examples/arduinobot_py_examples.egg-info/dependency_links.txt
[1.061s] writing entry points to ../../build/arduinobot_py_examples/arduinobot_py_examples.egg-info/entry_points.txt
[1.062s] writing requirements to ../../build/arduinobot_py_examples/arduinobot_py_examples.egg-info/requires.txt
[1.062s] writing top-level names to ../../build/arduinobot_py_examples/arduinobot_py_examples.egg-info/top_level.txt
[1.063s] writing manifest file '../../build/arduinobot_py_examples/arduinobot_py_examples.egg-info/SOURCES.txt'
[1.068s] reading manifest file '../../build/arduinobot_py_examples/arduinobot_py_examples.egg-info/SOURCES.txt'
[1.068s] writing manifest file '../../build/arduinobot_py_examples/arduinobot_py_examples.egg-info/SOURCES.txt'
[1.070s] running build
[1.071s] running build_py
[1.071s] creating /home/nadurham/arduinobot_ws/build/arduinobot_py_examples/build
[1.071s] creating /home/nadurham/arduinobot_ws/build/arduinobot_py_examples/build/lib
[1.071s] creating /home/nadurham/arduinobot_ws/build/arduinobot_py_examples/build/lib/arduinobot_py_examples
[1.071s] copying arduinobot_py_examples/simple_publisher.py -> /home/nadurham/arduinobot_ws/build/arduinobot_py_examples/build/lib/arduinobot_py_examples
[1.072s] copying arduinobot_py_examples/__init__.py -> /home/nadurham/arduinobot_ws/build/arduinobot_py_examples/build/lib/arduinobot_py_examples
[1.072s] running install
[1.072s] running install_lib
[1.076s] creating /home/nadurham/arduinobot_ws/install/arduinobot_py_examples/lib/python3.10/site-packages/arduinobot_py_examples
[1.076s] copying /home/nadurham/arduinobot_ws/build/arduinobot_py_examples/build/lib/arduinobot_py_examples/simple_publisher.py -> /home/nadurham/arduinobot_ws/install/arduinobot_py_examples/lib/python3.10/site-packages/arduinobot_py_examples
[1.077s] copying /home/nadurham/arduinobot_ws/build/arduinobot_py_examples/build/lib/arduinobot_py_examples/__init__.py -> /home/nadurham/arduinobot_ws/install/arduinobot_py_examples/lib/python3.10/site-packages/arduinobot_py_examples
[1.077s] byte-compiling /home/nadurham/arduinobot_ws/install/arduinobot_py_examples/lib/python3.10/site-packages/arduinobot_py_examples/simple_publisher.py to simple_publisher.cpython-310.pyc
[1.078s] byte-compiling /home/nadurham/arduinobot_ws/install/arduinobot_py_examples/lib/python3.10/site-packages/arduinobot_py_examples/__init__.py to __init__.cpython-310.pyc
[1.081s] running install_data
[1.081s] creating /home/nadurham/arduinobot_ws/install/arduinobot_py_examples/share/ament_index
[1.082s] creating /home/nadurham/arduinobot_ws/install/arduinobot_py_examples/share/ament_index/resource_index
[1.082s] creating /home/nadurham/arduinobot_ws/install/arduinobot_py_examples/share/ament_index/resource_index/packages
[1.086s] copying resource/arduinobot_py_examples -> /home/nadurham/arduinobot_ws/install/arduinobot_py_examples/share/ament_index/resource_index/packages
[1.086s] copying package.xml -> /home/nadurham/arduinobot_ws/install/arduinobot_py_examples/share/arduinobot_py_examples
[1.086s] running install_egg_info
[1.088s] Copying ../../build/arduinobot_py_examples/arduinobot_py_examples.egg-info to /home/nadurham/arduinobot_ws/install/arduinobot_py_examples/lib/python3.10/site-packages/arduinobot_py_examples-0.0.0-py3.10.egg-info
[1.091s] running install_scripts
[1.126s] writing list of installed files to '/home/nadurham/arduinobot_ws/build/arduinobot_py_examples/install.log'
[1.182s] Invoked command in '/home/nadurham/arduinobot_ws/src/arduinobot_py_examples' returned '0': PYTHONPATH=/home/nadurham/arduinobot_ws/build/arduinobot_py_examples/prefix_override:/usr/lib/python3/dist-packages/colcon_core/task/python/colcon_distutils_commands:/home/nadurham/arduinobot_ws/install/arduinobot_py_examples/lib/python3.10/site-packages:${PYTHONPATH} /usr/bin/python3 -W ignore:setup.py install is deprecated -W ignore:easy_install command is deprecated setup.py egg_info --egg-base ../../build/arduinobot_py_examples build --build-base /home/nadurham/arduinobot_ws/build/arduinobot_py_examples/build install --record /home/nadurham/arduinobot_ws/build/arduinobot_py_examples/install.log --single-version-externally-managed install_data
