[01m[K/home/nicholas/arduinobot_ws/src/aruduinobot_controller/src/arduinobot_interface.cpp:[m[K In function ‘[01m[Kstd::string arduinobot_controller::compensateZeros(int)[m[K’:
[01m[K/home/nicholas/arduinobot_ws/src/aruduinobot_controller/src/arduinobot_interface.cpp:14:23:[m[K [01;31m[Kerror: [m[Kexpected ‘[01m[K)[m[K’ before numeric constant
   14 |     } else if[34m[K([m[Kvalue <1[01;31m[K [m[K[32m[K00[m[K){
      |              [34m[K~[m[K        [01;31m[K^[m[K[32m[K~~[m[K
      |                       [32m[K)[m[K
[01m[K/home/nicholas/arduinobot_ws/src/aruduinobot_controller/src/arduinobot_interface.cpp:[m[K In destructor ‘[01m[Kvirtual arduinobot_controller::ArduinobotInterface::~ArduinobotInterface()[m[K’:
[01m[K/home/nicholas/arduinobot_ws/src/aruduinobot_controller/src/arduinobot_interface.cpp:28:8:[m[K [01;31m[Kerror: [m[K‘[01m[Karduino_IsOpen[m[K’ was not declared in this scope
   28 |     if([01;31m[Karduino_IsOpen[m[K())
      |        [01;31m[K^~~~~~~~~~~~~~[m[K
[01m[K/home/nicholas/arduinobot_ws/src/aruduinobot_controller/src/arduinobot_interface.cpp:[m[K In member function ‘[01m[Kvirtual arduinobot_controller::CallbackReturn arduinobot_controller::ArduinobotInterface::on_init(const hardware_interface::HardwareInfo&)[m[K’:
[01m[K/home/nicholas/arduinobot_ws/src/aruduinobot_controller/src/arduinobot_interface.cpp:46:17:[m[K [01;31m[Kerror: [m[K‘[01m[KCallBackReturn[m[K’ has not been declared
   46 |    if(result != [01;31m[KCallBackReturn[m[K::SUCCESS)
      |                 [01;31m[K^~~~~~~~~~~~~~[m[K
[01m[K/home/nicholas/arduinobot_ws/src/aruduinobot_controller/src/arduinobot_interface.cpp:54:17:[m[K [01;31m[Kerror: [m[K‘[01m[Kinfo[m[K’ was not declared in this scope; did you mean ‘[01m[Kinfo_[m[K’?
   54 |         port_ = [01;31m[Kinfo[m[K.hardware_parameters.at("port");
      |                 [01;31m[K^~~~[m[K
      |                 [32m[Kinfo_[m[K
[01m[K/home/nicholas/arduinobot_ws/src/aruduinobot_controller/src/arduinobot_interface.cpp:65:4:[m[K [01;31m[Kerror: [m[K‘[01m[Kprev_position_commands_[m[K’ was not declared in this scope; did you mean ‘[01m[Kprevious_position_commands_[m[K’?
   65 |    [01;31m[Kprev_position_commands_[m[K.reserve(info.joint.size());
      |    [01;31m[K^~~~~~~~~~~~~~~~~~~~~~~[m[K
      |    [32m[Kprevious_position_commands_[m[K
[01m[K/home/nicholas/arduinobot_ws/src/aruduinobot_controller/src/arduinobot_interface.cpp:65:36:[m[K [01;31m[Kerror: [m[K‘[01m[Kinfo[m[K’ was not declared in this scope; did you mean ‘[01m[Kinfo_[m[K’?
   65 |    prev_position_commands_.reserve([01;31m[Kinfo[m[K.joint.size());
      |                                    [01;31m[K^~~~[m[K
      |                                    [32m[Kinfo_[m[K
[01m[K/home/nicholas/arduinobot_ws/src/aruduinobot_controller/src/arduinobot_interface.cpp:[m[K In member function ‘[01m[Kvirtual std::vector<hardware_interface::StateInterface> arduinobot_controller::ArduinobotInterface::export_state_interfaces()[m[K’:
[01m[K/home/nicholas/arduinobot_ws/src/aruduinobot_controller/src/arduinobot_interface.cpp:75:24:[m[K [01;31m[Kerror: [m[Kexpected ‘[01m[K;[m[K’ before ‘[01m[K<[m[K’ token
   75 |     for(size_t i = 0, i[01;31m[K [m[K[32m[K<[m[K info_.joints.size(); i++)
      |                        [01;31m[K^[m[K[32m[K~[m[K
      |                        [32m[K;[m[K
[01m[K/home/nicholas/arduinobot_ws/src/aruduinobot_controller/src/arduinobot_interface.cpp:75:25:[m[K [01;31m[Kerror: [m[Kexpected primary-expression before ‘[01m[K<[m[K’ token
   75 |     for(size_t i = 0, i [01;31m[K<[m[K info_.joints.size(); i++)
      |                         [01;31m[K^[m[K
[01m[K/home/nicholas/arduinobot_ws/src/aruduinobot_controller/src/arduinobot_interface.cpp:77:74:[m[K [01;31m[Kerror: [m[K‘[01m[Kinfo_joints[m[K’ was not declared in this scope
   77 |         state_interfaces.emplace_back(hardware_interface::StateInterface([01;31m[Kinfo_joints[m[K[i].name, hardware_interface::HW_IF_POSITION, &position_states_[i]));
      |                                                                          [01;31m[K^~~~~~~~~~~[m[K
[01m[K/home/nicholas/arduinobot_ws/src/aruduinobot_controller/src/arduinobot_interface.cpp:[m[K In member function ‘[01m[Kvirtual std::vector<hardware_interface::CommandInterface> arduinobot_controller::ArduinobotInterface::export_command_interfaces()[m[K’:
[01m[K/home/nicholas/arduinobot_ws/src/aruduinobot_controller/src/arduinobot_interface.cpp:86:24:[m[K [01;31m[Kerror: [m[Kexpected ‘[01m[K;[m[K’ before ‘[01m[K<[m[K’ token
   86 |     for(size_t i = 0, i[01;31m[K [m[K[32m[K<[m[K info_.joints.size(); i++)
      |                        [01;31m[K^[m[K[32m[K~[m[K
      |                        [32m[K;[m[K
[01m[K/home/nicholas/arduinobot_ws/src/aruduinobot_controller/src/arduinobot_interface.cpp:86:25:[m[K [01;31m[Kerror: [m[Kexpected primary-expression before ‘[01m[K<[m[K’ token
   86 |     for(size_t i = 0, i [01;31m[K<[m[K info_.joints.size(); i++)
      |                         [01;31m[K^[m[K
[01m[K/home/nicholas/arduinobot_ws/src/aruduinobot_controller/src/arduinobot_interface.cpp:88:9:[m[K [01;31m[Kerror: [m[K‘[01m[Kstate_interfaces[m[K’ was not declared in this scope; did you mean ‘[01m[KSystemInterface[m[K’?
   88 |         [01;31m[Kstate_interfaces[m[K.emplace_back(hardware_interface::CommandInterface(info_joints[i].name, hardware_interface::HW_IF_POSITION, &position_commands_[i]));
      |         [01;31m[K^~~~~~~~~~~~~~~~[m[K
      |         [32m[KSystemInterface[m[K
[01m[K/home/nicholas/arduinobot_ws/src/aruduinobot_controller/src/arduinobot_interface.cpp:88:76:[m[K [01;31m[Kerror: [m[K‘[01m[Kinfo_joints[m[K’ was not declared in this scope
   88 |         state_interfaces.emplace_back(hardware_interface::CommandInterface([01;31m[Kinfo_joints[m[K[i].name, hardware_interface::HW_IF_POSITION, &position_commands_[i]));
      |                                                                            [01;31m[K^~~~~~~~~~~[m[K
In file included from [01m[K/opt/ros/humble/include/rclcpp/rclcpp/client.hpp:40[m[K,
                 from [01m[K/opt/ros/humble/include/rclcpp/rclcpp/callback_group.hpp:24[m[K,
                 from [01m[K/opt/ros/humble/include/rclcpp/rclcpp/any_executable.hpp:20[m[K,
                 from [01m[K/opt/ros/humble/include/rclcpp/rclcpp/memory_strategy.hpp:25[m[K,
                 from [01m[K/opt/ros/humble/include/rclcpp/rclcpp/memory_strategies.hpp:18[m[K,
                 from [01m[K/opt/ros/humble/include/rclcpp/rclcpp/executor_options.hpp:20[m[K,
                 from [01m[K/opt/ros/humble/include/rclcpp/rclcpp/executor.hpp:37[m[K,
                 from [01m[K/opt/ros/humble/include/rclcpp/rclcpp/executors/multi_threaded_executor.hpp:25[m[K,
                 from [01m[K/opt/ros/humble/include/rclcpp/rclcpp/executors.hpp:21[m[K,
                 from [01m[K/opt/ros/humble/include/rclcpp/rclcpp/rclcpp.hpp:155[m[K,
                 from [01m[K/home/nicholas/arduinobot_ws/src/aruduinobot_controller/include/arduinobot_controller/arduinobot_interface.hpp:3[m[K,
                 from [01m[K/home/nicholas/arduinobot_ws/src/aruduinobot_controller/src/arduinobot_interface.cpp:1[m[K:
[01m[K/home/nicholas/arduinobot_ws/src/aruduinobot_controller/src/arduinobot_interface.cpp:[m[K In member function ‘[01m[Kvirtual arduinobot_controller::CallbackReturn arduinobot_controller::ArduinobotInterface::on_activate(const rclcpp_lifecycle::State&)[m[K’:
[01m[K/home/nicholas/arduinobot_ws/src/aruduinobot_controller/src/arduinobot_interface.cpp:96:35:[m[K [01;31m[Kerror: [m[Ktoo many arguments to function ‘[01m[Krclcpp::Logger rclcpp::get_logger(const string&)[m[K’
   96 |     RCLCPP_INFO([01;31m[Krclcpp::get_logger("ArduinoInterface", "starting the robot hardware ....")[m[K);
      |                 [01;31m[K~~~~~~~~~~~~~~~~~~^~~~~~~~~~~~~~~~~~~~~~~~~~~~~~~~~~~~~~~~~~~~~~~~~~~~~~~~[m[K
In file included from [01m[K/opt/ros/humble/include/rclcpp/rclcpp/logging.hpp:23[m[K,
                 from [01m[K/opt/ros/humble/include/rclcpp/rclcpp/client.hpp:40[m[K,
                 from [01m[K/opt/ros/humble/include/rclcpp/rclcpp/callback_group.hpp:24[m[K,
                 from [01m[K/opt/ros/humble/include/rclcpp/rclcpp/any_executable.hpp:20[m[K,
                 from [01m[K/opt/ros/humble/include/rclcpp/rclcpp/memory_strategy.hpp:25[m[K,
                 from [01m[K/opt/ros/humble/include/rclcpp/rclcpp/memory_strategies.hpp:18[m[K,
                 from [01m[K/opt/ros/humble/include/rclcpp/rclcpp/executor_options.hpp:20[m[K,
                 from [01m[K/opt/ros/humble/include/rclcpp/rclcpp/executor.hpp:37[m[K,
                 from [01m[K/opt/ros/humble/include/rclcpp/rclcpp/executors/multi_threaded_executor.hpp:25[m[K,
                 from [01m[K/opt/ros/humble/include/rclcpp/rclcpp/executors.hpp:21[m[K,
                 from [01m[K/opt/ros/humble/include/rclcpp/rclcpp/rclcpp.hpp:155[m[K,
                 from [01m[K/home/nicholas/arduinobot_ws/src/aruduinobot_controller/include/arduinobot_controller/arduinobot_interface.hpp:3[m[K,
                 from [01m[K/home/nicholas/arduinobot_ws/src/aruduinobot_controller/src/arduinobot_interface.cpp:1[m[K:
[01m[K/opt/ros/humble/include/rclcpp/rclcpp/logger.hpp:106:17:[m[K [01;36m[Knote: [m[Kdeclared here
  106 |   friend Logger [01;36m[Krclcpp[m[K::get_logger(const std::string & name);
      |                 [01;36m[K^~~~~~[m[K
In file included from [01m[K/opt/ros/humble/include/rclcpp/rclcpp/client.hpp:40[m[K,
                 from [01m[K/opt/ros/humble/include/rclcpp/rclcpp/callback_group.hpp:24[m[K,
                 from [01m[K/opt/ros/humble/include/rclcpp/rclcpp/any_executable.hpp:20[m[K,
                 from [01m[K/opt/ros/humble/include/rclcpp/rclcpp/memory_strategy.hpp:25[m[K,
                 from [01m[K/opt/ros/humble/include/rclcpp/rclcpp/memory_strategies.hpp:18[m[K,
                 from [01m[K/opt/ros/humble/include/rclcpp/rclcpp/executor_options.hpp:20[m[K,
                 from [01m[K/opt/ros/humble/include/rclcpp/rclcpp/executor.hpp:37[m[K,
                 from [01m[K/opt/ros/humble/include/rclcpp/rclcpp/executors/multi_threaded_executor.hpp:25[m[K,
                 from [01m[K/opt/ros/humble/include/rclcpp/rclcpp/executors.hpp:21[m[K,
                 from [01m[K/opt/ros/humble/include/rclcpp/rclcpp/rclcpp.hpp:155[m[K,
                 from [01m[K/home/nicholas/arduinobot_ws/src/aruduinobot_controller/include/arduinobot_controller/arduinobot_interface.hpp:3[m[K,
                 from [01m[K/home/nicholas/arduinobot_ws/src/aruduinobot_controller/src/arduinobot_interface.cpp:1[m[K:
[01m[K/home/nicholas/arduinobot_ws/src/aruduinobot_controller/src/arduinobot_interface.cpp:96:35:[m[K [01;31m[Kerror: [m[Ktoo many arguments to function ‘[01m[Krclcpp::Logger rclcpp::get_logger(const string&)[m[K’
   96 |     RCLCPP_INFO([01;31m[Krclcpp::get_logger("ArduinoInterface", "starting the robot hardware ....")[m[K);
      |                 [01;31m[K~~~~~~~~~~~~~~~~~~^~~~~~~~~~~~~~~~~~~~~~~~~~~~~~~~~~~~~~~~~~~~~~~~~~~~~~~~[m[K
In file included from [01m[K/opt/ros/humble/include/rclcpp/rclcpp/logging.hpp:23[m[K,
                 from [01m[K/opt/ros/humble/include/rclcpp/rclcpp/client.hpp:40[m[K,
                 from [01m[K/opt/ros/humble/include/rclcpp/rclcpp/callback_group.hpp:24[m[K,
                 from [01m[K/opt/ros/humble/include/rclcpp/rclcpp/any_executable.hpp:20[m[K,
                 from [01m[K/opt/ros/humble/include/rclcpp/rclcpp/memory_strategy.hpp:25[m[K,
                 from [01m[K/opt/ros/humble/include/rclcpp/rclcpp/memory_strategies.hpp:18[m[K,
                 from [01m[K/opt/ros/humble/include/rclcpp/rclcpp/executor_options.hpp:20[m[K,
                 from [01m[K/opt/ros/humble/include/rclcpp/rclcpp/executor.hpp:37[m[K,
                 from [01m[K/opt/ros/humble/include/rclcpp/rclcpp/executors/multi_threaded_executor.hpp:25[m[K,
                 from [01m[K/opt/ros/humble/include/rclcpp/rclcpp/executors.hpp:21[m[K,
                 from [01m[K/opt/ros/humble/include/rclcpp/rclcpp/rclcpp.hpp:155[m[K,
                 from [01m[K/home/nicholas/arduinobot_ws/src/aruduinobot_controller/include/arduinobot_controller/arduinobot_interface.hpp:3[m[K,
                 from [01m[K/home/nicholas/arduinobot_ws/src/aruduinobot_controller/src/arduinobot_interface.cpp:1[m[K:
[01m[K/opt/ros/humble/include/rclcpp/rclcpp/logger.hpp:106:17:[m[K [01;36m[Knote: [m[Kdeclared here
  106 |   friend Logger [01;36m[Krclcpp[m[K::get_logger(const std::string & name);
      |                 [01;36m[K^~~~~~[m[K
In file included from [01m[K/opt/ros/humble/include/rclcpp/rclcpp/logging.hpp:24[m[K,
                 from [01m[K/opt/ros/humble/include/rclcpp/rclcpp/client.hpp:40[m[K,
                 from [01m[K/opt/ros/humble/include/rclcpp/rclcpp/callback_group.hpp:24[m[K,
                 from [01m[K/opt/ros/humble/include/rclcpp/rclcpp/any_executable.hpp:20[m[K,
                 from [01m[K/opt/ros/humble/include/rclcpp/rclcpp/memory_strategy.hpp:25[m[K,
                 from [01m[K/opt/ros/humble/include/rclcpp/rclcpp/memory_strategies.hpp:18[m[K,
                 from [01m[K/opt/ros/humble/include/rclcpp/rclcpp/executor_options.hpp:20[m[K,
                 from [01m[K/opt/ros/humble/include/rclcpp/rclcpp/executor.hpp:37[m[K,
                 from [01m[K/opt/ros/humble/include/rclcpp/rclcpp/executors/multi_threaded_executor.hpp:25[m[K,
                 from [01m[K/opt/ros/humble/include/rclcpp/rclcpp/executors.hpp:21[m[K,
                 from [01m[K/opt/ros/humble/include/rclcpp/rclcpp/rclcpp.hpp:155[m[K,
                 from [01m[K/home/nicholas/arduinobot_ws/src/aruduinobot_controller/include/arduinobot_controller/arduinobot_interface.hpp:3[m[K,
                 from [01m[K/home/nicholas/arduinobot_ws/src/aruduinobot_controller/src/arduinobot_interface.cpp:1[m[K:
[01m[K/home/nicholas/arduinobot_ws/src/aruduinobot_controller/src/arduinobot_interface.cpp:96:35:[m[K [01;31m[Kerror: [m[Ktoo many arguments to function ‘[01m[Krclcpp::Logger rclcpp::get_logger(const string&)[m[K’
   96 |     RCLCPP_INFO([01;31m[Krclcpp::get_logger("ArduinoInterface", "starting the robot hardware ....")[m[K);
      |                 [01;31m[K~~~~~~~~~~~~~~~~~~^~~~~~~~~~~~~~~~~~~~~~~~~~~~~~~~~~~~~~~~~~~~~~~~~~~~~~~~[m[K
In file included from [01m[K/opt/ros/humble/include/rclcpp/rclcpp/logging.hpp:23[m[K,
                 from [01m[K/opt/ros/humble/include/rclcpp/rclcpp/client.hpp:40[m[K,
                 from [01m[K/opt/ros/humble/include/rclcpp/rclcpp/callback_group.hpp:24[m[K,
                 from [01m[K/opt/ros/humble/include/rclcpp/rclcpp/any_executable.hpp:20[m[K,
                 from [01m[K/opt/ros/humble/include/rclcpp/rclcpp/memory_strategy.hpp:25[m[K,
                 from [01m[K/opt/ros/humble/include/rclcpp/rclcpp/memory_strategies.hpp:18[m[K,
                 from [01m[K/opt/ros/humble/include/rclcpp/rclcpp/executor_options.hpp:20[m[K,
                 from [01m[K/opt/ros/humble/include/rclcpp/rclcpp/executor.hpp:37[m[K,
                 from [01m[K/opt/ros/humble/include/rclcpp/rclcpp/executors/multi_threaded_executor.hpp:25[m[K,
                 from [01m[K/opt/ros/humble/include/rclcpp/rclcpp/executors.hpp:21[m[K,
                 from [01m[K/opt/ros/humble/include/rclcpp/rclcpp/rclcpp.hpp:155[m[K,
                 from [01m[K/home/nicholas/arduinobot_ws/src/aruduinobot_controller/include/arduinobot_controller/arduinobot_interface.hpp:3[m[K,
                 from [01m[K/home/nicholas/arduinobot_ws/src/aruduinobot_controller/src/arduinobot_interface.cpp:1[m[K:
[01m[K/opt/ros/humble/include/rclcpp/rclcpp/logger.hpp:106:17:[m[K [01;36m[Knote: [m[Kdeclared here
  106 |   friend Logger [01;36m[Krclcpp[m[K::get_logger(const std::string & name);
      |                 [01;36m[K^~~~~~[m[K
In file included from [01m[K/opt/ros/humble/include/rclcpp/rclcpp/logging.hpp:24[m[K,
                 from [01m[K/opt/ros/humble/include/rclcpp/rclcpp/client.hpp:40[m[K,
                 from [01m[K/opt/ros/humble/include/rclcpp/rclcpp/callback_group.hpp:24[m[K,
                 from [01m[K/opt/ros/humble/include/rclcpp/rclcpp/any_executable.hpp:20[m[K,
                 from [01m[K/opt/ros/humble/include/rclcpp/rclcpp/memory_strategy.hpp:25[m[K,
                 from [01m[K/opt/ros/humble/include/rclcpp/rclcpp/memory_strategies.hpp:18[m[K,
                 from [01m[K/opt/ros/humble/include/rclcpp/rclcpp/executor_options.hpp:20[m[K,
                 from [01m[K/opt/ros/humble/include/rclcpp/rclcpp/executor.hpp:37[m[K,
                 from [01m[K/opt/ros/humble/include/rclcpp/rclcpp/executors/multi_threaded_executor.hpp:25[m[K,
                 from [01m[K/opt/ros/humble/include/rclcpp/rclcpp/executors.hpp:21[m[K,
                 from [01m[K/opt/ros/humble/include/rclcpp/rclcpp/rclcpp.hpp:155[m[K,
                 from [01m[K/home/nicholas/arduinobot_ws/src/aruduinobot_controller/include/arduinobot_controller/arduinobot_interface.hpp:3[m[K,
                 from [01m[K/home/nicholas/arduinobot_ws/src/aruduinobot_controller/src/arduinobot_interface.cpp:1[m[K:
[01m[K/home/nicholas/arduinobot_ws/src/aruduinobot_controller/src/arduinobot_interface.cpp:96:35:[m[K [01;31m[Kerror: [m[Ktoo many arguments to function ‘[01m[Krclcpp::Logger rclcpp::get_logger(const string&)[m[K’
   96 |     RCLCPP_INFO([01;31m[Krclcpp::get_logger("ArduinoInterface", "starting the robot hardware ....")[m[K);
      |                 [01;31m[K~~~~~~~~~~~~~~~~~~^~~~~~~~~~~~~~~~~~~~~~~~~~~~~~~~~~~~~~~~~~~~~~~~~~~~~~~~[m[K
In file included from [01m[K/opt/ros/humble/include/rclcpp/rclcpp/logging.hpp:23[m[K,
                 from [01m[K/opt/ros/humble/include/rclcpp/rclcpp/client.hpp:40[m[K,
                 from [01m[K/opt/ros/humble/include/rclcpp/rclcpp/callback_group.hpp:24[m[K,
                 from [01m[K/opt/ros/humble/include/rclcpp/rclcpp/any_executable.hpp:20[m[K,
                 from [01m[K/opt/ros/humble/include/rclcpp/rclcpp/memory_strategy.hpp:25[m[K,
                 from [01m[K/opt/ros/humble/include/rclcpp/rclcpp/memory_strategies.hpp:18[m[K,
                 from [01m[K/opt/ros/humble/include/rclcpp/rclcpp/executor_options.hpp:20[m[K,
                 from [01m[K/opt/ros/humble/include/rclcpp/rclcpp/executor.hpp:37[m[K,
                 from [01m[K/opt/ros/humble/include/rclcpp/rclcpp/executors/multi_threaded_executor.hpp:25[m[K,
                 from [01m[K/opt/ros/humble/include/rclcpp/rclcpp/executors.hpp:21[m[K,
                 from [01m[K/opt/ros/humble/include/rclcpp/rclcpp/rclcpp.hpp:155[m[K,
                 from [01m[K/home/nicholas/arduinobot_ws/src/aruduinobot_controller/include/arduinobot_controller/arduinobot_interface.hpp:3[m[K,
                 from [01m[K/home/nicholas/arduinobot_ws/src/aruduinobot_controller/src/arduinobot_interface.cpp:1[m[K:
[01m[K/opt/ros/humble/include/rclcpp/rclcpp/logger.hpp:106:17:[m[K [01;36m[Knote: [m[Kdeclared here
  106 |   friend Logger [01;36m[Krclcpp[m[K::get_logger(const std::string & name);
      |                 [01;36m[K^~~~~~[m[K
In file included from [01m[K/opt/ros/humble/include/rclcpp/rclcpp/logging.hpp:24[m[K,
                 from [01m[K/opt/ros/humble/include/rclcpp/rclcpp/client.hpp:40[m[K,
                 from [01m[K/opt/ros/humble/include/rclcpp/rclcpp/callback_group.hpp:24[m[K,
                 from [01m[K/opt/ros/humble/include/rclcpp/rclcpp/any_executable.hpp:20[m[K,
                 from [01m[K/opt/ros/humble/include/rclcpp/rclcpp/memory_strategy.hpp:25[m[K,
                 from [01m[K/opt/ros/humble/include/rclcpp/rclcpp/memory_strategies.hpp:18[m[K,
                 from [01m[K/opt/ros/humble/include/rclcpp/rclcpp/executor_options.hpp:20[m[K,
                 from [01m[K/opt/ros/humble/include/rclcpp/rclcpp/executor.hpp:37[m[K,
                 from [01m[K/opt/ros/humble/include/rclcpp/rclcpp/executors/multi_threaded_executor.hpp:25[m[K,
                 from [01m[K/opt/ros/humble/include/rclcpp/rclcpp/executors.hpp:21[m[K,
                 from [01m[K/opt/ros/humble/include/rclcpp/rclcpp/rclcpp.hpp:155[m[K,
                 from [01m[K/home/nicholas/arduinobot_ws/src/aruduinobot_controller/include/arduinobot_controller/arduinobot_interface.hpp:3[m[K,
                 from [01m[K/home/nicholas/arduinobot_ws/src/aruduinobot_controller/src/arduinobot_interface.cpp:1[m[K:
[01m[K/home/nicholas/arduinobot_ws/src/aruduinobot_controller/src/arduinobot_interface.cpp:96:5:[m[K [01;31m[Kerror: [m[Kexpected primary-expression before ‘[01m[K)[m[K’ token
   96 |     [01;31m[KRCLCPP_INFO[m[K(rclcpp::get_logger("ArduinoInterface", "starting the robot hardware ...."));
      |     [01;31m[K^~~~~~~~~~~[m[K
[01m[K/home/nicholas/arduinobot_ws/src/aruduinobot_controller/src/arduinobot_interface.cpp:98:5:[m[K [01;31m[Kerror: [m[K‘[01m[Kprev_position_commands_[m[K’ was not declared in this scope; did you mean ‘[01m[Kprevious_position_commands_[m[K’?
   98 |     [01;31m[Kprev_position_commands_[m[K = {0.0, 0.0, 0.0, 0.0};
      |     [01;31m[K^~~~~~~~~~~~~~~~~~~~~~~[m[K
      |     [32m[Kprevious_position_commands_[m[K
[01m[K/home/nicholas/arduinobot_ws/src/aruduinobot_controller/src/arduinobot_interface.cpp:99:44:[m[K [01;31m[Kerror: [m[Kexpected ‘[01m[K;[m[K’ before ‘[01m[Ktry[m[K’
   99 |     position_states_ = {0.0, 0.0, 0.0, 0.0}
      |                                            [01;31m[K^[m[K
      |                                            [32m[K;[m[K
  100 | 
  101 |     [32m[Ktry[m[K
      |     [32m[K~~~[m[K                                     
[01m[K/home/nicholas/arduinobot_ws/src/aruduinobot_controller/src/arduinobot_interface.cpp:106:5:[m[K [01;31m[Kerror: [m[Kexpected primary-expression before ‘[01m[Kcatch[m[K’
  106 |     [01;31m[Kcatch[m[K(const std::exception& e)
      |     [01;31m[K^~~~~[m[K
In file included from [01m[K/opt/ros/humble/include/rclcpp/rclcpp/client.hpp:40[m[K,
                 from [01m[K/opt/ros/humble/include/rclcpp/rclcpp/callback_group.hpp:24[m[K,
                 from [01m[K/opt/ros/humble/include/rclcpp/rclcpp/any_executable.hpp:20[m[K,
                 from [01m[K/opt/ros/humble/include/rclcpp/rclcpp/memory_strategy.hpp:25[m[K,
                 from [01m[K/opt/ros/humble/include/rclcpp/rclcpp/memory_strategies.hpp:18[m[K,
                 from [01m[K/opt/ros/humble/include/rclcpp/rclcpp/executor_options.hpp:20[m[K,
                 from [01m[K/opt/ros/humble/include/rclcpp/rclcpp/executor.hpp:37[m[K,
                 from [01m[K/opt/ros/humble/include/rclcpp/rclcpp/executors/multi_threaded_executor.hpp:25[m[K,
                 from [01m[K/opt/ros/humble/include/rclcpp/rclcpp/executors.hpp:21[m[K,
                 from [01m[K/opt/ros/humble/include/rclcpp/rclcpp/rclcpp.hpp:155[m[K,
                 from [01m[K/home/nicholas/arduinobot_ws/src/aruduinobot_controller/include/arduinobot_controller/arduinobot_interface.hpp:3[m[K,
                 from [01m[K/home/nicholas/arduinobot_ws/src/aruduinobot_controller/src/arduinobot_interface.cpp:1[m[K:
[01m[K/home/nicholas/arduinobot_ws/src/aruduinobot_controller/src/arduinobot_interface.cpp:112:55:[m[K [01;31m[Kerror: [m[Kexpected primary-expression before ‘[01m[K)[m[K’ token
  112 |     RCLCPP_INFO(rclcpp::get_logger(ArduinobotInterface[01;31m[K)[m[K, "Hardware started, ready to take commands");
      |                                                       [01;31m[K^[m[K
[01m[K/home/nicholas/arduinobot_ws/src/aruduinobot_controller/src/arduinobot_interface.cpp:112:5:[m[K [01;31m[Kerror: [m[Ktemplate argument 1 is invalid
  112 |     [01;31m[KRCLCPP_INFO[m[K(rclcpp::get_logger(ArduinobotInterface), "Hardware started, ready to take commands");
      |     [01;31m[K^~~~~~~~~~~[m[K
[01m[K/home/nicholas/arduinobot_ws/src/aruduinobot_controller/src/arduinobot_interface.cpp:112:5:[m[K [01;31m[Kerror: [m[Ktemplate argument 1 is invalid
  112 |     [01;31m[KRCLCPP_INFO[m[K(rclcpp::get_logger(ArduinobotInterface), "Hardware started, ready to take commands");
      |     [01;31m[K^~~~~~~~~~~[m[K
[01m[K/home/nicholas/arduinobot_ws/src/aruduinobot_controller/src/arduinobot_interface.cpp:112:5:[m[K [01;31m[Kerror: [m[Ktemplate argument 1 is invalid
  112 |     [01;31m[KRCLCPP_INFO[m[K(rclcpp::get_logger(ArduinobotInterface), "Hardware started, ready to take commands");
      |     [01;31m[K^~~~~~~~~~~[m[K
In file included from [01m[K/opt/ros/humble/include/rclcpp/rclcpp/logging.hpp:24[m[K,
                 from [01m[K/opt/ros/humble/include/rclcpp/rclcpp/client.hpp:40[m[K,
                 from [01m[K/opt/ros/humble/include/rclcpp/rclcpp/callback_group.hpp:24[m[K,
                 from [01m[K/opt/ros/humble/include/rclcpp/rclcpp/any_executable.hpp:20[m[K,
                 from [01m[K/opt/ros/humble/include/rclcpp/rclcpp/memory_strategy.hpp:25[m[K,
                 from [01m[K/opt/ros/humble/include/rclcpp/rclcpp/memory_strategies.hpp:18[m[K,
                 from [01m[K/opt/ros/humble/include/rclcpp/rclcpp/executor_options.hpp:20[m[K,
                 from [01m[K/opt/ros/humble/include/rclcpp/rclcpp/executor.hpp:37[m[K,
                 from [01m[K/opt/ros/humble/include/rclcpp/rclcpp/executors/multi_threaded_executor.hpp:25[m[K,
                 from [01m[K/opt/ros/humble/include/rclcpp/rclcpp/executors.hpp:21[m[K,
                 from [01m[K/opt/ros/humble/include/rclcpp/rclcpp/rclcpp.hpp:155[m[K,
                 from [01m[K/home/nicholas/arduinobot_ws/src/aruduinobot_controller/include/arduinobot_controller/arduinobot_interface.hpp:3[m[K,
                 from [01m[K/home/nicholas/arduinobot_ws/src/aruduinobot_controller/src/arduinobot_interface.cpp:1[m[K:
[01m[K/home/nicholas/arduinobot_ws/src/aruduinobot_controller/src/arduinobot_interface.cpp:112:55:[m[K [01;31m[Kerror: [m[Kexpected primary-expression before ‘[01m[K)[m[K’ token
  112 |     RCLCPP_INFO(rclcpp::get_logger(ArduinobotInterface[01;31m[K)[m[K, "Hardware started, ready to take commands");
      |                                                       [01;31m[K^[m[K
[01m[K/home/nicholas/arduinobot_ws/src/aruduinobot_controller/src/arduinobot_interface.cpp:112:55:[m[K [01;31m[Kerror: [m[Kexpected primary-expression before ‘[01m[K)[m[K’ token
  112 |     RCLCPP_INFO(rclcpp::get_logger(ArduinobotInterface[01;31m[K)[m[K, "Hardware started, ready to take commands");
      |                                                       [01;31m[K^[m[K
[01m[K/home/nicholas/arduinobot_ws/src/aruduinobot_controller/src/arduinobot_interface.cpp:113:35:[m[K [01;31m[Kerror: [m[Kexpected ‘[01m[K;[m[K’ before ‘[01m[K}[m[K’ token
  113 |     return CallbackReturn::SUCCESS
      |                                   [01;31m[K^[m[K
      |                                   [32m[K;[m[K
  114 | 
  115 | [32m[K}[m[K
      | [32m[K~[m[K                                  
[01m[K/home/nicholas/arduinobot_ws/src/aruduinobot_controller/src/arduinobot_interface.cpp:94:81:[m[K [01;35m[Kwarning: [m[Kunused parameter ‘[01m[Kprevious_state[m[K’ [[01;35m[K]8;;https://gcc.gnu.org/onlinedocs/gcc/Warning-Options.html#index-Wunused-parameter-Wunused-parameter]8;;[m[K]
   94 | CallbackReturn ArduinobotInterface::on_activate([01;35m[Kconst rclcpp_lifecycle::State & previous_state[m[K)
      |                                                 [01;35m[K~~~~~~~~~~~~~~~~~~~~~~~~~~~~~~~~^~~~~~~~~~~~~~[m[K
In file included from [01m[K/opt/ros/humble/include/rclcpp/rclcpp/client.hpp:40[m[K,
                 from [01m[K/opt/ros/humble/include/rclcpp/rclcpp/callback_group.hpp:24[m[K,
                 from [01m[K/opt/ros/humble/include/rclcpp/rclcpp/any_executable.hpp:20[m[K,
                 from [01m[K/opt/ros/humble/include/rclcpp/rclcpp/memory_strategy.hpp:25[m[K,
                 from [01m[K/opt/ros/humble/include/rclcpp/rclcpp/memory_strategies.hpp:18[m[K,
                 from [01m[K/opt/ros/humble/include/rclcpp/rclcpp/executor_options.hpp:20[m[K,
                 from [01m[K/opt/ros/humble/include/rclcpp/rclcpp/executor.hpp:37[m[K,
                 from [01m[K/opt/ros/humble/include/rclcpp/rclcpp/executors/multi_threaded_executor.hpp:25[m[K,
                 from [01m[K/opt/ros/humble/include/rclcpp/rclcpp/executors.hpp:21[m[K,
                 from [01m[K/opt/ros/humble/include/rclcpp/rclcpp/rclcpp.hpp:155[m[K,
                 from [01m[K/home/nicholas/arduinobot_ws/src/aruduinobot_controller/include/arduinobot_controller/arduinobot_interface.hpp:3[m[K,
                 from [01m[K/home/nicholas/arduinobot_ws/src/aruduinobot_controller/src/arduinobot_interface.cpp:1[m[K:
[01m[K/home/nicholas/arduinobot_ws/src/aruduinobot_controller/src/arduinobot_interface.cpp:[m[K In member function ‘[01m[Kvirtual arduinobot_controller::CallbackReturn arduinobot_controller::ArduinobotInterface::on_deactivate(const rclcpp_lifecycle::State&)[m[K’:
[01m[K/home/nicholas/arduinobot_ws/src/aruduinobot_controller/src/arduinobot_interface.cpp:120:35:[m[K [01;31m[Kerror: [m[Ktoo many arguments to function ‘[01m[Krclcpp::Logger rclcpp::get_logger(const string&)[m[K’
  120 |     RCLCPP_INFO([01;31m[Krclcpp::get_logger("ArduinoInterface", "stopping the robot hardware ....")[m[K);
      |                 [01;31m[K~~~~~~~~~~~~~~~~~~^~~~~~~~~~~~~~~~~~~~~~~~~~~~~~~~~~~~~~~~~~~~~~~~~~~~~~~~[m[K
In file included from [01m[K/opt/ros/humble/include/rclcpp/rclcpp/logging.hpp:23[m[K,
                 from [01m[K/opt/ros/humble/include/rclcpp/rclcpp/client.hpp:40[m[K,
                 from [01m[K/opt/ros/humble/include/rclcpp/rclcpp/callback_group.hpp:24[m[K,
                 from [01m[K/opt/ros/humble/include/rclcpp/rclcpp/any_executable.hpp:20[m[K,
                 from [01m[K/opt/ros/humble/include/rclcpp/rclcpp/memory_strategy.hpp:25[m[K,
                 from [01m[K/opt/ros/humble/include/rclcpp/rclcpp/memory_strategies.hpp:18[m[K,
                 from [01m[K/opt/ros/humble/include/rclcpp/rclcpp/executor_options.hpp:20[m[K,
                 from [01m[K/opt/ros/humble/include/rclcpp/rclcpp/executor.hpp:37[m[K,
                 from [01m[K/opt/ros/humble/include/rclcpp/rclcpp/executors/multi_threaded_executor.hpp:25[m[K,
                 from [01m[K/opt/ros/humble/include/rclcpp/rclcpp/executors.hpp:21[m[K,
                 from [01m[K/opt/ros/humble/include/rclcpp/rclcpp/rclcpp.hpp:155[m[K,
                 from [01m[K/home/nicholas/arduinobot_ws/src/aruduinobot_controller/include/arduinobot_controller/arduinobot_interface.hpp:3[m[K,
                 from [01m[K/home/nicholas/arduinobot_ws/src/aruduinobot_controller/src/arduinobot_interface.cpp:1[m[K:
[01m[K/opt/ros/humble/include/rclcpp/rclcpp/logger.hpp:106:17:[m[K [01;36m[Knote: [m[Kdeclared here
  106 |   friend Logger [01;36m[Krclcpp[m[K::get_logger(const std::string & name);
      |                 [01;36m[K^~~~~~[m[K
In file included from [01m[K/opt/ros/humble/include/rclcpp/rclcpp/client.hpp:40[m[K,
                 from [01m[K/opt/ros/humble/include/rclcpp/rclcpp/callback_group.hpp:24[m[K,
                 from [01m[K/opt/ros/humble/include/rclcpp/rclcpp/any_executable.hpp:20[m[K,
                 from [01m[K/opt/ros/humble/include/rclcpp/rclcpp/memory_strategy.hpp:25[m[K,
                 from [01m[K/opt/ros/humble/include/rclcpp/rclcpp/memory_strategies.hpp:18[m[K,
                 from [01m[K/opt/ros/humble/include/rclcpp/rclcpp/executor_options.hpp:20[m[K,
                 from [01m[K/opt/ros/humble/include/rclcpp/rclcpp/executor.hpp:37[m[K,
                 from [01m[K/opt/ros/humble/include/rclcpp/rclcpp/executors/multi_threaded_executor.hpp:25[m[K,
                 from [01m[K/opt/ros/humble/include/rclcpp/rclcpp/executors.hpp:21[m[K,
                 from [01m[K/opt/ros/humble/include/rclcpp/rclcpp/rclcpp.hpp:155[m[K,
                 from [01m[K/home/nicholas/arduinobot_ws/src/aruduinobot_controller/include/arduinobot_controller/arduinobot_interface.hpp:3[m[K,
                 from [01m[K/home/nicholas/arduinobot_ws/src/aruduinobot_controller/src/arduinobot_interface.cpp:1[m[K:
[01m[K/home/nicholas/arduinobot_ws/src/aruduinobot_controller/src/arduinobot_interface.cpp:120:35:[m[K [01;31m[Kerror: [m[Ktoo many arguments to function ‘[01m[Krclcpp::Logger rclcpp::get_logger(const string&)[m[K’
  120 |     RCLCPP_INFO([01;31m[Krclcpp::get_logger("ArduinoInterface", "stopping the robot hardware ....")[m[K);
      |                 [01;31m[K~~~~~~~~~~~~~~~~~~^~~~~~~~~~~~~~~~~~~~~~~~~~~~~~~~~~~~~~~~~~~~~~~~~~~~~~~~[m[K
In file included from [01m[K/opt/ros/humble/include/rclcpp/rclcpp/logging.hpp:23[m[K,
                 from [01m[K/opt/ros/humble/include/rclcpp/rclcpp/client.hpp:40[m[K,
                 from [01m[K/opt/ros/humble/include/rclcpp/rclcpp/callback_group.hpp:24[m[K,
                 from [01m[K/opt/ros/humble/include/rclcpp/rclcpp/any_executable.hpp:20[m[K,
                 from [01m[K/opt/ros/humble/include/rclcpp/rclcpp/memory_strategy.hpp:25[m[K,
                 from [01m[K/opt/ros/humble/include/rclcpp/rclcpp/memory_strategies.hpp:18[m[K,
                 from [01m[K/opt/ros/humble/include/rclcpp/rclcpp/executor_options.hpp:20[m[K,
                 from [01m[K/opt/ros/humble/include/rclcpp/rclcpp/executor.hpp:37[m[K,
                 from [01m[K/opt/ros/humble/include/rclcpp/rclcpp/executors/multi_threaded_executor.hpp:25[m[K,
                 from [01m[K/opt/ros/humble/include/rclcpp/rclcpp/executors.hpp:21[m[K,
                 from [01m[K/opt/ros/humble/include/rclcpp/rclcpp/rclcpp.hpp:155[m[K,
                 from [01m[K/home/nicholas/arduinobot_ws/src/aruduinobot_controller/include/arduinobot_controller/arduinobot_interface.hpp:3[m[K,
                 from [01m[K/home/nicholas/arduinobot_ws/src/aruduinobot_controller/src/arduinobot_interface.cpp:1[m[K:
[01m[K/opt/ros/humble/include/rclcpp/rclcpp/logger.hpp:106:17:[m[K [01;36m[Knote: [m[Kdeclared here
  106 |   friend Logger [01;36m[Krclcpp[m[K::get_logger(const std::string & name);
      |                 [01;36m[K^~~~~~[m[K
In file included from [01m[K/opt/ros/humble/include/rclcpp/rclcpp/logging.hpp:24[m[K,
                 from [01m[K/opt/ros/humble/include/rclcpp/rclcpp/client.hpp:40[m[K,
                 from [01m[K/opt/ros/humble/include/rclcpp/rclcpp/callback_group.hpp:24[m[K,
                 from [01m[K/opt/ros/humble/include/rclcpp/rclcpp/any_executable.hpp:20[m[K,
                 from [01m[K/opt/ros/humble/include/rclcpp/rclcpp/memory_strategy.hpp:25[m[K,
                 from [01m[K/opt/ros/humble/include/rclcpp/rclcpp/memory_strategies.hpp:18[m[K,
                 from [01m[K/opt/ros/humble/include/rclcpp/rclcpp/executor_options.hpp:20[m[K,
                 from [01m[K/opt/ros/humble/include/rclcpp/rclcpp/executor.hpp:37[m[K,
                 from [01m[K/opt/ros/humble/include/rclcpp/rclcpp/executors/multi_threaded_executor.hpp:25[m[K,
                 from [01m[K/opt/ros/humble/include/rclcpp/rclcpp/executors.hpp:21[m[K,
                 from [01m[K/opt/ros/humble/include/rclcpp/rclcpp/rclcpp.hpp:155[m[K,
                 from [01m[K/home/nicholas/arduinobot_ws/src/aruduinobot_controller/include/arduinobot_controller/arduinobot_interface.hpp:3[m[K,
                 from [01m[K/home/nicholas/arduinobot_ws/src/aruduinobot_controller/src/arduinobot_interface.cpp:1[m[K:
[01m[K/home/nicholas/arduinobot_ws/src/aruduinobot_controller/src/arduinobot_interface.cpp:120:35:[m[K [01;31m[Kerror: [m[Ktoo many arguments to function ‘[01m[Krclcpp::Logger rclcpp::get_logger(const string&)[m[K’
  120 |     RCLCPP_INFO([01;31m[Krclcpp::get_logger("ArduinoInterface", "stopping the robot hardware ....")[m[K);
      |                 [01;31m[K~~~~~~~~~~~~~~~~~~^~~~~~~~~~~~~~~~~~~~~~~~~~~~~~~~~~~~~~~~~~~~~~~~~~~~~~~~[m[K
In file included from [01m[K/opt/ros/humble/include/rclcpp/rclcpp/logging.hpp:23[m[K,
                 from [01m[K/opt/ros/humble/include/rclcpp/rclcpp/client.hpp:40[m[K,
                 from [01m[K/opt/ros/humble/include/rclcpp/rclcpp/callback_group.hpp:24[m[K,
                 from [01m[K/opt/ros/humble/include/rclcpp/rclcpp/any_executable.hpp:20[m[K,
                 from [01m[K/opt/ros/humble/include/rclcpp/rclcpp/memory_strategy.hpp:25[m[K,
                 from [01m[K/opt/ros/humble/include/rclcpp/rclcpp/memory_strategies.hpp:18[m[K,
                 from [01m[K/opt/ros/humble/include/rclcpp/rclcpp/executor_options.hpp:20[m[K,
                 from [01m[K/opt/ros/humble/include/rclcpp/rclcpp/executor.hpp:37[m[K,
                 from [01m[K/opt/ros/humble/include/rclcpp/rclcpp/executors/multi_threaded_executor.hpp:25[m[K,
                 from [01m[K/opt/ros/humble/include/rclcpp/rclcpp/executors.hpp:21[m[K,
                 from [01m[K/opt/ros/humble/include/rclcpp/rclcpp/rclcpp.hpp:155[m[K,
                 from [01m[K/home/nicholas/arduinobot_ws/src/aruduinobot_controller/include/arduinobot_controller/arduinobot_interface.hpp:3[m[K,
                 from [01m[K/home/nicholas/arduinobot_ws/src/aruduinobot_controller/src/arduinobot_interface.cpp:1[m[K:
[01m[K/opt/ros/humble/include/rclcpp/rclcpp/logger.hpp:106:17:[m[K [01;36m[Knote: [m[Kdeclared here
  106 |   friend Logger [01;36m[Krclcpp[m[K::get_logger(const std::string & name);
      |                 [01;36m[K^~~~~~[m[K
In file included from [01m[K/opt/ros/humble/include/rclcpp/rclcpp/logging.hpp:24[m[K,
                 from [01m[K/opt/ros/humble/include/rclcpp/rclcpp/client.hpp:40[m[K,
                 from [01m[K/opt/ros/humble/include/rclcpp/rclcpp/callback_group.hpp:24[m[K,
                 from [01m[K/opt/ros/humble/include/rclcpp/rclcpp/any_executable.hpp:20[m[K,
                 from [01m[K/opt/ros/humble/include/rclcpp/rclcpp/memory_strategy.hpp:25[m[K,
                 from [01m[K/opt/ros/humble/include/rclcpp/rclcpp/memory_strategies.hpp:18[m[K,
                 from [01m[K/opt/ros/humble/include/rclcpp/rclcpp/executor_options.hpp:20[m[K,
                 from [01m[K/opt/ros/humble/include/rclcpp/rclcpp/executor.hpp:37[m[K,
                 from [01m[K/opt/ros/humble/include/rclcpp/rclcpp/executors/multi_threaded_executor.hpp:25[m[K,
                 from [01m[K/opt/ros/humble/include/rclcpp/rclcpp/executors.hpp:21[m[K,
                 from [01m[K/opt/ros/humble/include/rclcpp/rclcpp/rclcpp.hpp:155[m[K,
                 from [01m[K/home/nicholas/arduinobot_ws/src/aruduinobot_controller/include/arduinobot_controller/arduinobot_interface.hpp:3[m[K,
                 from [01m[K/home/nicholas/arduinobot_ws/src/aruduinobot_controller/src/arduinobot_interface.cpp:1[m[K:
[01m[K/home/nicholas/arduinobot_ws/src/aruduinobot_controller/src/arduinobot_interface.cpp:120:35:[m[K [01;31m[Kerror: [m[Ktoo many arguments to function ‘[01m[Krclcpp::Logger rclcpp::get_logger(const string&)[m[K’
  120 |     RCLCPP_INFO([01;31m[Krclcpp::get_logger("ArduinoInterface", "stopping the robot hardware ....")[m[K);
      |                 [01;31m[K~~~~~~~~~~~~~~~~~~^~~~~~~~~~~~~~~~~~~~~~~~~~~~~~~~~~~~~~~~~~~~~~~~~~~~~~~~[m[K
In file included from [01m[K/opt/ros/humble/include/rclcpp/rclcpp/logging.hpp:23[m[K,
                 from [01m[K/opt/ros/humble/include/rclcpp/rclcpp/client.hpp:40[m[K,
                 from [01m[K/opt/ros/humble/include/rclcpp/rclcpp/callback_group.hpp:24[m[K,
                 from [01m[K/opt/ros/humble/include/rclcpp/rclcpp/any_executable.hpp:20[m[K,
                 from [01m[K/opt/ros/humble/include/rclcpp/rclcpp/memory_strategy.hpp:25[m[K,
                 from [01m[K/opt/ros/humble/include/rclcpp/rclcpp/memory_strategies.hpp:18[m[K,
                 from [01m[K/opt/ros/humble/include/rclcpp/rclcpp/executor_options.hpp:20[m[K,
                 from [01m[K/opt/ros/humble/include/rclcpp/rclcpp/executor.hpp:37[m[K,
                 from [01m[K/opt/ros/humble/include/rclcpp/rclcpp/executors/multi_threaded_executor.hpp:25[m[K,
                 from [01m[K/opt/ros/humble/include/rclcpp/rclcpp/executors.hpp:21[m[K,
                 from [01m[K/opt/ros/humble/include/rclcpp/rclcpp/rclcpp.hpp:155[m[K,
                 from [01m[K/home/nicholas/arduinobot_ws/src/aruduinobot_controller/include/arduinobot_controller/arduinobot_interface.hpp:3[m[K,
                 from [01m[K/home/nicholas/arduinobot_ws/src/aruduinobot_controller/src/arduinobot_interface.cpp:1[m[K:
[01m[K/opt/ros/humble/include/rclcpp/rclcpp/logger.hpp:106:17:[m[K [01;36m[Knote: [m[Kdeclared here
  106 |   friend Logger [01;36m[Krclcpp[m[K::get_logger(const std::string & name);
      |                 [01;36m[K^~~~~~[m[K
In file included from [01m[K/opt/ros/humble/include/rclcpp/rclcpp/logging.hpp:24[m[K,
                 from [01m[K/opt/ros/humble/include/rclcpp/rclcpp/client.hpp:40[m[K,
                 from [01m[K/opt/ros/humble/include/rclcpp/rclcpp/callback_group.hpp:24[m[K,
                 from [01m[K/opt/ros/humble/include/rclcpp/rclcpp/any_executable.hpp:20[m[K,
                 from [01m[K/opt/ros/humble/include/rclcpp/rclcpp/memory_strategy.hpp:25[m[K,
                 from [01m[K/opt/ros/humble/include/rclcpp/rclcpp/memory_strategies.hpp:18[m[K,
                 from [01m[K/opt/ros/humble/include/rclcpp/rclcpp/executor_options.hpp:20[m[K,
                 from [01m[K/opt/ros/humble/include/rclcpp/rclcpp/executor.hpp:37[m[K,
                 from [01m[K/opt/ros/humble/include/rclcpp/rclcpp/executors/multi_threaded_executor.hpp:25[m[K,
                 from [01m[K/opt/ros/humble/include/rclcpp/rclcpp/executors.hpp:21[m[K,
                 from [01m[K/opt/ros/humble/include/rclcpp/rclcpp/rclcpp.hpp:155[m[K,
                 from [01m[K/home/nicholas/arduinobot_ws/src/aruduinobot_controller/include/arduinobot_controller/arduinobot_interface.hpp:3[m[K,
                 from [01m[K/home/nicholas/arduinobot_ws/src/aruduinobot_controller/src/arduinobot_interface.cpp:1[m[K:
[01m[K/home/nicholas/arduinobot_ws/src/aruduinobot_controller/src/arduinobot_interface.cpp:120:5:[m[K [01;31m[Kerror: [m[Kexpected primary-expression before ‘[01m[K)[m[K’ token
  120 |     [01;31m[KRCLCPP_INFO[m[K(rclcpp::get_logger("ArduinoInterface", "stopping the robot hardware ...."));
      |     [01;31m[K^~~~~~~~~~~[m[K
In file included from [01m[K/opt/ros/humble/include/rclcpp/rclcpp/client.hpp:40[m[K,
                 from [01m[K/opt/ros/humble/include/rclcpp/rclcpp/callback_group.hpp:24[m[K,
                 from [01m[K/opt/ros/humble/include/rclcpp/rclcpp/any_executable.hpp:20[m[K,
                 from [01m[K/opt/ros/humble/include/rclcpp/rclcpp/memory_strategy.hpp:25[m[K,
                 from [01m[K/opt/ros/humble/include/rclcpp/rclcpp/memory_strategies.hpp:18[m[K,
                 from [01m[K/opt/ros/humble/include/rclcpp/rclcpp/executor_options.hpp:20[m[K,
                 from [01m[K/opt/ros/humble/include/rclcpp/rclcpp/executor.hpp:37[m[K,
                 from [01m[K/opt/ros/humble/include/rclcpp/rclcpp/executors/multi_threaded_executor.hpp:25[m[K,
                 from [01m[K/opt/ros/humble/include/rclcpp/rclcpp/executors.hpp:21[m[K,
                 from [01m[K/opt/ros/humble/include/rclcpp/rclcpp/rclcpp.hpp:155[m[K,
                 from [01m[K/home/nicholas/arduinobot_ws/src/aruduinobot_controller/include/arduinobot_controller/arduinobot_interface.hpp:3[m[K,
                 from [01m[K/home/nicholas/arduinobot_ws/src/aruduinobot_controller/src/arduinobot_interface.cpp:1[m[K:
[01m[K/home/nicholas/arduinobot_ws/src/aruduinobot_controller/src/arduinobot_interface.cpp:129:71:[m[K [01;31m[Kerror: [m[Kexpected primary-expression before ‘[01m[K)[m[K’ token
  129 |             RCLCPP_FATAL_STREAM(rclcpp::get_logger(ArduinobotInterface[01;31m[K)[m[K, "something went wrong while closing connection with the port" <<port_);
      |                                                                       [01;31m[K^[m[K
[01m[K/home/nicholas/arduinobot_ws/src/aruduinobot_controller/src/arduinobot_interface.cpp:129:13:[m[K [01;31m[Kerror: [m[Ktemplate argument 1 is invalid
  129 |             [01;31m[KRCLCPP_FATAL_STREAM[m[K(rclcpp::get_logger(ArduinobotInterface), "something went wrong while closing connection with the port" <<port_);
      |             [01;31m[K^~~~~~~~~~~~~~~~~~~[m[K
[01m[K/home/nicholas/arduinobot_ws/src/aruduinobot_controller/src/arduinobot_interface.cpp:129:13:[m[K [01;31m[Kerror: [m[Ktemplate argument 1 is invalid
  129 |             [01;31m[KRCLCPP_FATAL_STREAM[m[K(rclcpp::get_logger(ArduinobotInterface), "something went wrong while closing connection with the port" <<port_);
      |             [01;31m[K^~~~~~~~~~~~~~~~~~~[m[K
[01m[K/home/nicholas/arduinobot_ws/src/aruduinobot_controller/src/arduinobot_interface.cpp:129:13:[m[K [01;31m[Kerror: [m[Ktemplate argument 1 is invalid
  129 |             [01;31m[KRCLCPP_FATAL_STREAM[m[K(rclcpp::get_logger(ArduinobotInterface), "something went wrong while closing connection with the port" <<port_);
      |             [01;31m[K^~~~~~~~~~~~~~~~~~~[m[K
In file included from [01m[K/opt/ros/humble/include/rclcpp/rclcpp/logging.hpp:24[m[K,
                 from [01m[K/opt/ros/humble/include/rclcpp/rclcpp/client.hpp:40[m[K,
                 from [01m[K/opt/ros/humble/include/rclcpp/rclcpp/callback_group.hpp:24[m[K,
                 from [01m[K/opt/ros/humble/include/rclcpp/rclcpp/any_executable.hpp:20[m[K,
                 from [01m[K/opt/ros/humble/include/rclcpp/rclcpp/memory_strategy.hpp:25[m[K,
                 from [01m[K/opt/ros/humble/include/rclcpp/rclcpp/memory_strategies.hpp:18[m[K,
                 from [01m[K/opt/ros/humble/include/rclcpp/rclcpp/executor_options.hpp:20[m[K,
                 from [01m[K/opt/ros/humble/include/rclcpp/rclcpp/executor.hpp:37[m[K,
                 from [01m[K/opt/ros/humble/include/rclcpp/rclcpp/executors/multi_threaded_executor.hpp:25[m[K,
                 from [01m[K/opt/ros/humble/include/rclcpp/rclcpp/executors.hpp:21[m[K,
                 from [01m[K/opt/ros/humble/include/rclcpp/rclcpp/rclcpp.hpp:155[m[K,
                 from [01m[K/home/nicholas/arduinobot_ws/src/aruduinobot_controller/include/arduinobot_controller/arduinobot_interface.hpp:3[m[K,
                 from [01m[K/home/nicholas/arduinobot_ws/src/aruduinobot_controller/src/arduinobot_interface.cpp:1[m[K:
[01m[K/home/nicholas/arduinobot_ws/src/aruduinobot_controller/src/arduinobot_interface.cpp:129:71:[m[K [01;31m[Kerror: [m[Kexpected primary-expression before ‘[01m[K)[m[K’ token
  129 |             RCLCPP_FATAL_STREAM(rclcpp::get_logger(ArduinobotInterface[01;31m[K)[m[K, "something went wrong while closing connection with the port" <<port_);
      |                                                                       [01;31m[K^[m[K
[01m[K/home/nicholas/arduinobot_ws/src/aruduinobot_controller/src/arduinobot_interface.cpp:129:71:[m[K [01;31m[Kerror: [m[Kexpected primary-expression before ‘[01m[K)[m[K’ token
  129 |             RCLCPP_FATAL_STREAM(rclcpp::get_logger(ArduinobotInterface[01;31m[K)[m[K, "something went wrong while closing connection with the port" <<port_);
      |                                                                       [01;31m[K^[m[K
[01m[K/home/nicholas/arduinobot_ws/src/aruduinobot_controller/src/arduinobot_interface.cpp:130:43:[m[K [01;31m[Kerror: [m[Kexpected ‘[01m[K;[m[K’ before ‘[01m[K}[m[K’ token
  130 |             return CallbackReturn::FAILURE
      |                                           [01;31m[K^[m[K
      |                                           [32m[K;[m[K
  131 |         [32m[K}[m[K
      |         [32m[K~[m[K                                  
In file included from [01m[K/opt/ros/humble/include/rclcpp/rclcpp/client.hpp:40[m[K,
                 from [01m[K/opt/ros/humble/include/rclcpp/rclcpp/callback_group.hpp:24[m[K,
                 from [01m[K/opt/ros/humble/include/rclcpp/rclcpp/any_executable.hpp:20[m[K,
                 from [01m[K/opt/ros/humble/include/rclcpp/rclcpp/memory_strategy.hpp:25[m[K,
                 from [01m[K/opt/ros/humble/include/rclcpp/rclcpp/memory_strategies.hpp:18[m[K,
                 from [01m[K/opt/ros/humble/include/rclcpp/rclcpp/executor_options.hpp:20[m[K,
                 from [01m[K/opt/ros/humble/include/rclcpp/rclcpp/executor.hpp:37[m[K,
                 from [01m[K/opt/ros/humble/include/rclcpp/rclcpp/executors/multi_threaded_executor.hpp:25[m[K,
                 from [01m[K/opt/ros/humble/include/rclcpp/rclcpp/executors.hpp:21[m[K,
                 from [01m[K/opt/ros/humble/include/rclcpp/rclcpp/rclcpp.hpp:155[m[K,
                 from [01m[K/home/nicholas/arduinobot_ws/src/aruduinobot_controller/include/arduinobot_controller/arduinobot_interface.hpp:3[m[K,
                 from [01m[K/home/nicholas/arduinobot_ws/src/aruduinobot_controller/src/arduinobot_interface.cpp:1[m[K:
[01m[K/home/nicholas/arduinobot_ws/src/aruduinobot_controller/src/arduinobot_interface.cpp:135:63:[m[K [01;31m[Kerror: [m[Kexpected primary-expression before ‘[01m[K)[m[K’ token
  135 |     RCLCPP_FATAL_STREAM(rclcpp::get_logger(ArduinobotInterface[01;31m[K)[m[K, "hardware stopped");
      |                                                               [01;31m[K^[m[K
[01m[K/home/nicholas/arduinobot_ws/src/aruduinobot_controller/src/arduinobot_interface.cpp:135:5:[m[K [01;31m[Kerror: [m[Ktemplate argument 1 is invalid
  135 |     [01;31m[KRCLCPP_FATAL_STREAM[m[K(rclcpp::get_logger(ArduinobotInterface), "hardware stopped");
      |     [01;31m[K^~~~~~~~~~~~~~~~~~~[m[K
[01m[K/home/nicholas/arduinobot_ws/src/aruduinobot_controller/src/arduinobot_interface.cpp:135:5:[m[K [01;31m[Kerror: [m[Ktemplate argument 1 is invalid
  135 |     [01;31m[KRCLCPP_FATAL_STREAM[m[K(rclcpp::get_logger(ArduinobotInterface), "hardware stopped");
      |     [01;31m[K^~~~~~~~~~~~~~~~~~~[m[K
[01m[K/home/nicholas/arduinobot_ws/src/aruduinobot_controller/src/arduinobot_interface.cpp:135:5:[m[K [01;31m[Kerror: [m[Ktemplate argument 1 is invalid
  135 |     [01;31m[KRCLCPP_FATAL_STREAM[m[K(rclcpp::get_logger(ArduinobotInterface), "hardware stopped");
      |     [01;31m[K^~~~~~~~~~~~~~~~~~~[m[K
In file included from [01m[K/opt/ros/humble/include/rclcpp/rclcpp/logging.hpp:24[m[K,
                 from [01m[K/opt/ros/humble/include/rclcpp/rclcpp/client.hpp:40[m[K,
                 from [01m[K/opt/ros/humble/include/rclcpp/rclcpp/callback_group.hpp:24[m[K,
                 from [01m[K/opt/ros/humble/include/rclcpp/rclcpp/any_executable.hpp:20[m[K,
                 from [01m[K/opt/ros/humble/include/rclcpp/rclcpp/memory_strategy.hpp:25[m[K,
                 from [01m[K/opt/ros/humble/include/rclcpp/rclcpp/memory_strategies.hpp:18[m[K,
                 from [01m[K/opt/ros/humble/include/rclcpp/rclcpp/executor_options.hpp:20[m[K,
                 from [01m[K/opt/ros/humble/include/rclcpp/rclcpp/executor.hpp:37[m[K,
                 from [01m[K/opt/ros/humble/include/rclcpp/rclcpp/executors/multi_threaded_executor.hpp:25[m[K,
                 from [01m[K/opt/ros/humble/include/rclcpp/rclcpp/executors.hpp:21[m[K,
                 from [01m[K/opt/ros/humble/include/rclcpp/rclcpp/rclcpp.hpp:155[m[K,
                 from [01m[K/home/nicholas/arduinobot_ws/src/aruduinobot_controller/include/arduinobot_controller/arduinobot_interface.hpp:3[m[K,
                 from [01m[K/home/nicholas/arduinobot_ws/src/aruduinobot_controller/src/arduinobot_interface.cpp:1[m[K:
[01m[K/home/nicholas/arduinobot_ws/src/aruduinobot_controller/src/arduinobot_interface.cpp:135:63:[m[K [01;31m[Kerror: [m[Kexpected primary-expression before ‘[01m[K)[m[K’ token
  135 |     RCLCPP_FATAL_STREAM(rclcpp::get_logger(ArduinobotInterface[01;31m[K)[m[K, "hardware stopped");
      |                                                               [01;31m[K^[m[K
[01m[K/home/nicholas/arduinobot_ws/src/aruduinobot_controller/src/arduinobot_interface.cpp:135:63:[m[K [01;31m[Kerror: [m[Kexpected primary-expression before ‘[01m[K)[m[K’ token
  135 |     RCLCPP_FATAL_STREAM(rclcpp::get_logger(ArduinobotInterface[01;31m[K)[m[K, "hardware stopped");
      |                                                               [01;31m[K^[m[K
[01m[K/home/nicholas/arduinobot_ws/src/aruduinobot_controller/src/arduinobot_interface.cpp:136:35:[m[K [01;31m[Kerror: [m[Kexpected ‘[01m[K;[m[K’ before ‘[01m[K}[m[K’ token
  136 |     return CallbackReturn::SUCCESS
      |                                   [01;31m[K^[m[K
      |                                   [32m[K;[m[K
  137 | 
  138 | [32m[K}[m[K
      | [32m[K~[m[K                                  
[01m[K/home/nicholas/arduinobot_ws/src/aruduinobot_controller/src/arduinobot_interface.cpp:118:83:[m[K [01;35m[Kwarning: [m[Kunused parameter ‘[01m[Kprevious_state[m[K’ [[01;35m[K]8;;https://gcc.gnu.org/onlinedocs/gcc/Warning-Options.html#index-Wunused-parameter-Wunused-parameter]8;;[m[K]
  118 | CallbackReturn ArduinobotInterface::on_deactivate([01;35m[Kconst rclcpp_lifecycle::State & previous_state[m[K)
      |                                                   [01;35m[K~~~~~~~~~~~~~~~~~~~~~~~~~~~~~~~~^~~~~~~~~~~~~~[m[K
[01m[K/home/nicholas/arduinobot_ws/src/aruduinobot_controller/src/arduinobot_interface.cpp:[m[K In member function ‘[01m[Kvirtual hardware_interface::return_type arduinobot_controller::ArduinobotInterface::read(const rclcpp::Time&, const rclcpp::Duration&)[m[K’:
[01m[K/home/nicholas/arduinobot_ws/src/aruduinobot_controller/src/arduinobot_interface.cpp:141:80:[m[K [01;35m[Kwarning: [m[Kunused parameter ‘[01m[Ktime[m[K’ [[01;35m[K]8;;https://gcc.gnu.org/onlinedocs/gcc/Warning-Options.html#index-Wunused-parameter-Wunused-parameter]8;;[m[K]
  141 | hardware_interface::return_type ArduinobotInterface::read([01;35m[Kconst rclcpp::Time & time[m[K, const rclcpp::Duration & period)
      |                                                           [01;35m[K~~~~~~~~~~~~~~~~~~~~~^~~~[m[K
[01m[K/home/nicholas/arduinobot_ws/src/aruduinobot_controller/src/arduinobot_interface.cpp:141:111:[m[K [01;35m[Kwarning: [m[Kunused parameter ‘[01m[Kperiod[m[K’ [[01;35m[K]8;;https://gcc.gnu.org/onlinedocs/gcc/Warning-Options.html#index-Wunused-parameter-Wunused-parameter]8;;[m[K]
  141 | hardware_interface::return_type ArduinobotInterface::read(const rclcpp::Time & time, [01;35m[Kconst rclcpp::Duration & period[m[K)
      |                                                                                      [01;35m[K~~~~~~~~~~~~~~~~~~~~~~~~~^~~~~~[m[K
[01m[K/home/nicholas/arduinobot_ws/src/aruduinobot_controller/src/arduinobot_interface.cpp:[m[K In member function ‘[01m[Kvirtual hardware_interface::return_type arduinobot_controller::ArduinobotInterface::write(const rclcpp::Time&, const rclcpp::Duration&)[m[K’:
[01m[K/home/nicholas/arduinobot_ws/src/aruduinobot_controller/src/arduinobot_interface.cpp:150:30:[m[K [01;31m[Kerror: [m[K‘[01m[Kprev_position_commands_[m[K’ was not declared in this scope; did you mean ‘[01m[Kprevious_position_commands_[m[K’?
  150 |     if(position_commands_ == [01;31m[Kprev_position_commands_[m[K)
      |                              [01;31m[K^~~~~~~~~~~~~~~~~~~~~~~[m[K
      |                              [32m[Kprevious_position_commands_[m[K
In file included from [01m[K/opt/ros/humble/include/rclcpp/rclcpp/client.hpp:40[m[K,
                 from [01m[K/opt/ros/humble/include/rclcpp/rclcpp/callback_group.hpp:24[m[K,
                 from [01m[K/opt/ros/humble/include/rclcpp/rclcpp/any_executable.hpp:20[m[K,
                 from [01m[K/opt/ros/humble/include/rclcpp/rclcpp/memory_strategy.hpp:25[m[K,
                 from [01m[K/opt/ros/humble/include/rclcpp/rclcpp/memory_strategies.hpp:18[m[K,
                 from [01m[K/opt/ros/humble/include/rclcpp/rclcpp/executor_options.hpp:20[m[K,
                 from [01m[K/opt/ros/humble/include/rclcpp/rclcpp/executor.hpp:37[m[K,
                 from [01m[K/opt/ros/humble/include/rclcpp/rclcpp/executors/multi_threaded_executor.hpp:25[m[K,
                 from [01m[K/opt/ros/humble/include/rclcpp/rclcpp/executors.hpp:21[m[K,
                 from [01m[K/opt/ros/humble/include/rclcpp/rclcpp/rclcpp.hpp:155[m[K,
                 from [01m[K/home/nicholas/arduinobot_ws/src/aruduinobot_controller/include/arduinobot_controller/arduinobot_interface.hpp:3[m[K,
                 from [01m[K/home/nicholas/arduinobot_ws/src/aruduinobot_controller/src/arduinobot_interface.cpp:1[m[K:
[01m[K/home/nicholas/arduinobot_ws/src/aruduinobot_controller/src/arduinobot_interface.cpp:183:67:[m[K [01;31m[Kerror: [m[Kexpected primary-expression before ‘[01m[K)[m[K’ token
  183 |         RCLCPP_ERROR_STREAM(rclcpp::get_logger(ArduinobotInterface[01;31m[K)[m[K, "something went wrong while sending the message" << msg << port_);
      |                                                                   [01;31m[K^[m[K
[01m[K/home/nicholas/arduinobot_ws/src/aruduinobot_controller/src/arduinobot_interface.cpp:183:9:[m[K [01;31m[Kerror: [m[Ktemplate argument 1 is invalid
  183 |         [01;31m[KRCLCPP_ERROR_STREAM[m[K(rclcpp::get_logger(ArduinobotInterface), "something went wrong while sending the message" << msg << port_);
      |         [01;31m[K^~~~~~~~~~~~~~~~~~~[m[K
[01m[K/home/nicholas/arduinobot_ws/src/aruduinobot_controller/src/arduinobot_interface.cpp:183:9:[m[K [01;31m[Kerror: [m[Ktemplate argument 1 is invalid
  183 |         [01;31m[KRCLCPP_ERROR_STREAM[m[K(rclcpp::get_logger(ArduinobotInterface), "something went wrong while sending the message" << msg << port_);
      |         [01;31m[K^~~~~~~~~~~~~~~~~~~[m[K
[01m[K/home/nicholas/arduinobot_ws/src/aruduinobot_controller/src/arduinobot_interface.cpp:183:9:[m[K [01;31m[Kerror: [m[Ktemplate argument 1 is invalid
  183 |         [01;31m[KRCLCPP_ERROR_STREAM[m[K(rclcpp::get_logger(ArduinobotInterface), "something went wrong while sending the message" << msg << port_);
      |         [01;31m[K^~~~~~~~~~~~~~~~~~~[m[K
In file included from [01m[K/opt/ros/humble/include/rclcpp/rclcpp/logging.hpp:24[m[K,
                 from [01m[K/opt/ros/humble/include/rclcpp/rclcpp/client.hpp:40[m[K,
                 from [01m[K/opt/ros/humble/include/rclcpp/rclcpp/callback_group.hpp:24[m[K,
                 from [01m[K/opt/ros/humble/include/rclcpp/rclcpp/any_executable.hpp:20[m[K,
                 from [01m[K/opt/ros/humble/include/rclcpp/rclcpp/memory_strategy.hpp:25[m[K,
                 from [01m[K/opt/ros/humble/include/rclcpp/rclcpp/memory_strategies.hpp:18[m[K,
                 from [01m[K/opt/ros/humble/include/rclcpp/rclcpp/executor_options.hpp:20[m[K,
                 from [01m[K/opt/ros/humble/include/rclcpp/rclcpp/executor.hpp:37[m[K,
                 from [01m[K/opt/ros/humble/include/rclcpp/rclcpp/executors/multi_threaded_executor.hpp:25[m[K,
                 from [01m[K/opt/ros/humble/include/rclcpp/rclcpp/executors.hpp:21[m[K,
                 from [01m[K/opt/ros/humble/include/rclcpp/rclcpp/rclcpp.hpp:155[m[K,
                 from [01m[K/home/nicholas/arduinobot_ws/src/aruduinobot_controller/include/arduinobot_controller/arduinobot_interface.hpp:3[m[K,
                 from [01m[K/home/nicholas/arduinobot_ws/src/aruduinobot_controller/src/arduinobot_interface.cpp:1[m[K:
[01m[K/home/nicholas/arduinobot_ws/src/aruduinobot_controller/src/arduinobot_interface.cpp:183:67:[m[K [01;31m[Kerror: [m[Kexpected primary-expression before ‘[01m[K)[m[K’ token
  183 |         RCLCPP_ERROR_STREAM(rclcpp::get_logger(ArduinobotInterface[01;31m[K)[m[K, "something went wrong while sending the message" << msg << port_);
      |                                                                   [01;31m[K^[m[K
[01m[K/home/nicholas/arduinobot_ws/src/aruduinobot_controller/src/arduinobot_interface.cpp:183:67:[m[K [01;31m[Kerror: [m[Kexpected primary-expression before ‘[01m[K)[m[K’ token
  183 |         RCLCPP_ERROR_STREAM(rclcpp::get_logger(ArduinobotInterface[01;31m[K)[m[K, "something went wrong while sending the message" << msg << port_);
      |                                                                   [01;31m[K^[m[K
[01m[K/home/nicholas/arduinobot_ws/src/aruduinobot_controller/src/arduinobot_interface.cpp:184:54:[m[K [01;31m[Kerror: [m[Kexpected ‘[01m[K;[m[K’ before ‘[01m[K}[m[K’ token
  184 |         return hardware_interface::return_type::ERROR
      |                                                      [01;31m[K^[m[K
      |                                                      [32m[K;[m[K
  185 |     [32m[K}[m[K
      |     [32m[K~[m[K                                                 
[01m[K/home/nicholas/arduinobot_ws/src/aruduinobot_controller/src/arduinobot_interface.cpp:187:5:[m[K [01;31m[Kerror: [m[K‘[01m[Kprev_position_commands_[m[K’ was not declared in this scope; did you mean ‘[01m[Kprevious_position_commands_[m[K’?
  187 |     [01;31m[Kprev_position_commands_[m[K = position_commands_;
      |     [01;31m[K^~~~~~~~~~~~~~~~~~~~~~~[m[K
      |     [32m[Kprevious_position_commands_[m[K
[01m[K/home/nicholas/arduinobot_ws/src/aruduinobot_controller/src/arduinobot_interface.cpp:188:5:[m[K [01;31m[Kerror: [m[K‘[01m[Kretrun[m[K’ was not declared in this scope
  188 |     [01;31m[Kretrun[m[K hardware_interface::return_type::OK;
      |     [01;31m[K^~~~~~[m[K
[01m[K/home/nicholas/arduinobot_ws/src/aruduinobot_controller/src/arduinobot_interface.cpp:148:81:[m[K [01;35m[Kwarning: [m[Kunused parameter ‘[01m[Ktime[m[K’ [[01;35m[K]8;;https://gcc.gnu.org/onlinedocs/gcc/Warning-Options.html#index-Wunused-parameter-Wunused-parameter]8;;[m[K]
  148 | hardware_interface::return_type ArduinobotInterface::write([01;35m[Kconst rclcpp::Time & time[m[K, const rclcpp::Duration & period)
      |                                                            [01;35m[K~~~~~~~~~~~~~~~~~~~~~^~~~[m[K
[01m[K/home/nicholas/arduinobot_ws/src/aruduinobot_controller/src/arduinobot_interface.cpp:148:112:[m[K [01;35m[Kwarning: [m[Kunused parameter ‘[01m[Kperiod[m[K’ [[01;35m[K]8;;https://gcc.gnu.org/onlinedocs/gcc/Warning-Options.html#index-Wunused-parameter-Wunused-parameter]8;;[m[K]
  148 | hardware_interface::return_type ArduinobotInterface::write(const rclcpp::Time & time, [01;35m[Kconst rclcpp::Duration & period[m[K)
      |                                                                                       [01;35m[K~~~~~~~~~~~~~~~~~~~~~~~~~^~~~~~[m[K
[01m[K/home/nicholas/arduinobot_ws/src/aruduinobot_controller/src/arduinobot_interface.cpp:189:1:[m[K [01;35m[Kwarning: [m[Kcontrol reaches end of non-void function [[01;35m[K]8;;https://gcc.gnu.org/onlinedocs/gcc/Warning-Options.html#index-Wreturn-type-Wreturn-type]8;;[m[K]
  189 | [01;35m[K}[m[K
      | [01;35m[K^[m[K
gmake[2]: *** [CMakeFiles/aruduinobot_controller.dir/build.make:76: CMakeFiles/aruduinobot_controller.dir/src/arduinobot_interface.cpp.o] Error 1
gmake[1]: *** [CMakeFiles/Makefile2:137: CMakeFiles/aruduinobot_controller.dir/all] Error 2
gmake: *** [Makefile:146: all] Error 2
