[0.026s] Invoking command in '/home/nicholas/arduinobot_ws/build/arduinobot_cpp_examples': CMAKE_PREFIX_PATH=${CMAKE_PREFIX_PATH}:/home/nicholas/arduinobot_ws/install/arduinobot_py_examples:/opt/ros/humble /usr/bin/cmake --build /home/nicholas/arduinobot_ws/build/arduinobot_cpp_examples -- -j16 -l16
[0.056s] -- Found ament_cmake: 1.3.11 (/opt/ros/humble/share/ament_cmake/cmake)
[0.177s] -- Found rclcpp: 16.0.12 (/opt/ros/humble/share/rclcpp/cmake)
[0.202s] -- Found rosidl_generator_c: 3.1.6 (/opt/ros/humble/share/rosidl_generator_c/cmake)
[0.205s] -- Found rosidl_adapter: 3.1.6 (/opt/ros/humble/share/rosidl_adapter/cmake)
[0.211s] -- Found rosidl_generator_cpp: 3.1.6 (/opt/ros/humble/share/rosidl_generator_cpp/cmake)
[0.222s] -- Using all available rosidl_typesupport_c: rosidl_typesupport_fastrtps_c;rosidl_typesupport_introspection_c
[0.233s] -- Using all available rosidl_typesupport_cpp: rosidl_typesupport_fastrtps_cpp;rosidl_typesupport_introspection_cpp
[0.261s] -- Found rmw_implementation_cmake: 6.1.2 (/opt/ros/humble/share/rmw_implementation_cmake/cmake)
[0.262s] -- Found rmw_cyclonedds_cpp: 1.3.4 (/opt/ros/humble/share/rmw_cyclonedds_cpp/cmake)
[0.277s] -- Using RMW implementation 'rmw_cyclonedds_cpp' as default
[0.322s] -- Found arduinobot_msgs: 0.0.0 (/home/nicholas/arduinobot_ws/install/arduinobot_msgs/share/arduinobot_msgs/cmake)
[0.354s] -- Found rclcpp_action: 16.0.12 (/opt/ros/humble/share/rclcpp_action/cmake)
[0.361s] -- Found rclcpp_components: 16.0.12 (/opt/ros/humble/share/rclcpp_components/cmake)
[0.377s] -- Found moveit_ros_planning_interface: 2.5.8 (/opt/ros/humble/share/moveit_ros_planning_interface/cmake)
[0.396s] -- Found Boost: /usr/lib/x86_64-linux-gnu/cmake/Boost-1.74.0/BoostConfig.cmake (found version "1.74.0") found components: date_time filesystem program_options system thread 
[0.518s] -- Found Boost: /usr/lib/x86_64-linux-gnu/cmake/Boost-1.74.0/BoostConfig.cmake (found version "1.74.0") found components: chrono date_time filesystem iostreams program_options regex serialization system thread 
[0.545s] -- Found parameter_traits: 0.4.0 (/opt/ros/humble/share/parameter_traits/cmake)
[0.553s] -- Found rclcpp_lifecycle: 16.0.12 (/opt/ros/humble/share/rclcpp_lifecycle/cmake)
[0.571s] -- Found Boost: /usr/lib/x86_64-linux-gnu/cmake/Boost-1.74.0/BoostConfig.cmake (found version "1.74.0") found components: filesystem 
[0.603s] -- library: /usr/lib/x86_64-linux-gnu/libcurl.so
[0.630s] -- Ensuring Eigen3 include directory is part of orocos-kdl CMake target
[0.718s] -- Found Boost: /usr/lib/x86_64-linux-gnu/cmake/Boost-1.74.0/BoostConfig.cmake (found version "1.74.0") found components: system filesystem date_time program_options thread chrono 
[0.743s] -- Found Boost: /usr/lib/x86_64-linux-gnu/cmake/Boost-1.74.0/BoostConfig.cmake (found version "1.74.0") found components: thread system filesystem regex date_time program_options 
[0.768s] -- Found Boost: /usr/lib/x86_64-linux-gnu/cmake/Boost-1.74.0/BoostConfig.cmake (found version "1.74.0") found components: system filesystem date_time program_options thread 
[0.863s] -- Configuring done
[0.869s] [31mCMake Error at CMakeLists.txt:16 (add_executable):
[0.869s]   Cannot find source file:
[0.869s] 
[0.869s]     src/simple_publisher.cpp
[0.869s] 
[0.869s]   Tried extensions .c .C .c++ .cc .cpp .cxx .cu .mpp .m .M .mm .ixx .cppm .h
[0.869s]   .hh .h++ .hm .hpp .hxx .in .txx .f .F .for .f77 .f90 .f95 .f03 .hip .ispc
[0.869s] 
[0.869s] [0m
[0.870s] [31mCMake Error at CMakeLists.txt:19 (add_executable):
[0.870s]   Cannot find source file:
[0.870s] 
[0.870s]     src/simple_subscriber.cpp
[0.870s] 
[0.870s]   Tried extensions .c .C .c++ .cc .cpp .cxx .cu .mpp .m .M .mm .ixx .cppm .h
[0.870s]   .hh .h++ .hm .hpp .hxx .in .txx .f .F .for .f77 .f90 .f95 .f03 .hip .ispc
[0.870s] 
[0.870s] [0m
[0.870s] [31mCMake Error at CMakeLists.txt:22 (add_executable):
[0.870s]   Cannot find source file:
[0.870s] 
[0.870s]     src/simple_parameter.cpp
[0.870s] 
[0.870s]   Tried extensions .c .C .c++ .cc .cpp .cxx .cu .mpp .m .M .mm .ixx .cppm .h
[0.870s]   .hh .h++ .hm .hpp .hxx .in .txx .f .F .for .f77 .f90 .f95 .f03 .hip .ispc
[0.871s] 
[0.871s] [0m
[0.871s] [31mCMake Error at CMakeLists.txt:25 (add_executable):
[0.871s]   Cannot find source file:
[0.871s] 
[0.871s]     src/simple_service_server.cpp
[0.871s] 
[0.871s]   Tried extensions .c .C .c++ .cc .cpp .cxx .cu .mpp .m .M .mm .ixx .cppm .h
[0.871s]   .hh .h++ .hm .hpp .hxx .in .txx .f .F .for .f77 .f90 .f95 .f03 .hip .ispc
[0.871s] 
[0.871s] [0m
[0.871s] [31mCMake Error at CMakeLists.txt:28 (add_executable):
[0.871s]   Cannot find source file:
[0.871s] 
[0.871s]     src/simple_service_client.cpp
[0.871s] 
[0.871s]   Tried extensions .c .C .c++ .cc .cpp .cxx .cu .mpp .m .M .mm .ixx .cppm .h
[0.871s]   .hh .h++ .hm .hpp .hxx .in .txx .f .F .for .f77 .f90 .f95 .f03 .hip .ispc
[0.872s] 
[0.872s] [0m
[0.872s] [31mCMake Error at CMakeLists.txt:31 (add_library):
[0.872s]   Cannot find source file:
[0.872s] 
[0.872s]     src/simple_action_server.cpp
[0.872s] 
[0.872s]   Tried extensions .c .C .c++ .cc .cpp .cxx .cu .mpp .m .M .mm .ixx .cppm .h
[0.872s]   .hh .h++ .hm .hpp .hxx .in .txx .f .F .for .f77 .f90 .f95 .f03 .hip .ispc
[0.872s] 
[0.872s] [0m
[0.872s] [31mCMake Error at CMakeLists.txt:47 (add_library):
[0.872s]   Cannot find source file:
[0.872s] 
[0.872s]     src/simple_action_client.cpp
[0.872s] 
[0.872s]   Tried extensions .c .C .c++ .cc .cpp .cxx .cu .mpp .m .M .mm .ixx .cppm .h
[0.872s]   .hh .h++ .hm .hpp .hxx .in .txx .f .F .for .f77 .f90 .f95 .f03 .hip .ispc
[0.872s] 
[0.873s] [0m
[0.877s] [31mCMake Error at CMakeLists.txt:16 (add_executable):
[0.877s]   No SOURCES given to target: simple_publisher
[0.877s] 
[0.878s] [0m
[0.878s] [31mCMake Error at CMakeLists.txt:19 (add_executable):
[0.878s]   No SOURCES given to target: simple_subscriber
[0.878s] 
[0.878s] [0m
[0.878s] [31mCMake Error at CMakeLists.txt:22 (add_executable):
[0.878s]   No SOURCES given to target: simple_parameter
[0.878s] 
[0.878s] [0m
[0.878s] [31mCMake Error at CMakeLists.txt:25 (add_executable):
[0.878s]   No SOURCES given to target: simple_service_server
[0.878s] 
[0.878s] [0m
[0.878s] [31mCMake Error at CMakeLists.txt:28 (add_executable):
[0.878s]   No SOURCES given to target: simple_service_client
[0.878s] 
[0.878s] [0m
[0.878s] [31mCMake Error at CMakeLists.txt:31 (add_library):
[0.878s]   No SOURCES given to target: simple_action_server
[0.878s] 
[0.878s] [0m
[0.878s] [31mCMake Error at CMakeLists.txt:47 (add_library):
[0.878s]   No SOURCES given to target: simple_action_client
[0.878s] 
[0.879s] [0m
[0.879s] [0mCMake Generate step failed.  Build files cannot be regenerated correctly.[0m
[0.890s] gmake: *** [Makefile:267: cmake_check_build_system] Error 1
[0.893s] Invoked command in '/home/nicholas/arduinobot_ws/build/arduinobot_cpp_examples' returned '2': CMAKE_PREFIX_PATH=${CMAKE_PREFIX_PATH}:/home/nicholas/arduinobot_ws/install/arduinobot_py_examples:/opt/ros/humble /usr/bin/cmake --build /home/nicholas/arduinobot_ws/build/arduinobot_cpp_examples -- -j16 -l16
