[0.154s] DEBUG:colcon:Command line arguments: ['/usr/bin/colcon', 'build']
[0.154s] DEBUG:colcon:Parsed command line arguments: Namespace(log_base=None, log_level=None, verb_name='build', build_base='build', install_base='install', merge_install=False, symlink_install=False, test_result_base=None, continue_on_error=False, executor='parallel', parallel_workers=8, event_handlers=None, ignore_user_meta=False, metas=['./colcon.meta'], base_paths=['.'], packages_ignore=None, packages_ignore_regex=None, paths=None, packages_up_to=None, packages_up_to_regex=None, packages_above=None, packages_above_and_dependencies=None, packages_above_depth=None, packages_select_by_dep=None, packages_skip_by_dep=None, packages_skip_up_to=None, packages_select_build_failed=False, packages_skip_build_finished=False, packages_select_test_failures=False, packages_skip_test_passed=False, packages_select=None, packages_skip=None, packages_select_regex=None, packages_skip_regex=None, packages_start=None, packages_end=None, allow_overriding=[], cmake_args=None, cmake_target=None, cmake_target_skip_unavailable=False, cmake_clean_cache=False, cmake_clean_first=False, cmake_force_configure=False, ament_cmake_args=None, catkin_cmake_args=None, catkin_skip_building_tests=False, mixin_files=None, mixin=None, verb_parser=<colcon_mixin.mixin.mixin_argument.MixinArgumentDecorator object at 0x7fa54d51d7b0>, verb_extension=<colcon_core.verb.build.BuildVerb object at 0x7fa54d62a6e0>, main=<bound method BuildVerb.main of <colcon_core.verb.build.BuildVerb object at 0x7fa54d62a6e0>>, mixin_verb=('build',))
[0.372s] Level 1:colcon.colcon_core.package_discovery:discover_packages(colcon_meta) check parameters
[0.372s] Level 1:colcon.colcon_core.package_discovery:discover_packages(recursive) check parameters
[0.372s] Level 1:colcon.colcon_core.package_discovery:discover_packages(ignore) check parameters
[0.372s] Level 1:colcon.colcon_core.package_discovery:discover_packages(path) check parameters
[0.372s] Level 1:colcon.colcon_core.package_discovery:discover_packages(colcon_meta) discover
[0.372s] Level 1:colcon.colcon_core.package_discovery:discover_packages(recursive) discover
[0.372s] INFO:colcon.colcon_core.package_discovery:Crawling recursively for packages in '/home/nadurham/arduinobot_ws'
[0.372s] Level 1:colcon.colcon_core.package_identification:_identify(.) by extensions ['ignore', 'ignore_ament_install']
[0.372s] Level 1:colcon.colcon_core.package_identification:_identify(.) by extension 'ignore'
[0.372s] Level 1:colcon.colcon_core.package_identification:_identify(.) by extension 'ignore_ament_install'
[0.373s] Level 1:colcon.colcon_core.package_identification:_identify(.) by extensions ['colcon_pkg']
[0.373s] Level 1:colcon.colcon_core.package_identification:_identify(.) by extension 'colcon_pkg'
[0.373s] Level 1:colcon.colcon_core.package_identification:_identify(.) by extensions ['colcon_meta']
[0.373s] Level 1:colcon.colcon_core.package_identification:_identify(.) by extension 'colcon_meta'
[0.373s] Level 1:colcon.colcon_core.package_identification:_identify(.) by extensions ['ros']
[0.373s] Level 1:colcon.colcon_core.package_identification:_identify(.) by extension 'ros'
[0.386s] Level 1:colcon.colcon_core.package_identification:_identify(.) by extensions ['cmake', 'python']
[0.386s] Level 1:colcon.colcon_core.package_identification:_identify(.) by extension 'cmake'
[0.386s] Level 1:colcon.colcon_core.package_identification:_identify(.) by extension 'python'
[0.386s] Level 1:colcon.colcon_core.package_identification:_identify(.) by extensions ['python_setup_py']
[0.386s] Level 1:colcon.colcon_core.package_identification:_identify(.) by extension 'python_setup_py'
[0.387s] Level 1:colcon.colcon_core.package_identification:_identify(build) by extensions ['ignore', 'ignore_ament_install']
[0.387s] Level 1:colcon.colcon_core.package_identification:_identify(build) by extension 'ignore'
[0.387s] Level 1:colcon.colcon_core.package_identification:_identify(build) ignored
[0.387s] Level 1:colcon.colcon_core.package_identification:_identify(install) by extensions ['ignore', 'ignore_ament_install']
[0.387s] Level 1:colcon.colcon_core.package_identification:_identify(install) by extension 'ignore'
[0.387s] Level 1:colcon.colcon_core.package_identification:_identify(install) ignored
[0.387s] Level 1:colcon.colcon_core.package_identification:_identify(log) by extensions ['ignore', 'ignore_ament_install']
[0.387s] Level 1:colcon.colcon_core.package_identification:_identify(log) by extension 'ignore'
[0.387s] Level 1:colcon.colcon_core.package_identification:_identify(log) ignored
[0.387s] Level 1:colcon.colcon_core.package_identification:_identify(src) by extensions ['ignore', 'ignore_ament_install']
[0.388s] Level 1:colcon.colcon_core.package_identification:_identify(src) by extension 'ignore'
[0.388s] Level 1:colcon.colcon_core.package_identification:_identify(src) by extension 'ignore_ament_install'
[0.388s] Level 1:colcon.colcon_core.package_identification:_identify(src) by extensions ['colcon_pkg']
[0.388s] Level 1:colcon.colcon_core.package_identification:_identify(src) by extension 'colcon_pkg'
[0.388s] Level 1:colcon.colcon_core.package_identification:_identify(src) by extensions ['colcon_meta']
[0.388s] Level 1:colcon.colcon_core.package_identification:_identify(src) by extension 'colcon_meta'
[0.388s] Level 1:colcon.colcon_core.package_identification:_identify(src) by extensions ['ros']
[0.388s] Level 1:colcon.colcon_core.package_identification:_identify(src) by extension 'ros'
[0.388s] Level 1:colcon.colcon_core.package_identification:_identify(src) by extensions ['cmake', 'python']
[0.388s] Level 1:colcon.colcon_core.package_identification:_identify(src) by extension 'cmake'
[0.388s] Level 1:colcon.colcon_core.package_identification:_identify(src) by extension 'python'
[0.388s] Level 1:colcon.colcon_core.package_identification:_identify(src) by extensions ['python_setup_py']
[0.388s] Level 1:colcon.colcon_core.package_identification:_identify(src) by extension 'python_setup_py'
[0.388s] Level 1:colcon.colcon_core.package_identification:_identify(src/arduinobot_cpp_examples) by extensions ['ignore', 'ignore_ament_install']
[0.388s] Level 1:colcon.colcon_core.package_identification:_identify(src/arduinobot_cpp_examples) by extension 'ignore'
[0.388s] Level 1:colcon.colcon_core.package_identification:_identify(src/arduinobot_cpp_examples) by extension 'ignore_ament_install'
[0.388s] Level 1:colcon.colcon_core.package_identification:_identify(src/arduinobot_cpp_examples) by extensions ['colcon_pkg']
[0.388s] Level 1:colcon.colcon_core.package_identification:_identify(src/arduinobot_cpp_examples) by extension 'colcon_pkg'
[0.388s] Level 1:colcon.colcon_core.package_identification:_identify(src/arduinobot_cpp_examples) by extensions ['colcon_meta']
[0.388s] Level 1:colcon.colcon_core.package_identification:_identify(src/arduinobot_cpp_examples) by extension 'colcon_meta'
[0.388s] Level 1:colcon.colcon_core.package_identification:_identify(src/arduinobot_cpp_examples) by extensions ['ros']
[0.388s] Level 1:colcon.colcon_core.package_identification:_identify(src/arduinobot_cpp_examples) by extension 'ros'
[0.391s] DEBUG:colcon.colcon_core.package_identification:Package 'src/arduinobot_cpp_examples' with type 'ros.ament_cmake' and name 'arduinobot_cpp_examples'
[0.392s] Level 1:colcon.colcon_core.package_identification:_identify(src/arduinobot_description) by extensions ['ignore', 'ignore_ament_install']
[0.392s] Level 1:colcon.colcon_core.package_identification:_identify(src/arduinobot_description) by extension 'ignore'
[0.392s] Level 1:colcon.colcon_core.package_identification:_identify(src/arduinobot_description) by extension 'ignore_ament_install'
[0.392s] Level 1:colcon.colcon_core.package_identification:_identify(src/arduinobot_description) by extensions ['colcon_pkg']
[0.392s] Level 1:colcon.colcon_core.package_identification:_identify(src/arduinobot_description) by extension 'colcon_pkg'
[0.392s] Level 1:colcon.colcon_core.package_identification:_identify(src/arduinobot_description) by extensions ['colcon_meta']
[0.392s] Level 1:colcon.colcon_core.package_identification:_identify(src/arduinobot_description) by extension 'colcon_meta'
[0.392s] Level 1:colcon.colcon_core.package_identification:_identify(src/arduinobot_description) by extensions ['ros']
[0.392s] Level 1:colcon.colcon_core.package_identification:_identify(src/arduinobot_description) by extension 'ros'
[0.394s] DEBUG:colcon.colcon_core.package_identification:Package 'src/arduinobot_description' with type 'ros.ament_cmake' and name 'arduinobot_description'
[0.394s] Level 1:colcon.colcon_core.package_identification:_identify(src/arduinobot_py_examples) by extensions ['ignore', 'ignore_ament_install']
[0.395s] Level 1:colcon.colcon_core.package_identification:_identify(src/arduinobot_py_examples) by extension 'ignore'
[0.395s] Level 1:colcon.colcon_core.package_identification:_identify(src/arduinobot_py_examples) by extension 'ignore_ament_install'
[0.395s] Level 1:colcon.colcon_core.package_identification:_identify(src/arduinobot_py_examples) by extensions ['colcon_pkg']
[0.395s] Level 1:colcon.colcon_core.package_identification:_identify(src/arduinobot_py_examples) by extension 'colcon_pkg'
[0.395s] Level 1:colcon.colcon_core.package_identification:_identify(src/arduinobot_py_examples) by extensions ['colcon_meta']
[0.395s] Level 1:colcon.colcon_core.package_identification:_identify(src/arduinobot_py_examples) by extension 'colcon_meta'
[0.395s] Level 1:colcon.colcon_core.package_identification:_identify(src/arduinobot_py_examples) by extensions ['ros']
[0.395s] Level 1:colcon.colcon_core.package_identification:_identify(src/arduinobot_py_examples) by extension 'ros'
[0.395s] DEBUG:colcon.colcon_core.package_identification:Package 'src/arduinobot_py_examples' with type 'ros.ament_python' and name 'arduinobot_py_examples'
[0.396s] Level 1:colcon.colcon_core.package_identification:_identify(src/aruduinobot_controller) by extensions ['ignore', 'ignore_ament_install']
[0.396s] Level 1:colcon.colcon_core.package_identification:_identify(src/aruduinobot_controller) by extension 'ignore'
[0.396s] Level 1:colcon.colcon_core.package_identification:_identify(src/aruduinobot_controller) by extension 'ignore_ament_install'
[0.396s] Level 1:colcon.colcon_core.package_identification:_identify(src/aruduinobot_controller) by extensions ['colcon_pkg']
[0.396s] Level 1:colcon.colcon_core.package_identification:_identify(src/aruduinobot_controller) by extension 'colcon_pkg'
[0.396s] Level 1:colcon.colcon_core.package_identification:_identify(src/aruduinobot_controller) by extensions ['colcon_meta']
[0.396s] Level 1:colcon.colcon_core.package_identification:_identify(src/aruduinobot_controller) by extension 'colcon_meta'
[0.396s] Level 1:colcon.colcon_core.package_identification:_identify(src/aruduinobot_controller) by extensions ['ros']
[0.396s] Level 1:colcon.colcon_core.package_identification:_identify(src/aruduinobot_controller) by extension 'ros'
[0.396s] DEBUG:colcon.colcon_core.package_identification:Package 'src/aruduinobot_controller' with type 'ros.ament_cmake' and name 'aruduinobot_controller'
[0.396s] Level 1:colcon.colcon_core.package_identification:_identify(src/build) by extensions ['ignore', 'ignore_ament_install']
[0.397s] Level 1:colcon.colcon_core.package_identification:_identify(src/build) by extension 'ignore'
[0.397s] Level 1:colcon.colcon_core.package_identification:_identify(src/build) ignored
[0.397s] Level 1:colcon.colcon_core.package_identification:_identify(src/install) by extensions ['ignore', 'ignore_ament_install']
[0.397s] Level 1:colcon.colcon_core.package_identification:_identify(src/install) by extension 'ignore'
[0.397s] Level 1:colcon.colcon_core.package_identification:_identify(src/install) ignored
[0.397s] Level 1:colcon.colcon_core.package_identification:_identify(src/log) by extensions ['ignore', 'ignore_ament_install']
[0.397s] Level 1:colcon.colcon_core.package_identification:_identify(src/log) by extension 'ignore'
[0.397s] Level 1:colcon.colcon_core.package_identification:_identify(src/log) ignored
[0.397s] Level 1:colcon.colcon_core.package_discovery:discover_packages(recursive) using defaults
[0.397s] Level 1:colcon.colcon_core.package_discovery:discover_packages(ignore) discover
[0.397s] Level 1:colcon.colcon_core.package_discovery:discover_packages(ignore) using defaults
[0.397s] Level 1:colcon.colcon_core.package_discovery:discover_packages(path) discover
[0.397s] Level 1:colcon.colcon_core.package_discovery:discover_packages(path) using defaults
[0.432s] Level 1:colcon.colcon_core.package_discovery:discover_packages(prefix_path) check parameters
[0.432s] Level 1:colcon.colcon_core.package_discovery:discover_packages(prefix_path) discover
[0.434s] DEBUG:colcon.colcon_installed_package_information.package_discovery:Found 4 installed packages in /home/nadurham/arduinobot_ws/install
[0.436s] DEBUG:colcon.colcon_installed_package_information.package_discovery:Found 390 installed packages in /opt/ros/humble
[0.437s] Level 1:colcon.colcon_core.package_discovery:discover_packages(prefix_path) using defaults
[0.514s] Level 5:colcon.colcon_core.verb:set package 'arduinobot_cpp_examples' build argument 'cmake_args' from command line to 'None'
[0.514s] Level 5:colcon.colcon_core.verb:set package 'arduinobot_cpp_examples' build argument 'cmake_target' from command line to 'None'
[0.514s] Level 5:colcon.colcon_core.verb:set package 'arduinobot_cpp_examples' build argument 'cmake_target_skip_unavailable' from command line to 'False'
[0.514s] Level 5:colcon.colcon_core.verb:set package 'arduinobot_cpp_examples' build argument 'cmake_clean_cache' from command line to 'False'
[0.514s] Level 5:colcon.colcon_core.verb:set package 'arduinobot_cpp_examples' build argument 'cmake_clean_first' from command line to 'False'
[0.514s] Level 5:colcon.colcon_core.verb:set package 'arduinobot_cpp_examples' build argument 'cmake_force_configure' from command line to 'False'
[0.514s] Level 5:colcon.colcon_core.verb:set package 'arduinobot_cpp_examples' build argument 'ament_cmake_args' from command line to 'None'
[0.514s] Level 5:colcon.colcon_core.verb:set package 'arduinobot_cpp_examples' build argument 'catkin_cmake_args' from command line to 'None'
[0.514s] Level 5:colcon.colcon_core.verb:set package 'arduinobot_cpp_examples' build argument 'catkin_skip_building_tests' from command line to 'False'
[0.514s] DEBUG:colcon.colcon_core.verb:Building package 'arduinobot_cpp_examples' with the following arguments: {'ament_cmake_args': None, 'build_base': '/home/nadurham/arduinobot_ws/build/arduinobot_cpp_examples', 'catkin_cmake_args': None, 'catkin_skip_building_tests': False, 'cmake_args': None, 'cmake_clean_cache': False, 'cmake_clean_first': False, 'cmake_force_configure': False, 'cmake_target': None, 'cmake_target_skip_unavailable': False, 'install_base': '/home/nadurham/arduinobot_ws/install/arduinobot_cpp_examples', 'merge_install': False, 'path': '/home/nadurham/arduinobot_ws/src/arduinobot_cpp_examples', 'symlink_install': False, 'test_result_base': None}
[0.515s] Level 5:colcon.colcon_core.verb:set package 'arduinobot_description' build argument 'cmake_args' from command line to 'None'
[0.515s] Level 5:colcon.colcon_core.verb:set package 'arduinobot_description' build argument 'cmake_target' from command line to 'None'
[0.515s] Level 5:colcon.colcon_core.verb:set package 'arduinobot_description' build argument 'cmake_target_skip_unavailable' from command line to 'False'
[0.515s] Level 5:colcon.colcon_core.verb:set package 'arduinobot_description' build argument 'cmake_clean_cache' from command line to 'False'
[0.515s] Level 5:colcon.colcon_core.verb:set package 'arduinobot_description' build argument 'cmake_clean_first' from command line to 'False'
[0.515s] Level 5:colcon.colcon_core.verb:set package 'arduinobot_description' build argument 'cmake_force_configure' from command line to 'False'
[0.515s] Level 5:colcon.colcon_core.verb:set package 'arduinobot_description' build argument 'ament_cmake_args' from command line to 'None'
[0.515s] Level 5:colcon.colcon_core.verb:set package 'arduinobot_description' build argument 'catkin_cmake_args' from command line to 'None'
[0.515s] Level 5:colcon.colcon_core.verb:set package 'arduinobot_description' build argument 'catkin_skip_building_tests' from command line to 'False'
[0.515s] DEBUG:colcon.colcon_core.verb:Building package 'arduinobot_description' with the following arguments: {'ament_cmake_args': None, 'build_base': '/home/nadurham/arduinobot_ws/build/arduinobot_description', 'catkin_cmake_args': None, 'catkin_skip_building_tests': False, 'cmake_args': None, 'cmake_clean_cache': False, 'cmake_clean_first': False, 'cmake_force_configure': False, 'cmake_target': None, 'cmake_target_skip_unavailable': False, 'install_base': '/home/nadurham/arduinobot_ws/install/arduinobot_description', 'merge_install': False, 'path': '/home/nadurham/arduinobot_ws/src/arduinobot_description', 'symlink_install': False, 'test_result_base': None}
[0.515s] Level 5:colcon.colcon_core.verb:set package 'arduinobot_py_examples' build argument 'cmake_args' from command line to 'None'
[0.515s] Level 5:colcon.colcon_core.verb:set package 'arduinobot_py_examples' build argument 'cmake_target' from command line to 'None'
[0.515s] Level 5:colcon.colcon_core.verb:set package 'arduinobot_py_examples' build argument 'cmake_target_skip_unavailable' from command line to 'False'
[0.515s] Level 5:colcon.colcon_core.verb:set package 'arduinobot_py_examples' build argument 'cmake_clean_cache' from command line to 'False'
[0.515s] Level 5:colcon.colcon_core.verb:set package 'arduinobot_py_examples' build argument 'cmake_clean_first' from command line to 'False'
[0.515s] Level 5:colcon.colcon_core.verb:set package 'arduinobot_py_examples' build argument 'cmake_force_configure' from command line to 'False'
[0.515s] Level 5:colcon.colcon_core.verb:set package 'arduinobot_py_examples' build argument 'ament_cmake_args' from command line to 'None'
[0.515s] Level 5:colcon.colcon_core.verb:set package 'arduinobot_py_examples' build argument 'catkin_cmake_args' from command line to 'None'
[0.515s] Level 5:colcon.colcon_core.verb:set package 'arduinobot_py_examples' build argument 'catkin_skip_building_tests' from command line to 'False'
[0.515s] DEBUG:colcon.colcon_core.verb:Building package 'arduinobot_py_examples' with the following arguments: {'ament_cmake_args': None, 'build_base': '/home/nadurham/arduinobot_ws/build/arduinobot_py_examples', 'catkin_cmake_args': None, 'catkin_skip_building_tests': False, 'cmake_args': None, 'cmake_clean_cache': False, 'cmake_clean_first': False, 'cmake_force_configure': False, 'cmake_target': None, 'cmake_target_skip_unavailable': False, 'install_base': '/home/nadurham/arduinobot_ws/install/arduinobot_py_examples', 'merge_install': False, 'path': '/home/nadurham/arduinobot_ws/src/arduinobot_py_examples', 'symlink_install': False, 'test_result_base': None}
[0.516s] Level 5:colcon.colcon_core.verb:set package 'aruduinobot_controller' build argument 'cmake_args' from command line to 'None'
[0.516s] Level 5:colcon.colcon_core.verb:set package 'aruduinobot_controller' build argument 'cmake_target' from command line to 'None'
[0.516s] Level 5:colcon.colcon_core.verb:set package 'aruduinobot_controller' build argument 'cmake_target_skip_unavailable' from command line to 'False'
[0.516s] Level 5:colcon.colcon_core.verb:set package 'aruduinobot_controller' build argument 'cmake_clean_cache' from command line to 'False'
[0.516s] Level 5:colcon.colcon_core.verb:set package 'aruduinobot_controller' build argument 'cmake_clean_first' from command line to 'False'
[0.516s] Level 5:colcon.colcon_core.verb:set package 'aruduinobot_controller' build argument 'cmake_force_configure' from command line to 'False'
[0.516s] Level 5:colcon.colcon_core.verb:set package 'aruduinobot_controller' build argument 'ament_cmake_args' from command line to 'None'
[0.516s] Level 5:colcon.colcon_core.verb:set package 'aruduinobot_controller' build argument 'catkin_cmake_args' from command line to 'None'
[0.516s] Level 5:colcon.colcon_core.verb:set package 'aruduinobot_controller' build argument 'catkin_skip_building_tests' from command line to 'False'
[0.516s] DEBUG:colcon.colcon_core.verb:Building package 'aruduinobot_controller' with the following arguments: {'ament_cmake_args': None, 'build_base': '/home/nadurham/arduinobot_ws/build/aruduinobot_controller', 'catkin_cmake_args': None, 'catkin_skip_building_tests': False, 'cmake_args': None, 'cmake_clean_cache': False, 'cmake_clean_first': False, 'cmake_force_configure': False, 'cmake_target': None, 'cmake_target_skip_unavailable': False, 'install_base': '/home/nadurham/arduinobot_ws/install/aruduinobot_controller', 'merge_install': False, 'path': '/home/nadurham/arduinobot_ws/src/aruduinobot_controller', 'symlink_install': False, 'test_result_base': None}
[0.516s] INFO:colcon.colcon_core.executor:Executing jobs using 'parallel' executor
[0.517s] DEBUG:colcon.colcon_parallel_executor.executor.parallel:run_until_complete
[0.518s] INFO:colcon.colcon_ros.task.ament_cmake.build:Building ROS package in '/home/nadurham/arduinobot_ws/src/arduinobot_cpp_examples' with build type 'ament_cmake'
[0.518s] INFO:colcon.colcon_cmake.task.cmake.build:Building CMake package in '/home/nadurham/arduinobot_ws/src/arduinobot_cpp_examples'
[0.520s] INFO:colcon.colcon_core.plugin_system:Skipping extension 'colcon_core.shell.bat': Not used on non-Windows systems
[0.520s] INFO:colcon.colcon_core.shell:Skip shell extension 'powershell' for command environment: Not usable outside of PowerShell
[0.520s] DEBUG:colcon.colcon_core.shell:Skip shell extension 'dsv' for command environment
[0.526s] INFO:colcon.colcon_ros.task.ament_cmake.build:Building ROS package in '/home/nadurham/arduinobot_ws/src/arduinobot_description' with build type 'ament_cmake'
[0.526s] INFO:colcon.colcon_cmake.task.cmake.build:Building CMake package in '/home/nadurham/arduinobot_ws/src/arduinobot_description'
[0.526s] INFO:colcon.colcon_core.shell:Skip shell extension 'powershell' for command environment: Not usable outside of PowerShell
[0.526s] DEBUG:colcon.colcon_core.shell:Skip shell extension 'dsv' for command environment
[0.539s] INFO:colcon.colcon_ros.task.ament_python.build:Building ROS package in '/home/nadurham/arduinobot_ws/src/arduinobot_py_examples' with build type 'ament_python'
[0.540s] Level 1:colcon.colcon_core.shell:create_environment_hook('arduinobot_py_examples', 'ament_prefix_path')
[0.540s] INFO:colcon.colcon_core.shell:Creating environment hook '/home/nadurham/arduinobot_ws/install/arduinobot_py_examples/share/arduinobot_py_examples/hook/ament_prefix_path.ps1'
[0.540s] INFO:colcon.colcon_core.shell:Creating environment descriptor '/home/nadurham/arduinobot_ws/install/arduinobot_py_examples/share/arduinobot_py_examples/hook/ament_prefix_path.dsv'
[0.541s] INFO:colcon.colcon_core.shell:Creating environment hook '/home/nadurham/arduinobot_ws/install/arduinobot_py_examples/share/arduinobot_py_examples/hook/ament_prefix_path.sh'
[0.542s] INFO:colcon.colcon_core.shell:Skip shell extension 'powershell' for command environment: Not usable outside of PowerShell
[0.542s] DEBUG:colcon.colcon_core.shell:Skip shell extension 'dsv' for command environment
[0.546s] INFO:colcon.colcon_ros.task.ament_cmake.build:Building ROS package in '/home/nadurham/arduinobot_ws/src/aruduinobot_controller' with build type 'ament_cmake'
[0.547s] INFO:colcon.colcon_cmake.task.cmake.build:Building CMake package in '/home/nadurham/arduinobot_ws/src/aruduinobot_controller'
[0.547s] INFO:colcon.colcon_core.shell:Skip shell extension 'powershell' for command environment: Not usable outside of PowerShell
[0.547s] DEBUG:colcon.colcon_core.shell:Skip shell extension 'dsv' for command environment
[0.562s] DEBUG:colcon.colcon_core.event_handler.log_command:Invoking command in '/home/nadurham/arduinobot_ws/build/arduinobot_cpp_examples': CMAKE_PREFIX_PATH=${CMAKE_PREFIX_PATH}:/home/nadurham/arduinobot_ws/install/arduinobot_py_examples:/opt/ros/humble /usr/bin/cmake --build /home/nadurham/arduinobot_ws/build/arduinobot_cpp_examples -- -j8 -l8
[0.948s] INFO:colcon.colcon_core.task.python.build:Building Python package in '/home/nadurham/arduinobot_ws/src/arduinobot_py_examples'
[0.948s] INFO:colcon.colcon_core.shell:Skip shell extension 'powershell' for command environment: Not usable outside of PowerShell
[0.948s] DEBUG:colcon.colcon_core.shell:Skip shell extension 'dsv' for command environment
[0.960s] DEBUG:colcon.colcon_core.event_handler.log_command:Invoking command in '/home/nadurham/arduinobot_ws/build/arduinobot_description': CMAKE_PREFIX_PATH=${CMAKE_PREFIX_PATH}:/home/nadurham/arduinobot_ws/install/arduinobot_py_examples:/opt/ros/humble /usr/bin/cmake --build /home/nadurham/arduinobot_ws/build/arduinobot_description -- -j8 -l8
[0.971s] DEBUG:colcon.colcon_core.event_handler.log_command:Invoking command in '/home/nadurham/arduinobot_ws/build/aruduinobot_controller': CMAKE_PREFIX_PATH=${CMAKE_PREFIX_PATH}:/home/nadurham/arduinobot_ws/install/arduinobot_py_examples:/opt/ros/humble /usr/bin/cmake --build /home/nadurham/arduinobot_ws/build/aruduinobot_controller -- -j8 -l8
[0.971s] DEBUG:colcon.colcon_core.event_handler.log_command:Invoked command in '/home/nadurham/arduinobot_ws/build/arduinobot_cpp_examples' returned '0': CMAKE_PREFIX_PATH=${CMAKE_PREFIX_PATH}:/home/nadurham/arduinobot_ws/install/arduinobot_py_examples:/opt/ros/humble /usr/bin/cmake --build /home/nadurham/arduinobot_ws/build/arduinobot_cpp_examples -- -j8 -l8
[0.991s] DEBUG:colcon.colcon_core.event_handler.log_command:Invoking command in '/home/nadurham/arduinobot_ws/build/arduinobot_cpp_examples': CMAKE_PREFIX_PATH=${CMAKE_PREFIX_PATH}:/home/nadurham/arduinobot_ws/install/arduinobot_py_examples:/opt/ros/humble /usr/bin/cmake --install /home/nadurham/arduinobot_ws/build/arduinobot_cpp_examples
[1.021s] DEBUG:colcon.colcon_core.event_handler.log_command:Invoked command in '/home/nadurham/arduinobot_ws/build/arduinobot_description' returned '0': CMAKE_PREFIX_PATH=${CMAKE_PREFIX_PATH}:/home/nadurham/arduinobot_ws/install/arduinobot_py_examples:/opt/ros/humble /usr/bin/cmake --build /home/nadurham/arduinobot_ws/build/arduinobot_description -- -j8 -l8
[1.027s] DEBUG:colcon.colcon_core.event_handler.log_command:Invoking command in '/home/nadurham/arduinobot_ws/build/arduinobot_description': CMAKE_PREFIX_PATH=${CMAKE_PREFIX_PATH}:/home/nadurham/arduinobot_ws/install/arduinobot_py_examples:/opt/ros/humble /usr/bin/cmake --install /home/nadurham/arduinobot_ws/build/arduinobot_description
[1.035s] DEBUG:colcon.colcon_core.event_handler.log_command:Invoked command in '/home/nadurham/arduinobot_ws/build/aruduinobot_controller' returned '0': CMAKE_PREFIX_PATH=${CMAKE_PREFIX_PATH}:/home/nadurham/arduinobot_ws/install/arduinobot_py_examples:/opt/ros/humble /usr/bin/cmake --build /home/nadurham/arduinobot_ws/build/aruduinobot_controller -- -j8 -l8
[1.036s] DEBUG:colcon.colcon_core.event_handler.log_command:Invoking command in '/home/nadurham/arduinobot_ws/build/aruduinobot_controller': CMAKE_PREFIX_PATH=${CMAKE_PREFIX_PATH}:/home/nadurham/arduinobot_ws/install/arduinobot_py_examples:/opt/ros/humble /usr/bin/cmake --install /home/nadurham/arduinobot_ws/build/aruduinobot_controller
[1.048s] Level 1:colcon.colcon_core.environment:create_environment_scripts_only(arduinobot_cpp_examples)
[1.053s] DEBUG:colcon.colcon_core.event_handler.log_command:Invoked command in '/home/nadurham/arduinobot_ws/build/arduinobot_cpp_examples' returned '0': CMAKE_PREFIX_PATH=${CMAKE_PREFIX_PATH}:/home/nadurham/arduinobot_ws/install/arduinobot_py_examples:/opt/ros/humble /usr/bin/cmake --install /home/nadurham/arduinobot_ws/build/arduinobot_cpp_examples
[1.061s] Level 1:colcon.colcon_core.environment:checking '/home/nadurham/arduinobot_ws/install/arduinobot_cpp_examples' for CMake module files
[1.061s] Level 1:colcon.colcon_core.environment:checking '/home/nadurham/arduinobot_ws/install/arduinobot_cpp_examples' for CMake config files
[1.062s] Level 1:colcon.colcon_core.shell:create_environment_hook('arduinobot_cpp_examples', 'cmake_prefix_path')
[1.062s] INFO:colcon.colcon_core.shell:Creating environment hook '/home/nadurham/arduinobot_ws/install/arduinobot_cpp_examples/share/arduinobot_cpp_examples/hook/cmake_prefix_path.ps1'
[1.065s] INFO:colcon.colcon_core.shell:Creating environment descriptor '/home/nadurham/arduinobot_ws/install/arduinobot_cpp_examples/share/arduinobot_cpp_examples/hook/cmake_prefix_path.dsv'
[1.065s] INFO:colcon.colcon_core.shell:Creating environment hook '/home/nadurham/arduinobot_ws/install/arduinobot_cpp_examples/share/arduinobot_cpp_examples/hook/cmake_prefix_path.sh'
[1.070s] Level 1:colcon.colcon_core.environment:checking '/home/nadurham/arduinobot_ws/install/arduinobot_cpp_examples/bin'
[1.070s] Level 1:colcon.colcon_core.environment:checking '/home/nadurham/arduinobot_ws/install/arduinobot_cpp_examples/lib/pkgconfig/arduinobot_cpp_examples.pc'
[1.071s] Level 1:colcon.colcon_core.environment:checking '/home/nadurham/arduinobot_ws/install/arduinobot_cpp_examples/lib/python3.10/site-packages'
[1.071s] Level 1:colcon.colcon_core.environment:checking '/home/nadurham/arduinobot_ws/install/arduinobot_cpp_examples/bin'
[1.071s] INFO:colcon.colcon_core.shell:Creating package script '/home/nadurham/arduinobot_ws/install/arduinobot_cpp_examples/share/arduinobot_cpp_examples/package.ps1'
[1.077s] INFO:colcon.colcon_core.shell:Creating package descriptor '/home/nadurham/arduinobot_ws/install/arduinobot_cpp_examples/share/arduinobot_cpp_examples/package.dsv'
[1.077s] INFO:colcon.colcon_core.shell:Creating package script '/home/nadurham/arduinobot_ws/install/arduinobot_cpp_examples/share/arduinobot_cpp_examples/package.sh'
[1.079s] INFO:colcon.colcon_core.shell:Creating package script '/home/nadurham/arduinobot_ws/install/arduinobot_cpp_examples/share/arduinobot_cpp_examples/package.bash'
[1.082s] INFO:colcon.colcon_core.shell:Creating package script '/home/nadurham/arduinobot_ws/install/arduinobot_cpp_examples/share/arduinobot_cpp_examples/package.zsh'
[1.087s] Level 1:colcon.colcon_core.environment:create_file_with_runtime_dependencies(/home/nadurham/arduinobot_ws/install/arduinobot_cpp_examples/share/colcon-core/packages/arduinobot_cpp_examples)
[1.088s] Level 1:colcon.colcon_core.environment:create_environment_scripts_only(arduinobot_cpp_examples)
[1.088s] Level 1:colcon.colcon_core.environment:checking '/home/nadurham/arduinobot_ws/install/arduinobot_cpp_examples' for CMake module files
[1.089s] Level 1:colcon.colcon_core.environment:checking '/home/nadurham/arduinobot_ws/install/arduinobot_cpp_examples' for CMake config files
[1.089s] Level 1:colcon.colcon_core.shell:create_environment_hook('arduinobot_cpp_examples', 'cmake_prefix_path')
[1.089s] INFO:colcon.colcon_core.shell:Creating environment hook '/home/nadurham/arduinobot_ws/install/arduinobot_cpp_examples/share/arduinobot_cpp_examples/hook/cmake_prefix_path.ps1'
[1.090s] INFO:colcon.colcon_core.shell:Creating environment descriptor '/home/nadurham/arduinobot_ws/install/arduinobot_cpp_examples/share/arduinobot_cpp_examples/hook/cmake_prefix_path.dsv'
[1.091s] INFO:colcon.colcon_core.shell:Creating environment hook '/home/nadurham/arduinobot_ws/install/arduinobot_cpp_examples/share/arduinobot_cpp_examples/hook/cmake_prefix_path.sh'
[1.091s] Level 1:colcon.colcon_core.environment:checking '/home/nadurham/arduinobot_ws/install/arduinobot_cpp_examples/bin'
[1.091s] Level 1:colcon.colcon_core.environment:checking '/home/nadurham/arduinobot_ws/install/arduinobot_cpp_examples/lib/pkgconfig/arduinobot_cpp_examples.pc'
[1.092s] Level 1:colcon.colcon_core.environment:checking '/home/nadurham/arduinobot_ws/install/arduinobot_cpp_examples/lib/python3.10/site-packages'
[1.092s] Level 1:colcon.colcon_core.environment:checking '/home/nadurham/arduinobot_ws/install/arduinobot_cpp_examples/bin'
[1.092s] INFO:colcon.colcon_core.shell:Creating package script '/home/nadurham/arduinobot_ws/install/arduinobot_cpp_examples/share/arduinobot_cpp_examples/package.ps1'
[1.093s] INFO:colcon.colcon_core.shell:Creating package descriptor '/home/nadurham/arduinobot_ws/install/arduinobot_cpp_examples/share/arduinobot_cpp_examples/package.dsv'
[1.093s] INFO:colcon.colcon_core.shell:Creating package script '/home/nadurham/arduinobot_ws/install/arduinobot_cpp_examples/share/arduinobot_cpp_examples/package.sh'
[1.094s] INFO:colcon.colcon_core.shell:Creating package script '/home/nadurham/arduinobot_ws/install/arduinobot_cpp_examples/share/arduinobot_cpp_examples/package.bash'
[1.094s] INFO:colcon.colcon_core.shell:Creating package script '/home/nadurham/arduinobot_ws/install/arduinobot_cpp_examples/share/arduinobot_cpp_examples/package.zsh'
[1.095s] Level 1:colcon.colcon_core.environment:create_file_with_runtime_dependencies(/home/nadurham/arduinobot_ws/install/arduinobot_cpp_examples/share/colcon-core/packages/arduinobot_cpp_examples)
[1.099s] Level 1:colcon.colcon_core.environment:create_environment_scripts_only(arduinobot_description)
[1.100s] Level 1:colcon.colcon_core.environment:checking '/home/nadurham/arduinobot_ws/install/arduinobot_description' for CMake module files
[1.101s] DEBUG:colcon.colcon_core.event_handler.log_command:Invoked command in '/home/nadurham/arduinobot_ws/build/arduinobot_description' returned '0': CMAKE_PREFIX_PATH=${CMAKE_PREFIX_PATH}:/home/nadurham/arduinobot_ws/install/arduinobot_py_examples:/opt/ros/humble /usr/bin/cmake --install /home/nadurham/arduinobot_ws/build/arduinobot_description
[1.103s] Level 1:colcon.colcon_core.environment:checking '/home/nadurham/arduinobot_ws/install/arduinobot_description' for CMake config files
[1.103s] Level 1:colcon.colcon_core.shell:create_environment_hook('arduinobot_description', 'cmake_prefix_path')
[1.104s] INFO:colcon.colcon_core.shell:Creating environment hook '/home/nadurham/arduinobot_ws/install/arduinobot_description/share/arduinobot_description/hook/cmake_prefix_path.ps1'
[1.105s] INFO:colcon.colcon_core.shell:Creating environment descriptor '/home/nadurham/arduinobot_ws/install/arduinobot_description/share/arduinobot_description/hook/cmake_prefix_path.dsv'
[1.105s] INFO:colcon.colcon_core.shell:Creating environment hook '/home/nadurham/arduinobot_ws/install/arduinobot_description/share/arduinobot_description/hook/cmake_prefix_path.sh'
[1.106s] Level 1:colcon.colcon_core.environment:checking '/home/nadurham/arduinobot_ws/install/arduinobot_description/bin'
[1.106s] Level 1:colcon.colcon_core.environment:checking '/home/nadurham/arduinobot_ws/install/arduinobot_description/lib/pkgconfig/arduinobot_description.pc'
[1.106s] Level 1:colcon.colcon_core.environment:checking '/home/nadurham/arduinobot_ws/install/arduinobot_description/lib/python3.10/site-packages'
[1.107s] Level 1:colcon.colcon_core.environment:checking '/home/nadurham/arduinobot_ws/install/arduinobot_description/bin'
[1.107s] INFO:colcon.colcon_core.shell:Creating package script '/home/nadurham/arduinobot_ws/install/arduinobot_description/share/arduinobot_description/package.ps1'
[1.108s] INFO:colcon.colcon_core.shell:Creating package descriptor '/home/nadurham/arduinobot_ws/install/arduinobot_description/share/arduinobot_description/package.dsv'
[1.108s] INFO:colcon.colcon_core.shell:Creating package script '/home/nadurham/arduinobot_ws/install/arduinobot_description/share/arduinobot_description/package.sh'
[1.109s] INFO:colcon.colcon_core.shell:Creating package script '/home/nadurham/arduinobot_ws/install/arduinobot_description/share/arduinobot_description/package.bash'
[1.109s] INFO:colcon.colcon_core.shell:Creating package script '/home/nadurham/arduinobot_ws/install/arduinobot_description/share/arduinobot_description/package.zsh'
[1.111s] Level 1:colcon.colcon_core.environment:create_file_with_runtime_dependencies(/home/nadurham/arduinobot_ws/install/arduinobot_description/share/colcon-core/packages/arduinobot_description)
[1.112s] Level 1:colcon.colcon_core.environment:create_environment_scripts_only(arduinobot_description)
[1.112s] Level 1:colcon.colcon_core.environment:checking '/home/nadurham/arduinobot_ws/install/arduinobot_description' for CMake module files
[1.113s] Level 1:colcon.colcon_core.environment:checking '/home/nadurham/arduinobot_ws/install/arduinobot_description' for CMake config files
[1.113s] Level 1:colcon.colcon_core.shell:create_environment_hook('arduinobot_description', 'cmake_prefix_path')
[1.113s] INFO:colcon.colcon_core.shell:Creating environment hook '/home/nadurham/arduinobot_ws/install/arduinobot_description/share/arduinobot_description/hook/cmake_prefix_path.ps1'
[1.115s] INFO:colcon.colcon_core.shell:Creating environment descriptor '/home/nadurham/arduinobot_ws/install/arduinobot_description/share/arduinobot_description/hook/cmake_prefix_path.dsv'
[1.115s] INFO:colcon.colcon_core.shell:Creating environment hook '/home/nadurham/arduinobot_ws/install/arduinobot_description/share/arduinobot_description/hook/cmake_prefix_path.sh'
[1.117s] Level 1:colcon.colcon_core.environment:checking '/home/nadurham/arduinobot_ws/install/arduinobot_description/bin'
[1.117s] Level 1:colcon.colcon_core.environment:checking '/home/nadurham/arduinobot_ws/install/arduinobot_description/lib/pkgconfig/arduinobot_description.pc'
[1.117s] Level 1:colcon.colcon_core.environment:checking '/home/nadurham/arduinobot_ws/install/arduinobot_description/lib/python3.10/site-packages'
[1.117s] Level 1:colcon.colcon_core.environment:checking '/home/nadurham/arduinobot_ws/install/arduinobot_description/bin'
[1.117s] INFO:colcon.colcon_core.shell:Creating package script '/home/nadurham/arduinobot_ws/install/arduinobot_description/share/arduinobot_description/package.ps1'
[1.120s] INFO:colcon.colcon_core.shell:Creating package descriptor '/home/nadurham/arduinobot_ws/install/arduinobot_description/share/arduinobot_description/package.dsv'
[1.123s] INFO:colcon.colcon_core.shell:Creating package script '/home/nadurham/arduinobot_ws/install/arduinobot_description/share/arduinobot_description/package.sh'
[1.124s] INFO:colcon.colcon_core.shell:Creating package script '/home/nadurham/arduinobot_ws/install/arduinobot_description/share/arduinobot_description/package.bash'
[1.125s] INFO:colcon.colcon_core.shell:Creating package script '/home/nadurham/arduinobot_ws/install/arduinobot_description/share/arduinobot_description/package.zsh'
[1.125s] Level 1:colcon.colcon_core.environment:create_file_with_runtime_dependencies(/home/nadurham/arduinobot_ws/install/arduinobot_description/share/colcon-core/packages/arduinobot_description)
[1.126s] Level 1:colcon.colcon_core.environment:create_environment_scripts_only(aruduinobot_controller)
[1.126s] Level 1:colcon.colcon_core.environment:checking '/home/nadurham/arduinobot_ws/install/aruduinobot_controller' for CMake module files
[1.126s] Level 1:colcon.colcon_core.environment:checking '/home/nadurham/arduinobot_ws/install/aruduinobot_controller' for CMake config files
[1.126s] Level 1:colcon.colcon_core.shell:create_environment_hook('aruduinobot_controller', 'cmake_prefix_path')
[1.126s] INFO:colcon.colcon_core.shell:Creating environment hook '/home/nadurham/arduinobot_ws/install/aruduinobot_controller/share/aruduinobot_controller/hook/cmake_prefix_path.ps1'
[1.127s] INFO:colcon.colcon_core.shell:Creating environment descriptor '/home/nadurham/arduinobot_ws/install/aruduinobot_controller/share/aruduinobot_controller/hook/cmake_prefix_path.dsv'
[1.128s] INFO:colcon.colcon_core.shell:Creating environment hook '/home/nadurham/arduinobot_ws/install/aruduinobot_controller/share/aruduinobot_controller/hook/cmake_prefix_path.sh'
[1.129s] Level 1:colcon.colcon_core.environment:checking '/home/nadurham/arduinobot_ws/install/aruduinobot_controller/bin'
[1.129s] Level 1:colcon.colcon_core.environment:checking '/home/nadurham/arduinobot_ws/install/aruduinobot_controller/lib/pkgconfig/aruduinobot_controller.pc'
[1.129s] Level 1:colcon.colcon_core.environment:checking '/home/nadurham/arduinobot_ws/install/aruduinobot_controller/lib/python3.10/site-packages'
[1.129s] Level 1:colcon.colcon_core.environment:checking '/home/nadurham/arduinobot_ws/install/aruduinobot_controller/bin'
[1.130s] INFO:colcon.colcon_core.shell:Creating package script '/home/nadurham/arduinobot_ws/install/aruduinobot_controller/share/aruduinobot_controller/package.ps1'
[1.131s] INFO:colcon.colcon_core.shell:Creating package descriptor '/home/nadurham/arduinobot_ws/install/aruduinobot_controller/share/aruduinobot_controller/package.dsv'
[1.132s] INFO:colcon.colcon_core.shell:Creating package script '/home/nadurham/arduinobot_ws/install/aruduinobot_controller/share/aruduinobot_controller/package.sh'
[1.135s] DEBUG:colcon.colcon_core.event_handler.log_command:Invoked command in '/home/nadurham/arduinobot_ws/build/aruduinobot_controller' returned '0': CMAKE_PREFIX_PATH=${CMAKE_PREFIX_PATH}:/home/nadurham/arduinobot_ws/install/arduinobot_py_examples:/opt/ros/humble /usr/bin/cmake --install /home/nadurham/arduinobot_ws/build/aruduinobot_controller
[1.135s] INFO:colcon.colcon_core.shell:Creating package script '/home/nadurham/arduinobot_ws/install/aruduinobot_controller/share/aruduinobot_controller/package.bash'
[1.136s] INFO:colcon.colcon_core.shell:Creating package script '/home/nadurham/arduinobot_ws/install/aruduinobot_controller/share/aruduinobot_controller/package.zsh'
[1.136s] Level 1:colcon.colcon_core.environment:create_file_with_runtime_dependencies(/home/nadurham/arduinobot_ws/install/aruduinobot_controller/share/colcon-core/packages/aruduinobot_controller)
[1.137s] Level 1:colcon.colcon_core.environment:create_environment_scripts_only(aruduinobot_controller)
[1.137s] Level 1:colcon.colcon_core.environment:checking '/home/nadurham/arduinobot_ws/install/aruduinobot_controller' for CMake module files
[1.137s] Level 1:colcon.colcon_core.environment:checking '/home/nadurham/arduinobot_ws/install/aruduinobot_controller' for CMake config files
[1.139s] Level 1:colcon.colcon_core.shell:create_environment_hook('aruduinobot_controller', 'cmake_prefix_path')
[1.139s] INFO:colcon.colcon_core.shell:Creating environment hook '/home/nadurham/arduinobot_ws/install/aruduinobot_controller/share/aruduinobot_controller/hook/cmake_prefix_path.ps1'
[1.142s] INFO:colcon.colcon_core.shell:Creating environment descriptor '/home/nadurham/arduinobot_ws/install/aruduinobot_controller/share/aruduinobot_controller/hook/cmake_prefix_path.dsv'
[1.142s] INFO:colcon.colcon_core.shell:Creating environment hook '/home/nadurham/arduinobot_ws/install/aruduinobot_controller/share/aruduinobot_controller/hook/cmake_prefix_path.sh'
[1.143s] Level 1:colcon.colcon_core.environment:checking '/home/nadurham/arduinobot_ws/install/aruduinobot_controller/bin'
[1.143s] Level 1:colcon.colcon_core.environment:checking '/home/nadurham/arduinobot_ws/install/aruduinobot_controller/lib/pkgconfig/aruduinobot_controller.pc'
[1.143s] Level 1:colcon.colcon_core.environment:checking '/home/nadurham/arduinobot_ws/install/aruduinobot_controller/lib/python3.10/site-packages'
[1.144s] Level 1:colcon.colcon_core.environment:checking '/home/nadurham/arduinobot_ws/install/aruduinobot_controller/bin'
[1.144s] INFO:colcon.colcon_core.shell:Creating package script '/home/nadurham/arduinobot_ws/install/aruduinobot_controller/share/aruduinobot_controller/package.ps1'
[1.145s] INFO:colcon.colcon_core.shell:Creating package descriptor '/home/nadurham/arduinobot_ws/install/aruduinobot_controller/share/aruduinobot_controller/package.dsv'
[1.146s] INFO:colcon.colcon_core.shell:Creating package script '/home/nadurham/arduinobot_ws/install/aruduinobot_controller/share/aruduinobot_controller/package.sh'
[1.148s] INFO:colcon.colcon_core.shell:Creating package script '/home/nadurham/arduinobot_ws/install/aruduinobot_controller/share/aruduinobot_controller/package.bash'
[1.149s] INFO:colcon.colcon_core.shell:Creating package script '/home/nadurham/arduinobot_ws/install/aruduinobot_controller/share/aruduinobot_controller/package.zsh'
[1.150s] Level 1:colcon.colcon_core.environment:create_file_with_runtime_dependencies(/home/nadurham/arduinobot_ws/install/aruduinobot_controller/share/colcon-core/packages/aruduinobot_controller)
[1.558s] DEBUG:colcon.colcon_core.event_handler.log_command:Invoking command in '/home/nadurham/arduinobot_ws/src/arduinobot_py_examples': PYTHONPATH=/home/nadurham/arduinobot_ws/build/arduinobot_py_examples/prefix_override:/usr/lib/python3/dist-packages/colcon_core/task/python/colcon_distutils_commands:/home/nadurham/arduinobot_ws/install/arduinobot_py_examples/lib/python3.10/site-packages:${PYTHONPATH} /usr/bin/python3 -W ignore:setup.py install is deprecated -W ignore:easy_install command is deprecated setup.py egg_info --egg-base ../../build/arduinobot_py_examples build --build-base /home/nadurham/arduinobot_ws/build/arduinobot_py_examples/build install --record /home/nadurham/arduinobot_ws/build/arduinobot_py_examples/install.log --single-version-externally-managed install_data
[1.854s] Level 1:colcon.colcon_core.environment:checking '/home/nadurham/arduinobot_ws/install/arduinobot_py_examples' for CMake module files
[1.854s] DEBUG:colcon.colcon_core.event_handler.log_command:Invoked command in '/home/nadurham/arduinobot_ws/src/arduinobot_py_examples' returned '0': PYTHONPATH=/home/nadurham/arduinobot_ws/build/arduinobot_py_examples/prefix_override:/usr/lib/python3/dist-packages/colcon_core/task/python/colcon_distutils_commands:/home/nadurham/arduinobot_ws/install/arduinobot_py_examples/lib/python3.10/site-packages:${PYTHONPATH} /usr/bin/python3 -W ignore:setup.py install is deprecated -W ignore:easy_install command is deprecated setup.py egg_info --egg-base ../../build/arduinobot_py_examples build --build-base /home/nadurham/arduinobot_ws/build/arduinobot_py_examples/build install --record /home/nadurham/arduinobot_ws/build/arduinobot_py_examples/install.log --single-version-externally-managed install_data
[1.855s] Level 1:colcon.colcon_core.environment:checking '/home/nadurham/arduinobot_ws/install/arduinobot_py_examples' for CMake config files
[1.855s] Level 1:colcon.colcon_core.environment:checking '/home/nadurham/arduinobot_ws/install/arduinobot_py_examples/lib'
[1.855s] Level 1:colcon.colcon_core.environment:checking '/home/nadurham/arduinobot_ws/install/arduinobot_py_examples/bin'
[1.856s] Level 1:colcon.colcon_core.environment:checking '/home/nadurham/arduinobot_ws/install/arduinobot_py_examples/lib/pkgconfig/arduinobot_py_examples.pc'
[1.856s] Level 1:colcon.colcon_core.environment:checking '/home/nadurham/arduinobot_ws/install/arduinobot_py_examples/lib/python3.10/site-packages'
[1.856s] Level 1:colcon.colcon_core.shell:create_environment_hook('arduinobot_py_examples', 'pythonpath')
[1.856s] INFO:colcon.colcon_core.shell:Creating environment hook '/home/nadurham/arduinobot_ws/install/arduinobot_py_examples/share/arduinobot_py_examples/hook/pythonpath.ps1'
[1.857s] INFO:colcon.colcon_core.shell:Creating environment descriptor '/home/nadurham/arduinobot_ws/install/arduinobot_py_examples/share/arduinobot_py_examples/hook/pythonpath.dsv'
[1.857s] INFO:colcon.colcon_core.shell:Creating environment hook '/home/nadurham/arduinobot_ws/install/arduinobot_py_examples/share/arduinobot_py_examples/hook/pythonpath.sh'
[1.858s] Level 1:colcon.colcon_core.environment:checking '/home/nadurham/arduinobot_ws/install/arduinobot_py_examples/bin'
[1.858s] Level 1:colcon.colcon_core.environment:create_environment_scripts_only(arduinobot_py_examples)
[1.858s] INFO:colcon.colcon_core.shell:Creating package script '/home/nadurham/arduinobot_ws/install/arduinobot_py_examples/share/arduinobot_py_examples/package.ps1'
[1.858s] INFO:colcon.colcon_core.shell:Creating package descriptor '/home/nadurham/arduinobot_ws/install/arduinobot_py_examples/share/arduinobot_py_examples/package.dsv'
[1.859s] INFO:colcon.colcon_core.shell:Creating package script '/home/nadurham/arduinobot_ws/install/arduinobot_py_examples/share/arduinobot_py_examples/package.sh'
[1.859s] INFO:colcon.colcon_core.shell:Creating package script '/home/nadurham/arduinobot_ws/install/arduinobot_py_examples/share/arduinobot_py_examples/package.bash'
[1.860s] INFO:colcon.colcon_core.shell:Creating package script '/home/nadurham/arduinobot_ws/install/arduinobot_py_examples/share/arduinobot_py_examples/package.zsh'
[1.860s] Level 1:colcon.colcon_core.environment:create_file_with_runtime_dependencies(/home/nadurham/arduinobot_ws/install/arduinobot_py_examples/share/colcon-core/packages/arduinobot_py_examples)
[1.861s] DEBUG:colcon.colcon_parallel_executor.executor.parallel:closing loop
[1.862s] DEBUG:colcon.colcon_parallel_executor.executor.parallel:loop closed
[1.862s] DEBUG:colcon.colcon_parallel_executor.executor.parallel:run_until_complete finished with '0'
[1.862s] DEBUG:colcon.colcon_core.event_reactor:joining thread
[1.870s] INFO:colcon.colcon_core.plugin_system:Skipping extension 'colcon_notification.desktop_notification.terminal_notifier': Not used on non-Darwin systems
[1.870s] INFO:colcon.colcon_core.plugin_system:Skipping extension 'colcon_notification.desktop_notification.win32': Not used on non-Windows systems
[1.870s] INFO:colcon.colcon_notification.desktop_notification:Sending desktop notification using 'notify2'
[1.908s] DEBUG:colcon.colcon_core.event_reactor:joined thread
[1.908s] INFO:colcon.colcon_core.shell:Creating prefix script '/home/nadurham/arduinobot_ws/install/local_setup.ps1'
[1.910s] INFO:colcon.colcon_core.shell:Creating prefix util module '/home/nadurham/arduinobot_ws/install/_local_setup_util_ps1.py'
[1.912s] INFO:colcon.colcon_core.shell:Creating prefix chain script '/home/nadurham/arduinobot_ws/install/setup.ps1'
[1.913s] INFO:colcon.colcon_core.shell:Creating prefix script '/home/nadurham/arduinobot_ws/install/local_setup.sh'
[1.914s] INFO:colcon.colcon_core.shell:Creating prefix util module '/home/nadurham/arduinobot_ws/install/_local_setup_util_sh.py'
[1.915s] INFO:colcon.colcon_core.shell:Creating prefix chain script '/home/nadurham/arduinobot_ws/install/setup.sh'
[1.917s] INFO:colcon.colcon_core.shell:Creating prefix script '/home/nadurham/arduinobot_ws/install/local_setup.bash'
[1.918s] INFO:colcon.colcon_core.shell:Creating prefix chain script '/home/nadurham/arduinobot_ws/install/setup.bash'
[1.919s] INFO:colcon.colcon_core.shell:Creating prefix script '/home/nadurham/arduinobot_ws/install/local_setup.zsh'
[1.920s] INFO:colcon.colcon_core.shell:Creating prefix chain script '/home/nadurham/arduinobot_ws/install/setup.zsh'
