[0.018s] Invoking command in '/home/nicholas/arduinobot_ws/build/arduinobot_remote': /usr/bin/cmake /home/nicholas/arduinobot_ws/src/arduinobot_remote -DCMAKE_INSTALL_PREFIX=/home/nicholas/arduinobot_ws/install/arduinobot_remote
[0.084s] -- The C compiler identification is GNU 11.4.0
[0.136s] -- The CXX compiler identification is GNU 11.4.0
[0.145s] -- Detecting C compiler ABI info
[0.211s] -- Detecting C compiler ABI info - done
[0.220s] -- Check for working C compiler: /usr/bin/cc - skipped
[0.221s] -- Detecting C compile features
[0.221s] -- Detecting C compile features - done
[0.225s] -- Detecting CXX compiler ABI info
[0.302s] -- Detecting CXX compiler ABI info - done
[0.315s] -- Check for working CXX compiler: /usr/bin/c++ - skipped
[0.316s] -- Detecting CXX compile features
[0.316s] -- Detecting CXX compile features - done
[0.327s] -- Found ament_cmake: 1.3.11 (/opt/ros/humble/share/ament_cmake/cmake)
[0.457s] -- Found Python3: /usr/bin/python3 (found version "3.10.12") found components: Interpreter 
[0.585s] -- Found ament_lint_auto: 0.12.12 (/opt/ros/humble/share/ament_lint_auto/cmake)
[0.633s] Error parsing '/home/nicholas/arduinobot_ws/src/arduinobot_remote/package.xml':
[0.670s] Traceback (most recent call last):
[0.670s]   File "/opt/ros/humble/share/ament_cmake_core/cmake/core/package_xml_2_cmake.py", line 150, in <module>
[0.670s]     main()
[0.670s]   File "/opt/ros/humble/share/ament_cmake_core/cmake/core/package_xml_2_cmake.py", line 53, in main
[0.670s]     raise e
[0.670s]   File "/opt/ros/humble/share/ament_cmake_core/cmake/core/package_xml_2_cmake.py", line 49, in main
[0.670s]     package = parse_package_string(
[0.670s]   File "/usr/lib/python3/dist-packages/catkin_pkg/package.py", line 788, in parse_package_string
[0.670s]     pkg.validate(warnings=warnings)
[0.670s]   File "/usr/lib/python3/dist-packages/catkin_pkg/package.py", line 330, in validate
[0.670s]     raise InvalidPackage('\n'.join(errors), self.filename)
[0.670s] catkin_pkg.package.InvalidPackage: Error(s) in package '/home/nicholas/arduinobot_ws/src/arduinobot_remote/package.xml':
[0.671s] Invalid email "Nick Durham" for person "nicholas"
[0.685s] [31mCMake Error at /opt/ros/humble/share/ament_cmake_core/cmake/core/ament_package_xml.cmake:95 (message):
[0.685s]   execute_process(/usr/bin/python3
[0.685s]   /opt/ros/humble/share/ament_cmake_core/cmake/core/package_xml_2_cmake.py
[0.686s]   /home/nicholas/arduinobot_ws/src/arduinobot_remote/package.xml
[0.686s]   /home/nicholas/arduinobot_ws/build/arduinobot_remote/ament_cmake_core/package.cmake)
[0.686s]   returned error code 1
[0.686s] Call Stack (most recent call first):
[0.686s]   /opt/ros/humble/share/ament_cmake_core/cmake/core/ament_package_xml.cmake:49 (_ament_package_xml)
[0.686s]   /opt/ros/humble/share/ament_lint_auto/cmake/ament_lint_auto_find_test_dependencies.cmake:31 (ament_package_xml)
[0.686s]   CMakeLists.txt:23 (ament_lint_auto_find_test_dependencies)
[0.686s] 
[0.686s] [0m
[0.686s] -- Configuring incomplete, errors occurred!
[0.686s] See also "/home/nicholas/arduinobot_ws/build/arduinobot_remote/CMakeFiles/CMakeOutput.log".
[0.690s] Invoked command in '/home/nicholas/arduinobot_ws/build/arduinobot_remote' returned '1': /usr/bin/cmake /home/nicholas/arduinobot_ws/src/arduinobot_remote -DCMAKE_INSTALL_PREFIX=/home/nicholas/arduinobot_ws/install/arduinobot_remote
