[0.604s] Invoking command in '/home/nadurham/arduinobot_ws/src/arduinobot_py_examples': PYTHONPATH=/home/nadurham/arduinobot_ws/src/build/arduinobot_py_examples/prefix_override:/usr/lib/python3/dist-packages/colcon_core/task/python/colcon_distutils_commands:/home/nadurham/arduinobot_ws/src/install/arduinobot_py_examples/lib/python3.10/site-packages:${PYTHONPATH} /usr/bin/python3 -W ignore:setup.py install is deprecated -W ignore:easy_install command is deprecated setup.py egg_info --egg-base ../build/arduinobot_py_examples build --build-base /home/nadurham/arduinobot_ws/src/build/arduinobot_py_examples/build install --record /home/nadurham/arduinobot_ws/src/build/arduinobot_py_examples/install.log --single-version-externally-managed install_data
[0.819s] running egg_info
[0.819s] writing ../build/arduinobot_py_examples/arduinobot_py_examples.egg-info/PKG-INFO
[0.820s] writing dependency_links to ../build/arduinobot_py_examples/arduinobot_py_examples.egg-info/dependency_links.txt
[0.820s] writing entry points to ../build/arduinobot_py_examples/arduinobot_py_examples.egg-info/entry_points.txt
[0.820s] writing requirements to ../build/arduinobot_py_examples/arduinobot_py_examples.egg-info/requires.txt
[0.820s] writing top-level names to ../build/arduinobot_py_examples/arduinobot_py_examples.egg-info/top_level.txt
[0.823s] reading manifest file '../build/arduinobot_py_examples/arduinobot_py_examples.egg-info/SOURCES.txt'
[0.824s] writing manifest file '../build/arduinobot_py_examples/arduinobot_py_examples.egg-info/SOURCES.txt'
[0.824s] running build
[0.824s] running build_py
[0.824s] copying arduinobot_py_examples/simple_publisher.py -> /home/nadurham/arduinobot_ws/src/build/arduinobot_py_examples/build/lib/arduinobot_py_examples
[0.824s] copying arduinobot_py_examples/simple_parameter.py -> /home/nadurham/arduinobot_ws/src/build/arduinobot_py_examples/build/lib/arduinobot_py_examples
[0.825s] copying arduinobot_py_examples/simple_subscriber.py -> /home/nadurham/arduinobot_ws/src/build/arduinobot_py_examples/build/lib/arduinobot_py_examples
[0.825s] running install
[0.825s] running install_lib
[0.826s] copying /home/nadurham/arduinobot_ws/src/build/arduinobot_py_examples/build/lib/arduinobot_py_examples/simple_publisher.py -> /home/nadurham/arduinobot_ws/src/install/arduinobot_py_examples/lib/python3.10/site-packages/arduinobot_py_examples
[0.826s] copying /home/nadurham/arduinobot_ws/src/build/arduinobot_py_examples/build/lib/arduinobot_py_examples/simple_parameter.py -> /home/nadurham/arduinobot_ws/src/install/arduinobot_py_examples/lib/python3.10/site-packages/arduinobot_py_examples
[0.826s] copying /home/nadurham/arduinobot_ws/src/build/arduinobot_py_examples/build/lib/arduinobot_py_examples/simple_subscriber.py -> /home/nadurham/arduinobot_ws/src/install/arduinobot_py_examples/lib/python3.10/site-packages/arduinobot_py_examples
[0.826s] byte-compiling /home/nadurham/arduinobot_ws/src/install/arduinobot_py_examples/lib/python3.10/site-packages/arduinobot_py_examples/simple_publisher.py to simple_publisher.cpython-310.pyc
[0.827s] byte-compiling /home/nadurham/arduinobot_ws/src/install/arduinobot_py_examples/lib/python3.10/site-packages/arduinobot_py_examples/simple_parameter.py to simple_parameter.cpython-310.pyc
[0.827s] byte-compiling /home/nadurham/arduinobot_ws/src/install/arduinobot_py_examples/lib/python3.10/site-packages/arduinobot_py_examples/simple_subscriber.py to simple_subscriber.cpython-310.pyc
[0.828s] running install_data
[0.828s] copying package.xml -> /home/nadurham/arduinobot_ws/src/install/arduinobot_py_examples/share/arduinobot_py_examples
[0.828s] running install_egg_info
[0.830s] removing '/home/nadurham/arduinobot_ws/src/install/arduinobot_py_examples/lib/python3.10/site-packages/arduinobot_py_examples-0.0.0-py3.10.egg-info' (and everything under it)
[0.830s] Copying ../build/arduinobot_py_examples/arduinobot_py_examples.egg-info to /home/nadurham/arduinobot_ws/src/install/arduinobot_py_examples/lib/python3.10/site-packages/arduinobot_py_examples-0.0.0-py3.10.egg-info
[0.831s] running install_scripts
[0.849s] Installing simple_parameter script to /home/nadurham/arduinobot_ws/src/install/arduinobot_py_examples/lib/arduinobot_py_examples
[0.849s] Installing simple_publisher script to /home/nadurham/arduinobot_ws/src/install/arduinobot_py_examples/lib/arduinobot_py_examples
[0.849s] Installing simple_subscriber script to /home/nadurham/arduinobot_ws/src/install/arduinobot_py_examples/lib/arduinobot_py_examples
[0.849s] writing list of installed files to '/home/nadurham/arduinobot_ws/src/build/arduinobot_py_examples/install.log'
[0.877s] Invoked command in '/home/nadurham/arduinobot_ws/src/arduinobot_py_examples' returned '0': PYTHONPATH=/home/nadurham/arduinobot_ws/src/build/arduinobot_py_examples/prefix_override:/usr/lib/python3/dist-packages/colcon_core/task/python/colcon_distutils_commands:/home/nadurham/arduinobot_ws/src/install/arduinobot_py_examples/lib/python3.10/site-packages:${PYTHONPATH} /usr/bin/python3 -W ignore:setup.py install is deprecated -W ignore:easy_install command is deprecated setup.py egg_info --egg-base ../build/arduinobot_py_examples build --build-base /home/nadurham/arduinobot_ws/src/build/arduinobot_py_examples/build install --record /home/nadurham/arduinobot_ws/src/build/arduinobot_py_examples/install.log --single-version-externally-managed install_data
