-- Install configuration: ""
-- Up-to-date: /home/nadurham/arduinobot_ws/install/aruduinobot_controller/share/aruduinobot_controller/config
-- Up-to-date: /home/nadurham/arduinobot_ws/install/aruduinobot_controller/share/aruduinobot_controller/config/arduinobot_controllers.yaml
-- Up-to-date: /home/nadurham/arduinobot_ws/install/aruduinobot_controller/share/aruduinobot_controller/launch
-- Up-to-date: /home/nadurham/arduinobot_ws/install/aruduinobot_controller/share/aruduinobot_controller/launch/controller.launch.py
-- Up-to-date: /home/nadurham/arduinobot_ws/install/aruduinobot_controller/share/ament_index/resource_index/package_run_dependencies/aruduinobot_controller
-- Up-to-date: /home/nadurham/arduinobot_ws/install/aruduinobot_controller/share/ament_index/resource_index/parent_prefix_path/aruduinobot_controller
-- Up-to-date: /home/nadurham/arduinobot_ws/install/aruduinobot_controller/share/aruduinobot_controller/environment/ament_prefix_path.sh
-- Up-to-date: /home/nadurham/arduinobot_ws/install/aruduinobot_controller/share/aruduinobot_controller/environment/ament_prefix_path.dsv
-- Up-to-date: /home/nadurham/arduinobot_ws/install/aruduinobot_controller/share/aruduinobot_controller/environment/path.sh
-- Up-to-date: /home/nadurham/arduinobot_ws/install/aruduinobot_controller/share/aruduinobot_controller/environment/path.dsv
-- Up-to-date: /home/nadurham/arduinobot_ws/install/aruduinobot_controller/share/aruduinobot_controller/local_setup.bash
-- Up-to-date: /home/nadurham/arduinobot_ws/install/aruduinobot_controller/share/aruduinobot_controller/local_setup.sh
-- Up-to-date: /home/nadurham/arduinobot_ws/install/aruduinobot_controller/share/aruduinobot_controller/local_setup.zsh
-- Up-to-date: /home/nadurham/arduinobot_ws/install/aruduinobot_controller/share/aruduinobot_controller/local_setup.dsv
-- Installing: /home/nadurham/arduinobot_ws/install/aruduinobot_controller/share/aruduinobot_controller/package.dsv
-- Up-to-date: /home/nadurham/arduinobot_ws/install/aruduinobot_controller/share/ament_index/resource_index/packages/aruduinobot_controller
-- Up-to-date: /home/nadurham/arduinobot_ws/install/aruduinobot_controller/share/aruduinobot_controller/cmake/aruduinobot_controllerConfig.cmake
-- Up-to-date: /home/nadurham/arduinobot_ws/install/aruduinobot_controller/share/aruduinobot_controller/cmake/aruduinobot_controllerConfig-version.cmake
-- Up-to-date: /home/nadurham/arduinobot_ws/install/aruduinobot_controller/share/aruduinobot_controller/package.xml
