[0.252s] Invoking command in '/home/nicholas/arduinobot_ws/build/arduinobot_remote': CMAKE_PREFIX_PATH=/home/nicholas/arduinobot_ws/install/arduinobot_msgs:/home/nicholas/arduinobot_ws/install/aruduinobot_controller:/home/nicholas/arduinobot_ws/install/arduinobot_utils:/home/nicholas/arduinobot_ws/install/arduinobot_remote:/home/nicholas/arduinobot_ws/install/arduinobot_moveit:/home/nicholas/arduinobot_ws/install/arduinobot_description:/home/nicholas/arduinobot_ws/install/arduinobot_cpp_examples:/home/nicholas/arduinobot_ws/install/arduinobot_py_examples:/opt/ros/humble /usr/bin/cmake --build /home/nicholas/arduinobot_ws/build/arduinobot_remote -- -j16 -l16
[0.281s] -- Found ament_cmake: 1.3.11 (/opt/ros/humble/share/ament_cmake/cmake)
[0.398s] -- Found rclcpp: 16.0.12 (/opt/ros/humble/share/rclcpp/cmake)
[0.429s] -- Found rosidl_generator_c: 3.1.6 (/opt/ros/humble/share/rosidl_generator_c/cmake)
[0.431s] -- Found rosidl_adapter: 3.1.6 (/opt/ros/humble/share/rosidl_adapter/cmake)
[0.437s] -- Found rosidl_generator_cpp: 3.1.6 (/opt/ros/humble/share/rosidl_generator_cpp/cmake)
[0.448s] -- Using all available rosidl_typesupport_c: rosidl_typesupport_fastrtps_c;rosidl_typesupport_introspection_c
[0.460s] -- Using all available rosidl_typesupport_cpp: rosidl_typesupport_fastrtps_cpp;rosidl_typesupport_introspection_cpp
[0.488s] -- Found rmw_implementation_cmake: 6.1.2 (/opt/ros/humble/share/rmw_implementation_cmake/cmake)
[0.489s] -- Found rmw_cyclonedds_cpp: 1.3.4 (/opt/ros/humble/share/rmw_cyclonedds_cpp/cmake)
[0.505s] -- Using RMW implementation 'rmw_cyclonedds_cpp' as default
[0.551s] -- Found rclcpp_action: 16.0.12 (/opt/ros/humble/share/rclcpp_action/cmake)
[0.578s] -- Found rclcpp_components: 16.0.12 (/opt/ros/humble/share/rclcpp_components/cmake)
[0.594s] -- Found arduinobot_msgs: 0.0.0 (/home/nicholas/arduinobot_ws/install/arduinobot_msgs/share/arduinobot_msgs/cmake)
[0.606s] -- Found moveit_ros_planning_interface: 2.5.8 (/opt/ros/humble/share/moveit_ros_planning_interface/cmake)
[0.616s] -- Found Boost: /usr/lib/x86_64-linux-gnu/cmake/Boost-1.74.0/BoostConfig.cmake (found version "1.74.0") found components: date_time filesystem program_options system thread 
[0.750s] -- Found Boost: /usr/lib/x86_64-linux-gnu/cmake/Boost-1.74.0/BoostConfig.cmake (found version "1.74.0") found components: chrono date_time filesystem iostreams program_options regex serialization system thread 
[0.774s] -- Found parameter_traits: 0.4.0 (/opt/ros/humble/share/parameter_traits/cmake)
[0.782s] -- Found rclcpp_lifecycle: 16.0.12 (/opt/ros/humble/share/rclcpp_lifecycle/cmake)
[0.800s] -- Found Boost: /usr/lib/x86_64-linux-gnu/cmake/Boost-1.74.0/BoostConfig.cmake (found version "1.74.0") found components: filesystem 
[0.835s] -- library: /usr/lib/x86_64-linux-gnu/libcurl.so
[0.861s] -- Ensuring Eigen3 include directory is part of orocos-kdl CMake target
[0.950s] -- Found Boost: /usr/lib/x86_64-linux-gnu/cmake/Boost-1.74.0/BoostConfig.cmake (found version "1.74.0") found components: system filesystem date_time program_options thread chrono 
[0.982s] -- Found Boost: /usr/lib/x86_64-linux-gnu/cmake/Boost-1.74.0/BoostConfig.cmake (found version "1.74.0") found components: thread system filesystem regex date_time program_options 
[1.010s] -- Found Boost: /usr/lib/x86_64-linux-gnu/cmake/Boost-1.74.0/BoostConfig.cmake (found version "1.74.0") found components: system filesystem date_time program_options thread 
[1.034s] -- Found rclpy: 3.3.16 (/opt/ros/humble/share/rclpy/cmake)
[1.145s] -- Configuring done
[1.177s] -- Generating done
[1.187s] -- Build files have been written to: /home/nicholas/arduinobot_ws/build/arduinobot_remote
[1.218s] [35m[1mConsolidate compiler generated dependencies of target task_server_node[0m
[1.218s] [35m[1mConsolidate compiler generated dependencies of target task_server[0m
[1.239s] [ 50%] Built target task_server_node
[1.239s] [ 50%] Built target ament_cmake_python_copy_arduinobot_remote
[1.253s] [100%] Built target task_server
[1.470s] running egg_info
[1.470s] writing arduinobot_remote.egg-info/PKG-INFO
[1.470s] writing dependency_links to arduinobot_remote.egg-info/dependency_links.txt
[1.470s] writing top-level names to arduinobot_remote.egg-info/top_level.txt
[1.472s] reading manifest file 'arduinobot_remote.egg-info/SOURCES.txt'
[1.473s] writing manifest file 'arduinobot_remote.egg-info/SOURCES.txt'
[1.495s] [100%] Built target ament_cmake_python_build_arduinobot_remote_egg
[1.508s] Invoked command in '/home/nicholas/arduinobot_ws/build/arduinobot_remote' returned '0': CMAKE_PREFIX_PATH=/home/nicholas/arduinobot_ws/install/arduinobot_msgs:/home/nicholas/arduinobot_ws/install/aruduinobot_controller:/home/nicholas/arduinobot_ws/install/arduinobot_utils:/home/nicholas/arduinobot_ws/install/arduinobot_remote:/home/nicholas/arduinobot_ws/install/arduinobot_moveit:/home/nicholas/arduinobot_ws/install/arduinobot_description:/home/nicholas/arduinobot_ws/install/arduinobot_cpp_examples:/home/nicholas/arduinobot_ws/install/arduinobot_py_examples:/opt/ros/humble /usr/bin/cmake --build /home/nicholas/arduinobot_ws/build/arduinobot_remote -- -j16 -l16
[1.510s] Invoking command in '/home/nicholas/arduinobot_ws/build/arduinobot_remote': CMAKE_PREFIX_PATH=/home/nicholas/arduinobot_ws/install/arduinobot_msgs:/home/nicholas/arduinobot_ws/install/aruduinobot_controller:/home/nicholas/arduinobot_ws/install/arduinobot_utils:/home/nicholas/arduinobot_ws/install/arduinobot_remote:/home/nicholas/arduinobot_ws/install/arduinobot_moveit:/home/nicholas/arduinobot_ws/install/arduinobot_description:/home/nicholas/arduinobot_ws/install/arduinobot_cpp_examples:/home/nicholas/arduinobot_ws/install/arduinobot_py_examples:/opt/ros/humble /usr/bin/cmake --install /home/nicholas/arduinobot_ws/build/arduinobot_remote
[1.517s] -- Install configuration: ""
[1.517s] -- Up-to-date: /home/nicholas/arduinobot_ws/install/arduinobot_remote/lib/arduinobot_remote/task_server_node
[1.517s] -- Up-to-date: /home/nicholas/arduinobot_ws/install/arduinobot_remote/share/arduinobot_remote/environment/pythonpath.sh
[1.517s] -- Installing: /home/nicholas/arduinobot_ws/install/arduinobot_remote/share/arduinobot_remote/environment/pythonpath.dsv
[1.518s] -- Up-to-date: /home/nicholas/arduinobot_ws/install/arduinobot_remote/local/lib/python3.10/dist-packages/arduinobot_remote-0.0.0-py3.10.egg-info
[1.518s] -- Installing: /home/nicholas/arduinobot_ws/install/arduinobot_remote/local/lib/python3.10/dist-packages/arduinobot_remote-0.0.0-py3.10.egg-info/top_level.txt
[1.518s] -- Installing: /home/nicholas/arduinobot_ws/install/arduinobot_remote/local/lib/python3.10/dist-packages/arduinobot_remote-0.0.0-py3.10.egg-info/dependency_links.txt
[1.518s] -- Installing: /home/nicholas/arduinobot_ws/install/arduinobot_remote/local/lib/python3.10/dist-packages/arduinobot_remote-0.0.0-py3.10.egg-info/SOURCES.txt
[1.518s] -- Installing: /home/nicholas/arduinobot_ws/install/arduinobot_remote/local/lib/python3.10/dist-packages/arduinobot_remote-0.0.0-py3.10.egg-info/PKG-INFO
[1.518s] -- Up-to-date: /home/nicholas/arduinobot_ws/install/arduinobot_remote/local/lib/python3.10/dist-packages/arduinobot_remote
[1.518s] -- Up-to-date: /home/nicholas/arduinobot_ws/install/arduinobot_remote/local/lib/python3.10/dist-packages/arduinobot_remote/__init__.py
[1.548s] Listing '/home/nicholas/arduinobot_ws/install/arduinobot_remote/local/lib/python3.10/dist-packages/arduinobot_remote'...
[1.552s] -- Up-to-date: /home/nicholas/arduinobot_ws/install/arduinobot_remote/lib/libtask_server.so
[1.552s] -- Installing: /home/nicholas/arduinobot_ws/install/arduinobot_remote/share/ament_index/resource_index/package_run_dependencies/arduinobot_remote
[1.553s] -- Installing: /home/nicholas/arduinobot_ws/install/arduinobot_remote/share/ament_index/resource_index/parent_prefix_path/arduinobot_remote
[1.553s] -- Up-to-date: /home/nicholas/arduinobot_ws/install/arduinobot_remote/share/arduinobot_remote/environment/ament_prefix_path.sh
[1.553s] -- Installing: /home/nicholas/arduinobot_ws/install/arduinobot_remote/share/arduinobot_remote/environment/ament_prefix_path.dsv
[1.553s] -- Up-to-date: /home/nicholas/arduinobot_ws/install/arduinobot_remote/share/arduinobot_remote/environment/path.sh
[1.553s] -- Installing: /home/nicholas/arduinobot_ws/install/arduinobot_remote/share/arduinobot_remote/environment/path.dsv
[1.554s] -- Up-to-date: /home/nicholas/arduinobot_ws/install/arduinobot_remote/share/arduinobot_remote/local_setup.bash
[1.554s] -- Installing: /home/nicholas/arduinobot_ws/install/arduinobot_remote/share/arduinobot_remote/local_setup.sh
[1.554s] -- Up-to-date: /home/nicholas/arduinobot_ws/install/arduinobot_remote/share/arduinobot_remote/local_setup.zsh
[1.554s] -- Installing: /home/nicholas/arduinobot_ws/install/arduinobot_remote/share/arduinobot_remote/local_setup.dsv
[1.554s] -- Installing: /home/nicholas/arduinobot_ws/install/arduinobot_remote/share/arduinobot_remote/package.dsv
[1.555s] -- Up-to-date: /home/nicholas/arduinobot_ws/install/arduinobot_remote/share/ament_index/resource_index/packages/arduinobot_remote
[1.555s] -- Installing: /home/nicholas/arduinobot_ws/install/arduinobot_remote/share/ament_index/resource_index/rclcpp_components/arduinobot_remote
[1.555s] -- Up-to-date: /home/nicholas/arduinobot_ws/install/arduinobot_remote/share/arduinobot_remote/cmake/arduinobot_remoteConfig.cmake
[1.555s] -- Up-to-date: /home/nicholas/arduinobot_ws/install/arduinobot_remote/share/arduinobot_remote/cmake/arduinobot_remoteConfig-version.cmake
[1.555s] -- Installing: /home/nicholas/arduinobot_ws/install/arduinobot_remote/share/arduinobot_remote/package.xml
[1.558s] Invoked command in '/home/nicholas/arduinobot_ws/build/arduinobot_remote' returned '0': CMAKE_PREFIX_PATH=/home/nicholas/arduinobot_ws/install/arduinobot_msgs:/home/nicholas/arduinobot_ws/install/aruduinobot_controller:/home/nicholas/arduinobot_ws/install/arduinobot_utils:/home/nicholas/arduinobot_ws/install/arduinobot_remote:/home/nicholas/arduinobot_ws/install/arduinobot_moveit:/home/nicholas/arduinobot_ws/install/arduinobot_description:/home/nicholas/arduinobot_ws/install/arduinobot_cpp_examples:/home/nicholas/arduinobot_ws/install/arduinobot_py_examples:/opt/ros/humble /usr/bin/cmake --install /home/nicholas/arduinobot_ws/build/arduinobot_remote
