[0.239s] Invoking command in '/home/nadurham/arduinobot_ws/build/aruduinobot_controller': CMAKE_PREFIX_PATH=${CMAKE_PREFIX_PATH}:/home/nadurham/arduinobot_ws/install/arduinobot_py_examples:/opt/ros/humble /usr/bin/cmake /home/nadurham/arduinobot_ws/src/aruduinobot_controller -DCMAKE_INSTALL_PREFIX=/home/nadurham/arduinobot_ws/install/aruduinobot_controller
[0.388s] -- The C compiler identification is GNU 11.4.0
[0.502s] -- The CXX compiler identification is GNU 11.4.0
[0.511s] -- Detecting C compiler ABI info
[0.575s] -- Detecting C compiler ABI info - done
[0.582s] -- Check for working C compiler: /usr/bin/cc - skipped
[0.583s] -- Detecting C compile features
[0.584s] -- Detecting C compile features - done
[0.588s] -- Detecting CXX compiler ABI info
[0.662s] -- Detecting CXX compiler ABI info - done
[0.666s] -- Check for working CXX compiler: /usr/bin/c++ - skipped
[0.667s] -- Detecting CXX compile features
[0.668s] -- Detecting CXX compile features - done
[0.671s] -- Found ament_cmake: 1.3.11 (/opt/ros/humble/share/ament_cmake/cmake)
[0.800s] -- Found Python3: /usr/bin/python3 (found version "3.10.12") found components: Interpreter 
[0.890s] -- Found ament_lint_auto: 0.12.11 (/opt/ros/humble/share/ament_lint_auto/cmake)
[0.955s] -- Added test 'lint_cmake' to check CMake code style
[0.956s] -- Added test 'xmllint' to check XML markup files
[0.957s] -- Configuring done
[0.960s] -- Generating done
[0.961s] -- Build files have been written to: /home/nadurham/arduinobot_ws/build/aruduinobot_controller
[0.966s] Invoked command in '/home/nadurham/arduinobot_ws/build/aruduinobot_controller' returned '0': CMAKE_PREFIX_PATH=${CMAKE_PREFIX_PATH}:/home/nadurham/arduinobot_ws/install/arduinobot_py_examples:/opt/ros/humble /usr/bin/cmake /home/nadurham/arduinobot_ws/src/aruduinobot_controller -DCMAKE_INSTALL_PREFIX=/home/nadurham/arduinobot_ws/install/aruduinobot_controller
[0.969s] Invoking command in '/home/nadurham/arduinobot_ws/build/aruduinobot_controller': CMAKE_PREFIX_PATH=${CMAKE_PREFIX_PATH}:/home/nadurham/arduinobot_ws/install/arduinobot_py_examples:/opt/ros/humble /usr/bin/cmake --build /home/nadurham/arduinobot_ws/build/aruduinobot_controller -- -j8 -l8
[1.000s] Invoked command in '/home/nadurham/arduinobot_ws/build/aruduinobot_controller' returned '0': CMAKE_PREFIX_PATH=${CMAKE_PREFIX_PATH}:/home/nadurham/arduinobot_ws/install/arduinobot_py_examples:/opt/ros/humble /usr/bin/cmake --build /home/nadurham/arduinobot_ws/build/aruduinobot_controller -- -j8 -l8
[1.003s] Invoking command in '/home/nadurham/arduinobot_ws/build/aruduinobot_controller': CMAKE_PREFIX_PATH=${CMAKE_PREFIX_PATH}:/home/nadurham/arduinobot_ws/install/arduinobot_py_examples:/opt/ros/humble /usr/bin/cmake --install /home/nadurham/arduinobot_ws/build/aruduinobot_controller
[1.009s] -- Install configuration: ""
[1.009s] -- Installing: /home/nadurham/arduinobot_ws/install/aruduinobot_controller/share/ament_index/resource_index/package_run_dependencies/aruduinobot_controller
[1.009s] -- Installing: /home/nadurham/arduinobot_ws/install/aruduinobot_controller/share/ament_index/resource_index/parent_prefix_path/aruduinobot_controller
[1.009s] -- Installing: /home/nadurham/arduinobot_ws/install/aruduinobot_controller/share/aruduinobot_controller/environment/ament_prefix_path.sh
[1.009s] -- Installing: /home/nadurham/arduinobot_ws/install/aruduinobot_controller/share/aruduinobot_controller/environment/ament_prefix_path.dsv
[1.011s] -- Installing: /home/nadurham/arduinobot_ws/install/aruduinobot_controller/share/aruduinobot_controller/environment/path.sh
[1.011s] -- Installing: /home/nadurham/arduinobot_ws/install/aruduinobot_controller/share/aruduinobot_controller/environment/path.dsv
[1.012s] -- Installing: /home/nadurham/arduinobot_ws/install/aruduinobot_controller/share/aruduinobot_controller/local_setup.bash
[1.013s] -- Installing: /home/nadurham/arduinobot_ws/install/aruduinobot_controller/share/aruduinobot_controller/local_setup.sh
[1.013s] -- Installing: /home/nadurham/arduinobot_ws/install/aruduinobot_controller/share/aruduinobot_controller/local_setup.zsh
[1.013s] -- Installing: /home/nadurham/arduinobot_ws/install/aruduinobot_controller/share/aruduinobot_controller/local_setup.dsv
[1.013s] -- Installing: /home/nadurham/arduinobot_ws/install/aruduinobot_controller/share/aruduinobot_controller/package.dsv
[1.014s] -- Installing: /home/nadurham/arduinobot_ws/install/aruduinobot_controller/share/ament_index/resource_index/packages/aruduinobot_controller
[1.015s] -- Installing: /home/nadurham/arduinobot_ws/install/aruduinobot_controller/share/aruduinobot_controller/cmake/aruduinobot_controllerConfig.cmake
[1.016s] -- Installing: /home/nadurham/arduinobot_ws/install/aruduinobot_controller/share/aruduinobot_controller/cmake/aruduinobot_controllerConfig-version.cmake
[1.018s] -- Installing: /home/nadurham/arduinobot_ws/install/aruduinobot_controller/share/aruduinobot_controller/package.xml
[1.019s] Invoked command in '/home/nadurham/arduinobot_ws/build/aruduinobot_controller' returned '0': CMAKE_PREFIX_PATH=${CMAKE_PREFIX_PATH}:/home/nadurham/arduinobot_ws/install/arduinobot_py_examples:/opt/ros/humble /usr/bin/cmake --install /home/nadurham/arduinobot_ws/build/aruduinobot_controller
