[0.691s] Invoking command in '/home/nicholas/arduinobot_ws/src/arduinobot_py_examples': CMAKE_PREFIX_PATH=/home/nicholas/arduinobot_ws/install/arduinobot_msgs:/home/nicholas/arduinobot_ws/install/aruduinobot_controller:/home/nicholas/arduinobot_ws/install/arduinobot_utils:/home/nicholas/arduinobot_ws/install/arduinobot_remote:/home/nicholas/arduinobot_ws/install/arduinobot_moveit:/home/nicholas/arduinobot_ws/install/arduinobot_description:/home/nicholas/arduinobot_ws/install/arduinobot_cpp_examples LD_LIBRARY_PATH=/home/nicholas/arduinobot_ws/install/arduinobot_msgs/lib:/home/nicholas/arduinobot_ws/install/arduinobot_remote/lib:/usr/lib/x86_64-linux-gnu/gazebo-11/plugins:/opt/ros/humble/opt/rviz_ogre_vendor/lib:/opt/ros/humble/lib/x86_64-linux-gnu:/usr/share/gurumdds/cmake/../../../lib:/opt/ros/humble/lib PYTHONPATH=/home/nicholas/arduinobot_ws/build/arduinobot_py_examples/prefix_override:/usr/lib/python3/dist-packages/colcon_core/task/python/colcon_distutils_commands:/home/nicholas/arduinobot_ws/install/arduinobot_py_examples/lib/python3.10/site-packages:${PYTHONPATH} /usr/bin/python3 -W ignore:setup.py install is deprecated -W ignore:easy_install command is deprecated setup.py egg_info --egg-base ../../build/arduinobot_py_examples build --build-base /home/nicholas/arduinobot_ws/build/arduinobot_py_examples/build install --record /home/nicholas/arduinobot_ws/build/arduinobot_py_examples/install.log --single-version-externally-managed install_data
[0.935s] running egg_info
[0.935s] writing ../../build/arduinobot_py_examples/arduinobot_py_examples.egg-info/PKG-INFO
[0.936s] writing dependency_links to ../../build/arduinobot_py_examples/arduinobot_py_examples.egg-info/dependency_links.txt
[0.936s] writing entry points to ../../build/arduinobot_py_examples/arduinobot_py_examples.egg-info/entry_points.txt
[0.936s] writing requirements to ../../build/arduinobot_py_examples/arduinobot_py_examples.egg-info/requires.txt
[0.936s] writing top-level names to ../../build/arduinobot_py_examples/arduinobot_py_examples.egg-info/top_level.txt
[0.938s] reading manifest file '../../build/arduinobot_py_examples/arduinobot_py_examples.egg-info/SOURCES.txt'
[0.938s] writing manifest file '../../build/arduinobot_py_examples/arduinobot_py_examples.egg-info/SOURCES.txt'
[0.938s] running build
[0.939s] running build_py
[0.939s] running install
[0.940s] running install_lib
[0.941s] running install_data
[0.941s] running install_egg_info
[0.942s] removing '/home/nicholas/arduinobot_ws/install/arduinobot_py_examples/lib/python3.10/site-packages/arduinobot_py_examples-0.0.0-py3.10.egg-info' (and everything under it)
[0.943s] Copying ../../build/arduinobot_py_examples/arduinobot_py_examples.egg-info to /home/nicholas/arduinobot_ws/install/arduinobot_py_examples/lib/python3.10/site-packages/arduinobot_py_examples-0.0.0-py3.10.egg-info
[0.944s] running install_scripts
[0.962s] Installing simple_action_client script to /home/nicholas/arduinobot_ws/install/arduinobot_py_examples/lib/arduinobot_py_examples
[0.963s] Installing simple_action_server script to /home/nicholas/arduinobot_ws/install/arduinobot_py_examples/lib/arduinobot_py_examples
[0.963s] Installing simple_parameter script to /home/nicholas/arduinobot_ws/install/arduinobot_py_examples/lib/arduinobot_py_examples
[0.963s] Installing simple_publisher script to /home/nicholas/arduinobot_ws/install/arduinobot_py_examples/lib/arduinobot_py_examples
[0.963s] Installing simple_service_client script to /home/nicholas/arduinobot_ws/install/arduinobot_py_examples/lib/arduinobot_py_examples
[0.963s] Installing simple_service_server script to /home/nicholas/arduinobot_ws/install/arduinobot_py_examples/lib/arduinobot_py_examples
[0.963s] Installing simple_subscriber script to /home/nicholas/arduinobot_ws/install/arduinobot_py_examples/lib/arduinobot_py_examples
[0.963s] writing list of installed files to '/home/nicholas/arduinobot_ws/build/arduinobot_py_examples/install.log'
[0.990s] Invoked command in '/home/nicholas/arduinobot_ws/src/arduinobot_py_examples' returned '0': CMAKE_PREFIX_PATH=/home/nicholas/arduinobot_ws/install/arduinobot_msgs:/home/nicholas/arduinobot_ws/install/aruduinobot_controller:/home/nicholas/arduinobot_ws/install/arduinobot_utils:/home/nicholas/arduinobot_ws/install/arduinobot_remote:/home/nicholas/arduinobot_ws/install/arduinobot_moveit:/home/nicholas/arduinobot_ws/install/arduinobot_description:/home/nicholas/arduinobot_ws/install/arduinobot_cpp_examples LD_LIBRARY_PATH=/home/nicholas/arduinobot_ws/install/arduinobot_msgs/lib:/home/nicholas/arduinobot_ws/install/arduinobot_remote/lib:/usr/lib/x86_64-linux-gnu/gazebo-11/plugins:/opt/ros/humble/opt/rviz_ogre_vendor/lib:/opt/ros/humble/lib/x86_64-linux-gnu:/usr/share/gurumdds/cmake/../../../lib:/opt/ros/humble/lib PYTHONPATH=/home/nicholas/arduinobot_ws/build/arduinobot_py_examples/prefix_override:/usr/lib/python3/dist-packages/colcon_core/task/python/colcon_distutils_commands:/home/nicholas/arduinobot_ws/install/arduinobot_py_examples/lib/python3.10/site-packages:${PYTHONPATH} /usr/bin/python3 -W ignore:setup.py install is deprecated -W ignore:easy_install command is deprecated setup.py egg_info --egg-base ../../build/arduinobot_py_examples build --build-base /home/nicholas/arduinobot_ws/build/arduinobot_py_examples/build install --record /home/nicholas/arduinobot_ws/build/arduinobot_py_examples/install.log --single-version-externally-managed install_data
