[0.679s] Invoking command in '/home/nicholas/arduinobot_ws/src/arduinobot_py_examples': CMAKE_PREFIX_PATH=/home/nicholas/arduinobot_ws/install/arduinobot_msgs:/home/nicholas/arduinobot_ws/install/aruduinobot_controller:/home/nicholas/arduinobot_ws/install/arduinobot_utils:/home/nicholas/arduinobot_ws/install/arduinobot_moveit:/home/nicholas/arduinobot_ws/install/arduinobot_description:/home/nicholas/arduinobot_ws/install/arduinobot_cpp_examples PYTHONPATH=/home/nicholas/arduinobot_ws/build/arduinobot_py_examples/prefix_override:/usr/lib/python3/dist-packages/colcon_core/task/python/colcon_distutils_commands:/home/nicholas/arduinobot_ws/install/arduinobot_py_examples/lib/python3.10/site-packages:${PYTHONPATH} /usr/bin/python3 -W ignore:setup.py install is deprecated -W ignore:easy_install command is deprecated setup.py egg_info --egg-base ../../build/arduinobot_py_examples build --build-base /home/nicholas/arduinobot_ws/build/arduinobot_py_examples/build install --record /home/nicholas/arduinobot_ws/build/arduinobot_py_examples/install.log --single-version-externally-managed install_data
[0.957s] running egg_info
[0.958s] writing ../../build/arduinobot_py_examples/arduinobot_py_examples.egg-info/PKG-INFO
[0.958s] writing dependency_links to ../../build/arduinobot_py_examples/arduinobot_py_examples.egg-info/dependency_links.txt
[0.958s] writing entry points to ../../build/arduinobot_py_examples/arduinobot_py_examples.egg-info/entry_points.txt
[0.958s] writing requirements to ../../build/arduinobot_py_examples/arduinobot_py_examples.egg-info/requires.txt
[0.958s] writing top-level names to ../../build/arduinobot_py_examples/arduinobot_py_examples.egg-info/top_level.txt
[0.960s] reading manifest file '../../build/arduinobot_py_examples/arduinobot_py_examples.egg-info/SOURCES.txt'
[0.961s] writing manifest file '../../build/arduinobot_py_examples/arduinobot_py_examples.egg-info/SOURCES.txt'
[0.962s] running build
[0.962s] running build_py
[0.962s] copying arduinobot_py_examples/simple_action_server.py -> /home/nicholas/arduinobot_ws/build/arduinobot_py_examples/build/lib/arduinobot_py_examples
[0.962s] running install
[0.963s] running install_lib
[0.964s] copying /home/nicholas/arduinobot_ws/build/arduinobot_py_examples/build/lib/arduinobot_py_examples/simple_action_server.py -> /home/nicholas/arduinobot_ws/install/arduinobot_py_examples/lib/python3.10/site-packages/arduinobot_py_examples
[0.965s] byte-compiling /home/nicholas/arduinobot_ws/install/arduinobot_py_examples/lib/python3.10/site-packages/arduinobot_py_examples/simple_action_server.py to simple_action_server.cpython-310.pyc
[0.965s] Sorry: IndentationError: expected an indented block after 'if' statement on line 36 (simple_action_server.py, line 41)
[0.965s] running install_data
[0.965s] running install_egg_info
[0.967s] removing '/home/nicholas/arduinobot_ws/install/arduinobot_py_examples/lib/python3.10/site-packages/arduinobot_py_examples-0.0.0-py3.10.egg-info' (and everything under it)
[0.968s] Copying ../../build/arduinobot_py_examples/arduinobot_py_examples.egg-info to /home/nicholas/arduinobot_ws/install/arduinobot_py_examples/lib/python3.10/site-packages/arduinobot_py_examples-0.0.0-py3.10.egg-info
[0.969s] running install_scripts
[0.993s] Installing simple_action_server script to /home/nicholas/arduinobot_ws/install/arduinobot_py_examples/lib/arduinobot_py_examples
[0.993s] Installing simple_parameter script to /home/nicholas/arduinobot_ws/install/arduinobot_py_examples/lib/arduinobot_py_examples
[0.994s] Installing simple_publisher script to /home/nicholas/arduinobot_ws/install/arduinobot_py_examples/lib/arduinobot_py_examples
[0.994s] Installing simple_service_client script to /home/nicholas/arduinobot_ws/install/arduinobot_py_examples/lib/arduinobot_py_examples
[0.994s] Installing simple_service_server script to /home/nicholas/arduinobot_ws/install/arduinobot_py_examples/lib/arduinobot_py_examples
[0.994s] Installing simple_subscriber script to /home/nicholas/arduinobot_ws/install/arduinobot_py_examples/lib/arduinobot_py_examples
[0.994s] writing list of installed files to '/home/nicholas/arduinobot_ws/build/arduinobot_py_examples/install.log'
[1.030s] Invoked command in '/home/nicholas/arduinobot_ws/src/arduinobot_py_examples' returned '0': CMAKE_PREFIX_PATH=/home/nicholas/arduinobot_ws/install/arduinobot_msgs:/home/nicholas/arduinobot_ws/install/aruduinobot_controller:/home/nicholas/arduinobot_ws/install/arduinobot_utils:/home/nicholas/arduinobot_ws/install/arduinobot_moveit:/home/nicholas/arduinobot_ws/install/arduinobot_description:/home/nicholas/arduinobot_ws/install/arduinobot_cpp_examples PYTHONPATH=/home/nicholas/arduinobot_ws/build/arduinobot_py_examples/prefix_override:/usr/lib/python3/dist-packages/colcon_core/task/python/colcon_distutils_commands:/home/nicholas/arduinobot_ws/install/arduinobot_py_examples/lib/python3.10/site-packages:${PYTHONPATH} /usr/bin/python3 -W ignore:setup.py install is deprecated -W ignore:easy_install command is deprecated setup.py egg_info --egg-base ../../build/arduinobot_py_examples build --build-base /home/nicholas/arduinobot_ws/build/arduinobot_py_examples/build install --record /home/nicholas/arduinobot_ws/build/arduinobot_py_examples/install.log --single-version-externally-managed install_data
