-- Found ament_cmake: 1.3.11 (/opt/ros/humble/share/ament_cmake/cmake)
-- Found hardware_interface: 2.49.0 (/opt/ros/humble/share/hardware_interface/cmake)
-- Found rosidl_generator_c: 3.1.6 (/opt/ros/humble/share/rosidl_generator_c/cmake)
-- Found rosidl_adapter: 3.1.6 (/opt/ros/humble/share/rosidl_adapter/cmake)
-- Found rosidl_generator_cpp: 3.1.6 (/opt/ros/humble/share/rosidl_generator_cpp/cmake)
-- Using all available rosidl_typesupport_c: rosidl_typesupport_fastrtps_c;rosidl_typesupport_introspection_c
-- Using all available rosidl_typesupport_cpp: rosidl_typesupport_fastrtps_cpp;rosidl_typesupport_introspection_cpp
-- Found rmw_implementation_cmake: 6.1.2 (/opt/ros/humble/share/rmw_implementation_cmake/cmake)
-- Found rmw_cyclonedds_cpp: 1.3.4 (/opt/ros/humble/share/rmw_cyclonedds_cpp/cmake)
-- Using RMW implementation 'rmw_cyclonedds_cpp' as default
-- Found ament_lint_auto: 0.12.12 (/opt/ros/humble/share/ament_lint_auto/cmake)
-- Added test 'cppcheck' to perform static code analysis on C / C++ code
-- Configured cppcheck include dirs: /home/nicholas/arduinobot_ws/src/aruduinobot_controller/include;/home/nicholas/arduinobot_ws/src/aruduinobot_controller/
-- Configured cppcheck exclude dirs and/or files: 
-- Added test 'flake8' to check Python code syntax and style conventions
-- Added test 'lint_cmake' to check CMake code style
-- Added test 'pep257' to check Python code against some of the docstring style conventions in PEP 257
-- Added test 'uncrustify' to check C / C++ code style
-- Configured uncrustify additional arguments: 
-- Added test 'xmllint' to check XML markup files
-- Configuring done
-- Generating done
-- Build files have been written to: /home/nicholas/arduinobot_ws/build/aruduinobot_controller
[35m[1mConsolidate compiler generated dependencies of target aruduinobot_controller[0m
[100%] Built target aruduinobot_controller
-- Install configuration: ""
-- Up-to-date: /home/nicholas/arduinobot_ws/install/aruduinobot_controller/share/aruduinobot_controller/arduinobot_controller.xml
-- Up-to-date: /home/nicholas/arduinobot_ws/install/aruduinobot_controller/share/aruduinobot_controller/config
-- Up-to-date: /home/nicholas/arduinobot_ws/install/aruduinobot_controller/share/aruduinobot_controller/config/arduinobot_controllers.yaml
-- Up-to-date: /home/nicholas/arduinobot_ws/install/aruduinobot_controller/share/aruduinobot_controller/launch
-- Up-to-date: /home/nicholas/arduinobot_ws/install/aruduinobot_controller/share/aruduinobot_controller/launch/controller.launch.py
-- Up-to-date: /home/nicholas/arduinobot_ws/install/aruduinobot_controller/lib/libaruduinobot_controller.so
-- Up-to-date: /home/nicholas/arduinobot_ws/install/aruduinobot_controller/include/include
-- Up-to-date: /home/nicholas/arduinobot_ws/install/aruduinobot_controller/include/include/arduinobot_controller
-- Up-to-date: /home/nicholas/arduinobot_ws/install/aruduinobot_controller/include/include/arduinobot_controller/arduinobot_interface.hpp
-- Up-to-date: /home/nicholas/arduinobot_ws/install/aruduinobot_controller/share/aruduinobot_controller/environment/library_path.sh
-- Installing: /home/nicholas/arduinobot_ws/install/aruduinobot_controller/share/aruduinobot_controller/environment/library_path.dsv
-- Installing: /home/nicholas/arduinobot_ws/install/aruduinobot_controller/share/ament_index/resource_index/package_run_dependencies/aruduinobot_controller
-- Up-to-date: /home/nicholas/arduinobot_ws/install/aruduinobot_controller/share/ament_index/resource_index/parent_prefix_path/aruduinobot_controller
-- Up-to-date: /home/nicholas/arduinobot_ws/install/aruduinobot_controller/share/aruduinobot_controller/environment/ament_prefix_path.sh
-- Installing: /home/nicholas/arduinobot_ws/install/aruduinobot_controller/share/aruduinobot_controller/environment/ament_prefix_path.dsv
-- Up-to-date: /home/nicholas/arduinobot_ws/install/aruduinobot_controller/share/aruduinobot_controller/environment/path.sh
-- Installing: /home/nicholas/arduinobot_ws/install/aruduinobot_controller/share/aruduinobot_controller/environment/path.dsv
-- Up-to-date: /home/nicholas/arduinobot_ws/install/aruduinobot_controller/share/aruduinobot_controller/local_setup.bash
-- Up-to-date: /home/nicholas/arduinobot_ws/install/aruduinobot_controller/share/aruduinobot_controller/local_setup.sh
-- Up-to-date: /home/nicholas/arduinobot_ws/install/aruduinobot_controller/share/aruduinobot_controller/local_setup.zsh
-- Installing: /home/nicholas/arduinobot_ws/install/aruduinobot_controller/share/aruduinobot_controller/local_setup.dsv
-- Installing: /home/nicholas/arduinobot_ws/install/aruduinobot_controller/share/aruduinobot_controller/package.dsv
-- Up-to-date: /home/nicholas/arduinobot_ws/install/aruduinobot_controller/share/ament_index/resource_index/packages/aruduinobot_controller
-- Up-to-date: /home/nicholas/arduinobot_ws/install/aruduinobot_controller/share/ament_index/resource_index/hardware_interface__pluginlib__plugin/aruduinobot_controller
-- Up-to-date: /home/nicholas/arduinobot_ws/install/aruduinobot_controller/share/aruduinobot_controller/cmake/ament_cmake_export_include_directories-extras.cmake
-- Up-to-date: /home/nicholas/arduinobot_ws/install/aruduinobot_controller/share/aruduinobot_controller/cmake/ament_cmake_export_libraries-extras.cmake
-- Up-to-date: /home/nicholas/arduinobot_ws/install/aruduinobot_controller/share/aruduinobot_controller/cmake/ament_cmake_export_dependencies-extras.cmake
-- Up-to-date: /home/nicholas/arduinobot_ws/install/aruduinobot_controller/share/aruduinobot_controller/cmake/aruduinobot_controllerConfig.cmake
-- Up-to-date: /home/nicholas/arduinobot_ws/install/aruduinobot_controller/share/aruduinobot_controller/cmake/aruduinobot_controllerConfig-version.cmake
-- Installing: /home/nicholas/arduinobot_ws/install/aruduinobot_controller/share/aruduinobot_controller/package.xml
