[0.020s] Invoking command in '/home/nicholas/arduinobot_ws/build/aruduinobot_controller': CMAKE_PREFIX_PATH=/home/nicholas/arduinobot_ws/install/arduinobot_description:/home/nicholas/arduinobot_ws/install/aruduinobot_controller:/home/nicholas/arduinobot_ws/install/arduinobot_utils:/home/nicholas/arduinobot_ws/install/arduinobot_remote:/home/nicholas/arduinobot_ws/install/arduinobot_msgs:/home/nicholas/arduinobot_ws/install/arduinobot_moveit:/home/nicholas/arduinobot_ws/install/arduinobot_firmware:/home/nicholas/arduinobot_ws/install/arduinobot_cpp_examples:/home/nicholas/arduinobot_ws/install/arduinobot_bringup:/home/nicholas/arduinobot_ws/install/arduinobot_py_examples:/opt/ros/humble /usr/bin/cmake --build /home/nicholas/arduinobot_ws/build/aruduinobot_controller -- -j16 -l16
[0.055s] -- Found ament_cmake: 1.3.11 (/opt/ros/humble/share/ament_cmake/cmake)
[0.202s] -- Found hardware_interface: 2.49.0 (/opt/ros/humble/share/hardware_interface/cmake)
[0.249s] -- Found rosidl_generator_c: 3.1.6 (/opt/ros/humble/share/rosidl_generator_c/cmake)
[0.254s] -- Found rosidl_adapter: 3.1.6 (/opt/ros/humble/share/rosidl_adapter/cmake)
[0.264s] -- Found rosidl_generator_cpp: 3.1.6 (/opt/ros/humble/share/rosidl_generator_cpp/cmake)
[0.279s] -- Using all available rosidl_typesupport_c: rosidl_typesupport_fastrtps_c;rosidl_typesupport_introspection_c
[0.297s] -- Using all available rosidl_typesupport_cpp: rosidl_typesupport_fastrtps_cpp;rosidl_typesupport_introspection_cpp
[0.551s] -- Found rmw_implementation_cmake: 6.1.2 (/opt/ros/humble/share/rmw_implementation_cmake/cmake)
[0.555s] -- Found rmw_cyclonedds_cpp: 1.3.4 (/opt/ros/humble/share/rmw_cyclonedds_cpp/cmake)
[0.583s] -- Using RMW implementation 'rmw_cyclonedds_cpp' as default
[0.647s] -- Found ament_lint_auto: 0.12.12 (/opt/ros/humble/share/ament_lint_auto/cmake)
[0.728s] -- Added test 'cppcheck' to perform static code analysis on C / C++ code
[0.728s] -- Configured cppcheck include dirs: /home/nicholas/arduinobot_ws/src/aruduinobot_controller/include;/home/nicholas/arduinobot_ws/src/aruduinobot_controller/
[0.728s] -- Configured cppcheck exclude dirs and/or files: 
[0.729s] -- Added test 'flake8' to check Python code syntax and style conventions
[0.729s] -- Added test 'lint_cmake' to check CMake code style
[0.730s] -- Added test 'pep257' to check Python code against some of the docstring style conventions in PEP 257
[0.731s] -- Added test 'uncrustify' to check C / C++ code style
[0.732s] -- Configured uncrustify additional arguments: 
[0.732s] -- Added test 'xmllint' to check XML markup files
[0.735s] -- Configuring done
[0.796s] -- Generating done
[0.801s] -- Build files have been written to: /home/nicholas/arduinobot_ws/build/aruduinobot_controller
[0.830s] [35m[1mConsolidate compiler generated dependencies of target aruduinobot_controller[0m
[0.860s] [100%] Built target aruduinobot_controller
[0.878s] Invoked command in '/home/nicholas/arduinobot_ws/build/aruduinobot_controller' returned '0': CMAKE_PREFIX_PATH=/home/nicholas/arduinobot_ws/install/arduinobot_description:/home/nicholas/arduinobot_ws/install/aruduinobot_controller:/home/nicholas/arduinobot_ws/install/arduinobot_utils:/home/nicholas/arduinobot_ws/install/arduinobot_remote:/home/nicholas/arduinobot_ws/install/arduinobot_msgs:/home/nicholas/arduinobot_ws/install/arduinobot_moveit:/home/nicholas/arduinobot_ws/install/arduinobot_firmware:/home/nicholas/arduinobot_ws/install/arduinobot_cpp_examples:/home/nicholas/arduinobot_ws/install/arduinobot_bringup:/home/nicholas/arduinobot_ws/install/arduinobot_py_examples:/opt/ros/humble /usr/bin/cmake --build /home/nicholas/arduinobot_ws/build/aruduinobot_controller -- -j16 -l16
[0.879s] Invoking command in '/home/nicholas/arduinobot_ws/build/aruduinobot_controller': CMAKE_PREFIX_PATH=/home/nicholas/arduinobot_ws/install/arduinobot_description:/home/nicholas/arduinobot_ws/install/aruduinobot_controller:/home/nicholas/arduinobot_ws/install/arduinobot_utils:/home/nicholas/arduinobot_ws/install/arduinobot_remote:/home/nicholas/arduinobot_ws/install/arduinobot_msgs:/home/nicholas/arduinobot_ws/install/arduinobot_moveit:/home/nicholas/arduinobot_ws/install/arduinobot_firmware:/home/nicholas/arduinobot_ws/install/arduinobot_cpp_examples:/home/nicholas/arduinobot_ws/install/arduinobot_bringup:/home/nicholas/arduinobot_ws/install/arduinobot_py_examples:/opt/ros/humble /usr/bin/cmake --install /home/nicholas/arduinobot_ws/build/aruduinobot_controller
[0.888s] -- Install configuration: ""
[0.888s] -- Up-to-date: /home/nicholas/arduinobot_ws/install/aruduinobot_controller/share/aruduinobot_controller/arduinobot_controller.xml
[0.888s] -- Up-to-date: /home/nicholas/arduinobot_ws/install/aruduinobot_controller/share/aruduinobot_controller/config
[0.888s] -- Up-to-date: /home/nicholas/arduinobot_ws/install/aruduinobot_controller/share/aruduinobot_controller/config/arduinobot_controllers.yaml
[0.889s] -- Up-to-date: /home/nicholas/arduinobot_ws/install/aruduinobot_controller/share/aruduinobot_controller/launch
[0.889s] -- Up-to-date: /home/nicholas/arduinobot_ws/install/aruduinobot_controller/share/aruduinobot_controller/launch/controller.launch.py
[0.889s] -- Up-to-date: /home/nicholas/arduinobot_ws/install/aruduinobot_controller/lib/libaruduinobot_controller.so
[0.889s] -- Up-to-date: /home/nicholas/arduinobot_ws/install/aruduinobot_controller/include/include
[0.889s] -- Up-to-date: /home/nicholas/arduinobot_ws/install/aruduinobot_controller/include/include/arduinobot_controller
[0.889s] -- Up-to-date: /home/nicholas/arduinobot_ws/install/aruduinobot_controller/include/include/arduinobot_controller/arduinobot_interface.hpp
[0.889s] -- Up-to-date: /home/nicholas/arduinobot_ws/install/aruduinobot_controller/share/aruduinobot_controller/environment/library_path.sh
[0.889s] -- Installing: /home/nicholas/arduinobot_ws/install/aruduinobot_controller/share/aruduinobot_controller/environment/library_path.dsv
[0.889s] -- Installing: /home/nicholas/arduinobot_ws/install/aruduinobot_controller/share/ament_index/resource_index/package_run_dependencies/aruduinobot_controller
[0.890s] -- Up-to-date: /home/nicholas/arduinobot_ws/install/aruduinobot_controller/share/ament_index/resource_index/parent_prefix_path/aruduinobot_controller
[0.890s] -- Up-to-date: /home/nicholas/arduinobot_ws/install/aruduinobot_controller/share/aruduinobot_controller/environment/ament_prefix_path.sh
[0.890s] -- Installing: /home/nicholas/arduinobot_ws/install/aruduinobot_controller/share/aruduinobot_controller/environment/ament_prefix_path.dsv
[0.890s] -- Up-to-date: /home/nicholas/arduinobot_ws/install/aruduinobot_controller/share/aruduinobot_controller/environment/path.sh
[0.890s] -- Installing: /home/nicholas/arduinobot_ws/install/aruduinobot_controller/share/aruduinobot_controller/environment/path.dsv
[0.890s] -- Up-to-date: /home/nicholas/arduinobot_ws/install/aruduinobot_controller/share/aruduinobot_controller/local_setup.bash
[0.890s] -- Up-to-date: /home/nicholas/arduinobot_ws/install/aruduinobot_controller/share/aruduinobot_controller/local_setup.sh
[0.891s] -- Up-to-date: /home/nicholas/arduinobot_ws/install/aruduinobot_controller/share/aruduinobot_controller/local_setup.zsh
[0.891s] -- Installing: /home/nicholas/arduinobot_ws/install/aruduinobot_controller/share/aruduinobot_controller/local_setup.dsv
[0.891s] -- Installing: /home/nicholas/arduinobot_ws/install/aruduinobot_controller/share/aruduinobot_controller/package.dsv
[0.891s] -- Up-to-date: /home/nicholas/arduinobot_ws/install/aruduinobot_controller/share/ament_index/resource_index/packages/aruduinobot_controller
[0.891s] -- Up-to-date: /home/nicholas/arduinobot_ws/install/aruduinobot_controller/share/ament_index/resource_index/hardware_interface__pluginlib__plugin/aruduinobot_controller
[0.891s] -- Up-to-date: /home/nicholas/arduinobot_ws/install/aruduinobot_controller/share/aruduinobot_controller/cmake/ament_cmake_export_include_directories-extras.cmake
[0.891s] -- Up-to-date: /home/nicholas/arduinobot_ws/install/aruduinobot_controller/share/aruduinobot_controller/cmake/ament_cmake_export_libraries-extras.cmake
[0.891s] -- Up-to-date: /home/nicholas/arduinobot_ws/install/aruduinobot_controller/share/aruduinobot_controller/cmake/ament_cmake_export_dependencies-extras.cmake
[0.891s] -- Up-to-date: /home/nicholas/arduinobot_ws/install/aruduinobot_controller/share/aruduinobot_controller/cmake/aruduinobot_controllerConfig.cmake
[0.892s] -- Up-to-date: /home/nicholas/arduinobot_ws/install/aruduinobot_controller/share/aruduinobot_controller/cmake/aruduinobot_controllerConfig-version.cmake
[0.892s] -- Installing: /home/nicholas/arduinobot_ws/install/aruduinobot_controller/share/aruduinobot_controller/package.xml
[0.895s] Invoked command in '/home/nicholas/arduinobot_ws/build/aruduinobot_controller' returned '0': CMAKE_PREFIX_PATH=/home/nicholas/arduinobot_ws/install/arduinobot_description:/home/nicholas/arduinobot_ws/install/aruduinobot_controller:/home/nicholas/arduinobot_ws/install/arduinobot_utils:/home/nicholas/arduinobot_ws/install/arduinobot_remote:/home/nicholas/arduinobot_ws/install/arduinobot_msgs:/home/nicholas/arduinobot_ws/install/arduinobot_moveit:/home/nicholas/arduinobot_ws/install/arduinobot_firmware:/home/nicholas/arduinobot_ws/install/arduinobot_cpp_examples:/home/nicholas/arduinobot_ws/install/arduinobot_bringup:/home/nicholas/arduinobot_ws/install/arduinobot_py_examples:/opt/ros/humble /usr/bin/cmake --install /home/nicholas/arduinobot_ws/build/aruduinobot_controller
