[0.404s] Invoking command in '/home/nadurham/arduinobot_ws/build/arduinobot_description': CMAKE_PREFIX_PATH=${CMAKE_PREFIX_PATH}:/home/nadurham/arduinobot_ws/install/arduinobot_py_examples:/opt/ros/humble /usr/bin/cmake --build /home/nadurham/arduinobot_ws/build/arduinobot_description -- -j2 -l2
[1.342s] Invoked command in '/home/nadurham/arduinobot_ws/build/arduinobot_description' returned '0': CMAKE_PREFIX_PATH=${CMAKE_PREFIX_PATH}:/home/nadurham/arduinobot_ws/install/arduinobot_py_examples:/opt/ros/humble /usr/bin/cmake --build /home/nadurham/arduinobot_ws/build/arduinobot_description -- -j2 -l2
[1.343s] Invoking command in '/home/nadurham/arduinobot_ws/build/arduinobot_description': CMAKE_PREFIX_PATH=${CMAKE_PREFIX_PATH}:/home/nadurham/arduinobot_ws/install/arduinobot_py_examples:/opt/ros/humble /usr/bin/cmake --install /home/nadurham/arduinobot_ws/build/arduinobot_description
[1.587s] -- Install configuration: ""
[1.588s] -- Up-to-date: /home/nadurham/arduinobot_ws/install/arduinobot_description/share/arduinobot_description/meshes
[1.588s] -- Up-to-date: /home/nadurham/arduinobot_ws/install/arduinobot_description/share/arduinobot_description/meshes/pi_camera.STL
[1.588s] -- Up-to-date: /home/nadurham/arduinobot_ws/install/arduinobot_description/share/arduinobot_description/meshes/right_finger.STL
[1.588s] -- Up-to-date: /home/nadurham/arduinobot_ws/install/arduinobot_description/share/arduinobot_description/meshes/horizontal_arm.STL
[1.588s] -- Up-to-date: /home/nadurham/arduinobot_ws/install/arduinobot_description/share/arduinobot_description/meshes/plate.STL
[1.588s] -- Up-to-date: /home/nadurham/arduinobot_ws/install/arduinobot_description/share/arduinobot_description/meshes/triangular_link.STL
[1.588s] -- Up-to-date: /home/nadurham/arduinobot_ws/install/arduinobot_description/share/arduinobot_description/meshes/claw_support.STL
[1.588s] -- Up-to-date: /home/nadurham/arduinobot_ws/install/arduinobot_description/share/arduinobot_description/meshes/link.STL
[1.588s] -- Up-to-date: /home/nadurham/arduinobot_ws/install/arduinobot_description/share/arduinobot_description/meshes/round_plate.STL
[1.589s] -- Up-to-date: /home/nadurham/arduinobot_ws/install/arduinobot_description/share/arduinobot_description/meshes/servo_plate.STL
[1.589s] -- Up-to-date: /home/nadurham/arduinobot_ws/install/arduinobot_description/share/arduinobot_description/meshes/forward_drive_arm.STL
[1.589s] -- Up-to-date: /home/nadurham/arduinobot_ws/install/arduinobot_description/share/arduinobot_description/meshes/base_plate.STL
[1.589s] -- Up-to-date: /home/nadurham/arduinobot_ws/install/arduinobot_description/share/arduinobot_description/meshes/left_finger.STL
[1.589s] -- Up-to-date: /home/nadurham/arduinobot_ws/install/arduinobot_description/share/arduinobot_description/meshes/vertical_drive_arm.STL
[1.589s] -- Up-to-date: /home/nadurham/arduinobot_ws/install/arduinobot_description/share/arduinobot_description/meshes/basement.STL
[1.589s] -- Up-to-date: /home/nadurham/arduinobot_ws/install/arduinobot_description/share/arduinobot_description/urdf
[1.589s] -- Installing: /home/nadurham/arduinobot_ws/install/arduinobot_description/share/arduinobot_description/urdf/arduinobot.urdf.xacro
[1.589s] -- Up-to-date: /home/nadurham/arduinobot_ws/install/arduinobot_description/share/arduinobot_description/launch
[1.589s] -- Up-to-date: /home/nadurham/arduinobot_ws/install/arduinobot_description/share/arduinobot_description/launch/gazebo.launch.py
[1.589s] -- Up-to-date: /home/nadurham/arduinobot_ws/install/arduinobot_description/share/arduinobot_description/launch/display.launch.py
[1.589s] -- Up-to-date: /home/nadurham/arduinobot_ws/install/arduinobot_description/share/arduinobot_description/rviz
[1.589s] -- Up-to-date: /home/nadurham/arduinobot_ws/install/arduinobot_description/share/arduinobot_description/rviz/display.rviz
[1.590s] -- Up-to-date: /home/nadurham/arduinobot_ws/install/arduinobot_description/share/ament_index/resource_index/package_run_dependencies/arduinobot_description
[1.590s] -- Up-to-date: /home/nadurham/arduinobot_ws/install/arduinobot_description/share/ament_index/resource_index/parent_prefix_path/arduinobot_description
[1.590s] -- Up-to-date: /home/nadurham/arduinobot_ws/install/arduinobot_description/share/arduinobot_description/environment/ament_prefix_path.sh
[1.630s] -- Up-to-date: /home/nadurham/arduinobot_ws/install/arduinobot_description/share/arduinobot_description/environment/ament_prefix_path.dsv
[1.630s] -- Up-to-date: /home/nadurham/arduinobot_ws/install/arduinobot_description/share/arduinobot_description/environment/path.sh
[1.630s] -- Up-to-date: /home/nadurham/arduinobot_ws/install/arduinobot_description/share/arduinobot_description/environment/path.dsv
[1.630s] -- Up-to-date: /home/nadurham/arduinobot_ws/install/arduinobot_description/share/arduinobot_description/local_setup.bash
[1.631s] -- Up-to-date: /home/nadurham/arduinobot_ws/install/arduinobot_description/share/arduinobot_description/local_setup.sh
[1.631s] -- Up-to-date: /home/nadurham/arduinobot_ws/install/arduinobot_description/share/arduinobot_description/local_setup.zsh
[1.631s] -- Up-to-date: /home/nadurham/arduinobot_ws/install/arduinobot_description/share/arduinobot_description/local_setup.dsv
[1.631s] -- Installing: /home/nadurham/arduinobot_ws/install/arduinobot_description/share/arduinobot_description/package.dsv
[1.637s] -- Up-to-date: /home/nadurham/arduinobot_ws/install/arduinobot_description/share/ament_index/resource_index/packages/arduinobot_description
[1.637s] -- Up-to-date: /home/nadurham/arduinobot_ws/install/arduinobot_description/share/arduinobot_description/cmake/arduinobot_descriptionConfig.cmake
[1.638s] -- Up-to-date: /home/nadurham/arduinobot_ws/install/arduinobot_description/share/arduinobot_description/cmake/arduinobot_descriptionConfig-version.cmake
[1.638s] -- Up-to-date: /home/nadurham/arduinobot_ws/install/arduinobot_description/share/arduinobot_description/package.xml
[1.639s] Invoked command in '/home/nadurham/arduinobot_ws/build/arduinobot_description' returned '0': CMAKE_PREFIX_PATH=${CMAKE_PREFIX_PATH}:/home/nadurham/arduinobot_ws/install/arduinobot_py_examples:/opt/ros/humble /usr/bin/cmake --install /home/nadurham/arduinobot_ws/build/arduinobot_description
