[0.022s] Invoking command in '/home/nadurham/arduinobot_ws/build/arduinobot_description': CMAKE_PREFIX_PATH=${CMAKE_PREFIX_PATH}:/home/nadurham/arduinobot_ws/install/arduinobot_py_examples:/opt/ros/humble /usr/bin/cmake --build /home/nadurham/arduinobot_ws/build/arduinobot_description -- -j2 -l2
[0.061s] Invoked command in '/home/nadurham/arduinobot_ws/build/arduinobot_description' returned '0': CMAKE_PREFIX_PATH=${CMAKE_PREFIX_PATH}:/home/nadurham/arduinobot_ws/install/arduinobot_py_examples:/opt/ros/humble /usr/bin/cmake --build /home/nadurham/arduinobot_ws/build/arduinobot_description -- -j2 -l2
[0.070s] Invoking command in '/home/nadurham/arduinobot_ws/build/arduinobot_description': CMAKE_PREFIX_PATH=${CMAKE_PREFIX_PATH}:/home/nadurham/arduinobot_ws/install/arduinobot_py_examples:/opt/ros/humble /usr/bin/cmake --install /home/nadurham/arduinobot_ws/build/arduinobot_description
[0.078s] -- Install configuration: ""
[0.078s] -- Up-to-date: /home/nadurham/arduinobot_ws/install/arduinobot_description/share/arduinobot_description/meshes
[0.079s] -- Installing: /home/nadurham/arduinobot_ws/install/arduinobot_description/share/arduinobot_description/meshes/right_finger.STL
[0.081s] -- Installing: /home/nadurham/arduinobot_ws/install/arduinobot_description/share/arduinobot_description/meshes/horizontal_arm.STL
[0.087s] -- Installing: /home/nadurham/arduinobot_ws/install/arduinobot_description/share/arduinobot_description/meshes/plate.STL
[0.106s] -- Installing: /home/nadurham/arduinobot_ws/install/arduinobot_description/share/arduinobot_description/meshes/triangular_link.STL
[0.115s] -- Installing: /home/nadurham/arduinobot_ws/install/arduinobot_description/share/arduinobot_description/meshes/claw_support.STL
[0.115s] -- Installing: /home/nadurham/arduinobot_ws/install/arduinobot_description/share/arduinobot_description/meshes/link.STL
[0.118s] -- Installing: /home/nadurham/arduinobot_ws/install/arduinobot_description/share/arduinobot_description/meshes/round_plate.STL
[0.122s] -- Installing: /home/nadurham/arduinobot_ws/install/arduinobot_description/share/arduinobot_description/meshes/servo_plate.STL
[0.122s] -- Installing: /home/nadurham/arduinobot_ws/install/arduinobot_description/share/arduinobot_description/meshes/forward_drive_arm.STL
[0.128s] -- Installing: /home/nadurham/arduinobot_ws/install/arduinobot_description/share/arduinobot_description/meshes/base_plate.STL
[0.133s] -- Installing: /home/nadurham/arduinobot_ws/install/arduinobot_description/share/arduinobot_description/meshes/left_finger.STL
[0.133s] -- Installing: /home/nadurham/arduinobot_ws/install/arduinobot_description/share/arduinobot_description/meshes/vertical_drive_arm.STL
[0.136s] -- Installing: /home/nadurham/arduinobot_ws/install/arduinobot_description/share/arduinobot_description/meshes/basement.STL
[0.138s] -- Up-to-date: /home/nadurham/arduinobot_ws/install/arduinobot_description/share/arduinobot_description/urdf
[0.139s] -- Installing: /home/nadurham/arduinobot_ws/install/arduinobot_description/share/arduinobot_description/urdf/arduinobot.urdf.xacro
[0.140s] -- Up-to-date: /home/nadurham/arduinobot_ws/install/arduinobot_description/share/ament_index/resource_index/package_run_dependencies/arduinobot_description
[0.140s] -- Up-to-date: /home/nadurham/arduinobot_ws/install/arduinobot_description/share/ament_index/resource_index/parent_prefix_path/arduinobot_description
[0.141s] -- Up-to-date: /home/nadurham/arduinobot_ws/install/arduinobot_description/share/arduinobot_description/environment/ament_prefix_path.sh
[0.141s] -- Up-to-date: /home/nadurham/arduinobot_ws/install/arduinobot_description/share/arduinobot_description/environment/ament_prefix_path.dsv
[0.142s] -- Up-to-date: /home/nadurham/arduinobot_ws/install/arduinobot_description/share/arduinobot_description/environment/path.sh
[0.142s] -- Up-to-date: /home/nadurham/arduinobot_ws/install/arduinobot_description/share/arduinobot_description/environment/path.dsv
[0.143s] -- Up-to-date: /home/nadurham/arduinobot_ws/install/arduinobot_description/share/arduinobot_description/local_setup.bash
[0.143s] -- Up-to-date: /home/nadurham/arduinobot_ws/install/arduinobot_description/share/arduinobot_description/local_setup.sh
[0.144s] -- Up-to-date: /home/nadurham/arduinobot_ws/install/arduinobot_description/share/arduinobot_description/local_setup.zsh
[0.144s] -- Up-to-date: /home/nadurham/arduinobot_ws/install/arduinobot_description/share/arduinobot_description/local_setup.dsv
[0.144s] -- Up-to-date: /home/nadurham/arduinobot_ws/install/arduinobot_description/share/arduinobot_description/package.dsv
[0.145s] -- Up-to-date: /home/nadurham/arduinobot_ws/install/arduinobot_description/share/ament_index/resource_index/packages/arduinobot_description
[0.145s] -- Up-to-date: /home/nadurham/arduinobot_ws/install/arduinobot_description/share/arduinobot_description/cmake/arduinobot_descriptionConfig.cmake
[0.145s] -- Up-to-date: /home/nadurham/arduinobot_ws/install/arduinobot_description/share/arduinobot_description/cmake/arduinobot_descriptionConfig-version.cmake
[0.146s] -- Up-to-date: /home/nadurham/arduinobot_ws/install/arduinobot_description/share/arduinobot_description/package.xml
[0.363s] Invoked command in '/home/nadurham/arduinobot_ws/build/arduinobot_description' returned '0': CMAKE_PREFIX_PATH=${CMAKE_PREFIX_PATH}:/home/nadurham/arduinobot_ws/install/arduinobot_py_examples:/opt/ros/humble /usr/bin/cmake --install /home/nadurham/arduinobot_ws/build/arduinobot_description
