[0.015s] Invoking command in '/home/nicholas/arduinobot_ws/build/aruduinobot_controller': CMAKE_PREFIX_PATH=${CMAKE_PREFIX_PATH}:/home/nicholas/arduinobot_ws/install/arduinobot_py_examples:/opt/ros/humble /usr/bin/cmake /home/nicholas/arduinobot_ws/src/aruduinobot_controller -DCMAKE_INSTALL_PREFIX=/home/nicholas/arduinobot_ws/install/aruduinobot_controller
[0.070s] -- The C compiler identification is GNU 11.4.0
[0.124s] -- The CXX compiler identification is GNU 11.4.0
[0.132s] -- Detecting C compiler ABI info
[0.201s] -- Detecting C compiler ABI info - done
[0.211s] -- Check for working C compiler: /usr/bin/cc - skipped
[0.211s] -- Detecting C compile features
[0.211s] -- Detecting C compile features - done
[0.215s] -- Detecting CXX compiler ABI info
[0.294s] -- Detecting CXX compiler ABI info - done
[0.302s] -- Check for working CXX compiler: /usr/bin/c++ - skipped
[0.302s] -- Detecting CXX compile features
[0.303s] -- Detecting CXX compile features - done
[0.306s] -- Found ament_cmake: 1.3.11 (/opt/ros/humble/share/ament_cmake/cmake)
[0.445s] -- Found Python3: /usr/bin/python3 (found version "3.10.12") found components: Interpreter 
[0.531s] -- Found ament_lint_auto: 0.12.12 (/opt/ros/humble/share/ament_lint_auto/cmake)
[0.599s] -- Added test 'flake8' to check Python code syntax and style conventions
[0.600s] -- Added test 'lint_cmake' to check CMake code style
[0.600s] -- Added test 'pep257' to check Python code against some of the docstring style conventions in PEP 257
[0.601s] -- Added test 'xmllint' to check XML markup files
[0.603s] -- Configuring done
[0.605s] -- Generating done
[0.607s] -- Build files have been written to: /home/nicholas/arduinobot_ws/build/aruduinobot_controller
[0.612s] Invoked command in '/home/nicholas/arduinobot_ws/build/aruduinobot_controller' returned '0': CMAKE_PREFIX_PATH=${CMAKE_PREFIX_PATH}:/home/nicholas/arduinobot_ws/install/arduinobot_py_examples:/opt/ros/humble /usr/bin/cmake /home/nicholas/arduinobot_ws/src/aruduinobot_controller -DCMAKE_INSTALL_PREFIX=/home/nicholas/arduinobot_ws/install/aruduinobot_controller
[0.613s] Invoking command in '/home/nicholas/arduinobot_ws/build/aruduinobot_controller': CMAKE_PREFIX_PATH=${CMAKE_PREFIX_PATH}:/home/nicholas/arduinobot_ws/install/arduinobot_py_examples:/opt/ros/humble /usr/bin/cmake --build /home/nicholas/arduinobot_ws/build/aruduinobot_controller -- -j16 -l16
[0.651s] Invoked command in '/home/nicholas/arduinobot_ws/build/aruduinobot_controller' returned '0': CMAKE_PREFIX_PATH=${CMAKE_PREFIX_PATH}:/home/nicholas/arduinobot_ws/install/arduinobot_py_examples:/opt/ros/humble /usr/bin/cmake --build /home/nicholas/arduinobot_ws/build/aruduinobot_controller -- -j16 -l16
[0.661s] Invoking command in '/home/nicholas/arduinobot_ws/build/aruduinobot_controller': CMAKE_PREFIX_PATH=${CMAKE_PREFIX_PATH}:/home/nicholas/arduinobot_ws/install/arduinobot_py_examples:/opt/ros/humble /usr/bin/cmake --install /home/nicholas/arduinobot_ws/build/aruduinobot_controller
[0.668s] -- Install configuration: ""
[0.668s] -- Installing: /home/nicholas/arduinobot_ws/install/aruduinobot_controller/share/aruduinobot_controller/config
[0.668s] -- Installing: /home/nicholas/arduinobot_ws/install/aruduinobot_controller/share/aruduinobot_controller/config/arduinobot_controllers.yaml
[0.668s] -- Installing: /home/nicholas/arduinobot_ws/install/aruduinobot_controller/share/aruduinobot_controller/launch
[0.669s] -- Installing: /home/nicholas/arduinobot_ws/install/aruduinobot_controller/share/aruduinobot_controller/launch/controller.launch.py
[0.669s] -- Installing: /home/nicholas/arduinobot_ws/install/aruduinobot_controller/share/ament_index/resource_index/package_run_dependencies/aruduinobot_controller
[0.669s] -- Installing: /home/nicholas/arduinobot_ws/install/aruduinobot_controller/share/ament_index/resource_index/parent_prefix_path/aruduinobot_controller
[0.669s] -- Installing: /home/nicholas/arduinobot_ws/install/aruduinobot_controller/share/aruduinobot_controller/environment/ament_prefix_path.sh
[0.670s] -- Installing: /home/nicholas/arduinobot_ws/install/aruduinobot_controller/share/aruduinobot_controller/environment/ament_prefix_path.dsv
[0.670s] -- Installing: /home/nicholas/arduinobot_ws/install/aruduinobot_controller/share/aruduinobot_controller/environment/path.sh
[0.670s] -- Installing: /home/nicholas/arduinobot_ws/install/aruduinobot_controller/share/aruduinobot_controller/environment/path.dsv
[0.670s] -- Installing: /home/nicholas/arduinobot_ws/install/aruduinobot_controller/share/aruduinobot_controller/local_setup.bash
[0.670s] -- Installing: /home/nicholas/arduinobot_ws/install/aruduinobot_controller/share/aruduinobot_controller/local_setup.sh
[0.670s] -- Installing: /home/nicholas/arduinobot_ws/install/aruduinobot_controller/share/aruduinobot_controller/local_setup.zsh
[0.671s] -- Installing: /home/nicholas/arduinobot_ws/install/aruduinobot_controller/share/aruduinobot_controller/local_setup.dsv
[0.671s] -- Installing: /home/nicholas/arduinobot_ws/install/aruduinobot_controller/share/aruduinobot_controller/package.dsv
[0.671s] -- Installing: /home/nicholas/arduinobot_ws/install/aruduinobot_controller/share/ament_index/resource_index/packages/aruduinobot_controller
[0.672s] -- Installing: /home/nicholas/arduinobot_ws/install/aruduinobot_controller/share/aruduinobot_controller/cmake/aruduinobot_controllerConfig.cmake
[0.673s] -- Installing: /home/nicholas/arduinobot_ws/install/aruduinobot_controller/share/aruduinobot_controller/cmake/aruduinobot_controllerConfig-version.cmake
[0.673s] -- Installing: /home/nicholas/arduinobot_ws/install/aruduinobot_controller/share/aruduinobot_controller/package.xml
[0.683s] Invoked command in '/home/nicholas/arduinobot_ws/build/aruduinobot_controller' returned '0': CMAKE_PREFIX_PATH=${CMAKE_PREFIX_PATH}:/home/nicholas/arduinobot_ws/install/arduinobot_py_examples:/opt/ros/humble /usr/bin/cmake --install /home/nicholas/arduinobot_ws/build/aruduinobot_controller
