[0.091s] DEBUG:colcon:Command line arguments: ['/usr/bin/colcon', 'build']
[0.091s] DEBUG:colcon:Parsed command line arguments: Namespace(log_base=None, log_level=None, verb_name='build', build_base='build', install_base='install', merge_install=False, symlink_install=False, test_result_base=None, continue_on_error=False, executor='parallel', parallel_workers=16, event_handlers=None, ignore_user_meta=False, metas=['./colcon.meta'], base_paths=['.'], packages_ignore=None, packages_ignore_regex=None, paths=None, packages_up_to=None, packages_up_to_regex=None, packages_above=None, packages_above_and_dependencies=None, packages_above_depth=None, packages_select_by_dep=None, packages_skip_by_dep=None, packages_skip_up_to=None, packages_select_build_failed=False, packages_skip_build_finished=False, packages_select_test_failures=False, packages_skip_test_passed=False, packages_select=None, packages_skip=None, packages_select_regex=None, packages_skip_regex=None, packages_start=None, packages_end=None, allow_overriding=[], cmake_args=None, cmake_target=None, cmake_target_skip_unavailable=False, cmake_clean_cache=False, cmake_clean_first=False, cmake_force_configure=False, ament_cmake_args=None, catkin_cmake_args=None, catkin_skip_building_tests=False, mixin_files=None, mixin=None, verb_parser=<colcon_mixin.mixin.mixin_argument.MixinArgumentDecorator object at 0x704c53b53550>, verb_extension=<colcon_core.verb.build.BuildVerb object at 0x704c53b18a30>, main=<bound method BuildVerb.main of <colcon_core.verb.build.BuildVerb object at 0x704c53b18a30>>, mixin_verb=('build',))
[0.250s] Level 1:colcon.colcon_core.package_discovery:discover_packages(colcon_meta) check parameters
[0.250s] Level 1:colcon.colcon_core.package_discovery:discover_packages(recursive) check parameters
[0.250s] Level 1:colcon.colcon_core.package_discovery:discover_packages(ignore) check parameters
[0.250s] Level 1:colcon.colcon_core.package_discovery:discover_packages(path) check parameters
[0.250s] Level 1:colcon.colcon_core.package_discovery:discover_packages(colcon_meta) discover
[0.250s] Level 1:colcon.colcon_core.package_discovery:discover_packages(recursive) discover
[0.250s] INFO:colcon.colcon_core.package_discovery:Crawling recursively for packages in '/home/nicholas/arduinobot_ws'
[0.250s] Level 1:colcon.colcon_core.package_identification:_identify(.) by extensions ['ignore', 'ignore_ament_install']
[0.250s] Level 1:colcon.colcon_core.package_identification:_identify(.) by extension 'ignore'
[0.250s] Level 1:colcon.colcon_core.package_identification:_identify(.) by extension 'ignore_ament_install'
[0.250s] Level 1:colcon.colcon_core.package_identification:_identify(.) by extensions ['colcon_pkg']
[0.250s] Level 1:colcon.colcon_core.package_identification:_identify(.) by extension 'colcon_pkg'
[0.250s] Level 1:colcon.colcon_core.package_identification:_identify(.) by extensions ['colcon_meta']
[0.250s] Level 1:colcon.colcon_core.package_identification:_identify(.) by extension 'colcon_meta'
[0.250s] Level 1:colcon.colcon_core.package_identification:_identify(.) by extensions ['ros']
[0.250s] Level 1:colcon.colcon_core.package_identification:_identify(.) by extension 'ros'
[0.259s] Level 1:colcon.colcon_core.package_identification:_identify(.) by extensions ['cmake', 'python']
[0.259s] Level 1:colcon.colcon_core.package_identification:_identify(.) by extension 'cmake'
[0.259s] Level 1:colcon.colcon_core.package_identification:_identify(.) by extension 'python'
[0.259s] Level 1:colcon.colcon_core.package_identification:_identify(.) by extensions ['python_setup_py']
[0.259s] Level 1:colcon.colcon_core.package_identification:_identify(.) by extension 'python_setup_py'
[0.259s] Level 1:colcon.colcon_core.package_identification:_identify(build) by extensions ['ignore', 'ignore_ament_install']
[0.259s] Level 1:colcon.colcon_core.package_identification:_identify(build) by extension 'ignore'
[0.259s] Level 1:colcon.colcon_core.package_identification:_identify(build) ignored
[0.259s] Level 1:colcon.colcon_core.package_identification:_identify(install) by extensions ['ignore', 'ignore_ament_install']
[0.259s] Level 1:colcon.colcon_core.package_identification:_identify(install) by extension 'ignore'
[0.259s] Level 1:colcon.colcon_core.package_identification:_identify(install) ignored
[0.259s] Level 1:colcon.colcon_core.package_identification:_identify(log) by extensions ['ignore', 'ignore_ament_install']
[0.259s] Level 1:colcon.colcon_core.package_identification:_identify(log) by extension 'ignore'
[0.259s] Level 1:colcon.colcon_core.package_identification:_identify(log) ignored
[0.260s] Level 1:colcon.colcon_core.package_identification:_identify(src) by extensions ['ignore', 'ignore_ament_install']
[0.260s] Level 1:colcon.colcon_core.package_identification:_identify(src) by extension 'ignore'
[0.260s] Level 1:colcon.colcon_core.package_identification:_identify(src) by extension 'ignore_ament_install'
[0.260s] Level 1:colcon.colcon_core.package_identification:_identify(src) by extensions ['colcon_pkg']
[0.260s] Level 1:colcon.colcon_core.package_identification:_identify(src) by extension 'colcon_pkg'
[0.260s] Level 1:colcon.colcon_core.package_identification:_identify(src) by extensions ['colcon_meta']
[0.260s] Level 1:colcon.colcon_core.package_identification:_identify(src) by extension 'colcon_meta'
[0.260s] Level 1:colcon.colcon_core.package_identification:_identify(src) by extensions ['ros']
[0.260s] Level 1:colcon.colcon_core.package_identification:_identify(src) by extension 'ros'
[0.260s] Level 1:colcon.colcon_core.package_identification:_identify(src) by extensions ['cmake', 'python']
[0.260s] Level 1:colcon.colcon_core.package_identification:_identify(src) by extension 'cmake'
[0.260s] Level 1:colcon.colcon_core.package_identification:_identify(src) by extension 'python'
[0.260s] Level 1:colcon.colcon_core.package_identification:_identify(src) by extensions ['python_setup_py']
[0.260s] Level 1:colcon.colcon_core.package_identification:_identify(src) by extension 'python_setup_py'
[0.260s] Level 1:colcon.colcon_core.package_identification:_identify(src/arduinobot_cpp_examples) by extensions ['ignore', 'ignore_ament_install']
[0.260s] Level 1:colcon.colcon_core.package_identification:_identify(src/arduinobot_cpp_examples) by extension 'ignore'
[0.260s] Level 1:colcon.colcon_core.package_identification:_identify(src/arduinobot_cpp_examples) by extension 'ignore_ament_install'
[0.260s] Level 1:colcon.colcon_core.package_identification:_identify(src/arduinobot_cpp_examples) by extensions ['colcon_pkg']
[0.260s] Level 1:colcon.colcon_core.package_identification:_identify(src/arduinobot_cpp_examples) by extension 'colcon_pkg'
[0.260s] Level 1:colcon.colcon_core.package_identification:_identify(src/arduinobot_cpp_examples) by extensions ['colcon_meta']
[0.260s] Level 1:colcon.colcon_core.package_identification:_identify(src/arduinobot_cpp_examples) by extension 'colcon_meta'
[0.260s] Level 1:colcon.colcon_core.package_identification:_identify(src/arduinobot_cpp_examples) by extensions ['ros']
[0.260s] Level 1:colcon.colcon_core.package_identification:_identify(src/arduinobot_cpp_examples) by extension 'ros'
[0.269s] DEBUG:colcon.colcon_core.package_identification:Package 'src/arduinobot_cpp_examples' with type 'ros.ament_cmake' and name 'arduinobot_cpp_examples'
[0.269s] Level 1:colcon.colcon_core.package_identification:_identify(src/arduinobot_description) by extensions ['ignore', 'ignore_ament_install']
[0.269s] Level 1:colcon.colcon_core.package_identification:_identify(src/arduinobot_description) by extension 'ignore'
[0.269s] Level 1:colcon.colcon_core.package_identification:_identify(src/arduinobot_description) by extension 'ignore_ament_install'
[0.269s] Level 1:colcon.colcon_core.package_identification:_identify(src/arduinobot_description) by extensions ['colcon_pkg']
[0.269s] Level 1:colcon.colcon_core.package_identification:_identify(src/arduinobot_description) by extension 'colcon_pkg'
[0.269s] Level 1:colcon.colcon_core.package_identification:_identify(src/arduinobot_description) by extensions ['colcon_meta']
[0.269s] Level 1:colcon.colcon_core.package_identification:_identify(src/arduinobot_description) by extension 'colcon_meta'
[0.269s] Level 1:colcon.colcon_core.package_identification:_identify(src/arduinobot_description) by extensions ['ros']
[0.269s] Level 1:colcon.colcon_core.package_identification:_identify(src/arduinobot_description) by extension 'ros'
[0.271s] DEBUG:colcon.colcon_core.package_identification:Package 'src/arduinobot_description' with type 'ros.ament_cmake' and name 'arduinobot_description'
[0.271s] Level 1:colcon.colcon_core.package_identification:_identify(src/arduinobot_moveit) by extensions ['ignore', 'ignore_ament_install']
[0.271s] Level 1:colcon.colcon_core.package_identification:_identify(src/arduinobot_moveit) by extension 'ignore'
[0.271s] Level 1:colcon.colcon_core.package_identification:_identify(src/arduinobot_moveit) by extension 'ignore_ament_install'
[0.271s] Level 1:colcon.colcon_core.package_identification:_identify(src/arduinobot_moveit) by extensions ['colcon_pkg']
[0.271s] Level 1:colcon.colcon_core.package_identification:_identify(src/arduinobot_moveit) by extension 'colcon_pkg'
[0.271s] Level 1:colcon.colcon_core.package_identification:_identify(src/arduinobot_moveit) by extensions ['colcon_meta']
[0.271s] Level 1:colcon.colcon_core.package_identification:_identify(src/arduinobot_moveit) by extension 'colcon_meta'
[0.271s] Level 1:colcon.colcon_core.package_identification:_identify(src/arduinobot_moveit) by extensions ['ros']
[0.271s] Level 1:colcon.colcon_core.package_identification:_identify(src/arduinobot_moveit) by extension 'ros'
[0.272s] DEBUG:colcon.colcon_core.package_identification:Package 'src/arduinobot_moveit' with type 'ros.ament_cmake' and name 'arduinobot_moveit'
[0.272s] Level 1:colcon.colcon_core.package_identification:_identify(src/arduinobot_msgs) by extensions ['ignore', 'ignore_ament_install']
[0.272s] Level 1:colcon.colcon_core.package_identification:_identify(src/arduinobot_msgs) by extension 'ignore'
[0.272s] Level 1:colcon.colcon_core.package_identification:_identify(src/arduinobot_msgs) by extension 'ignore_ament_install'
[0.272s] Level 1:colcon.colcon_core.package_identification:_identify(src/arduinobot_msgs) by extensions ['colcon_pkg']
[0.272s] Level 1:colcon.colcon_core.package_identification:_identify(src/arduinobot_msgs) by extension 'colcon_pkg'
[0.272s] Level 1:colcon.colcon_core.package_identification:_identify(src/arduinobot_msgs) by extensions ['colcon_meta']
[0.272s] Level 1:colcon.colcon_core.package_identification:_identify(src/arduinobot_msgs) by extension 'colcon_meta'
[0.272s] Level 1:colcon.colcon_core.package_identification:_identify(src/arduinobot_msgs) by extensions ['ros']
[0.272s] Level 1:colcon.colcon_core.package_identification:_identify(src/arduinobot_msgs) by extension 'ros'
[0.273s] DEBUG:colcon.colcon_core.package_identification:Package 'src/arduinobot_msgs' with type 'ros.ament_cmake' and name 'arduinobot_msgs'
[0.273s] Level 1:colcon.colcon_core.package_identification:_identify(src/arduinobot_py_examples) by extensions ['ignore', 'ignore_ament_install']
[0.273s] Level 1:colcon.colcon_core.package_identification:_identify(src/arduinobot_py_examples) by extension 'ignore'
[0.273s] Level 1:colcon.colcon_core.package_identification:_identify(src/arduinobot_py_examples) by extension 'ignore_ament_install'
[0.273s] Level 1:colcon.colcon_core.package_identification:_identify(src/arduinobot_py_examples) by extensions ['colcon_pkg']
[0.273s] Level 1:colcon.colcon_core.package_identification:_identify(src/arduinobot_py_examples) by extension 'colcon_pkg'
[0.273s] Level 1:colcon.colcon_core.package_identification:_identify(src/arduinobot_py_examples) by extensions ['colcon_meta']
[0.273s] Level 1:colcon.colcon_core.package_identification:_identify(src/arduinobot_py_examples) by extension 'colcon_meta'
[0.273s] Level 1:colcon.colcon_core.package_identification:_identify(src/arduinobot_py_examples) by extensions ['ros']
[0.273s] Level 1:colcon.colcon_core.package_identification:_identify(src/arduinobot_py_examples) by extension 'ros'
[0.273s] DEBUG:colcon.colcon_core.package_identification:Package 'src/arduinobot_py_examples' with type 'ros.ament_python' and name 'arduinobot_py_examples'
[0.273s] Level 1:colcon.colcon_core.package_identification:_identify(src/arduinobot_utils) by extensions ['ignore', 'ignore_ament_install']
[0.273s] Level 1:colcon.colcon_core.package_identification:_identify(src/arduinobot_utils) by extension 'ignore'
[0.274s] Level 1:colcon.colcon_core.package_identification:_identify(src/arduinobot_utils) by extension 'ignore_ament_install'
[0.274s] Level 1:colcon.colcon_core.package_identification:_identify(src/arduinobot_utils) by extensions ['colcon_pkg']
[0.274s] Level 1:colcon.colcon_core.package_identification:_identify(src/arduinobot_utils) by extension 'colcon_pkg'
[0.274s] Level 1:colcon.colcon_core.package_identification:_identify(src/arduinobot_utils) by extensions ['colcon_meta']
[0.274s] Level 1:colcon.colcon_core.package_identification:_identify(src/arduinobot_utils) by extension 'colcon_meta'
[0.274s] Level 1:colcon.colcon_core.package_identification:_identify(src/arduinobot_utils) by extensions ['ros']
[0.274s] Level 1:colcon.colcon_core.package_identification:_identify(src/arduinobot_utils) by extension 'ros'
[0.274s] DEBUG:colcon.colcon_core.package_identification:Package 'src/arduinobot_utils' with type 'ros.ament_cmake' and name 'arduinobot_utils'
[0.274s] Level 1:colcon.colcon_core.package_identification:_identify(src/aruduinobot_controller) by extensions ['ignore', 'ignore_ament_install']
[0.274s] Level 1:colcon.colcon_core.package_identification:_identify(src/aruduinobot_controller) by extension 'ignore'
[0.274s] Level 1:colcon.colcon_core.package_identification:_identify(src/aruduinobot_controller) by extension 'ignore_ament_install'
[0.274s] Level 1:colcon.colcon_core.package_identification:_identify(src/aruduinobot_controller) by extensions ['colcon_pkg']
[0.274s] Level 1:colcon.colcon_core.package_identification:_identify(src/aruduinobot_controller) by extension 'colcon_pkg'
[0.274s] Level 1:colcon.colcon_core.package_identification:_identify(src/aruduinobot_controller) by extensions ['colcon_meta']
[0.274s] Level 1:colcon.colcon_core.package_identification:_identify(src/aruduinobot_controller) by extension 'colcon_meta'
[0.275s] Level 1:colcon.colcon_core.package_identification:_identify(src/aruduinobot_controller) by extensions ['ros']
[0.275s] Level 1:colcon.colcon_core.package_identification:_identify(src/aruduinobot_controller) by extension 'ros'
[0.275s] DEBUG:colcon.colcon_core.package_identification:Package 'src/aruduinobot_controller' with type 'ros.ament_cmake' and name 'aruduinobot_controller'
[0.275s] Level 1:colcon.colcon_core.package_discovery:discover_packages(recursive) using defaults
[0.275s] Level 1:colcon.colcon_core.package_discovery:discover_packages(ignore) discover
[0.275s] Level 1:colcon.colcon_core.package_discovery:discover_packages(ignore) using defaults
[0.275s] Level 1:colcon.colcon_core.package_discovery:discover_packages(path) discover
[0.275s] Level 1:colcon.colcon_core.package_discovery:discover_packages(path) using defaults
[0.293s] Level 1:colcon.colcon_core.package_discovery:discover_packages(prefix_path) check parameters
[0.293s] Level 1:colcon.colcon_core.package_discovery:discover_packages(prefix_path) discover
[0.295s] DEBUG:colcon.colcon_installed_package_information.package_discovery:Found 7 installed packages in /home/nicholas/arduinobot_ws/install
[0.297s] DEBUG:colcon.colcon_installed_package_information.package_discovery:Found 463 installed packages in /opt/ros/humble
[0.299s] Level 1:colcon.colcon_core.package_discovery:discover_packages(prefix_path) using defaults
[0.345s] Level 5:colcon.colcon_core.verb:set package 'arduinobot_cpp_examples' build argument 'cmake_args' from command line to 'None'
[0.345s] Level 5:colcon.colcon_core.verb:set package 'arduinobot_cpp_examples' build argument 'cmake_target' from command line to 'None'
[0.346s] Level 5:colcon.colcon_core.verb:set package 'arduinobot_cpp_examples' build argument 'cmake_target_skip_unavailable' from command line to 'False'
[0.346s] Level 5:colcon.colcon_core.verb:set package 'arduinobot_cpp_examples' build argument 'cmake_clean_cache' from command line to 'False'
[0.346s] Level 5:colcon.colcon_core.verb:set package 'arduinobot_cpp_examples' build argument 'cmake_clean_first' from command line to 'False'
[0.346s] Level 5:colcon.colcon_core.verb:set package 'arduinobot_cpp_examples' build argument 'cmake_force_configure' from command line to 'False'
[0.346s] Level 5:colcon.colcon_core.verb:set package 'arduinobot_cpp_examples' build argument 'ament_cmake_args' from command line to 'None'
[0.346s] Level 5:colcon.colcon_core.verb:set package 'arduinobot_cpp_examples' build argument 'catkin_cmake_args' from command line to 'None'
[0.346s] Level 5:colcon.colcon_core.verb:set package 'arduinobot_cpp_examples' build argument 'catkin_skip_building_tests' from command line to 'False'
[0.346s] DEBUG:colcon.colcon_core.verb:Building package 'arduinobot_cpp_examples' with the following arguments: {'ament_cmake_args': None, 'build_base': '/home/nicholas/arduinobot_ws/build/arduinobot_cpp_examples', 'catkin_cmake_args': None, 'catkin_skip_building_tests': False, 'cmake_args': None, 'cmake_clean_cache': False, 'cmake_clean_first': False, 'cmake_force_configure': False, 'cmake_target': None, 'cmake_target_skip_unavailable': False, 'install_base': '/home/nicholas/arduinobot_ws/install/arduinobot_cpp_examples', 'merge_install': False, 'path': '/home/nicholas/arduinobot_ws/src/arduinobot_cpp_examples', 'symlink_install': False, 'test_result_base': None}
[0.346s] Level 5:colcon.colcon_core.verb:set package 'arduinobot_description' build argument 'cmake_args' from command line to 'None'
[0.346s] Level 5:colcon.colcon_core.verb:set package 'arduinobot_description' build argument 'cmake_target' from command line to 'None'
[0.346s] Level 5:colcon.colcon_core.verb:set package 'arduinobot_description' build argument 'cmake_target_skip_unavailable' from command line to 'False'
[0.346s] Level 5:colcon.colcon_core.verb:set package 'arduinobot_description' build argument 'cmake_clean_cache' from command line to 'False'
[0.346s] Level 5:colcon.colcon_core.verb:set package 'arduinobot_description' build argument 'cmake_clean_first' from command line to 'False'
[0.346s] Level 5:colcon.colcon_core.verb:set package 'arduinobot_description' build argument 'cmake_force_configure' from command line to 'False'
[0.346s] Level 5:colcon.colcon_core.verb:set package 'arduinobot_description' build argument 'ament_cmake_args' from command line to 'None'
[0.346s] Level 5:colcon.colcon_core.verb:set package 'arduinobot_description' build argument 'catkin_cmake_args' from command line to 'None'
[0.346s] Level 5:colcon.colcon_core.verb:set package 'arduinobot_description' build argument 'catkin_skip_building_tests' from command line to 'False'
[0.346s] DEBUG:colcon.colcon_core.verb:Building package 'arduinobot_description' with the following arguments: {'ament_cmake_args': None, 'build_base': '/home/nicholas/arduinobot_ws/build/arduinobot_description', 'catkin_cmake_args': None, 'catkin_skip_building_tests': False, 'cmake_args': None, 'cmake_clean_cache': False, 'cmake_clean_first': False, 'cmake_force_configure': False, 'cmake_target': None, 'cmake_target_skip_unavailable': False, 'install_base': '/home/nicholas/arduinobot_ws/install/arduinobot_description', 'merge_install': False, 'path': '/home/nicholas/arduinobot_ws/src/arduinobot_description', 'symlink_install': False, 'test_result_base': None}
[0.346s] Level 5:colcon.colcon_core.verb:set package 'arduinobot_moveit' build argument 'cmake_args' from command line to 'None'
[0.346s] Level 5:colcon.colcon_core.verb:set package 'arduinobot_moveit' build argument 'cmake_target' from command line to 'None'
[0.346s] Level 5:colcon.colcon_core.verb:set package 'arduinobot_moveit' build argument 'cmake_target_skip_unavailable' from command line to 'False'
[0.346s] Level 5:colcon.colcon_core.verb:set package 'arduinobot_moveit' build argument 'cmake_clean_cache' from command line to 'False'
[0.346s] Level 5:colcon.colcon_core.verb:set package 'arduinobot_moveit' build argument 'cmake_clean_first' from command line to 'False'
[0.346s] Level 5:colcon.colcon_core.verb:set package 'arduinobot_moveit' build argument 'cmake_force_configure' from command line to 'False'
[0.346s] Level 5:colcon.colcon_core.verb:set package 'arduinobot_moveit' build argument 'ament_cmake_args' from command line to 'None'
[0.346s] Level 5:colcon.colcon_core.verb:set package 'arduinobot_moveit' build argument 'catkin_cmake_args' from command line to 'None'
[0.346s] Level 5:colcon.colcon_core.verb:set package 'arduinobot_moveit' build argument 'catkin_skip_building_tests' from command line to 'False'
[0.347s] DEBUG:colcon.colcon_core.verb:Building package 'arduinobot_moveit' with the following arguments: {'ament_cmake_args': None, 'build_base': '/home/nicholas/arduinobot_ws/build/arduinobot_moveit', 'catkin_cmake_args': None, 'catkin_skip_building_tests': False, 'cmake_args': None, 'cmake_clean_cache': False, 'cmake_clean_first': False, 'cmake_force_configure': False, 'cmake_target': None, 'cmake_target_skip_unavailable': False, 'install_base': '/home/nicholas/arduinobot_ws/install/arduinobot_moveit', 'merge_install': False, 'path': '/home/nicholas/arduinobot_ws/src/arduinobot_moveit', 'symlink_install': False, 'test_result_base': None}
[0.347s] Level 5:colcon.colcon_core.verb:set package 'arduinobot_msgs' build argument 'cmake_args' from command line to 'None'
[0.347s] Level 5:colcon.colcon_core.verb:set package 'arduinobot_msgs' build argument 'cmake_target' from command line to 'None'
[0.347s] Level 5:colcon.colcon_core.verb:set package 'arduinobot_msgs' build argument 'cmake_target_skip_unavailable' from command line to 'False'
[0.347s] Level 5:colcon.colcon_core.verb:set package 'arduinobot_msgs' build argument 'cmake_clean_cache' from command line to 'False'
[0.347s] Level 5:colcon.colcon_core.verb:set package 'arduinobot_msgs' build argument 'cmake_clean_first' from command line to 'False'
[0.347s] Level 5:colcon.colcon_core.verb:set package 'arduinobot_msgs' build argument 'cmake_force_configure' from command line to 'False'
[0.347s] Level 5:colcon.colcon_core.verb:set package 'arduinobot_msgs' build argument 'ament_cmake_args' from command line to 'None'
[0.347s] Level 5:colcon.colcon_core.verb:set package 'arduinobot_msgs' build argument 'catkin_cmake_args' from command line to 'None'
[0.347s] Level 5:colcon.colcon_core.verb:set package 'arduinobot_msgs' build argument 'catkin_skip_building_tests' from command line to 'False'
[0.347s] DEBUG:colcon.colcon_core.verb:Building package 'arduinobot_msgs' with the following arguments: {'ament_cmake_args': None, 'build_base': '/home/nicholas/arduinobot_ws/build/arduinobot_msgs', 'catkin_cmake_args': None, 'catkin_skip_building_tests': False, 'cmake_args': None, 'cmake_clean_cache': False, 'cmake_clean_first': False, 'cmake_force_configure': False, 'cmake_target': None, 'cmake_target_skip_unavailable': False, 'install_base': '/home/nicholas/arduinobot_ws/install/arduinobot_msgs', 'merge_install': False, 'path': '/home/nicholas/arduinobot_ws/src/arduinobot_msgs', 'symlink_install': False, 'test_result_base': None}
[0.347s] Level 5:colcon.colcon_core.verb:set package 'aruduinobot_controller' build argument 'cmake_args' from command line to 'None'
[0.347s] Level 5:colcon.colcon_core.verb:set package 'aruduinobot_controller' build argument 'cmake_target' from command line to 'None'
[0.347s] Level 5:colcon.colcon_core.verb:set package 'aruduinobot_controller' build argument 'cmake_target_skip_unavailable' from command line to 'False'
[0.347s] Level 5:colcon.colcon_core.verb:set package 'aruduinobot_controller' build argument 'cmake_clean_cache' from command line to 'False'
[0.347s] Level 5:colcon.colcon_core.verb:set package 'aruduinobot_controller' build argument 'cmake_clean_first' from command line to 'False'
[0.347s] Level 5:colcon.colcon_core.verb:set package 'aruduinobot_controller' build argument 'cmake_force_configure' from command line to 'False'
[0.347s] Level 5:colcon.colcon_core.verb:set package 'aruduinobot_controller' build argument 'ament_cmake_args' from command line to 'None'
[0.347s] Level 5:colcon.colcon_core.verb:set package 'aruduinobot_controller' build argument 'catkin_cmake_args' from command line to 'None'
[0.347s] Level 5:colcon.colcon_core.verb:set package 'aruduinobot_controller' build argument 'catkin_skip_building_tests' from command line to 'False'
[0.347s] DEBUG:colcon.colcon_core.verb:Building package 'aruduinobot_controller' with the following arguments: {'ament_cmake_args': None, 'build_base': '/home/nicholas/arduinobot_ws/build/aruduinobot_controller', 'catkin_cmake_args': None, 'catkin_skip_building_tests': False, 'cmake_args': None, 'cmake_clean_cache': False, 'cmake_clean_first': False, 'cmake_force_configure': False, 'cmake_target': None, 'cmake_target_skip_unavailable': False, 'install_base': '/home/nicholas/arduinobot_ws/install/aruduinobot_controller', 'merge_install': False, 'path': '/home/nicholas/arduinobot_ws/src/aruduinobot_controller', 'symlink_install': False, 'test_result_base': None}
[0.348s] Level 5:colcon.colcon_core.verb:set package 'arduinobot_py_examples' build argument 'cmake_args' from command line to 'None'
[0.348s] Level 5:colcon.colcon_core.verb:set package 'arduinobot_py_examples' build argument 'cmake_target' from command line to 'None'
[0.348s] Level 5:colcon.colcon_core.verb:set package 'arduinobot_py_examples' build argument 'cmake_target_skip_unavailable' from command line to 'False'
[0.348s] Level 5:colcon.colcon_core.verb:set package 'arduinobot_py_examples' build argument 'cmake_clean_cache' from command line to 'False'
[0.348s] Level 5:colcon.colcon_core.verb:set package 'arduinobot_py_examples' build argument 'cmake_clean_first' from command line to 'False'
[0.348s] Level 5:colcon.colcon_core.verb:set package 'arduinobot_py_examples' build argument 'cmake_force_configure' from command line to 'False'
[0.348s] Level 5:colcon.colcon_core.verb:set package 'arduinobot_py_examples' build argument 'ament_cmake_args' from command line to 'None'
[0.348s] Level 5:colcon.colcon_core.verb:set package 'arduinobot_py_examples' build argument 'catkin_cmake_args' from command line to 'None'
[0.348s] Level 5:colcon.colcon_core.verb:set package 'arduinobot_py_examples' build argument 'catkin_skip_building_tests' from command line to 'False'
[0.348s] DEBUG:colcon.colcon_core.verb:Building package 'arduinobot_py_examples' with the following arguments: {'ament_cmake_args': None, 'build_base': '/home/nicholas/arduinobot_ws/build/arduinobot_py_examples', 'catkin_cmake_args': None, 'catkin_skip_building_tests': False, 'cmake_args': None, 'cmake_clean_cache': False, 'cmake_clean_first': False, 'cmake_force_configure': False, 'cmake_target': None, 'cmake_target_skip_unavailable': False, 'install_base': '/home/nicholas/arduinobot_ws/install/arduinobot_py_examples', 'merge_install': False, 'path': '/home/nicholas/arduinobot_ws/src/arduinobot_py_examples', 'symlink_install': False, 'test_result_base': None}
[0.348s] Level 5:colcon.colcon_core.verb:set package 'arduinobot_utils' build argument 'cmake_args' from command line to 'None'
[0.348s] Level 5:colcon.colcon_core.verb:set package 'arduinobot_utils' build argument 'cmake_target' from command line to 'None'
[0.348s] Level 5:colcon.colcon_core.verb:set package 'arduinobot_utils' build argument 'cmake_target_skip_unavailable' from command line to 'False'
[0.348s] Level 5:colcon.colcon_core.verb:set package 'arduinobot_utils' build argument 'cmake_clean_cache' from command line to 'False'
[0.348s] Level 5:colcon.colcon_core.verb:set package 'arduinobot_utils' build argument 'cmake_clean_first' from command line to 'False'
[0.348s] Level 5:colcon.colcon_core.verb:set package 'arduinobot_utils' build argument 'cmake_force_configure' from command line to 'False'
[0.348s] Level 5:colcon.colcon_core.verb:set package 'arduinobot_utils' build argument 'ament_cmake_args' from command line to 'None'
[0.348s] Level 5:colcon.colcon_core.verb:set package 'arduinobot_utils' build argument 'catkin_cmake_args' from command line to 'None'
[0.348s] Level 5:colcon.colcon_core.verb:set package 'arduinobot_utils' build argument 'catkin_skip_building_tests' from command line to 'False'
[0.348s] DEBUG:colcon.colcon_core.verb:Building package 'arduinobot_utils' with the following arguments: {'ament_cmake_args': None, 'build_base': '/home/nicholas/arduinobot_ws/build/arduinobot_utils', 'catkin_cmake_args': None, 'catkin_skip_building_tests': False, 'cmake_args': None, 'cmake_clean_cache': False, 'cmake_clean_first': False, 'cmake_force_configure': False, 'cmake_target': None, 'cmake_target_skip_unavailable': False, 'install_base': '/home/nicholas/arduinobot_ws/install/arduinobot_utils', 'merge_install': False, 'path': '/home/nicholas/arduinobot_ws/src/arduinobot_utils', 'symlink_install': False, 'test_result_base': None}
[0.348s] INFO:colcon.colcon_core.executor:Executing jobs using 'parallel' executor
[0.349s] DEBUG:colcon.colcon_parallel_executor.executor.parallel:run_until_complete
[0.349s] INFO:colcon.colcon_ros.task.ament_cmake.build:Building ROS package in '/home/nicholas/arduinobot_ws/src/arduinobot_msgs' with build type 'ament_cmake'
[0.349s] INFO:colcon.colcon_cmake.task.cmake.build:Building CMake package in '/home/nicholas/arduinobot_ws/src/arduinobot_msgs'
[0.351s] INFO:colcon.colcon_core.plugin_system:Skipping extension 'colcon_core.shell.bat': Not used on non-Windows systems
[0.351s] INFO:colcon.colcon_core.shell:Skip shell extension 'powershell' for command environment: Not usable outside of PowerShell
[0.351s] DEBUG:colcon.colcon_core.shell:Skip shell extension 'dsv' for command environment
[0.356s] INFO:colcon.colcon_ros.task.ament_cmake.build:Building ROS package in '/home/nicholas/arduinobot_ws/src/arduinobot_cpp_examples' with build type 'ament_cmake'
[0.356s] INFO:colcon.colcon_cmake.task.cmake.build:Building CMake package in '/home/nicholas/arduinobot_ws/src/arduinobot_cpp_examples'
[0.356s] INFO:colcon.colcon_core.shell:Skip shell extension 'powershell' for command environment: Not usable outside of PowerShell
[0.356s] DEBUG:colcon.colcon_core.shell:Skip shell extension 'dsv' for command environment
[0.360s] INFO:colcon.colcon_ros.task.ament_cmake.build:Building ROS package in '/home/nicholas/arduinobot_ws/src/arduinobot_description' with build type 'ament_cmake'
[0.361s] INFO:colcon.colcon_cmake.task.cmake.build:Building CMake package in '/home/nicholas/arduinobot_ws/src/arduinobot_description'
[0.361s] INFO:colcon.colcon_core.shell:Skip shell extension 'powershell' for command environment: Not usable outside of PowerShell
[0.361s] DEBUG:colcon.colcon_core.shell:Skip shell extension 'dsv' for command environment
[0.366s] INFO:colcon.colcon_ros.task.ament_cmake.build:Building ROS package in '/home/nicholas/arduinobot_ws/src/arduinobot_moveit' with build type 'ament_cmake'
[0.366s] INFO:colcon.colcon_cmake.task.cmake.build:Building CMake package in '/home/nicholas/arduinobot_ws/src/arduinobot_moveit'
[0.367s] INFO:colcon.colcon_core.shell:Skip shell extension 'powershell' for command environment: Not usable outside of PowerShell
[0.367s] DEBUG:colcon.colcon_core.shell:Skip shell extension 'dsv' for command environment
[0.371s] INFO:colcon.colcon_ros.task.ament_cmake.build:Building ROS package in '/home/nicholas/arduinobot_ws/src/aruduinobot_controller' with build type 'ament_cmake'
[0.371s] INFO:colcon.colcon_cmake.task.cmake.build:Building CMake package in '/home/nicholas/arduinobot_ws/src/aruduinobot_controller'
[0.372s] INFO:colcon.colcon_core.shell:Skip shell extension 'powershell' for command environment: Not usable outside of PowerShell
[0.372s] DEBUG:colcon.colcon_core.shell:Skip shell extension 'dsv' for command environment
[0.382s] DEBUG:colcon.colcon_core.event_handler.log_command:Invoking command in '/home/nicholas/arduinobot_ws/build/arduinobot_msgs': CMAKE_PREFIX_PATH=${CMAKE_PREFIX_PATH}:/home/nicholas/arduinobot_ws/install/arduinobot_py_examples:/opt/ros/humble /usr/bin/cmake --build /home/nicholas/arduinobot_ws/build/arduinobot_msgs -- -j16 -l16
[0.390s] DEBUG:colcon.colcon_core.event_handler.log_command:Invoking command in '/home/nicholas/arduinobot_ws/build/arduinobot_cpp_examples': CMAKE_PREFIX_PATH=${CMAKE_PREFIX_PATH}:/home/nicholas/arduinobot_ws/install/arduinobot_py_examples:/opt/ros/humble /usr/bin/cmake --build /home/nicholas/arduinobot_ws/build/arduinobot_cpp_examples -- -j16 -l16
[0.395s] DEBUG:colcon.colcon_core.event_handler.log_command:Invoking command in '/home/nicholas/arduinobot_ws/build/arduinobot_description': CMAKE_PREFIX_PATH=${CMAKE_PREFIX_PATH}:/home/nicholas/arduinobot_ws/install/arduinobot_py_examples:/opt/ros/humble /usr/bin/cmake --build /home/nicholas/arduinobot_ws/build/arduinobot_description -- -j16 -l16
[0.398s] DEBUG:colcon.colcon_core.event_handler.log_command:Invoking command in '/home/nicholas/arduinobot_ws/build/arduinobot_moveit': CMAKE_PREFIX_PATH=${CMAKE_PREFIX_PATH}:/home/nicholas/arduinobot_ws/install/arduinobot_py_examples:/opt/ros/humble /usr/bin/cmake --build /home/nicholas/arduinobot_ws/build/arduinobot_moveit -- -j16 -l16
[0.401s] DEBUG:colcon.colcon_core.event_handler.log_command:Invoking command in '/home/nicholas/arduinobot_ws/build/aruduinobot_controller': CMAKE_PREFIX_PATH=${CMAKE_PREFIX_PATH}:/home/nicholas/arduinobot_ws/install/arduinobot_py_examples:/opt/ros/humble /usr/bin/cmake --build /home/nicholas/arduinobot_ws/build/aruduinobot_controller -- -j16 -l16
[0.438s] DEBUG:colcon.colcon_core.event_handler.log_command:Invoked command in '/home/nicholas/arduinobot_ws/build/arduinobot_cpp_examples' returned '0': CMAKE_PREFIX_PATH=${CMAKE_PREFIX_PATH}:/home/nicholas/arduinobot_ws/install/arduinobot_py_examples:/opt/ros/humble /usr/bin/cmake --build /home/nicholas/arduinobot_ws/build/arduinobot_cpp_examples -- -j16 -l16
[0.448s] DEBUG:colcon.colcon_core.event_handler.log_command:Invoking command in '/home/nicholas/arduinobot_ws/build/arduinobot_cpp_examples': CMAKE_PREFIX_PATH=${CMAKE_PREFIX_PATH}:/home/nicholas/arduinobot_ws/install/arduinobot_py_examples:/opt/ros/humble /usr/bin/cmake --install /home/nicholas/arduinobot_ws/build/arduinobot_cpp_examples
[0.449s] DEBUG:colcon.colcon_core.event_handler.log_command:Invoked command in '/home/nicholas/arduinobot_ws/build/arduinobot_description' returned '0': CMAKE_PREFIX_PATH=${CMAKE_PREFIX_PATH}:/home/nicholas/arduinobot_ws/install/arduinobot_py_examples:/opt/ros/humble /usr/bin/cmake --build /home/nicholas/arduinobot_ws/build/arduinobot_description -- -j16 -l16
[0.451s] DEBUG:colcon.colcon_core.event_handler.log_command:Invoking command in '/home/nicholas/arduinobot_ws/build/arduinobot_description': CMAKE_PREFIX_PATH=${CMAKE_PREFIX_PATH}:/home/nicholas/arduinobot_ws/install/arduinobot_py_examples:/opt/ros/humble /usr/bin/cmake --install /home/nicholas/arduinobot_ws/build/arduinobot_description
[0.451s] DEBUG:colcon.colcon_core.event_handler.log_command:Invoked command in '/home/nicholas/arduinobot_ws/build/arduinobot_moveit' returned '0': CMAKE_PREFIX_PATH=${CMAKE_PREFIX_PATH}:/home/nicholas/arduinobot_ws/install/arduinobot_py_examples:/opt/ros/humble /usr/bin/cmake --build /home/nicholas/arduinobot_ws/build/arduinobot_moveit -- -j16 -l16
[0.452s] DEBUG:colcon.colcon_core.event_handler.log_command:Invoking command in '/home/nicholas/arduinobot_ws/build/arduinobot_moveit': CMAKE_PREFIX_PATH=${CMAKE_PREFIX_PATH}:/home/nicholas/arduinobot_ws/install/arduinobot_py_examples:/opt/ros/humble /usr/bin/cmake --install /home/nicholas/arduinobot_ws/build/arduinobot_moveit
[0.453s] DEBUG:colcon.colcon_core.event_handler.log_command:Invoked command in '/home/nicholas/arduinobot_ws/build/aruduinobot_controller' returned '0': CMAKE_PREFIX_PATH=${CMAKE_PREFIX_PATH}:/home/nicholas/arduinobot_ws/install/arduinobot_py_examples:/opt/ros/humble /usr/bin/cmake --build /home/nicholas/arduinobot_ws/build/aruduinobot_controller -- -j16 -l16
[0.455s] DEBUG:colcon.colcon_core.event_handler.log_command:Invoking command in '/home/nicholas/arduinobot_ws/build/aruduinobot_controller': CMAKE_PREFIX_PATH=${CMAKE_PREFIX_PATH}:/home/nicholas/arduinobot_ws/install/arduinobot_py_examples:/opt/ros/humble /usr/bin/cmake --install /home/nicholas/arduinobot_ws/build/aruduinobot_controller
[0.463s] Level 1:colcon.colcon_core.environment:create_environment_scripts_only(arduinobot_cpp_examples)
[0.468s] Level 1:colcon.colcon_core.environment:checking '/home/nicholas/arduinobot_ws/install/arduinobot_cpp_examples' for CMake module files
[0.469s] Level 1:colcon.colcon_core.environment:checking '/home/nicholas/arduinobot_ws/install/arduinobot_cpp_examples' for CMake config files
[0.469s] Level 1:colcon.colcon_core.shell:create_environment_hook('arduinobot_cpp_examples', 'cmake_prefix_path')
[0.469s] INFO:colcon.colcon_core.shell:Creating environment hook '/home/nicholas/arduinobot_ws/install/arduinobot_cpp_examples/share/arduinobot_cpp_examples/hook/cmake_prefix_path.ps1'
[0.470s] INFO:colcon.colcon_core.shell:Creating environment descriptor '/home/nicholas/arduinobot_ws/install/arduinobot_cpp_examples/share/arduinobot_cpp_examples/hook/cmake_prefix_path.dsv'
[0.470s] INFO:colcon.colcon_core.shell:Creating environment hook '/home/nicholas/arduinobot_ws/install/arduinobot_cpp_examples/share/arduinobot_cpp_examples/hook/cmake_prefix_path.sh'
[0.471s] Level 1:colcon.colcon_core.environment:checking '/home/nicholas/arduinobot_ws/install/arduinobot_cpp_examples/bin'
[0.471s] Level 1:colcon.colcon_core.environment:checking '/home/nicholas/arduinobot_ws/install/arduinobot_cpp_examples/lib/pkgconfig/arduinobot_cpp_examples.pc'
[0.472s] Level 1:colcon.colcon_core.environment:checking '/home/nicholas/arduinobot_ws/install/arduinobot_cpp_examples/lib/python3.10/site-packages'
[0.472s] Level 1:colcon.colcon_core.environment:checking '/home/nicholas/arduinobot_ws/install/arduinobot_cpp_examples/bin'
[0.472s] INFO:colcon.colcon_core.shell:Creating package script '/home/nicholas/arduinobot_ws/install/arduinobot_cpp_examples/share/arduinobot_cpp_examples/package.ps1'
[0.473s] INFO:colcon.colcon_core.shell:Creating package descriptor '/home/nicholas/arduinobot_ws/install/arduinobot_cpp_examples/share/arduinobot_cpp_examples/package.dsv'
[0.474s] INFO:colcon.colcon_core.shell:Creating package script '/home/nicholas/arduinobot_ws/install/arduinobot_cpp_examples/share/arduinobot_cpp_examples/package.sh'
[0.475s] INFO:colcon.colcon_core.shell:Creating package script '/home/nicholas/arduinobot_ws/install/arduinobot_cpp_examples/share/arduinobot_cpp_examples/package.bash'
[0.476s] INFO:colcon.colcon_core.shell:Creating package script '/home/nicholas/arduinobot_ws/install/arduinobot_cpp_examples/share/arduinobot_cpp_examples/package.zsh'
[0.477s] Level 1:colcon.colcon_core.environment:create_file_with_runtime_dependencies(/home/nicholas/arduinobot_ws/install/arduinobot_cpp_examples/share/colcon-core/packages/arduinobot_cpp_examples)
[0.478s] DEBUG:colcon.colcon_core.event_handler.log_command:Invoked command in '/home/nicholas/arduinobot_ws/build/arduinobot_cpp_examples' returned '0': CMAKE_PREFIX_PATH=${CMAKE_PREFIX_PATH}:/home/nicholas/arduinobot_ws/install/arduinobot_py_examples:/opt/ros/humble /usr/bin/cmake --install /home/nicholas/arduinobot_ws/build/arduinobot_cpp_examples
[0.479s] Level 1:colcon.colcon_core.environment:create_environment_scripts_only(arduinobot_cpp_examples)
[0.479s] Level 1:colcon.colcon_core.environment:checking '/home/nicholas/arduinobot_ws/install/arduinobot_cpp_examples' for CMake module files
[0.481s] Level 1:colcon.colcon_core.environment:checking '/home/nicholas/arduinobot_ws/install/arduinobot_cpp_examples' for CMake config files
[0.481s] Level 1:colcon.colcon_core.shell:create_environment_hook('arduinobot_cpp_examples', 'cmake_prefix_path')
[0.481s] INFO:colcon.colcon_core.shell:Creating environment hook '/home/nicholas/arduinobot_ws/install/arduinobot_cpp_examples/share/arduinobot_cpp_examples/hook/cmake_prefix_path.ps1'
[0.481s] INFO:colcon.colcon_core.shell:Creating environment descriptor '/home/nicholas/arduinobot_ws/install/arduinobot_cpp_examples/share/arduinobot_cpp_examples/hook/cmake_prefix_path.dsv'
[0.481s] INFO:colcon.colcon_core.shell:Creating environment hook '/home/nicholas/arduinobot_ws/install/arduinobot_cpp_examples/share/arduinobot_cpp_examples/hook/cmake_prefix_path.sh'
[0.482s] Level 1:colcon.colcon_core.environment:checking '/home/nicholas/arduinobot_ws/install/arduinobot_cpp_examples/bin'
[0.482s] Level 1:colcon.colcon_core.environment:checking '/home/nicholas/arduinobot_ws/install/arduinobot_cpp_examples/lib/pkgconfig/arduinobot_cpp_examples.pc'
[0.482s] Level 1:colcon.colcon_core.environment:checking '/home/nicholas/arduinobot_ws/install/arduinobot_cpp_examples/lib/python3.10/site-packages'
[0.482s] Level 1:colcon.colcon_core.environment:checking '/home/nicholas/arduinobot_ws/install/arduinobot_cpp_examples/bin'
[0.482s] INFO:colcon.colcon_core.shell:Creating package script '/home/nicholas/arduinobot_ws/install/arduinobot_cpp_examples/share/arduinobot_cpp_examples/package.ps1'
[0.483s] INFO:colcon.colcon_core.shell:Creating package descriptor '/home/nicholas/arduinobot_ws/install/arduinobot_cpp_examples/share/arduinobot_cpp_examples/package.dsv'
[0.483s] INFO:colcon.colcon_core.shell:Creating package script '/home/nicholas/arduinobot_ws/install/arduinobot_cpp_examples/share/arduinobot_cpp_examples/package.sh'
[0.483s] INFO:colcon.colcon_core.shell:Creating package script '/home/nicholas/arduinobot_ws/install/arduinobot_cpp_examples/share/arduinobot_cpp_examples/package.bash'
[0.484s] INFO:colcon.colcon_core.shell:Creating package script '/home/nicholas/arduinobot_ws/install/arduinobot_cpp_examples/share/arduinobot_cpp_examples/package.zsh'
[0.484s] Level 1:colcon.colcon_core.environment:create_file_with_runtime_dependencies(/home/nicholas/arduinobot_ws/install/arduinobot_cpp_examples/share/colcon-core/packages/arduinobot_cpp_examples)
[0.485s] Level 1:colcon.colcon_core.environment:create_environment_scripts_only(arduinobot_description)
[0.485s] Level 1:colcon.colcon_core.environment:checking '/home/nicholas/arduinobot_ws/install/arduinobot_description' for CMake module files
[0.486s] DEBUG:colcon.colcon_core.event_handler.log_command:Invoked command in '/home/nicholas/arduinobot_ws/build/arduinobot_description' returned '0': CMAKE_PREFIX_PATH=${CMAKE_PREFIX_PATH}:/home/nicholas/arduinobot_ws/install/arduinobot_py_examples:/opt/ros/humble /usr/bin/cmake --install /home/nicholas/arduinobot_ws/build/arduinobot_description
[0.486s] Level 1:colcon.colcon_core.environment:checking '/home/nicholas/arduinobot_ws/install/arduinobot_description' for CMake config files
[0.486s] Level 1:colcon.colcon_core.shell:create_environment_hook('arduinobot_description', 'cmake_prefix_path')
[0.486s] INFO:colcon.colcon_core.shell:Creating environment hook '/home/nicholas/arduinobot_ws/install/arduinobot_description/share/arduinobot_description/hook/cmake_prefix_path.ps1'
[0.487s] INFO:colcon.colcon_core.shell:Creating environment descriptor '/home/nicholas/arduinobot_ws/install/arduinobot_description/share/arduinobot_description/hook/cmake_prefix_path.dsv'
[0.487s] INFO:colcon.colcon_core.shell:Creating environment hook '/home/nicholas/arduinobot_ws/install/arduinobot_description/share/arduinobot_description/hook/cmake_prefix_path.sh'
[0.487s] Level 1:colcon.colcon_core.environment:checking '/home/nicholas/arduinobot_ws/install/arduinobot_description/bin'
[0.488s] Level 1:colcon.colcon_core.environment:checking '/home/nicholas/arduinobot_ws/install/arduinobot_description/lib/pkgconfig/arduinobot_description.pc'
[0.488s] Level 1:colcon.colcon_core.environment:checking '/home/nicholas/arduinobot_ws/install/arduinobot_description/lib/python3.10/site-packages'
[0.488s] Level 1:colcon.colcon_core.environment:checking '/home/nicholas/arduinobot_ws/install/arduinobot_description/bin'
[0.488s] INFO:colcon.colcon_core.shell:Creating package script '/home/nicholas/arduinobot_ws/install/arduinobot_description/share/arduinobot_description/package.ps1'
[0.488s] INFO:colcon.colcon_core.shell:Creating package descriptor '/home/nicholas/arduinobot_ws/install/arduinobot_description/share/arduinobot_description/package.dsv'
[0.489s] INFO:colcon.colcon_core.shell:Creating package script '/home/nicholas/arduinobot_ws/install/arduinobot_description/share/arduinobot_description/package.sh'
[0.489s] INFO:colcon.colcon_core.shell:Creating package script '/home/nicholas/arduinobot_ws/install/arduinobot_description/share/arduinobot_description/package.bash'
[0.489s] INFO:colcon.colcon_core.shell:Creating package script '/home/nicholas/arduinobot_ws/install/arduinobot_description/share/arduinobot_description/package.zsh'
[0.490s] Level 1:colcon.colcon_core.environment:create_file_with_runtime_dependencies(/home/nicholas/arduinobot_ws/install/arduinobot_description/share/colcon-core/packages/arduinobot_description)
[0.490s] Level 1:colcon.colcon_core.environment:create_environment_scripts_only(arduinobot_description)
[0.490s] Level 1:colcon.colcon_core.environment:checking '/home/nicholas/arduinobot_ws/install/arduinobot_description' for CMake module files
[0.491s] Level 1:colcon.colcon_core.environment:checking '/home/nicholas/arduinobot_ws/install/arduinobot_description' for CMake config files
[0.491s] Level 1:colcon.colcon_core.shell:create_environment_hook('arduinobot_description', 'cmake_prefix_path')
[0.491s] INFO:colcon.colcon_core.shell:Creating environment hook '/home/nicholas/arduinobot_ws/install/arduinobot_description/share/arduinobot_description/hook/cmake_prefix_path.ps1'
[0.492s] INFO:colcon.colcon_core.shell:Creating environment descriptor '/home/nicholas/arduinobot_ws/install/arduinobot_description/share/arduinobot_description/hook/cmake_prefix_path.dsv'
[0.492s] INFO:colcon.colcon_core.shell:Creating environment hook '/home/nicholas/arduinobot_ws/install/arduinobot_description/share/arduinobot_description/hook/cmake_prefix_path.sh'
[0.493s] Level 1:colcon.colcon_core.environment:checking '/home/nicholas/arduinobot_ws/install/arduinobot_description/bin'
[0.493s] Level 1:colcon.colcon_core.environment:checking '/home/nicholas/arduinobot_ws/install/arduinobot_description/lib/pkgconfig/arduinobot_description.pc'
[0.493s] Level 1:colcon.colcon_core.environment:checking '/home/nicholas/arduinobot_ws/install/arduinobot_description/lib/python3.10/site-packages'
[0.493s] Level 1:colcon.colcon_core.environment:checking '/home/nicholas/arduinobot_ws/install/arduinobot_description/bin'
[0.493s] INFO:colcon.colcon_core.shell:Creating package script '/home/nicholas/arduinobot_ws/install/arduinobot_description/share/arduinobot_description/package.ps1'
[0.494s] INFO:colcon.colcon_core.shell:Creating package descriptor '/home/nicholas/arduinobot_ws/install/arduinobot_description/share/arduinobot_description/package.dsv'
[0.494s] INFO:colcon.colcon_core.shell:Creating package script '/home/nicholas/arduinobot_ws/install/arduinobot_description/share/arduinobot_description/package.sh'
[0.495s] INFO:colcon.colcon_core.shell:Creating package script '/home/nicholas/arduinobot_ws/install/arduinobot_description/share/arduinobot_description/package.bash'
[0.495s] INFO:colcon.colcon_core.shell:Creating package script '/home/nicholas/arduinobot_ws/install/arduinobot_description/share/arduinobot_description/package.zsh'
[0.495s] Level 1:colcon.colcon_core.environment:create_file_with_runtime_dependencies(/home/nicholas/arduinobot_ws/install/arduinobot_description/share/colcon-core/packages/arduinobot_description)
[0.496s] Level 1:colcon.colcon_core.environment:create_environment_scripts_only(arduinobot_moveit)
[0.496s] Level 1:colcon.colcon_core.environment:checking '/home/nicholas/arduinobot_ws/install/arduinobot_moveit' for CMake module files
[0.497s] Level 1:colcon.colcon_core.environment:checking '/home/nicholas/arduinobot_ws/install/arduinobot_moveit' for CMake config files
[0.497s] Level 1:colcon.colcon_core.shell:create_environment_hook('arduinobot_moveit', 'cmake_prefix_path')
[0.497s] INFO:colcon.colcon_core.shell:Creating environment hook '/home/nicholas/arduinobot_ws/install/arduinobot_moveit/share/arduinobot_moveit/hook/cmake_prefix_path.ps1'
[0.498s] INFO:colcon.colcon_core.shell:Creating environment descriptor '/home/nicholas/arduinobot_ws/install/arduinobot_moveit/share/arduinobot_moveit/hook/cmake_prefix_path.dsv'
[0.498s] DEBUG:colcon.colcon_core.event_handler.log_command:Invoked command in '/home/nicholas/arduinobot_ws/build/arduinobot_moveit' returned '0': CMAKE_PREFIX_PATH=${CMAKE_PREFIX_PATH}:/home/nicholas/arduinobot_ws/install/arduinobot_py_examples:/opt/ros/humble /usr/bin/cmake --install /home/nicholas/arduinobot_ws/build/arduinobot_moveit
[0.498s] INFO:colcon.colcon_core.shell:Creating environment hook '/home/nicholas/arduinobot_ws/install/arduinobot_moveit/share/arduinobot_moveit/hook/cmake_prefix_path.sh'
[0.499s] Level 1:colcon.colcon_core.environment:checking '/home/nicholas/arduinobot_ws/install/arduinobot_moveit/bin'
[0.499s] Level 1:colcon.colcon_core.environment:checking '/home/nicholas/arduinobot_ws/install/arduinobot_moveit/lib/pkgconfig/arduinobot_moveit.pc'
[0.499s] Level 1:colcon.colcon_core.environment:checking '/home/nicholas/arduinobot_ws/install/arduinobot_moveit/lib/python3.10/site-packages'
[0.499s] Level 1:colcon.colcon_core.environment:checking '/home/nicholas/arduinobot_ws/install/arduinobot_moveit/bin'
[0.500s] INFO:colcon.colcon_core.shell:Creating package script '/home/nicholas/arduinobot_ws/install/arduinobot_moveit/share/arduinobot_moveit/package.ps1'
[0.500s] INFO:colcon.colcon_core.shell:Creating package descriptor '/home/nicholas/arduinobot_ws/install/arduinobot_moveit/share/arduinobot_moveit/package.dsv'
[0.501s] INFO:colcon.colcon_core.shell:Creating package script '/home/nicholas/arduinobot_ws/install/arduinobot_moveit/share/arduinobot_moveit/package.sh'
[0.501s] INFO:colcon.colcon_core.shell:Creating package script '/home/nicholas/arduinobot_ws/install/arduinobot_moveit/share/arduinobot_moveit/package.bash'
[0.501s] INFO:colcon.colcon_core.shell:Creating package script '/home/nicholas/arduinobot_ws/install/arduinobot_moveit/share/arduinobot_moveit/package.zsh'
[0.502s] Level 1:colcon.colcon_core.environment:create_file_with_runtime_dependencies(/home/nicholas/arduinobot_ws/install/arduinobot_moveit/share/colcon-core/packages/arduinobot_moveit)
[0.502s] Level 1:colcon.colcon_core.environment:create_environment_scripts_only(arduinobot_moveit)
[0.503s] Level 1:colcon.colcon_core.environment:checking '/home/nicholas/arduinobot_ws/install/arduinobot_moveit' for CMake module files
[0.503s] Level 1:colcon.colcon_core.environment:checking '/home/nicholas/arduinobot_ws/install/arduinobot_moveit' for CMake config files
[0.503s] Level 1:colcon.colcon_core.shell:create_environment_hook('arduinobot_moveit', 'cmake_prefix_path')
[0.504s] INFO:colcon.colcon_core.shell:Creating environment hook '/home/nicholas/arduinobot_ws/install/arduinobot_moveit/share/arduinobot_moveit/hook/cmake_prefix_path.ps1'
[0.504s] INFO:colcon.colcon_core.shell:Creating environment descriptor '/home/nicholas/arduinobot_ws/install/arduinobot_moveit/share/arduinobot_moveit/hook/cmake_prefix_path.dsv'
[0.505s] INFO:colcon.colcon_core.shell:Creating environment hook '/home/nicholas/arduinobot_ws/install/arduinobot_moveit/share/arduinobot_moveit/hook/cmake_prefix_path.sh'
[0.505s] Level 1:colcon.colcon_core.environment:checking '/home/nicholas/arduinobot_ws/install/arduinobot_moveit/bin'
[0.505s] Level 1:colcon.colcon_core.environment:checking '/home/nicholas/arduinobot_ws/install/arduinobot_moveit/lib/pkgconfig/arduinobot_moveit.pc'
[0.505s] Level 1:colcon.colcon_core.environment:checking '/home/nicholas/arduinobot_ws/install/arduinobot_moveit/lib/python3.10/site-packages'
[0.506s] Level 1:colcon.colcon_core.environment:checking '/home/nicholas/arduinobot_ws/install/arduinobot_moveit/bin'
[0.506s] INFO:colcon.colcon_core.shell:Creating package script '/home/nicholas/arduinobot_ws/install/arduinobot_moveit/share/arduinobot_moveit/package.ps1'
[0.506s] INFO:colcon.colcon_core.shell:Creating package descriptor '/home/nicholas/arduinobot_ws/install/arduinobot_moveit/share/arduinobot_moveit/package.dsv'
[0.507s] INFO:colcon.colcon_core.shell:Creating package script '/home/nicholas/arduinobot_ws/install/arduinobot_moveit/share/arduinobot_moveit/package.sh'
[0.507s] INFO:colcon.colcon_core.shell:Creating package script '/home/nicholas/arduinobot_ws/install/arduinobot_moveit/share/arduinobot_moveit/package.bash'
[0.508s] INFO:colcon.colcon_core.shell:Creating package script '/home/nicholas/arduinobot_ws/install/arduinobot_moveit/share/arduinobot_moveit/package.zsh'
[0.508s] Level 1:colcon.colcon_core.environment:create_file_with_runtime_dependencies(/home/nicholas/arduinobot_ws/install/arduinobot_moveit/share/colcon-core/packages/arduinobot_moveit)
[0.508s] Level 1:colcon.colcon_core.environment:create_environment_scripts_only(aruduinobot_controller)
[0.509s] DEBUG:colcon.colcon_core.event_handler.log_command:Invoked command in '/home/nicholas/arduinobot_ws/build/aruduinobot_controller' returned '0': CMAKE_PREFIX_PATH=${CMAKE_PREFIX_PATH}:/home/nicholas/arduinobot_ws/install/arduinobot_py_examples:/opt/ros/humble /usr/bin/cmake --install /home/nicholas/arduinobot_ws/build/aruduinobot_controller
[0.509s] Level 1:colcon.colcon_core.environment:checking '/home/nicholas/arduinobot_ws/install/aruduinobot_controller' for CMake module files
[0.510s] Level 1:colcon.colcon_core.environment:checking '/home/nicholas/arduinobot_ws/install/aruduinobot_controller' for CMake config files
[0.510s] Level 1:colcon.colcon_core.shell:create_environment_hook('aruduinobot_controller', 'cmake_prefix_path')
[0.510s] INFO:colcon.colcon_core.shell:Creating environment hook '/home/nicholas/arduinobot_ws/install/aruduinobot_controller/share/aruduinobot_controller/hook/cmake_prefix_path.ps1'
[0.510s] INFO:colcon.colcon_core.shell:Creating environment descriptor '/home/nicholas/arduinobot_ws/install/aruduinobot_controller/share/aruduinobot_controller/hook/cmake_prefix_path.dsv'
[0.511s] INFO:colcon.colcon_core.shell:Creating environment hook '/home/nicholas/arduinobot_ws/install/aruduinobot_controller/share/aruduinobot_controller/hook/cmake_prefix_path.sh'
[0.511s] Level 1:colcon.colcon_core.environment:checking '/home/nicholas/arduinobot_ws/install/aruduinobot_controller/bin'
[0.511s] Level 1:colcon.colcon_core.environment:checking '/home/nicholas/arduinobot_ws/install/aruduinobot_controller/lib/pkgconfig/aruduinobot_controller.pc'
[0.511s] Level 1:colcon.colcon_core.environment:checking '/home/nicholas/arduinobot_ws/install/aruduinobot_controller/lib/python3.10/site-packages'
[0.512s] Level 1:colcon.colcon_core.environment:checking '/home/nicholas/arduinobot_ws/install/aruduinobot_controller/bin'
[0.512s] INFO:colcon.colcon_core.shell:Creating package script '/home/nicholas/arduinobot_ws/install/aruduinobot_controller/share/aruduinobot_controller/package.ps1'
[0.512s] INFO:colcon.colcon_core.shell:Creating package descriptor '/home/nicholas/arduinobot_ws/install/aruduinobot_controller/share/aruduinobot_controller/package.dsv'
[0.512s] INFO:colcon.colcon_core.shell:Creating package script '/home/nicholas/arduinobot_ws/install/aruduinobot_controller/share/aruduinobot_controller/package.sh'
[0.513s] INFO:colcon.colcon_core.shell:Creating package script '/home/nicholas/arduinobot_ws/install/aruduinobot_controller/share/aruduinobot_controller/package.bash'
[0.513s] INFO:colcon.colcon_core.shell:Creating package script '/home/nicholas/arduinobot_ws/install/aruduinobot_controller/share/aruduinobot_controller/package.zsh'
[0.513s] Level 1:colcon.colcon_core.environment:create_file_with_runtime_dependencies(/home/nicholas/arduinobot_ws/install/aruduinobot_controller/share/colcon-core/packages/aruduinobot_controller)
[0.514s] Level 1:colcon.colcon_core.environment:create_environment_scripts_only(aruduinobot_controller)
[0.514s] Level 1:colcon.colcon_core.environment:checking '/home/nicholas/arduinobot_ws/install/aruduinobot_controller' for CMake module files
[0.514s] Level 1:colcon.colcon_core.environment:checking '/home/nicholas/arduinobot_ws/install/aruduinobot_controller' for CMake config files
[0.515s] Level 1:colcon.colcon_core.shell:create_environment_hook('aruduinobot_controller', 'cmake_prefix_path')
[0.515s] INFO:colcon.colcon_core.shell:Creating environment hook '/home/nicholas/arduinobot_ws/install/aruduinobot_controller/share/aruduinobot_controller/hook/cmake_prefix_path.ps1'
[0.515s] INFO:colcon.colcon_core.shell:Creating environment descriptor '/home/nicholas/arduinobot_ws/install/aruduinobot_controller/share/aruduinobot_controller/hook/cmake_prefix_path.dsv'
[0.515s] INFO:colcon.colcon_core.shell:Creating environment hook '/home/nicholas/arduinobot_ws/install/aruduinobot_controller/share/aruduinobot_controller/hook/cmake_prefix_path.sh'
[0.516s] Level 1:colcon.colcon_core.environment:checking '/home/nicholas/arduinobot_ws/install/aruduinobot_controller/bin'
[0.516s] Level 1:colcon.colcon_core.environment:checking '/home/nicholas/arduinobot_ws/install/aruduinobot_controller/lib/pkgconfig/aruduinobot_controller.pc'
[0.516s] Level 1:colcon.colcon_core.environment:checking '/home/nicholas/arduinobot_ws/install/aruduinobot_controller/lib/python3.10/site-packages'
[0.516s] Level 1:colcon.colcon_core.environment:checking '/home/nicholas/arduinobot_ws/install/aruduinobot_controller/bin'
[0.516s] INFO:colcon.colcon_core.shell:Creating package script '/home/nicholas/arduinobot_ws/install/aruduinobot_controller/share/aruduinobot_controller/package.ps1'
[0.517s] INFO:colcon.colcon_core.shell:Creating package descriptor '/home/nicholas/arduinobot_ws/install/aruduinobot_controller/share/aruduinobot_controller/package.dsv'
[0.517s] INFO:colcon.colcon_core.shell:Creating package script '/home/nicholas/arduinobot_ws/install/aruduinobot_controller/share/aruduinobot_controller/package.sh'
[0.517s] INFO:colcon.colcon_core.shell:Creating package script '/home/nicholas/arduinobot_ws/install/aruduinobot_controller/share/aruduinobot_controller/package.bash'
[0.518s] INFO:colcon.colcon_core.shell:Creating package script '/home/nicholas/arduinobot_ws/install/aruduinobot_controller/share/aruduinobot_controller/package.zsh'
[0.518s] Level 1:colcon.colcon_core.environment:create_file_with_runtime_dependencies(/home/nicholas/arduinobot_ws/install/aruduinobot_controller/share/colcon-core/packages/aruduinobot_controller)
[5.746s] DEBUG:colcon.colcon_core.event_handler.log_command:Invoked command in '/home/nicholas/arduinobot_ws/build/arduinobot_msgs' returned '0': CMAKE_PREFIX_PATH=${CMAKE_PREFIX_PATH}:/home/nicholas/arduinobot_ws/install/arduinobot_py_examples:/opt/ros/humble /usr/bin/cmake --build /home/nicholas/arduinobot_ws/build/arduinobot_msgs -- -j16 -l16
[5.747s] DEBUG:colcon.colcon_core.event_handler.log_command:Invoking command in '/home/nicholas/arduinobot_ws/build/arduinobot_msgs': CMAKE_PREFIX_PATH=${CMAKE_PREFIX_PATH}:/home/nicholas/arduinobot_ws/install/arduinobot_py_examples:/opt/ros/humble /usr/bin/cmake --install /home/nicholas/arduinobot_ws/build/arduinobot_msgs
[5.843s] Level 1:colcon.colcon_core.environment:create_environment_scripts_only(arduinobot_msgs)
[5.843s] Level 1:colcon.colcon_core.environment:checking '/home/nicholas/arduinobot_ws/install/arduinobot_msgs' for CMake module files
[5.843s] DEBUG:colcon.colcon_core.event_handler.log_command:Invoked command in '/home/nicholas/arduinobot_ws/build/arduinobot_msgs' returned '0': CMAKE_PREFIX_PATH=${CMAKE_PREFIX_PATH}:/home/nicholas/arduinobot_ws/install/arduinobot_py_examples:/opt/ros/humble /usr/bin/cmake --install /home/nicholas/arduinobot_ws/build/arduinobot_msgs
[5.844s] Level 1:colcon.colcon_core.environment:checking '/home/nicholas/arduinobot_ws/install/arduinobot_msgs' for CMake config files
[5.845s] Level 1:colcon.colcon_core.shell:create_environment_hook('arduinobot_msgs', 'cmake_prefix_path')
[5.845s] INFO:colcon.colcon_core.shell:Creating environment hook '/home/nicholas/arduinobot_ws/install/arduinobot_msgs/share/arduinobot_msgs/hook/cmake_prefix_path.ps1'
[5.845s] INFO:colcon.colcon_core.shell:Creating environment descriptor '/home/nicholas/arduinobot_ws/install/arduinobot_msgs/share/arduinobot_msgs/hook/cmake_prefix_path.dsv'
[5.846s] INFO:colcon.colcon_core.shell:Creating environment hook '/home/nicholas/arduinobot_ws/install/arduinobot_msgs/share/arduinobot_msgs/hook/cmake_prefix_path.sh'
[5.846s] Level 1:colcon.colcon_core.environment:checking '/home/nicholas/arduinobot_ws/install/arduinobot_msgs/lib'
[5.846s] Level 1:colcon.colcon_core.shell:create_environment_hook('arduinobot_msgs', 'ld_library_path_lib')
[5.846s] INFO:colcon.colcon_core.shell:Creating environment hook '/home/nicholas/arduinobot_ws/install/arduinobot_msgs/share/arduinobot_msgs/hook/ld_library_path_lib.ps1'
[5.847s] INFO:colcon.colcon_core.shell:Creating environment descriptor '/home/nicholas/arduinobot_ws/install/arduinobot_msgs/share/arduinobot_msgs/hook/ld_library_path_lib.dsv'
[5.847s] INFO:colcon.colcon_core.shell:Creating environment hook '/home/nicholas/arduinobot_ws/install/arduinobot_msgs/share/arduinobot_msgs/hook/ld_library_path_lib.sh'
[5.847s] Level 1:colcon.colcon_core.environment:checking '/home/nicholas/arduinobot_ws/install/arduinobot_msgs/bin'
[5.847s] Level 1:colcon.colcon_core.environment:checking '/home/nicholas/arduinobot_ws/install/arduinobot_msgs/lib/pkgconfig/arduinobot_msgs.pc'
[5.847s] Level 1:colcon.colcon_core.environment:checking '/home/nicholas/arduinobot_ws/install/arduinobot_msgs/lib/python3.10/site-packages'
[5.848s] Level 1:colcon.colcon_core.environment:checking '/home/nicholas/arduinobot_ws/install/arduinobot_msgs/bin'
[5.848s] INFO:colcon.colcon_core.shell:Creating package script '/home/nicholas/arduinobot_ws/install/arduinobot_msgs/share/arduinobot_msgs/package.ps1'
[5.848s] INFO:colcon.colcon_core.shell:Creating package descriptor '/home/nicholas/arduinobot_ws/install/arduinobot_msgs/share/arduinobot_msgs/package.dsv'
[5.848s] INFO:colcon.colcon_core.shell:Creating package script '/home/nicholas/arduinobot_ws/install/arduinobot_msgs/share/arduinobot_msgs/package.sh'
[5.849s] INFO:colcon.colcon_core.shell:Creating package script '/home/nicholas/arduinobot_ws/install/arduinobot_msgs/share/arduinobot_msgs/package.bash'
[5.849s] INFO:colcon.colcon_core.shell:Creating package script '/home/nicholas/arduinobot_ws/install/arduinobot_msgs/share/arduinobot_msgs/package.zsh'
[5.849s] Level 1:colcon.colcon_core.environment:create_file_with_runtime_dependencies(/home/nicholas/arduinobot_ws/install/arduinobot_msgs/share/colcon-core/packages/arduinobot_msgs)
[5.850s] Level 1:colcon.colcon_core.environment:create_environment_scripts_only(arduinobot_msgs)
[5.850s] Level 1:colcon.colcon_core.environment:checking '/home/nicholas/arduinobot_ws/install/arduinobot_msgs' for CMake module files
[5.850s] Level 1:colcon.colcon_core.environment:checking '/home/nicholas/arduinobot_ws/install/arduinobot_msgs' for CMake config files
[5.851s] Level 1:colcon.colcon_core.shell:create_environment_hook('arduinobot_msgs', 'cmake_prefix_path')
[5.851s] INFO:colcon.colcon_core.shell:Creating environment hook '/home/nicholas/arduinobot_ws/install/arduinobot_msgs/share/arduinobot_msgs/hook/cmake_prefix_path.ps1'
[5.852s] INFO:colcon.colcon_core.shell:Creating environment descriptor '/home/nicholas/arduinobot_ws/install/arduinobot_msgs/share/arduinobot_msgs/hook/cmake_prefix_path.dsv'
[5.852s] INFO:colcon.colcon_core.shell:Creating environment hook '/home/nicholas/arduinobot_ws/install/arduinobot_msgs/share/arduinobot_msgs/hook/cmake_prefix_path.sh'
[5.852s] Level 1:colcon.colcon_core.environment:checking '/home/nicholas/arduinobot_ws/install/arduinobot_msgs/lib'
[5.852s] Level 1:colcon.colcon_core.shell:create_environment_hook('arduinobot_msgs', 'ld_library_path_lib')
[5.852s] INFO:colcon.colcon_core.shell:Creating environment hook '/home/nicholas/arduinobot_ws/install/arduinobot_msgs/share/arduinobot_msgs/hook/ld_library_path_lib.ps1'
[5.853s] INFO:colcon.colcon_core.shell:Creating environment descriptor '/home/nicholas/arduinobot_ws/install/arduinobot_msgs/share/arduinobot_msgs/hook/ld_library_path_lib.dsv'
[5.853s] INFO:colcon.colcon_core.shell:Creating environment hook '/home/nicholas/arduinobot_ws/install/arduinobot_msgs/share/arduinobot_msgs/hook/ld_library_path_lib.sh'
[5.853s] Level 1:colcon.colcon_core.environment:checking '/home/nicholas/arduinobot_ws/install/arduinobot_msgs/bin'
[5.853s] Level 1:colcon.colcon_core.environment:checking '/home/nicholas/arduinobot_ws/install/arduinobot_msgs/lib/pkgconfig/arduinobot_msgs.pc'
[5.853s] Level 1:colcon.colcon_core.environment:checking '/home/nicholas/arduinobot_ws/install/arduinobot_msgs/lib/python3.10/site-packages'
[5.853s] Level 1:colcon.colcon_core.environment:checking '/home/nicholas/arduinobot_ws/install/arduinobot_msgs/bin'
[5.854s] INFO:colcon.colcon_core.shell:Creating package script '/home/nicholas/arduinobot_ws/install/arduinobot_msgs/share/arduinobot_msgs/package.ps1'
[5.854s] INFO:colcon.colcon_core.shell:Creating package descriptor '/home/nicholas/arduinobot_ws/install/arduinobot_msgs/share/arduinobot_msgs/package.dsv'
[5.854s] INFO:colcon.colcon_core.shell:Creating package script '/home/nicholas/arduinobot_ws/install/arduinobot_msgs/share/arduinobot_msgs/package.sh'
[5.855s] INFO:colcon.colcon_core.shell:Creating package script '/home/nicholas/arduinobot_ws/install/arduinobot_msgs/share/arduinobot_msgs/package.bash'
[5.855s] INFO:colcon.colcon_core.shell:Creating package script '/home/nicholas/arduinobot_ws/install/arduinobot_msgs/share/arduinobot_msgs/package.zsh'
[5.855s] Level 1:colcon.colcon_core.environment:create_file_with_runtime_dependencies(/home/nicholas/arduinobot_ws/install/arduinobot_msgs/share/colcon-core/packages/arduinobot_msgs)
[5.856s] INFO:colcon.colcon_ros.task.ament_python.build:Building ROS package in '/home/nicholas/arduinobot_ws/src/arduinobot_py_examples' with build type 'ament_python'
[5.856s] Level 1:colcon.colcon_core.shell:create_environment_hook('arduinobot_py_examples', 'ament_prefix_path')
[5.856s] INFO:colcon.colcon_core.shell:Creating environment hook '/home/nicholas/arduinobot_ws/install/arduinobot_py_examples/share/arduinobot_py_examples/hook/ament_prefix_path.ps1'
[5.857s] INFO:colcon.colcon_core.shell:Creating environment descriptor '/home/nicholas/arduinobot_ws/install/arduinobot_py_examples/share/arduinobot_py_examples/hook/ament_prefix_path.dsv'
[5.857s] INFO:colcon.colcon_core.shell:Creating environment hook '/home/nicholas/arduinobot_ws/install/arduinobot_py_examples/share/arduinobot_py_examples/hook/ament_prefix_path.sh'
[5.858s] INFO:colcon.colcon_core.shell:Skip shell extension 'powershell' for command environment: Not usable outside of PowerShell
[5.858s] DEBUG:colcon.colcon_core.shell:Skip shell extension 'dsv' for command environment
[5.862s] INFO:colcon.colcon_ros.task.ament_cmake.build:Building ROS package in '/home/nicholas/arduinobot_ws/src/arduinobot_utils' with build type 'ament_cmake'
[5.862s] INFO:colcon.colcon_cmake.task.cmake.build:Building CMake package in '/home/nicholas/arduinobot_ws/src/arduinobot_utils'
[5.862s] INFO:colcon.colcon_core.shell:Skip shell extension 'powershell' for command environment: Not usable outside of PowerShell
[5.862s] DEBUG:colcon.colcon_core.shell:Skip shell extension 'dsv' for command environment
[6.131s] INFO:colcon.colcon_core.task.python.build:Building Python package in '/home/nicholas/arduinobot_ws/src/arduinobot_py_examples'
[6.132s] INFO:colcon.colcon_core.shell:Skip shell extension 'powershell' for command environment: Not usable outside of PowerShell
[6.132s] DEBUG:colcon.colcon_core.shell:Skip shell extension 'dsv' for command environment
[6.139s] DEBUG:colcon.colcon_core.event_handler.log_command:Invoking command in '/home/nicholas/arduinobot_ws/build/arduinobot_utils': CMAKE_PREFIX_PATH=/home/nicholas/arduinobot_ws/install/arduinobot_msgs:/home/nicholas/arduinobot_ws/install/aruduinobot_controller:/home/nicholas/arduinobot_ws/install/arduinobot_utils:/home/nicholas/arduinobot_ws/install/arduinobot_moveit:/home/nicholas/arduinobot_ws/install/arduinobot_description:/home/nicholas/arduinobot_ws/install/arduinobot_cpp_examples:/home/nicholas/arduinobot_ws/install/arduinobot_py_examples:/opt/ros/humble /usr/bin/cmake --build /home/nicholas/arduinobot_ws/build/arduinobot_utils -- -j16 -l16
[6.524s] DEBUG:colcon.colcon_core.event_handler.log_command:Invoking command in '/home/nicholas/arduinobot_ws/src/arduinobot_py_examples': CMAKE_PREFIX_PATH=/home/nicholas/arduinobot_ws/install/arduinobot_msgs:/home/nicholas/arduinobot_ws/install/aruduinobot_controller:/home/nicholas/arduinobot_ws/install/arduinobot_utils:/home/nicholas/arduinobot_ws/install/arduinobot_moveit:/home/nicholas/arduinobot_ws/install/arduinobot_description:/home/nicholas/arduinobot_ws/install/arduinobot_cpp_examples PYTHONPATH=/home/nicholas/arduinobot_ws/build/arduinobot_py_examples/prefix_override:/usr/lib/python3/dist-packages/colcon_core/task/python/colcon_distutils_commands:/home/nicholas/arduinobot_ws/install/arduinobot_py_examples/lib/python3.10/site-packages:${PYTHONPATH} /usr/bin/python3 -W ignore:setup.py install is deprecated -W ignore:easy_install command is deprecated setup.py egg_info --egg-base ../../build/arduinobot_py_examples build --build-base /home/nicholas/arduinobot_ws/build/arduinobot_py_examples/build install --record /home/nicholas/arduinobot_ws/build/arduinobot_py_examples/install.log --single-version-externally-managed install_data
[6.861s] Level 1:colcon.colcon_core.environment:checking '/home/nicholas/arduinobot_ws/install/arduinobot_py_examples' for CMake module files
[6.862s] DEBUG:colcon.colcon_core.event_handler.log_command:Invoked command in '/home/nicholas/arduinobot_ws/src/arduinobot_py_examples' returned '0': CMAKE_PREFIX_PATH=/home/nicholas/arduinobot_ws/install/arduinobot_msgs:/home/nicholas/arduinobot_ws/install/aruduinobot_controller:/home/nicholas/arduinobot_ws/install/arduinobot_utils:/home/nicholas/arduinobot_ws/install/arduinobot_moveit:/home/nicholas/arduinobot_ws/install/arduinobot_description:/home/nicholas/arduinobot_ws/install/arduinobot_cpp_examples PYTHONPATH=/home/nicholas/arduinobot_ws/build/arduinobot_py_examples/prefix_override:/usr/lib/python3/dist-packages/colcon_core/task/python/colcon_distutils_commands:/home/nicholas/arduinobot_ws/install/arduinobot_py_examples/lib/python3.10/site-packages:${PYTHONPATH} /usr/bin/python3 -W ignore:setup.py install is deprecated -W ignore:easy_install command is deprecated setup.py egg_info --egg-base ../../build/arduinobot_py_examples build --build-base /home/nicholas/arduinobot_ws/build/arduinobot_py_examples/build install --record /home/nicholas/arduinobot_ws/build/arduinobot_py_examples/install.log --single-version-externally-managed install_data
[6.862s] Level 1:colcon.colcon_core.environment:checking '/home/nicholas/arduinobot_ws/install/arduinobot_py_examples' for CMake config files
[6.863s] Level 1:colcon.colcon_core.environment:checking '/home/nicholas/arduinobot_ws/install/arduinobot_py_examples/lib'
[6.863s] Level 1:colcon.colcon_core.environment:checking '/home/nicholas/arduinobot_ws/install/arduinobot_py_examples/bin'
[6.863s] Level 1:colcon.colcon_core.environment:checking '/home/nicholas/arduinobot_ws/install/arduinobot_py_examples/lib/pkgconfig/arduinobot_py_examples.pc'
[6.864s] Level 1:colcon.colcon_core.environment:checking '/home/nicholas/arduinobot_ws/install/arduinobot_py_examples/lib/python3.10/site-packages'
[6.864s] Level 1:colcon.colcon_core.shell:create_environment_hook('arduinobot_py_examples', 'pythonpath')
[6.864s] INFO:colcon.colcon_core.shell:Creating environment hook '/home/nicholas/arduinobot_ws/install/arduinobot_py_examples/share/arduinobot_py_examples/hook/pythonpath.ps1'
[6.865s] INFO:colcon.colcon_core.shell:Creating environment descriptor '/home/nicholas/arduinobot_ws/install/arduinobot_py_examples/share/arduinobot_py_examples/hook/pythonpath.dsv'
[6.865s] INFO:colcon.colcon_core.shell:Creating environment hook '/home/nicholas/arduinobot_ws/install/arduinobot_py_examples/share/arduinobot_py_examples/hook/pythonpath.sh'
[6.866s] Level 1:colcon.colcon_core.environment:checking '/home/nicholas/arduinobot_ws/install/arduinobot_py_examples/bin'
[6.866s] Level 1:colcon.colcon_core.environment:create_environment_scripts_only(arduinobot_py_examples)
[6.866s] INFO:colcon.colcon_core.shell:Creating package script '/home/nicholas/arduinobot_ws/install/arduinobot_py_examples/share/arduinobot_py_examples/package.ps1'
[6.867s] INFO:colcon.colcon_core.shell:Creating package descriptor '/home/nicholas/arduinobot_ws/install/arduinobot_py_examples/share/arduinobot_py_examples/package.dsv'
[6.868s] INFO:colcon.colcon_core.shell:Creating package script '/home/nicholas/arduinobot_ws/install/arduinobot_py_examples/share/arduinobot_py_examples/package.sh'
[6.868s] INFO:colcon.colcon_core.shell:Creating package script '/home/nicholas/arduinobot_ws/install/arduinobot_py_examples/share/arduinobot_py_examples/package.bash'
[6.869s] INFO:colcon.colcon_core.shell:Creating package script '/home/nicholas/arduinobot_ws/install/arduinobot_py_examples/share/arduinobot_py_examples/package.zsh'
[6.869s] Level 1:colcon.colcon_core.environment:create_file_with_runtime_dependencies(/home/nicholas/arduinobot_ws/install/arduinobot_py_examples/share/colcon-core/packages/arduinobot_py_examples)
[6.920s] DEBUG:colcon.colcon_core.event_handler.log_command:Invoked command in '/home/nicholas/arduinobot_ws/build/arduinobot_utils' returned '0': CMAKE_PREFIX_PATH=/home/nicholas/arduinobot_ws/install/arduinobot_msgs:/home/nicholas/arduinobot_ws/install/aruduinobot_controller:/home/nicholas/arduinobot_ws/install/arduinobot_utils:/home/nicholas/arduinobot_ws/install/arduinobot_moveit:/home/nicholas/arduinobot_ws/install/arduinobot_description:/home/nicholas/arduinobot_ws/install/arduinobot_cpp_examples:/home/nicholas/arduinobot_ws/install/arduinobot_py_examples:/opt/ros/humble /usr/bin/cmake --build /home/nicholas/arduinobot_ws/build/arduinobot_utils -- -j16 -l16
[6.921s] DEBUG:colcon.colcon_core.event_handler.log_command:Invoking command in '/home/nicholas/arduinobot_ws/build/arduinobot_utils': CMAKE_PREFIX_PATH=/home/nicholas/arduinobot_ws/install/arduinobot_msgs:/home/nicholas/arduinobot_ws/install/aruduinobot_controller:/home/nicholas/arduinobot_ws/install/arduinobot_utils:/home/nicholas/arduinobot_ws/install/arduinobot_moveit:/home/nicholas/arduinobot_ws/install/arduinobot_description:/home/nicholas/arduinobot_ws/install/arduinobot_cpp_examples:/home/nicholas/arduinobot_ws/install/arduinobot_py_examples:/opt/ros/humble /usr/bin/cmake --install /home/nicholas/arduinobot_ws/build/arduinobot_utils
[6.966s] Level 1:colcon.colcon_core.environment:create_environment_scripts_only(arduinobot_utils)
[6.967s] DEBUG:colcon.colcon_core.event_handler.log_command:Invoked command in '/home/nicholas/arduinobot_ws/build/arduinobot_utils' returned '0': CMAKE_PREFIX_PATH=/home/nicholas/arduinobot_ws/install/arduinobot_msgs:/home/nicholas/arduinobot_ws/install/aruduinobot_controller:/home/nicholas/arduinobot_ws/install/arduinobot_utils:/home/nicholas/arduinobot_ws/install/arduinobot_moveit:/home/nicholas/arduinobot_ws/install/arduinobot_description:/home/nicholas/arduinobot_ws/install/arduinobot_cpp_examples:/home/nicholas/arduinobot_ws/install/arduinobot_py_examples:/opt/ros/humble /usr/bin/cmake --install /home/nicholas/arduinobot_ws/build/arduinobot_utils
[6.967s] Level 1:colcon.colcon_core.environment:checking '/home/nicholas/arduinobot_ws/install/arduinobot_utils' for CMake module files
[6.968s] Level 1:colcon.colcon_core.environment:checking '/home/nicholas/arduinobot_ws/install/arduinobot_utils' for CMake config files
[6.968s] Level 1:colcon.colcon_core.shell:create_environment_hook('arduinobot_utils', 'cmake_prefix_path')
[6.969s] INFO:colcon.colcon_core.shell:Creating environment hook '/home/nicholas/arduinobot_ws/install/arduinobot_utils/share/arduinobot_utils/hook/cmake_prefix_path.ps1'
[6.970s] INFO:colcon.colcon_core.shell:Creating environment descriptor '/home/nicholas/arduinobot_ws/install/arduinobot_utils/share/arduinobot_utils/hook/cmake_prefix_path.dsv'
[6.970s] INFO:colcon.colcon_core.shell:Creating environment hook '/home/nicholas/arduinobot_ws/install/arduinobot_utils/share/arduinobot_utils/hook/cmake_prefix_path.sh'
[6.971s] Level 1:colcon.colcon_core.environment:checking '/home/nicholas/arduinobot_ws/install/arduinobot_utils/lib'
[6.971s] Level 1:colcon.colcon_core.environment:checking '/home/nicholas/arduinobot_ws/install/arduinobot_utils/bin'
[6.971s] Level 1:colcon.colcon_core.environment:checking '/home/nicholas/arduinobot_ws/install/arduinobot_utils/lib/pkgconfig/arduinobot_utils.pc'
[6.971s] Level 1:colcon.colcon_core.environment:checking '/home/nicholas/arduinobot_ws/install/arduinobot_utils/lib/python3.10/site-packages'
[6.971s] Level 1:colcon.colcon_core.environment:checking '/home/nicholas/arduinobot_ws/install/arduinobot_utils/bin'
[6.972s] INFO:colcon.colcon_core.shell:Creating package script '/home/nicholas/arduinobot_ws/install/arduinobot_utils/share/arduinobot_utils/package.ps1'
[6.972s] INFO:colcon.colcon_core.shell:Creating package descriptor '/home/nicholas/arduinobot_ws/install/arduinobot_utils/share/arduinobot_utils/package.dsv'
[6.973s] INFO:colcon.colcon_core.shell:Creating package script '/home/nicholas/arduinobot_ws/install/arduinobot_utils/share/arduinobot_utils/package.sh'
[6.973s] INFO:colcon.colcon_core.shell:Creating package script '/home/nicholas/arduinobot_ws/install/arduinobot_utils/share/arduinobot_utils/package.bash'
[6.973s] INFO:colcon.colcon_core.shell:Creating package script '/home/nicholas/arduinobot_ws/install/arduinobot_utils/share/arduinobot_utils/package.zsh'
[6.974s] Level 1:colcon.colcon_core.environment:create_file_with_runtime_dependencies(/home/nicholas/arduinobot_ws/install/arduinobot_utils/share/colcon-core/packages/arduinobot_utils)
[6.974s] Level 1:colcon.colcon_core.environment:create_environment_scripts_only(arduinobot_utils)
[6.975s] Level 1:colcon.colcon_core.environment:checking '/home/nicholas/arduinobot_ws/install/arduinobot_utils' for CMake module files
[6.975s] Level 1:colcon.colcon_core.environment:checking '/home/nicholas/arduinobot_ws/install/arduinobot_utils' for CMake config files
[6.976s] Level 1:colcon.colcon_core.shell:create_environment_hook('arduinobot_utils', 'cmake_prefix_path')
[6.976s] INFO:colcon.colcon_core.shell:Creating environment hook '/home/nicholas/arduinobot_ws/install/arduinobot_utils/share/arduinobot_utils/hook/cmake_prefix_path.ps1'
[6.976s] INFO:colcon.colcon_core.shell:Creating environment descriptor '/home/nicholas/arduinobot_ws/install/arduinobot_utils/share/arduinobot_utils/hook/cmake_prefix_path.dsv'
[6.977s] INFO:colcon.colcon_core.shell:Creating environment hook '/home/nicholas/arduinobot_ws/install/arduinobot_utils/share/arduinobot_utils/hook/cmake_prefix_path.sh'
[6.977s] Level 1:colcon.colcon_core.environment:checking '/home/nicholas/arduinobot_ws/install/arduinobot_utils/lib'
[6.977s] Level 1:colcon.colcon_core.environment:checking '/home/nicholas/arduinobot_ws/install/arduinobot_utils/bin'
[6.978s] Level 1:colcon.colcon_core.environment:checking '/home/nicholas/arduinobot_ws/install/arduinobot_utils/lib/pkgconfig/arduinobot_utils.pc'
[6.978s] Level 1:colcon.colcon_core.environment:checking '/home/nicholas/arduinobot_ws/install/arduinobot_utils/lib/python3.10/site-packages'
[6.978s] Level 1:colcon.colcon_core.environment:checking '/home/nicholas/arduinobot_ws/install/arduinobot_utils/bin'
[6.978s] INFO:colcon.colcon_core.shell:Creating package script '/home/nicholas/arduinobot_ws/install/arduinobot_utils/share/arduinobot_utils/package.ps1'
[6.979s] INFO:colcon.colcon_core.shell:Creating package descriptor '/home/nicholas/arduinobot_ws/install/arduinobot_utils/share/arduinobot_utils/package.dsv'
[6.980s] INFO:colcon.colcon_core.shell:Creating package script '/home/nicholas/arduinobot_ws/install/arduinobot_utils/share/arduinobot_utils/package.sh'
[6.980s] INFO:colcon.colcon_core.shell:Creating package script '/home/nicholas/arduinobot_ws/install/arduinobot_utils/share/arduinobot_utils/package.bash'
[6.981s] INFO:colcon.colcon_core.shell:Creating package script '/home/nicholas/arduinobot_ws/install/arduinobot_utils/share/arduinobot_utils/package.zsh'
[6.981s] Level 1:colcon.colcon_core.environment:create_file_with_runtime_dependencies(/home/nicholas/arduinobot_ws/install/arduinobot_utils/share/colcon-core/packages/arduinobot_utils)
[6.982s] DEBUG:colcon.colcon_parallel_executor.executor.parallel:closing loop
[6.982s] DEBUG:colcon.colcon_parallel_executor.executor.parallel:loop closed
[6.982s] DEBUG:colcon.colcon_parallel_executor.executor.parallel:run_until_complete finished with '0'
[6.982s] DEBUG:colcon.colcon_core.event_reactor:joining thread
[6.989s] INFO:colcon.colcon_core.plugin_system:Skipping extension 'colcon_notification.desktop_notification.terminal_notifier': Not used on non-Darwin systems
[6.989s] INFO:colcon.colcon_core.plugin_system:Skipping extension 'colcon_notification.desktop_notification.win32': Not used on non-Windows systems
[6.989s] INFO:colcon.colcon_notification.desktop_notification:Sending desktop notification using 'notify2'
[7.010s] DEBUG:colcon.colcon_core.event_reactor:joined thread
[7.010s] INFO:colcon.colcon_core.shell:Creating prefix script '/home/nicholas/arduinobot_ws/install/local_setup.ps1'
[7.011s] INFO:colcon.colcon_core.shell:Creating prefix util module '/home/nicholas/arduinobot_ws/install/_local_setup_util_ps1.py'
[7.013s] INFO:colcon.colcon_core.shell:Creating prefix chain script '/home/nicholas/arduinobot_ws/install/setup.ps1'
[7.014s] INFO:colcon.colcon_core.shell:Creating prefix script '/home/nicholas/arduinobot_ws/install/local_setup.sh'
[7.015s] INFO:colcon.colcon_core.shell:Creating prefix util module '/home/nicholas/arduinobot_ws/install/_local_setup_util_sh.py'
[7.016s] INFO:colcon.colcon_core.shell:Creating prefix chain script '/home/nicholas/arduinobot_ws/install/setup.sh'
[7.017s] INFO:colcon.colcon_core.shell:Creating prefix script '/home/nicholas/arduinobot_ws/install/local_setup.bash'
[7.017s] INFO:colcon.colcon_core.shell:Creating prefix chain script '/home/nicholas/arduinobot_ws/install/setup.bash'
[7.019s] INFO:colcon.colcon_core.shell:Creating prefix script '/home/nicholas/arduinobot_ws/install/local_setup.zsh'
[7.019s] INFO:colcon.colcon_core.shell:Creating prefix chain script '/home/nicholas/arduinobot_ws/install/setup.zsh'
