[0.030s] Invoking command in '/home/nicholas/arduinobot_ws/build/arduinobot_firmware': CMAKE_PREFIX_PATH=${CMAKE_PREFIX_PATH}:/home/nicholas/arduinobot_ws/install/arduinobot_py_examples:/opt/ros/humble /usr/bin/cmake --build /home/nicholas/arduinobot_ws/build/arduinobot_firmware -- -j16 -l16
[0.095s] Built target ament_cmake_python_copy_arduinobot_firmware
[0.384s] running egg_info
[0.385s] writing arduinobot_firmware.egg-info/PKG-INFO
[0.385s] writing dependency_links to arduinobot_firmware.egg-info/dependency_links.txt
[0.385s] writing top-level names to arduinobot_firmware.egg-info/top_level.txt
[0.387s] reading manifest file 'arduinobot_firmware.egg-info/SOURCES.txt'
[0.387s] writing manifest file 'arduinobot_firmware.egg-info/SOURCES.txt'
[0.418s] Built target ament_cmake_python_build_arduinobot_firmware_egg
[0.431s] Invoked command in '/home/nicholas/arduinobot_ws/build/arduinobot_firmware' returned '0': CMAKE_PREFIX_PATH=${CMAKE_PREFIX_PATH}:/home/nicholas/arduinobot_ws/install/arduinobot_py_examples:/opt/ros/humble /usr/bin/cmake --build /home/nicholas/arduinobot_ws/build/arduinobot_firmware -- -j16 -l16
[0.433s] Invoking command in '/home/nicholas/arduinobot_ws/build/arduinobot_firmware': CMAKE_PREFIX_PATH=${CMAKE_PREFIX_PATH}:/home/nicholas/arduinobot_ws/install/arduinobot_py_examples:/opt/ros/humble /usr/bin/cmake --install /home/nicholas/arduinobot_ws/build/arduinobot_firmware
[0.442s] -- Install configuration: ""
[0.442s] -- Up-to-date: /home/nicholas/arduinobot_ws/install/arduinobot_firmware/share/arduinobot_firmware/environment/pythonpath.sh
[0.442s] -- Up-to-date: /home/nicholas/arduinobot_ws/install/arduinobot_firmware/share/arduinobot_firmware/environment/pythonpath.dsv
[0.443s] -- Up-to-date: /home/nicholas/arduinobot_ws/install/arduinobot_firmware/local/lib/python3.10/dist-packages/arduinobot_firmware-0.0.0-py3.10.egg-info
[0.443s] -- Installing: /home/nicholas/arduinobot_ws/install/arduinobot_firmware/local/lib/python3.10/dist-packages/arduinobot_firmware-0.0.0-py3.10.egg-info/top_level.txt
[0.443s] -- Installing: /home/nicholas/arduinobot_ws/install/arduinobot_firmware/local/lib/python3.10/dist-packages/arduinobot_firmware-0.0.0-py3.10.egg-info/dependency_links.txt
[0.443s] -- Installing: /home/nicholas/arduinobot_ws/install/arduinobot_firmware/local/lib/python3.10/dist-packages/arduinobot_firmware-0.0.0-py3.10.egg-info/SOURCES.txt
[0.443s] -- Installing: /home/nicholas/arduinobot_ws/install/arduinobot_firmware/local/lib/python3.10/dist-packages/arduinobot_firmware-0.0.0-py3.10.egg-info/PKG-INFO
[0.444s] -- Up-to-date: /home/nicholas/arduinobot_ws/install/arduinobot_firmware/local/lib/python3.10/dist-packages/arduinobot_firmware
[0.444s] -- Up-to-date: /home/nicholas/arduinobot_ws/install/arduinobot_firmware/local/lib/python3.10/dist-packages/arduinobot_firmware/robot_control
[0.444s] -- Up-to-date: /home/nicholas/arduinobot_ws/install/arduinobot_firmware/local/lib/python3.10/dist-packages/arduinobot_firmware/robot_control/robot_control.ino
[0.444s] -- Up-to-date: /home/nicholas/arduinobot_ws/install/arduinobot_firmware/local/lib/python3.10/dist-packages/arduinobot_firmware/simple_serial_transmitter.py
[0.444s] -- Up-to-date: /home/nicholas/arduinobot_ws/install/arduinobot_firmware/local/lib/python3.10/dist-packages/arduinobot_firmware/simple_serial_receiver.py
[0.444s] -- Up-to-date: /home/nicholas/arduinobot_ws/install/arduinobot_firmware/local/lib/python3.10/dist-packages/arduinobot_firmware/__init__.py
[0.474s] Listing '/home/nicholas/arduinobot_ws/install/arduinobot_firmware/local/lib/python3.10/dist-packages/arduinobot_firmware'...
[0.474s] Listing '/home/nicholas/arduinobot_ws/install/arduinobot_firmware/local/lib/python3.10/dist-packages/arduinobot_firmware/robot_control'...
[0.477s] -- Up-to-date: /home/nicholas/arduinobot_ws/install/arduinobot_firmware/lib/arduinobot_firmware/simple_serial_transmitter.py
[0.478s] -- Up-to-date: /home/nicholas/arduinobot_ws/install/arduinobot_firmware/lib/arduinobot_firmware/simple_serial_receiver.py
[0.478s] -- Up-to-date: /home/nicholas/arduinobot_ws/install/arduinobot_firmware/share/ament_index/resource_index/package_run_dependencies/arduinobot_firmware
[0.478s] -- Up-to-date: /home/nicholas/arduinobot_ws/install/arduinobot_firmware/share/ament_index/resource_index/parent_prefix_path/arduinobot_firmware
[0.478s] -- Up-to-date: /home/nicholas/arduinobot_ws/install/arduinobot_firmware/share/arduinobot_firmware/environment/ament_prefix_path.sh
[0.478s] -- Up-to-date: /home/nicholas/arduinobot_ws/install/arduinobot_firmware/share/arduinobot_firmware/environment/ament_prefix_path.dsv
[0.478s] -- Up-to-date: /home/nicholas/arduinobot_ws/install/arduinobot_firmware/share/arduinobot_firmware/environment/path.sh
[0.478s] -- Up-to-date: /home/nicholas/arduinobot_ws/install/arduinobot_firmware/share/arduinobot_firmware/environment/path.dsv
[0.478s] -- Up-to-date: /home/nicholas/arduinobot_ws/install/arduinobot_firmware/share/arduinobot_firmware/local_setup.bash
[0.478s] -- Up-to-date: /home/nicholas/arduinobot_ws/install/arduinobot_firmware/share/arduinobot_firmware/local_setup.sh
[0.478s] -- Up-to-date: /home/nicholas/arduinobot_ws/install/arduinobot_firmware/share/arduinobot_firmware/local_setup.zsh
[0.478s] -- Up-to-date: /home/nicholas/arduinobot_ws/install/arduinobot_firmware/share/arduinobot_firmware/local_setup.dsv
[0.478s] -- Installing: /home/nicholas/arduinobot_ws/install/arduinobot_firmware/share/arduinobot_firmware/package.dsv
[0.479s] -- Up-to-date: /home/nicholas/arduinobot_ws/install/arduinobot_firmware/share/ament_index/resource_index/packages/arduinobot_firmware
[0.479s] -- Up-to-date: /home/nicholas/arduinobot_ws/install/arduinobot_firmware/share/arduinobot_firmware/cmake/arduinobot_firmwareConfig.cmake
[0.479s] -- Up-to-date: /home/nicholas/arduinobot_ws/install/arduinobot_firmware/share/arduinobot_firmware/cmake/arduinobot_firmwareConfig-version.cmake
[0.479s] -- Up-to-date: /home/nicholas/arduinobot_ws/install/arduinobot_firmware/share/arduinobot_firmware/package.xml
[0.482s] Invoked command in '/home/nicholas/arduinobot_ws/build/arduinobot_firmware' returned '0': CMAKE_PREFIX_PATH=${CMAKE_PREFIX_PATH}:/home/nicholas/arduinobot_ws/install/arduinobot_py_examples:/opt/ros/humble /usr/bin/cmake --install /home/nicholas/arduinobot_ws/build/arduinobot_firmware
