[0.693s] Invoking command in '/home/nicholas/arduinobot_ws/src/arduinobot_py_examples': CMAKE_PREFIX_PATH=/home/nicholas/arduinobot_ws/install/arduinobot_msgs:/home/nicholas/arduinobot_ws/install/aruduinobot_controller:/home/nicholas/arduinobot_ws/install/arduinobot_utils:/home/nicholas/arduinobot_ws/install/arduinobot_moveit:/home/nicholas/arduinobot_ws/install/arduinobot_description:/home/nicholas/arduinobot_ws/install/arduinobot_cpp_examples PYTHONPATH=/home/nicholas/arduinobot_ws/build/arduinobot_py_examples/prefix_override:/usr/lib/python3/dist-packages/colcon_core/task/python/colcon_distutils_commands:/home/nicholas/arduinobot_ws/install/arduinobot_py_examples/lib/python3.10/site-packages:${PYTHONPATH} /usr/bin/python3 -W ignore:setup.py install is deprecated -W ignore:easy_install command is deprecated setup.py egg_info --egg-base ../../build/arduinobot_py_examples build --build-base /home/nicholas/arduinobot_ws/build/arduinobot_py_examples/build install --record /home/nicholas/arduinobot_ws/build/arduinobot_py_examples/install.log --single-version-externally-managed install_data
[0.943s] running egg_info
[0.943s] writing ../../build/arduinobot_py_examples/arduinobot_py_examples.egg-info/PKG-INFO
[0.943s] writing dependency_links to ../../build/arduinobot_py_examples/arduinobot_py_examples.egg-info/dependency_links.txt
[0.944s] writing entry points to ../../build/arduinobot_py_examples/arduinobot_py_examples.egg-info/entry_points.txt
[0.944s] writing requirements to ../../build/arduinobot_py_examples/arduinobot_py_examples.egg-info/requires.txt
[0.944s] writing top-level names to ../../build/arduinobot_py_examples/arduinobot_py_examples.egg-info/top_level.txt
[0.945s] reading manifest file '../../build/arduinobot_py_examples/arduinobot_py_examples.egg-info/SOURCES.txt'
[0.946s] writing manifest file '../../build/arduinobot_py_examples/arduinobot_py_examples.egg-info/SOURCES.txt'
[0.946s] running build
[0.946s] running build_py
[0.946s] copying arduinobot_py_examples/simple_action_client.py -> /home/nicholas/arduinobot_ws/build/arduinobot_py_examples/build/lib/arduinobot_py_examples
[0.947s] running install
[0.947s] running install_lib
[0.948s] copying /home/nicholas/arduinobot_ws/build/arduinobot_py_examples/build/lib/arduinobot_py_examples/simple_action_client.py -> /home/nicholas/arduinobot_ws/install/arduinobot_py_examples/lib/python3.10/site-packages/arduinobot_py_examples
[0.949s] byte-compiling /home/nicholas/arduinobot_ws/install/arduinobot_py_examples/lib/python3.10/site-packages/arduinobot_py_examples/simple_action_client.py to simple_action_client.cpython-310.pyc
[0.949s] running install_data
[0.949s] running install_egg_info
[0.951s] removing '/home/nicholas/arduinobot_ws/install/arduinobot_py_examples/lib/python3.10/site-packages/arduinobot_py_examples-0.0.0-py3.10.egg-info' (and everything under it)
[0.951s] Copying ../../build/arduinobot_py_examples/arduinobot_py_examples.egg-info to /home/nicholas/arduinobot_ws/install/arduinobot_py_examples/lib/python3.10/site-packages/arduinobot_py_examples-0.0.0-py3.10.egg-info
[0.952s] running install_scripts
[0.970s] Installing simple_action_client script to /home/nicholas/arduinobot_ws/install/arduinobot_py_examples/lib/arduinobot_py_examples
[0.970s] Installing simple_action_server script to /home/nicholas/arduinobot_ws/install/arduinobot_py_examples/lib/arduinobot_py_examples
[0.970s] Installing simple_parameter script to /home/nicholas/arduinobot_ws/install/arduinobot_py_examples/lib/arduinobot_py_examples
[0.971s] Installing simple_publisher script to /home/nicholas/arduinobot_ws/install/arduinobot_py_examples/lib/arduinobot_py_examples
[0.971s] Installing simple_service_client script to /home/nicholas/arduinobot_ws/install/arduinobot_py_examples/lib/arduinobot_py_examples
[0.971s] Installing simple_service_server script to /home/nicholas/arduinobot_ws/install/arduinobot_py_examples/lib/arduinobot_py_examples
[0.971s] Installing simple_subscriber script to /home/nicholas/arduinobot_ws/install/arduinobot_py_examples/lib/arduinobot_py_examples
[0.971s] writing list of installed files to '/home/nicholas/arduinobot_ws/build/arduinobot_py_examples/install.log'
[0.998s] Invoked command in '/home/nicholas/arduinobot_ws/src/arduinobot_py_examples' returned '0': CMAKE_PREFIX_PATH=/home/nicholas/arduinobot_ws/install/arduinobot_msgs:/home/nicholas/arduinobot_ws/install/aruduinobot_controller:/home/nicholas/arduinobot_ws/install/arduinobot_utils:/home/nicholas/arduinobot_ws/install/arduinobot_moveit:/home/nicholas/arduinobot_ws/install/arduinobot_description:/home/nicholas/arduinobot_ws/install/arduinobot_cpp_examples PYTHONPATH=/home/nicholas/arduinobot_ws/build/arduinobot_py_examples/prefix_override:/usr/lib/python3/dist-packages/colcon_core/task/python/colcon_distutils_commands:/home/nicholas/arduinobot_ws/install/arduinobot_py_examples/lib/python3.10/site-packages:${PYTHONPATH} /usr/bin/python3 -W ignore:setup.py install is deprecated -W ignore:easy_install command is deprecated setup.py egg_info --egg-base ../../build/arduinobot_py_examples build --build-base /home/nicholas/arduinobot_ws/build/arduinobot_py_examples/build install --record /home/nicholas/arduinobot_ws/build/arduinobot_py_examples/install.log --single-version-externally-managed install_data
