[0.235s] Invoking command in '/home/nadurham/arduinobot_ws/build/aruduinobot_controller': CMAKE_PREFIX_PATH=${CMAKE_PREFIX_PATH}:/home/nadurham/arduinobot_ws/install/arduinobot_py_examples:/opt/ros/humble /usr/bin/cmake --build /home/nadurham/arduinobot_ws/build/aruduinobot_controller -- -j8 -l8
[0.288s] Invoked command in '/home/nadurham/arduinobot_ws/build/aruduinobot_controller' returned '0': CMAKE_PREFIX_PATH=${CMAKE_PREFIX_PATH}:/home/nadurham/arduinobot_ws/install/arduinobot_py_examples:/opt/ros/humble /usr/bin/cmake --build /home/nadurham/arduinobot_ws/build/aruduinobot_controller -- -j8 -l8
[0.288s] Invoking command in '/home/nadurham/arduinobot_ws/build/aruduinobot_controller': CMAKE_PREFIX_PATH=${CMAKE_PREFIX_PATH}:/home/nadurham/arduinobot_ws/install/arduinobot_py_examples:/opt/ros/humble /usr/bin/cmake --install /home/nadurham/arduinobot_ws/build/aruduinobot_controller
[0.293s] -- Install configuration: ""
[0.293s] -- Up-to-date: /home/nadurham/arduinobot_ws/install/aruduinobot_controller/share/aruduinobot_controller/config
[0.293s] -- Up-to-date: /home/nadurham/arduinobot_ws/install/aruduinobot_controller/share/aruduinobot_controller/config/arduinobot_controllers.yaml
[0.293s] -- Up-to-date: /home/nadurham/arduinobot_ws/install/aruduinobot_controller/share/ament_index/resource_index/package_run_dependencies/aruduinobot_controller
[0.293s] -- Up-to-date: /home/nadurham/arduinobot_ws/install/aruduinobot_controller/share/ament_index/resource_index/parent_prefix_path/aruduinobot_controller
[0.294s] -- Up-to-date: /home/nadurham/arduinobot_ws/install/aruduinobot_controller/share/aruduinobot_controller/environment/ament_prefix_path.sh
[0.294s] -- Up-to-date: /home/nadurham/arduinobot_ws/install/aruduinobot_controller/share/aruduinobot_controller/environment/ament_prefix_path.dsv
[0.294s] -- Up-to-date: /home/nadurham/arduinobot_ws/install/aruduinobot_controller/share/aruduinobot_controller/environment/path.sh
[0.294s] -- Up-to-date: /home/nadurham/arduinobot_ws/install/aruduinobot_controller/share/aruduinobot_controller/environment/path.dsv
[0.294s] -- Up-to-date: /home/nadurham/arduinobot_ws/install/aruduinobot_controller/share/aruduinobot_controller/local_setup.bash
[0.294s] -- Up-to-date: /home/nadurham/arduinobot_ws/install/aruduinobot_controller/share/aruduinobot_controller/local_setup.sh
[0.294s] -- Up-to-date: /home/nadurham/arduinobot_ws/install/aruduinobot_controller/share/aruduinobot_controller/local_setup.zsh
[0.294s] -- Up-to-date: /home/nadurham/arduinobot_ws/install/aruduinobot_controller/share/aruduinobot_controller/local_setup.dsv
[0.295s] -- Installing: /home/nadurham/arduinobot_ws/install/aruduinobot_controller/share/aruduinobot_controller/package.dsv
[0.295s] -- Up-to-date: /home/nadurham/arduinobot_ws/install/aruduinobot_controller/share/ament_index/resource_index/packages/aruduinobot_controller
[0.295s] -- Up-to-date: /home/nadurham/arduinobot_ws/install/aruduinobot_controller/share/aruduinobot_controller/cmake/aruduinobot_controllerConfig.cmake
[0.295s] -- Up-to-date: /home/nadurham/arduinobot_ws/install/aruduinobot_controller/share/aruduinobot_controller/cmake/aruduinobot_controllerConfig-version.cmake
[0.295s] -- Up-to-date: /home/nadurham/arduinobot_ws/install/aruduinobot_controller/share/aruduinobot_controller/package.xml
[0.297s] Invoked command in '/home/nadurham/arduinobot_ws/build/aruduinobot_controller' returned '0': CMAKE_PREFIX_PATH=${CMAKE_PREFIX_PATH}:/home/nadurham/arduinobot_ws/install/arduinobot_py_examples:/opt/ros/humble /usr/bin/cmake --install /home/nadurham/arduinobot_ws/build/aruduinobot_controller
