[0.024s] Invoking command in '/home/nadurham/arduinobot_ws/build/arduinobot_description': CMAKE_PREFIX_PATH=${CMAKE_PREFIX_PATH}:/home/nadurham/arduinobot_ws/install/arduinobot_py_examples:/opt/ros/humble /usr/bin/cmake --build /home/nadurham/arduinobot_ws/build/arduinobot_description -- -j2 -l2
[0.056s] Invoked command in '/home/nadurham/arduinobot_ws/build/arduinobot_description' returned '0': CMAKE_PREFIX_PATH=${CMAKE_PREFIX_PATH}:/home/nadurham/arduinobot_ws/install/arduinobot_py_examples:/opt/ros/humble /usr/bin/cmake --build /home/nadurham/arduinobot_ws/build/arduinobot_description -- -j2 -l2
[0.066s] Invoking command in '/home/nadurham/arduinobot_ws/build/arduinobot_description': CMAKE_PREFIX_PATH=${CMAKE_PREFIX_PATH}:/home/nadurham/arduinobot_ws/install/arduinobot_py_examples:/opt/ros/humble /usr/bin/cmake --install /home/nadurham/arduinobot_ws/build/arduinobot_description
[0.085s] -- Install configuration: ""
[0.086s] -- Up-to-date: /home/nadurham/arduinobot_ws/install/arduinobot_description/share/arduinobot_description/meshes
[0.088s] -- Up-to-date: /home/nadurham/arduinobot_ws/install/arduinobot_description/share/arduinobot_description/meshes/right_finger.STL
[0.089s] -- Up-to-date: /home/nadurham/arduinobot_ws/install/arduinobot_description/share/arduinobot_description/meshes/horizontal_arm.STL
[0.090s] -- Up-to-date: /home/nadurham/arduinobot_ws/install/arduinobot_description/share/arduinobot_description/meshes/plate.STL
[0.091s] -- Up-to-date: /home/nadurham/arduinobot_ws/install/arduinobot_description/share/arduinobot_description/meshes/triangular_link.STL
[0.092s] -- Up-to-date: /home/nadurham/arduinobot_ws/install/arduinobot_description/share/arduinobot_description/meshes/claw_support.STL
[0.093s] -- Up-to-date: /home/nadurham/arduinobot_ws/install/arduinobot_description/share/arduinobot_description/meshes/link.STL
[0.093s] -- Up-to-date: /home/nadurham/arduinobot_ws/install/arduinobot_description/share/arduinobot_description/meshes/round_plate.STL
[0.094s] -- Up-to-date: /home/nadurham/arduinobot_ws/install/arduinobot_description/share/arduinobot_description/meshes/servo_plate.STL
[0.095s] -- Up-to-date: /home/nadurham/arduinobot_ws/install/arduinobot_description/share/arduinobot_description/meshes/forward_drive_arm.STL
[0.096s] -- Up-to-date: /home/nadurham/arduinobot_ws/install/arduinobot_description/share/arduinobot_description/meshes/base_plate.STL
[0.097s] -- Up-to-date: /home/nadurham/arduinobot_ws/install/arduinobot_description/share/arduinobot_description/meshes/left_finger.STL
[0.097s] -- Up-to-date: /home/nadurham/arduinobot_ws/install/arduinobot_description/share/arduinobot_description/meshes/vertical_drive_arm.STL
[0.097s] -- Up-to-date: /home/nadurham/arduinobot_ws/install/arduinobot_description/share/arduinobot_description/meshes/basement.STL
[0.098s] -- Up-to-date: /home/nadurham/arduinobot_ws/install/arduinobot_description/share/arduinobot_description/urdf
[0.098s] -- Installing: /home/nadurham/arduinobot_ws/install/arduinobot_description/share/arduinobot_description/urdf/arduinobot.urdf.xacro
[0.099s] -- Up-to-date: /home/nadurham/arduinobot_ws/install/arduinobot_description/share/ament_index/resource_index/package_run_dependencies/arduinobot_description
[0.100s] -- Up-to-date: /home/nadurham/arduinobot_ws/install/arduinobot_description/share/ament_index/resource_index/parent_prefix_path/arduinobot_description
[0.100s] -- Up-to-date: /home/nadurham/arduinobot_ws/install/arduinobot_description/share/arduinobot_description/environment/ament_prefix_path.sh
[0.100s] -- Up-to-date: /home/nadurham/arduinobot_ws/install/arduinobot_description/share/arduinobot_description/environment/ament_prefix_path.dsv
[0.101s] -- Up-to-date: /home/nadurham/arduinobot_ws/install/arduinobot_description/share/arduinobot_description/environment/path.sh
[0.101s] -- Up-to-date: /home/nadurham/arduinobot_ws/install/arduinobot_description/share/arduinobot_description/environment/path.dsv
[0.101s] -- Up-to-date: /home/nadurham/arduinobot_ws/install/arduinobot_description/share/arduinobot_description/local_setup.bash
[0.102s] -- Up-to-date: /home/nadurham/arduinobot_ws/install/arduinobot_description/share/arduinobot_description/local_setup.sh
[0.102s] -- Up-to-date: /home/nadurham/arduinobot_ws/install/arduinobot_description/share/arduinobot_description/local_setup.zsh
[0.102s] -- Up-to-date: /home/nadurham/arduinobot_ws/install/arduinobot_description/share/arduinobot_description/local_setup.dsv
[0.103s] -- Installing: /home/nadurham/arduinobot_ws/install/arduinobot_description/share/arduinobot_description/package.dsv
[0.103s] -- Up-to-date: /home/nadurham/arduinobot_ws/install/arduinobot_description/share/ament_index/resource_index/packages/arduinobot_description
[0.104s] -- Up-to-date: /home/nadurham/arduinobot_ws/install/arduinobot_description/share/arduinobot_description/cmake/arduinobot_descriptionConfig.cmake
[0.104s] -- Up-to-date: /home/nadurham/arduinobot_ws/install/arduinobot_description/share/arduinobot_description/cmake/arduinobot_descriptionConfig-version.cmake
[0.104s] -- Up-to-date: /home/nadurham/arduinobot_ws/install/arduinobot_description/share/arduinobot_description/package.xml
[0.332s] Invoked command in '/home/nadurham/arduinobot_ws/build/arduinobot_description' returned '0': CMAKE_PREFIX_PATH=${CMAKE_PREFIX_PATH}:/home/nadurham/arduinobot_ws/install/arduinobot_py_examples:/opt/ros/humble /usr/bin/cmake --install /home/nadurham/arduinobot_ws/build/arduinobot_description
