[0.022s] Invoking command in '/home/nadurham/arduinobot_ws/src/build/arduinobot_description': CMAKE_PREFIX_PATH=${CMAKE_PREFIX_PATH}:/home/nadurham/arduinobot_ws/install/arduinobot_py_examples:/opt/ros/humble /usr/bin/cmake /home/nadurham/arduinobot_ws/src/arduinobot_description -DCMAKE_INSTALL_PREFIX=/home/nadurham/arduinobot_ws/src/install/arduinobot_description
[0.220s] -- The C compiler identification is GNU 11.4.0
[0.220s] -- The CXX compiler identification is GNU 11.4.0
[0.220s] -- Detecting C compiler ABI info
[0.220s] -- Detecting C compiler ABI info - done
[0.220s] -- Check for working C compiler: /usr/bin/cc - skipped
[0.220s] -- Detecting C compile features
[0.220s] -- Detecting C compile features - done
[0.220s] -- Detecting CXX compiler ABI info
[0.244s] -- Detecting CXX compiler ABI info - done
[0.252s] -- Check for working CXX compiler: /usr/bin/c++ - skipped
[0.252s] -- Detecting CXX compile features
[0.253s] -- Detecting CXX compile features - done
[0.256s] -- Found ament_cmake: 1.3.11 (/opt/ros/humble/share/ament_cmake/cmake)
[0.377s] -- Found Python3: /usr/bin/python3 (found version "3.10.12") found components: Interpreter 
[0.465s] -- Found ament_lint_auto: 0.12.11 (/opt/ros/humble/share/ament_lint_auto/cmake)
[0.559s] -- Added test 'flake8' to check Python code syntax and style conventions
[0.559s] -- Added test 'lint_cmake' to check CMake code style
[0.560s] -- Added test 'pep257' to check Python code against some of the docstring style conventions in PEP 257
[0.562s] -- Added test 'xmllint' to check XML markup files
[0.563s] -- Configuring done
[0.565s] -- Generating done
[0.567s] -- Build files have been written to: /home/nadurham/arduinobot_ws/src/build/arduinobot_description
[0.572s] Invoked command in '/home/nadurham/arduinobot_ws/src/build/arduinobot_description' returned '0': CMAKE_PREFIX_PATH=${CMAKE_PREFIX_PATH}:/home/nadurham/arduinobot_ws/install/arduinobot_py_examples:/opt/ros/humble /usr/bin/cmake /home/nadurham/arduinobot_ws/src/arduinobot_description -DCMAKE_INSTALL_PREFIX=/home/nadurham/arduinobot_ws/src/install/arduinobot_description
[0.574s] Invoking command in '/home/nadurham/arduinobot_ws/src/build/arduinobot_description': CMAKE_PREFIX_PATH=${CMAKE_PREFIX_PATH}:/home/nadurham/arduinobot_ws/install/arduinobot_py_examples:/opt/ros/humble /usr/bin/cmake --build /home/nadurham/arduinobot_ws/src/build/arduinobot_description -- -j8 -l8
[0.618s] Invoked command in '/home/nadurham/arduinobot_ws/src/build/arduinobot_description' returned '0': CMAKE_PREFIX_PATH=${CMAKE_PREFIX_PATH}:/home/nadurham/arduinobot_ws/install/arduinobot_py_examples:/opt/ros/humble /usr/bin/cmake --build /home/nadurham/arduinobot_ws/src/build/arduinobot_description -- -j8 -l8
[0.620s] Invoking command in '/home/nadurham/arduinobot_ws/src/build/arduinobot_description': CMAKE_PREFIX_PATH=${CMAKE_PREFIX_PATH}:/home/nadurham/arduinobot_ws/install/arduinobot_py_examples:/opt/ros/humble /usr/bin/cmake --install /home/nadurham/arduinobot_ws/src/build/arduinobot_description
[0.625s] -- Install configuration: ""
[0.626s] -- Installing: /home/nadurham/arduinobot_ws/src/install/arduinobot_description/share/arduinobot_description/meshes
[0.626s] -- Installing: /home/nadurham/arduinobot_ws/src/install/arduinobot_description/share/arduinobot_description/meshes/pi_camera.STL
[0.627s] -- Installing: /home/nadurham/arduinobot_ws/src/install/arduinobot_description/share/arduinobot_description/meshes/right_finger.STL
[0.630s] -- Installing: /home/nadurham/arduinobot_ws/src/install/arduinobot_description/share/arduinobot_description/meshes/horizontal_arm.STL
[0.642s] -- Installing: /home/nadurham/arduinobot_ws/src/install/arduinobot_description/share/arduinobot_description/meshes/plate.STL
[0.656s] -- Installing: /home/nadurham/arduinobot_ws/src/install/arduinobot_description/share/arduinobot_description/meshes/triangular_link.STL
[0.663s] -- Installing: /home/nadurham/arduinobot_ws/src/install/arduinobot_description/share/arduinobot_description/meshes/claw_support.STL
[0.669s] -- Installing: /home/nadurham/arduinobot_ws/src/install/arduinobot_description/share/arduinobot_description/meshes/link.STL
[0.676s] -- Installing: /home/nadurham/arduinobot_ws/src/install/arduinobot_description/share/arduinobot_description/meshes/round_plate.STL
[0.678s] -- Installing: /home/nadurham/arduinobot_ws/src/install/arduinobot_description/share/arduinobot_description/meshes/servo_plate.STL
[0.684s] -- Installing: /home/nadurham/arduinobot_ws/src/install/arduinobot_description/share/arduinobot_description/meshes/forward_drive_arm.STL
[0.701s] -- Installing: /home/nadurham/arduinobot_ws/src/install/arduinobot_description/share/arduinobot_description/meshes/base_plate.STL
[0.731s] -- Installing: /home/nadurham/arduinobot_ws/src/install/arduinobot_description/share/arduinobot_description/meshes/left_finger.STL
[0.733s] -- Installing: /home/nadurham/arduinobot_ws/src/install/arduinobot_description/share/arduinobot_description/meshes/vertical_drive_arm.STL
[0.746s] -- Installing: /home/nadurham/arduinobot_ws/src/install/arduinobot_description/share/arduinobot_description/meshes/basement.STL
[0.767s] -- Installing: /home/nadurham/arduinobot_ws/src/install/arduinobot_description/share/arduinobot_description/urdf
[0.767s] -- Installing: /home/nadurham/arduinobot_ws/src/install/arduinobot_description/share/arduinobot_description/urdf/arduinobot_gazebo.xacro
[0.768s] -- Installing: /home/nadurham/arduinobot_ws/src/install/arduinobot_description/share/arduinobot_description/urdf/arduinobot_ros2_control.xacro 
[0.768s] -- Installing: /home/nadurham/arduinobot_ws/src/install/arduinobot_description/share/arduinobot_description/urdf/arduinobot.urdf.xacro
[0.768s] -- Installing: /home/nadurham/arduinobot_ws/src/install/arduinobot_description/share/arduinobot_description/launch
[0.768s] -- Installing: /home/nadurham/arduinobot_ws/src/install/arduinobot_description/share/arduinobot_description/launch/gazebo.launch.py
[0.768s] -- Installing: /home/nadurham/arduinobot_ws/src/install/arduinobot_description/share/arduinobot_description/launch/display.launch.py
[0.768s] -- Installing: /home/nadurham/arduinobot_ws/src/install/arduinobot_description/share/arduinobot_description/rviz
[0.769s] -- Installing: /home/nadurham/arduinobot_ws/src/install/arduinobot_description/share/arduinobot_description/rviz/display.rviz
[0.770s] -- Installing: /home/nadurham/arduinobot_ws/src/install/arduinobot_description/share/ament_index/resource_index/package_run_dependencies/arduinobot_description
[0.771s] -- Installing: /home/nadurham/arduinobot_ws/src/install/arduinobot_description/share/ament_index/resource_index/parent_prefix_path/arduinobot_description
[0.771s] -- Installing: /home/nadurham/arduinobot_ws/src/install/arduinobot_description/share/arduinobot_description/environment/ament_prefix_path.sh
[0.771s] -- Installing: /home/nadurham/arduinobot_ws/src/install/arduinobot_description/share/arduinobot_description/environment/ament_prefix_path.dsv
[0.771s] -- Installing: /home/nadurham/arduinobot_ws/src/install/arduinobot_description/share/arduinobot_description/environment/path.sh
[0.772s] -- Installing: /home/nadurham/arduinobot_ws/src/install/arduinobot_description/share/arduinobot_description/environment/path.dsv
[0.772s] -- Installing: /home/nadurham/arduinobot_ws/src/install/arduinobot_description/share/arduinobot_description/local_setup.bash
[0.772s] -- Installing: /home/nadurham/arduinobot_ws/src/install/arduinobot_description/share/arduinobot_description/local_setup.sh
[0.772s] -- Installing: /home/nadurham/arduinobot_ws/src/install/arduinobot_description/share/arduinobot_description/local_setup.zsh
[0.773s] -- Installing: /home/nadurham/arduinobot_ws/src/install/arduinobot_description/share/arduinobot_description/local_setup.dsv
[0.773s] -- Installing: /home/nadurham/arduinobot_ws/src/install/arduinobot_description/share/arduinobot_description/package.dsv
[0.773s] -- Installing: /home/nadurham/arduinobot_ws/src/install/arduinobot_description/share/ament_index/resource_index/packages/arduinobot_description
[0.774s] -- Installing: /home/nadurham/arduinobot_ws/src/install/arduinobot_description/share/arduinobot_description/cmake/arduinobot_descriptionConfig.cmake
[0.774s] -- Installing: /home/nadurham/arduinobot_ws/src/install/arduinobot_description/share/arduinobot_description/cmake/arduinobot_descriptionConfig-version.cmake
[0.774s] -- Installing: /home/nadurham/arduinobot_ws/src/install/arduinobot_description/share/arduinobot_description/package.xml
[0.776s] Invoked command in '/home/nadurham/arduinobot_ws/src/build/arduinobot_description' returned '0': CMAKE_PREFIX_PATH=${CMAKE_PREFIX_PATH}:/home/nadurham/arduinobot_ws/install/arduinobot_py_examples:/opt/ros/humble /usr/bin/cmake --install /home/nadurham/arduinobot_ws/src/build/arduinobot_description
