[0.032s] Invoking command in '/home/nicholas/arduinobot_ws/build/aruduinobot_controller': CMAKE_PREFIX_PATH=${CMAKE_PREFIX_PATH}:/home/nicholas/arduinobot_ws/install/arduinobot_py_examples:/opt/ros/humble /usr/bin/cmake --build /home/nicholas/arduinobot_ws/build/aruduinobot_controller -- -j16 -l16
[0.059s] -- Found ament_cmake: 1.3.11 (/opt/ros/humble/share/ament_cmake/cmake)
[0.218s] -- Found ament_lint_auto: 0.12.12 (/opt/ros/humble/share/ament_lint_auto/cmake)
[0.300s] -- Added test 'flake8' to check Python code syntax and style conventions
[0.300s] -- Added test 'lint_cmake' to check CMake code style
[0.301s] -- Added test 'pep257' to check Python code against some of the docstring style conventions in PEP 257
[0.302s] -- Added test 'xmllint' to check XML markup files
[0.303s] -- Configuring done
[0.308s] -- Generating done
[0.310s] -- Build files have been written to: /home/nicholas/arduinobot_ws/build/aruduinobot_controller
[0.335s] Invoked command in '/home/nicholas/arduinobot_ws/build/aruduinobot_controller' returned '0': CMAKE_PREFIX_PATH=${CMAKE_PREFIX_PATH}:/home/nicholas/arduinobot_ws/install/arduinobot_py_examples:/opt/ros/humble /usr/bin/cmake --build /home/nicholas/arduinobot_ws/build/aruduinobot_controller -- -j16 -l16
[0.336s] Invoking command in '/home/nicholas/arduinobot_ws/build/aruduinobot_controller': CMAKE_PREFIX_PATH=${CMAKE_PREFIX_PATH}:/home/nicholas/arduinobot_ws/install/arduinobot_py_examples:/opt/ros/humble /usr/bin/cmake --install /home/nicholas/arduinobot_ws/build/aruduinobot_controller
[0.344s] -- Install configuration: ""
[0.344s] -- Up-to-date: /home/nicholas/arduinobot_ws/install/aruduinobot_controller/share/aruduinobot_controller/config
[0.344s] -- Up-to-date: /home/nicholas/arduinobot_ws/install/aruduinobot_controller/share/aruduinobot_controller/config/arduinobot_controllers.yaml
[0.344s] -- Up-to-date: /home/nicholas/arduinobot_ws/install/aruduinobot_controller/share/aruduinobot_controller/launch
[0.344s] -- Up-to-date: /home/nicholas/arduinobot_ws/install/aruduinobot_controller/share/aruduinobot_controller/launch/controller.launch.py
[0.344s] -- Up-to-date: /home/nicholas/arduinobot_ws/install/aruduinobot_controller/share/ament_index/resource_index/package_run_dependencies/aruduinobot_controller
[0.344s] -- Up-to-date: /home/nicholas/arduinobot_ws/install/aruduinobot_controller/share/ament_index/resource_index/parent_prefix_path/aruduinobot_controller
[0.345s] -- Up-to-date: /home/nicholas/arduinobot_ws/install/aruduinobot_controller/share/aruduinobot_controller/environment/ament_prefix_path.sh
[0.345s] -- Installing: /home/nicholas/arduinobot_ws/install/aruduinobot_controller/share/aruduinobot_controller/environment/ament_prefix_path.dsv
[0.345s] -- Up-to-date: /home/nicholas/arduinobot_ws/install/aruduinobot_controller/share/aruduinobot_controller/environment/path.sh
[0.345s] -- Installing: /home/nicholas/arduinobot_ws/install/aruduinobot_controller/share/aruduinobot_controller/environment/path.dsv
[0.345s] -- Up-to-date: /home/nicholas/arduinobot_ws/install/aruduinobot_controller/share/aruduinobot_controller/local_setup.bash
[0.345s] -- Up-to-date: /home/nicholas/arduinobot_ws/install/aruduinobot_controller/share/aruduinobot_controller/local_setup.sh
[0.345s] -- Up-to-date: /home/nicholas/arduinobot_ws/install/aruduinobot_controller/share/aruduinobot_controller/local_setup.zsh
[0.345s] -- Installing: /home/nicholas/arduinobot_ws/install/aruduinobot_controller/share/aruduinobot_controller/local_setup.dsv
[0.346s] -- Installing: /home/nicholas/arduinobot_ws/install/aruduinobot_controller/share/aruduinobot_controller/package.dsv
[0.346s] -- Up-to-date: /home/nicholas/arduinobot_ws/install/aruduinobot_controller/share/ament_index/resource_index/packages/aruduinobot_controller
[0.346s] -- Up-to-date: /home/nicholas/arduinobot_ws/install/aruduinobot_controller/share/aruduinobot_controller/cmake/aruduinobot_controllerConfig.cmake
[0.346s] -- Up-to-date: /home/nicholas/arduinobot_ws/install/aruduinobot_controller/share/aruduinobot_controller/cmake/aruduinobot_controllerConfig-version.cmake
[0.346s] -- Up-to-date: /home/nicholas/arduinobot_ws/install/aruduinobot_controller/share/aruduinobot_controller/package.xml
[0.349s] Invoked command in '/home/nicholas/arduinobot_ws/build/aruduinobot_controller' returned '0': CMAKE_PREFIX_PATH=${CMAKE_PREFIX_PATH}:/home/nicholas/arduinobot_ws/install/arduinobot_py_examples:/opt/ros/humble /usr/bin/cmake --install /home/nicholas/arduinobot_ws/build/aruduinobot_controller
