[0.226s] Invoking command in '/home/nadurham/arduinobot_ws/build/aruduinobot_controller': CMAKE_PREFIX_PATH=${CMAKE_PREFIX_PATH}:/home/nadurham/arduinobot_ws/install/arduinobot_py_examples:/opt/ros/humble /usr/bin/cmake --build /home/nadurham/arduinobot_ws/build/aruduinobot_controller -- -j8 -l8
[0.249s] -- Found ament_cmake: 1.3.11 (/opt/ros/humble/share/ament_cmake/cmake)
[0.351s] -- Found ament_lint_auto: 0.12.11 (/opt/ros/humble/share/ament_lint_auto/cmake)
[0.424s] -- Added test 'lint_cmake' to check CMake code style
[0.425s] -- Added test 'xmllint' to check XML markup files
[0.426s] -- Configuring done
[0.429s] -- Generating done
[0.432s] -- Build files have been written to: /home/nadurham/arduinobot_ws/build/aruduinobot_controller
[0.459s] Invoked command in '/home/nadurham/arduinobot_ws/build/aruduinobot_controller' returned '0': CMAKE_PREFIX_PATH=${CMAKE_PREFIX_PATH}:/home/nadurham/arduinobot_ws/install/arduinobot_py_examples:/opt/ros/humble /usr/bin/cmake --build /home/nadurham/arduinobot_ws/build/aruduinobot_controller -- -j8 -l8
[0.461s] Invoking command in '/home/nadurham/arduinobot_ws/build/aruduinobot_controller': CMAKE_PREFIX_PATH=${CMAKE_PREFIX_PATH}:/home/nadurham/arduinobot_ws/install/arduinobot_py_examples:/opt/ros/humble /usr/bin/cmake --install /home/nadurham/arduinobot_ws/build/aruduinobot_controller
[0.467s] -- Install configuration: ""
[0.467s] -- Installing: /home/nadurham/arduinobot_ws/install/aruduinobot_controller/share/aruduinobot_controller/config
[0.467s] -- Installing: /home/nadurham/arduinobot_ws/install/aruduinobot_controller/share/aruduinobot_controller/config/arduinobot_controllers.yaml
[0.467s] -- Up-to-date: /home/nadurham/arduinobot_ws/install/aruduinobot_controller/share/ament_index/resource_index/package_run_dependencies/aruduinobot_controller
[0.467s] -- Installing: /home/nadurham/arduinobot_ws/install/aruduinobot_controller/share/ament_index/resource_index/parent_prefix_path/aruduinobot_controller
[0.467s] -- Up-to-date: /home/nadurham/arduinobot_ws/install/aruduinobot_controller/share/aruduinobot_controller/environment/ament_prefix_path.sh
[0.467s] -- Installing: /home/nadurham/arduinobot_ws/install/aruduinobot_controller/share/aruduinobot_controller/environment/ament_prefix_path.dsv
[0.467s] -- Up-to-date: /home/nadurham/arduinobot_ws/install/aruduinobot_controller/share/aruduinobot_controller/environment/path.sh
[0.467s] -- Installing: /home/nadurham/arduinobot_ws/install/aruduinobot_controller/share/aruduinobot_controller/environment/path.dsv
[0.467s] -- Up-to-date: /home/nadurham/arduinobot_ws/install/aruduinobot_controller/share/aruduinobot_controller/local_setup.bash
[0.467s] -- Up-to-date: /home/nadurham/arduinobot_ws/install/aruduinobot_controller/share/aruduinobot_controller/local_setup.sh
[0.467s] -- Up-to-date: /home/nadurham/arduinobot_ws/install/aruduinobot_controller/share/aruduinobot_controller/local_setup.zsh
[0.467s] -- Installing: /home/nadurham/arduinobot_ws/install/aruduinobot_controller/share/aruduinobot_controller/local_setup.dsv
[0.467s] -- Installing: /home/nadurham/arduinobot_ws/install/aruduinobot_controller/share/aruduinobot_controller/package.dsv
[0.468s] -- Up-to-date: /home/nadurham/arduinobot_ws/install/aruduinobot_controller/share/ament_index/resource_index/packages/aruduinobot_controller
[0.468s] -- Up-to-date: /home/nadurham/arduinobot_ws/install/aruduinobot_controller/share/aruduinobot_controller/cmake/aruduinobot_controllerConfig.cmake
[0.468s] -- Up-to-date: /home/nadurham/arduinobot_ws/install/aruduinobot_controller/share/aruduinobot_controller/cmake/aruduinobot_controllerConfig-version.cmake
[0.468s] -- Up-to-date: /home/nadurham/arduinobot_ws/install/aruduinobot_controller/share/aruduinobot_controller/package.xml
[0.471s] Invoked command in '/home/nadurham/arduinobot_ws/build/aruduinobot_controller' returned '0': CMAKE_PREFIX_PATH=${CMAKE_PREFIX_PATH}:/home/nadurham/arduinobot_ws/install/arduinobot_py_examples:/opt/ros/humble /usr/bin/cmake --install /home/nadurham/arduinobot_ws/build/aruduinobot_controller
