[0.263s] Invoking command in '/home/nicholas/arduinobot_ws/build/arduinobot_utils': CMAKE_PREFIX_PATH=/home/nicholas/arduinobot_ws/install/arduinobot_msgs:/home/nicholas/arduinobot_ws/install/aruduinobot_controller:/home/nicholas/arduinobot_ws/install/arduinobot_utils:/home/nicholas/arduinobot_ws/install/arduinobot_moveit:/home/nicholas/arduinobot_ws/install/arduinobot_description:/home/nicholas/arduinobot_ws/install/arduinobot_cpp_examples:/home/nicholas/arduinobot_ws/install/arduinobot_py_examples:/opt/ros/humble /usr/bin/cmake --build /home/nicholas/arduinobot_ws/build/arduinobot_utils -- -j16 -l16
[0.323s] Built target ament_cmake_python_copy_arduinobot_utils
[0.568s] running egg_info
[0.569s] writing arduinobot_utils.egg-info/PKG-INFO
[0.569s] writing dependency_links to arduinobot_utils.egg-info/dependency_links.txt
[0.569s] writing top-level names to arduinobot_utils.egg-info/top_level.txt
[0.571s] reading manifest file 'arduinobot_utils.egg-info/SOURCES.txt'
[0.571s] writing manifest file 'arduinobot_utils.egg-info/SOURCES.txt'
[0.595s] Built target ament_cmake_python_build_arduinobot_utils_egg
[0.606s] Invoked command in '/home/nicholas/arduinobot_ws/build/arduinobot_utils' returned '0': CMAKE_PREFIX_PATH=/home/nicholas/arduinobot_ws/install/arduinobot_msgs:/home/nicholas/arduinobot_ws/install/aruduinobot_controller:/home/nicholas/arduinobot_ws/install/arduinobot_utils:/home/nicholas/arduinobot_ws/install/arduinobot_moveit:/home/nicholas/arduinobot_ws/install/arduinobot_description:/home/nicholas/arduinobot_ws/install/arduinobot_cpp_examples:/home/nicholas/arduinobot_ws/install/arduinobot_py_examples:/opt/ros/humble /usr/bin/cmake --build /home/nicholas/arduinobot_ws/build/arduinobot_utils -- -j16 -l16
[0.608s] Invoking command in '/home/nicholas/arduinobot_ws/build/arduinobot_utils': CMAKE_PREFIX_PATH=/home/nicholas/arduinobot_ws/install/arduinobot_msgs:/home/nicholas/arduinobot_ws/install/aruduinobot_controller:/home/nicholas/arduinobot_ws/install/arduinobot_utils:/home/nicholas/arduinobot_ws/install/arduinobot_moveit:/home/nicholas/arduinobot_ws/install/arduinobot_description:/home/nicholas/arduinobot_ws/install/arduinobot_cpp_examples:/home/nicholas/arduinobot_ws/install/arduinobot_py_examples:/opt/ros/humble /usr/bin/cmake --install /home/nicholas/arduinobot_ws/build/arduinobot_utils
[0.615s] -- Install configuration: ""
[0.616s] -- Up-to-date: /home/nicholas/arduinobot_ws/install/arduinobot_utils/share/arduinobot_utils/environment/pythonpath.sh
[0.616s] -- Up-to-date: /home/nicholas/arduinobot_ws/install/arduinobot_utils/share/arduinobot_utils/environment/pythonpath.dsv
[0.616s] -- Up-to-date: /home/nicholas/arduinobot_ws/install/arduinobot_utils/local/lib/python3.10/dist-packages/arduinobot_utils-0.0.0-py3.10.egg-info
[0.616s] -- Installing: /home/nicholas/arduinobot_ws/install/arduinobot_utils/local/lib/python3.10/dist-packages/arduinobot_utils-0.0.0-py3.10.egg-info/top_level.txt
[0.616s] -- Installing: /home/nicholas/arduinobot_ws/install/arduinobot_utils/local/lib/python3.10/dist-packages/arduinobot_utils-0.0.0-py3.10.egg-info/dependency_links.txt
[0.616s] -- Installing: /home/nicholas/arduinobot_ws/install/arduinobot_utils/local/lib/python3.10/dist-packages/arduinobot_utils-0.0.0-py3.10.egg-info/SOURCES.txt
[0.616s] -- Installing: /home/nicholas/arduinobot_ws/install/arduinobot_utils/local/lib/python3.10/dist-packages/arduinobot_utils-0.0.0-py3.10.egg-info/PKG-INFO
[0.617s] -- Up-to-date: /home/nicholas/arduinobot_ws/install/arduinobot_utils/local/lib/python3.10/dist-packages/arduinobot_utils
[0.617s] -- Up-to-date: /home/nicholas/arduinobot_ws/install/arduinobot_utils/local/lib/python3.10/dist-packages/arduinobot_utils/__init__.py
[0.617s] -- Up-to-date: /home/nicholas/arduinobot_ws/install/arduinobot_utils/local/lib/python3.10/dist-packages/arduinobot_utils/angle_conversion.py
[0.644s] Listing '/home/nicholas/arduinobot_ws/install/arduinobot_utils/local/lib/python3.10/dist-packages/arduinobot_utils'...
[0.648s] -- Up-to-date: /home/nicholas/arduinobot_ws/install/arduinobot_utils/lib/arduinobot_utils/angle_conversion.py
[0.648s] -- Up-to-date: /home/nicholas/arduinobot_ws/install/arduinobot_utils/share/ament_index/resource_index/package_run_dependencies/arduinobot_utils
[0.648s] -- Up-to-date: /home/nicholas/arduinobot_ws/install/arduinobot_utils/share/ament_index/resource_index/parent_prefix_path/arduinobot_utils
[0.648s] -- Up-to-date: /home/nicholas/arduinobot_ws/install/arduinobot_utils/share/arduinobot_utils/environment/ament_prefix_path.sh
[0.649s] -- Up-to-date: /home/nicholas/arduinobot_ws/install/arduinobot_utils/share/arduinobot_utils/environment/ament_prefix_path.dsv
[0.649s] -- Up-to-date: /home/nicholas/arduinobot_ws/install/arduinobot_utils/share/arduinobot_utils/environment/path.sh
[0.649s] -- Up-to-date: /home/nicholas/arduinobot_ws/install/arduinobot_utils/share/arduinobot_utils/environment/path.dsv
[0.649s] -- Up-to-date: /home/nicholas/arduinobot_ws/install/arduinobot_utils/share/arduinobot_utils/local_setup.bash
[0.649s] -- Up-to-date: /home/nicholas/arduinobot_ws/install/arduinobot_utils/share/arduinobot_utils/local_setup.sh
[0.649s] -- Up-to-date: /home/nicholas/arduinobot_ws/install/arduinobot_utils/share/arduinobot_utils/local_setup.zsh
[0.649s] -- Up-to-date: /home/nicholas/arduinobot_ws/install/arduinobot_utils/share/arduinobot_utils/local_setup.dsv
[0.649s] -- Installing: /home/nicholas/arduinobot_ws/install/arduinobot_utils/share/arduinobot_utils/package.dsv
[0.649s] -- Up-to-date: /home/nicholas/arduinobot_ws/install/arduinobot_utils/share/ament_index/resource_index/packages/arduinobot_utils
[0.649s] -- Up-to-date: /home/nicholas/arduinobot_ws/install/arduinobot_utils/share/arduinobot_utils/cmake/arduinobot_utilsConfig.cmake
[0.649s] -- Up-to-date: /home/nicholas/arduinobot_ws/install/arduinobot_utils/share/arduinobot_utils/cmake/arduinobot_utilsConfig-version.cmake
[0.649s] -- Up-to-date: /home/nicholas/arduinobot_ws/install/arduinobot_utils/share/arduinobot_utils/package.xml
[0.655s] Invoked command in '/home/nicholas/arduinobot_ws/build/arduinobot_utils' returned '0': CMAKE_PREFIX_PATH=/home/nicholas/arduinobot_ws/install/arduinobot_msgs:/home/nicholas/arduinobot_ws/install/aruduinobot_controller:/home/nicholas/arduinobot_ws/install/arduinobot_utils:/home/nicholas/arduinobot_ws/install/arduinobot_moveit:/home/nicholas/arduinobot_ws/install/arduinobot_description:/home/nicholas/arduinobot_ws/install/arduinobot_cpp_examples:/home/nicholas/arduinobot_ws/install/arduinobot_py_examples:/opt/ros/humble /usr/bin/cmake --install /home/nicholas/arduinobot_ws/build/arduinobot_utils
