-- Found ament_cmake: 1.3.11 (/opt/ros/humble/share/ament_cmake/cmake)
-- Found ament_lint_auto: 0.12.11 (/opt/ros/humble/share/ament_lint_auto/cmake)
-- Added test 'lint_cmake' to check CMake code style
-- Added test 'xmllint' to check XML markup files
-- Configuring done
-- Generating done
-- Build files have been written to: /home/nadurham/arduinobot_ws/build/arduinobot_description
-- Install configuration: ""
-- Installing: /home/nadurham/arduinobot_ws/install/arduinobot_description/share/arduinobot_description/meshes
-- Installing: /home/nadurham/arduinobot_ws/install/arduinobot_description/share/arduinobot_description/meshes/arduinobot_meshes.zip
-- Installing: /home/nadurham/arduinobot_ws/install/arduinobot_description/share/arduinobot_description/meshes/arduinobot_meshes.zip/STL Gazebo
-- Installing: /home/nadurham/arduinobot_ws/install/arduinobot_description/share/arduinobot_description/meshes/arduinobot_meshes.zip/STL Gazebo/right_finger.STL
-- Installing: /home/nadurham/arduinobot_ws/install/arduinobot_description/share/arduinobot_description/meshes/arduinobot_meshes.zip/STL Gazebo/horizontal_arm.STL
-- Installing: /home/nadurham/arduinobot_ws/install/arduinobot_description/share/arduinobot_description/meshes/arduinobot_meshes.zip/STL Gazebo/plate.STL
-- Installing: /home/nadurham/arduinobot_ws/install/arduinobot_description/share/arduinobot_description/meshes/arduinobot_meshes.zip/STL Gazebo/triangular_link.STL
-- Installing: /home/nadurham/arduinobot_ws/install/arduinobot_description/share/arduinobot_description/meshes/arduinobot_meshes.zip/STL Gazebo/claw_support.STL
-- Installing: /home/nadurham/arduinobot_ws/install/arduinobot_description/share/arduinobot_description/meshes/arduinobot_meshes.zip/STL Gazebo/link.STL
-- Installing: /home/nadurham/arduinobot_ws/install/arduinobot_description/share/arduinobot_description/meshes/arduinobot_meshes.zip/STL Gazebo/round_plate.STL
-- Installing: /home/nadurham/arduinobot_ws/install/arduinobot_description/share/arduinobot_description/meshes/arduinobot_meshes.zip/STL Gazebo/servo_plate.STL
-- Installing: /home/nadurham/arduinobot_ws/install/arduinobot_description/share/arduinobot_description/meshes/arduinobot_meshes.zip/STL Gazebo/forward_drive_arm.STL
-- Installing: /home/nadurham/arduinobot_ws/install/arduinobot_description/share/arduinobot_description/meshes/arduinobot_meshes.zip/STL Gazebo/base_plate.STL
-- Installing: /home/nadurham/arduinobot_ws/install/arduinobot_description/share/arduinobot_description/meshes/arduinobot_meshes.zip/STL Gazebo/left_finger.STL
-- Installing: /home/nadurham/arduinobot_ws/install/arduinobot_description/share/arduinobot_description/meshes/arduinobot_meshes.zip/STL Gazebo/vertical_drive_arm.STL
-- Installing: /home/nadurham/arduinobot_ws/install/arduinobot_description/share/arduinobot_description/meshes/arduinobot_meshes.zip/STL Gazebo/basement.STL
-- Installing: /home/nadurham/arduinobot_ws/install/arduinobot_description/share/arduinobot_description/urdf
-- Installing: /home/nadurham/arduinobot_ws/install/arduinobot_description/share/arduinobot_description/urdf/arduinobot.urdf.xacro
-- Up-to-date: /home/nadurham/arduinobot_ws/install/arduinobot_description/share/ament_index/resource_index/package_run_dependencies/arduinobot_description
-- Installing: /home/nadurham/arduinobot_ws/install/arduinobot_description/share/ament_index/resource_index/parent_prefix_path/arduinobot_description
-- Up-to-date: /home/nadurham/arduinobot_ws/install/arduinobot_description/share/arduinobot_description/environment/ament_prefix_path.sh
-- Installing: /home/nadurham/arduinobot_ws/install/arduinobot_description/share/arduinobot_description/environment/ament_prefix_path.dsv
-- Up-to-date: /home/nadurham/arduinobot_ws/install/arduinobot_description/share/arduinobot_description/environment/path.sh
-- Installing: /home/nadurham/arduinobot_ws/install/arduinobot_description/share/arduinobot_description/environment/path.dsv
-- Up-to-date: /home/nadurham/arduinobot_ws/install/arduinobot_description/share/arduinobot_description/local_setup.bash
-- Up-to-date: /home/nadurham/arduinobot_ws/install/arduinobot_description/share/arduinobot_description/local_setup.sh
-- Up-to-date: /home/nadurham/arduinobot_ws/install/arduinobot_description/share/arduinobot_description/local_setup.zsh
-- Installing: /home/nadurham/arduinobot_ws/install/arduinobot_description/share/arduinobot_description/local_setup.dsv
-- Installing: /home/nadurham/arduinobot_ws/install/arduinobot_description/share/arduinobot_description/package.dsv
-- Up-to-date: /home/nadurham/arduinobot_ws/install/arduinobot_description/share/ament_index/resource_index/packages/arduinobot_description
-- Up-to-date: /home/nadurham/arduinobot_ws/install/arduinobot_description/share/arduinobot_description/cmake/arduinobot_descriptionConfig.cmake
-- Up-to-date: /home/nadurham/arduinobot_ws/install/arduinobot_description/share/arduinobot_description/cmake/arduinobot_descriptionConfig-version.cmake
-- Up-to-date: /home/nadurham/arduinobot_ws/install/arduinobot_description/share/arduinobot_description/package.xml
