[0.026s] Invoking command in '/home/nadurham/arduinobot_ws/build/arduinobot_description': CMAKE_PREFIX_PATH=${CMAKE_PREFIX_PATH}:/home/nadurham/arduinobot_ws/install/arduinobot_py_examples:/opt/ros/humble /usr/bin/cmake /home/nadurham/arduinobot_ws/src/arduinobot_description -DCMAKE_INSTALL_PREFIX=/home/nadurham/arduinobot_ws/install/arduinobot_description
[0.449s] -- The C compiler identification is GNU 11.4.0
[1.002s] -- The CXX compiler identification is GNU 11.4.0
[1.019s] -- Detecting C compiler ABI info
[1.138s] -- Detecting C compiler ABI info - done
[1.146s] -- Check for working C compiler: /usr/bin/cc - skipped
[1.147s] -- Detecting C compile features
[1.148s] -- Detecting C compile features - done
[1.152s] -- Detecting CXX compiler ABI info
[1.245s] -- Detecting CXX compiler ABI info - done
[1.251s] -- Check for working CXX compiler: /usr/bin/c++ - skipped
[1.252s] -- Detecting CXX compile features
[1.253s] -- Detecting CXX compile features - done
[1.292s] -- Found ament_cmake: 1.3.11 (/opt/ros/humble/share/ament_cmake/cmake)
[1.420s] -- Found Python3: /usr/bin/python3 (found version "3.10.12") found components: Interpreter 
[1.543s] -- Found ament_lint_auto: 0.12.11 (/opt/ros/humble/share/ament_lint_auto/cmake)
[1.627s] -- Added test 'lint_cmake' to check CMake code style
[1.630s] -- Added test 'xmllint' to check XML markup files
[1.634s] -- Configuring done
[1.646s] -- Generating done
[1.653s] -- Build files have been written to: /home/nadurham/arduinobot_ws/build/arduinobot_description
[1.662s] Invoked command in '/home/nadurham/arduinobot_ws/build/arduinobot_description' returned '0': CMAKE_PREFIX_PATH=${CMAKE_PREFIX_PATH}:/home/nadurham/arduinobot_ws/install/arduinobot_py_examples:/opt/ros/humble /usr/bin/cmake /home/nadurham/arduinobot_ws/src/arduinobot_description -DCMAKE_INSTALL_PREFIX=/home/nadurham/arduinobot_ws/install/arduinobot_description
[1.663s] Invoking command in '/home/nadurham/arduinobot_ws/build/arduinobot_description': CMAKE_PREFIX_PATH=${CMAKE_PREFIX_PATH}:/home/nadurham/arduinobot_ws/install/arduinobot_py_examples:/opt/ros/humble /usr/bin/cmake --build /home/nadurham/arduinobot_ws/build/arduinobot_description -- -j2 -l2
[1.731s] Invoked command in '/home/nadurham/arduinobot_ws/build/arduinobot_description' returned '0': CMAKE_PREFIX_PATH=${CMAKE_PREFIX_PATH}:/home/nadurham/arduinobot_ws/install/arduinobot_py_examples:/opt/ros/humble /usr/bin/cmake --build /home/nadurham/arduinobot_ws/build/arduinobot_description -- -j2 -l2
[1.733s] Invoking command in '/home/nadurham/arduinobot_ws/build/arduinobot_description': CMAKE_PREFIX_PATH=${CMAKE_PREFIX_PATH}:/home/nadurham/arduinobot_ws/install/arduinobot_py_examples:/opt/ros/humble /usr/bin/cmake --install /home/nadurham/arduinobot_ws/build/arduinobot_description
[1.743s] -- Install configuration: ""
[1.744s] -- Installing: /home/nadurham/arduinobot_ws/install/arduinobot_description/share/ament_index/resource_index/package_run_dependencies/arduinobot_description
[1.746s] -- Installing: /home/nadurham/arduinobot_ws/install/arduinobot_description/share/ament_index/resource_index/parent_prefix_path/arduinobot_description
[1.747s] -- Installing: /home/nadurham/arduinobot_ws/install/arduinobot_description/share/arduinobot_description/environment/ament_prefix_path.sh
[1.749s] -- Installing: /home/nadurham/arduinobot_ws/install/arduinobot_description/share/arduinobot_description/environment/ament_prefix_path.dsv
[1.750s] -- Installing: /home/nadurham/arduinobot_ws/install/arduinobot_description/share/arduinobot_description/environment/path.sh
[1.753s] -- Installing: /home/nadurham/arduinobot_ws/install/arduinobot_description/share/arduinobot_description/environment/path.dsv
[1.754s] -- Installing: /home/nadurham/arduinobot_ws/install/arduinobot_description/share/arduinobot_description/local_setup.bash
[1.755s] -- Installing: /home/nadurham/arduinobot_ws/install/arduinobot_description/share/arduinobot_description/local_setup.sh
[1.756s] -- Installing: /home/nadurham/arduinobot_ws/install/arduinobot_description/share/arduinobot_description/local_setup.zsh
[1.758s] -- Installing: /home/nadurham/arduinobot_ws/install/arduinobot_description/share/arduinobot_description/local_setup.dsv
[1.759s] -- Installing: /home/nadurham/arduinobot_ws/install/arduinobot_description/share/arduinobot_description/package.dsv
[1.760s] -- Installing: /home/nadurham/arduinobot_ws/install/arduinobot_description/share/ament_index/resource_index/packages/arduinobot_description
[1.761s] -- Installing: /home/nadurham/arduinobot_ws/install/arduinobot_description/share/arduinobot_description/cmake/arduinobot_descriptionConfig.cmake
[1.762s] -- Installing: /home/nadurham/arduinobot_ws/install/arduinobot_description/share/arduinobot_description/cmake/arduinobot_descriptionConfig-version.cmake
[1.763s] -- Installing: /home/nadurham/arduinobot_ws/install/arduinobot_description/share/arduinobot_description/package.xml
[1.767s] Invoked command in '/home/nadurham/arduinobot_ws/build/arduinobot_description' returned '0': CMAKE_PREFIX_PATH=${CMAKE_PREFIX_PATH}:/home/nadurham/arduinobot_ws/install/arduinobot_py_examples:/opt/ros/humble /usr/bin/cmake --install /home/nadurham/arduinobot_ws/build/arduinobot_description
