[0.027s] Invoking command in '/home/nicholas/arduinobot_ws/build/arduinobot_firmware': CMAKE_PREFIX_PATH=${CMAKE_PREFIX_PATH}:/home/nicholas/arduinobot_ws/install/arduinobot_py_examples:/opt/ros/humble /usr/bin/cmake --build /home/nicholas/arduinobot_ws/build/arduinobot_firmware -- -j16 -l16
[0.085s] Built target ament_cmake_python_copy_arduinobot_firmware
[0.350s] running egg_info
[0.351s] writing arduinobot_firmware.egg-info/PKG-INFO
[0.351s] writing dependency_links to arduinobot_firmware.egg-info/dependency_links.txt
[0.351s] writing top-level names to arduinobot_firmware.egg-info/top_level.txt
[0.354s] reading manifest file 'arduinobot_firmware.egg-info/SOURCES.txt'
[0.354s] writing manifest file 'arduinobot_firmware.egg-info/SOURCES.txt'
[0.396s] Built target ament_cmake_python_build_arduinobot_firmware_egg
[0.410s] Invoked command in '/home/nicholas/arduinobot_ws/build/arduinobot_firmware' returned '0': CMAKE_PREFIX_PATH=${CMAKE_PREFIX_PATH}:/home/nicholas/arduinobot_ws/install/arduinobot_py_examples:/opt/ros/humble /usr/bin/cmake --build /home/nicholas/arduinobot_ws/build/arduinobot_firmware -- -j16 -l16
[0.412s] Invoking command in '/home/nicholas/arduinobot_ws/build/arduinobot_firmware': CMAKE_PREFIX_PATH=${CMAKE_PREFIX_PATH}:/home/nicholas/arduinobot_ws/install/arduinobot_py_examples:/opt/ros/humble /usr/bin/cmake --install /home/nicholas/arduinobot_ws/build/arduinobot_firmware
[0.420s] -- Install configuration: ""
[0.420s] -- Up-to-date: /home/nicholas/arduinobot_ws/install/arduinobot_firmware/share/arduinobot_firmware/environment/pythonpath.sh
[0.420s] -- Up-to-date: /home/nicholas/arduinobot_ws/install/arduinobot_firmware/share/arduinobot_firmware/environment/pythonpath.dsv
[0.420s] -- Up-to-date: /home/nicholas/arduinobot_ws/install/arduinobot_firmware/local/lib/python3.10/dist-packages/arduinobot_firmware-0.0.0-py3.10.egg-info
[0.420s] -- Installing: /home/nicholas/arduinobot_ws/install/arduinobot_firmware/local/lib/python3.10/dist-packages/arduinobot_firmware-0.0.0-py3.10.egg-info/top_level.txt
[0.420s] -- Installing: /home/nicholas/arduinobot_ws/install/arduinobot_firmware/local/lib/python3.10/dist-packages/arduinobot_firmware-0.0.0-py3.10.egg-info/dependency_links.txt
[0.420s] -- Installing: /home/nicholas/arduinobot_ws/install/arduinobot_firmware/local/lib/python3.10/dist-packages/arduinobot_firmware-0.0.0-py3.10.egg-info/SOURCES.txt
[0.421s] -- Installing: /home/nicholas/arduinobot_ws/install/arduinobot_firmware/local/lib/python3.10/dist-packages/arduinobot_firmware-0.0.0-py3.10.egg-info/PKG-INFO
[0.421s] -- Up-to-date: /home/nicholas/arduinobot_ws/install/arduinobot_firmware/local/lib/python3.10/dist-packages/arduinobot_firmware
[0.421s] -- Up-to-date: /home/nicholas/arduinobot_ws/install/arduinobot_firmware/local/lib/python3.10/dist-packages/arduinobot_firmware/robot_control
[0.421s] -- Up-to-date: /home/nicholas/arduinobot_ws/install/arduinobot_firmware/local/lib/python3.10/dist-packages/arduinobot_firmware/robot_control/robot_control.ino
[0.421s] -- Up-to-date: /home/nicholas/arduinobot_ws/install/arduinobot_firmware/local/lib/python3.10/dist-packages/arduinobot_firmware/simple_serial_transmitter.py
[0.421s] -- Up-to-date: /home/nicholas/arduinobot_ws/install/arduinobot_firmware/local/lib/python3.10/dist-packages/arduinobot_firmware/simple_serial_receiver.py
[0.421s] -- Up-to-date: /home/nicholas/arduinobot_ws/install/arduinobot_firmware/local/lib/python3.10/dist-packages/arduinobot_firmware/__init__.py
[0.453s] Listing '/home/nicholas/arduinobot_ws/install/arduinobot_firmware/local/lib/python3.10/dist-packages/arduinobot_firmware'...
[0.453s] Listing '/home/nicholas/arduinobot_ws/install/arduinobot_firmware/local/lib/python3.10/dist-packages/arduinobot_firmware/robot_control'...
[0.457s] -- Up-to-date: /home/nicholas/arduinobot_ws/install/arduinobot_firmware/lib/arduinobot_firmware/simple_serial_transmitter.py
[0.457s] -- Up-to-date: /home/nicholas/arduinobot_ws/install/arduinobot_firmware/lib/arduinobot_firmware/simple_serial_receiver.py
[0.457s] -- Up-to-date: /home/nicholas/arduinobot_ws/install/arduinobot_firmware/share/ament_index/resource_index/package_run_dependencies/arduinobot_firmware
[0.457s] -- Up-to-date: /home/nicholas/arduinobot_ws/install/arduinobot_firmware/share/ament_index/resource_index/parent_prefix_path/arduinobot_firmware
[0.457s] -- Up-to-date: /home/nicholas/arduinobot_ws/install/arduinobot_firmware/share/arduinobot_firmware/environment/ament_prefix_path.sh
[0.457s] -- Up-to-date: /home/nicholas/arduinobot_ws/install/arduinobot_firmware/share/arduinobot_firmware/environment/ament_prefix_path.dsv
[0.457s] -- Up-to-date: /home/nicholas/arduinobot_ws/install/arduinobot_firmware/share/arduinobot_firmware/environment/path.sh
[0.457s] -- Up-to-date: /home/nicholas/arduinobot_ws/install/arduinobot_firmware/share/arduinobot_firmware/environment/path.dsv
[0.457s] -- Up-to-date: /home/nicholas/arduinobot_ws/install/arduinobot_firmware/share/arduinobot_firmware/local_setup.bash
[0.458s] -- Up-to-date: /home/nicholas/arduinobot_ws/install/arduinobot_firmware/share/arduinobot_firmware/local_setup.sh
[0.458s] -- Up-to-date: /home/nicholas/arduinobot_ws/install/arduinobot_firmware/share/arduinobot_firmware/local_setup.zsh
[0.458s] -- Up-to-date: /home/nicholas/arduinobot_ws/install/arduinobot_firmware/share/arduinobot_firmware/local_setup.dsv
[0.458s] -- Installing: /home/nicholas/arduinobot_ws/install/arduinobot_firmware/share/arduinobot_firmware/package.dsv
[0.458s] -- Up-to-date: /home/nicholas/arduinobot_ws/install/arduinobot_firmware/share/ament_index/resource_index/packages/arduinobot_firmware
[0.458s] -- Up-to-date: /home/nicholas/arduinobot_ws/install/arduinobot_firmware/share/arduinobot_firmware/cmake/arduinobot_firmwareConfig.cmake
[0.458s] -- Up-to-date: /home/nicholas/arduinobot_ws/install/arduinobot_firmware/share/arduinobot_firmware/cmake/arduinobot_firmwareConfig-version.cmake
[0.458s] -- Up-to-date: /home/nicholas/arduinobot_ws/install/arduinobot_firmware/share/arduinobot_firmware/package.xml
[0.461s] Invoked command in '/home/nicholas/arduinobot_ws/build/arduinobot_firmware' returned '0': CMAKE_PREFIX_PATH=${CMAKE_PREFIX_PATH}:/home/nicholas/arduinobot_ws/install/arduinobot_py_examples:/opt/ros/humble /usr/bin/cmake --install /home/nicholas/arduinobot_ws/build/arduinobot_firmware
