[0.094s] DEBUG:colcon:Command line arguments: ['/usr/bin/colcon', 'build']
[0.094s] DEBUG:colcon:Parsed command line arguments: Namespace(log_base=None, log_level=None, verb_name='build', build_base='build', install_base='install', merge_install=False, symlink_install=False, test_result_base=None, continue_on_error=False, executor='parallel', parallel_workers=16, event_handlers=None, ignore_user_meta=False, metas=['./colcon.meta'], base_paths=['.'], packages_ignore=None, packages_ignore_regex=None, paths=None, packages_up_to=None, packages_up_to_regex=None, packages_above=None, packages_above_and_dependencies=None, packages_above_depth=None, packages_select_by_dep=None, packages_skip_by_dep=None, packages_skip_up_to=None, packages_select_build_failed=False, packages_skip_build_finished=False, packages_select_test_failures=False, packages_skip_test_passed=False, packages_select=None, packages_skip=None, packages_select_regex=None, packages_skip_regex=None, packages_start=None, packages_end=None, allow_overriding=[], cmake_args=None, cmake_target=None, cmake_target_skip_unavailable=False, cmake_clean_cache=False, cmake_clean_first=False, cmake_force_configure=False, ament_cmake_args=None, catkin_cmake_args=None, catkin_skip_building_tests=False, mixin_files=None, mixin=None, verb_parser=<colcon_mixin.mixin.mixin_argument.MixinArgumentDecorator object at 0x7b331c962a40>, verb_extension=<colcon_core.verb.build.BuildVerb object at 0x7b331cae3ee0>, main=<bound method BuildVerb.main of <colcon_core.verb.build.BuildVerb object at 0x7b331cae3ee0>>, mixin_verb=('build',))
[0.251s] Level 1:colcon.colcon_core.package_discovery:discover_packages(colcon_meta) check parameters
[0.252s] Level 1:colcon.colcon_core.package_discovery:discover_packages(recursive) check parameters
[0.252s] Level 1:colcon.colcon_core.package_discovery:discover_packages(ignore) check parameters
[0.252s] Level 1:colcon.colcon_core.package_discovery:discover_packages(path) check parameters
[0.252s] Level 1:colcon.colcon_core.package_discovery:discover_packages(colcon_meta) discover
[0.252s] Level 1:colcon.colcon_core.package_discovery:discover_packages(recursive) discover
[0.252s] INFO:colcon.colcon_core.package_discovery:Crawling recursively for packages in '/home/nicholas/arduinobot_ws'
[0.252s] Level 1:colcon.colcon_core.package_identification:_identify(.) by extensions ['ignore', 'ignore_ament_install']
[0.252s] Level 1:colcon.colcon_core.package_identification:_identify(.) by extension 'ignore'
[0.252s] Level 1:colcon.colcon_core.package_identification:_identify(.) by extension 'ignore_ament_install'
[0.252s] Level 1:colcon.colcon_core.package_identification:_identify(.) by extensions ['colcon_pkg']
[0.252s] Level 1:colcon.colcon_core.package_identification:_identify(.) by extension 'colcon_pkg'
[0.252s] Level 1:colcon.colcon_core.package_identification:_identify(.) by extensions ['colcon_meta']
[0.252s] Level 1:colcon.colcon_core.package_identification:_identify(.) by extension 'colcon_meta'
[0.252s] Level 1:colcon.colcon_core.package_identification:_identify(.) by extensions ['ros']
[0.252s] Level 1:colcon.colcon_core.package_identification:_identify(.) by extension 'ros'
[0.261s] Level 1:colcon.colcon_core.package_identification:_identify(.) by extensions ['cmake', 'python']
[0.261s] Level 1:colcon.colcon_core.package_identification:_identify(.) by extension 'cmake'
[0.261s] Level 1:colcon.colcon_core.package_identification:_identify(.) by extension 'python'
[0.261s] Level 1:colcon.colcon_core.package_identification:_identify(.) by extensions ['python_setup_py']
[0.261s] Level 1:colcon.colcon_core.package_identification:_identify(.) by extension 'python_setup_py'
[0.261s] Level 1:colcon.colcon_core.package_identification:_identify(build) by extensions ['ignore', 'ignore_ament_install']
[0.261s] Level 1:colcon.colcon_core.package_identification:_identify(build) by extension 'ignore'
[0.261s] Level 1:colcon.colcon_core.package_identification:_identify(build) ignored
[0.261s] Level 1:colcon.colcon_core.package_identification:_identify(install) by extensions ['ignore', 'ignore_ament_install']
[0.261s] Level 1:colcon.colcon_core.package_identification:_identify(install) by extension 'ignore'
[0.261s] Level 1:colcon.colcon_core.package_identification:_identify(install) ignored
[0.262s] Level 1:colcon.colcon_core.package_identification:_identify(log) by extensions ['ignore', 'ignore_ament_install']
[0.262s] Level 1:colcon.colcon_core.package_identification:_identify(log) by extension 'ignore'
[0.262s] Level 1:colcon.colcon_core.package_identification:_identify(log) ignored
[0.262s] Level 1:colcon.colcon_core.package_identification:_identify(src) by extensions ['ignore', 'ignore_ament_install']
[0.262s] Level 1:colcon.colcon_core.package_identification:_identify(src) by extension 'ignore'
[0.262s] Level 1:colcon.colcon_core.package_identification:_identify(src) by extension 'ignore_ament_install'
[0.262s] Level 1:colcon.colcon_core.package_identification:_identify(src) by extensions ['colcon_pkg']
[0.262s] Level 1:colcon.colcon_core.package_identification:_identify(src) by extension 'colcon_pkg'
[0.262s] Level 1:colcon.colcon_core.package_identification:_identify(src) by extensions ['colcon_meta']
[0.262s] Level 1:colcon.colcon_core.package_identification:_identify(src) by extension 'colcon_meta'
[0.262s] Level 1:colcon.colcon_core.package_identification:_identify(src) by extensions ['ros']
[0.262s] Level 1:colcon.colcon_core.package_identification:_identify(src) by extension 'ros'
[0.262s] Level 1:colcon.colcon_core.package_identification:_identify(src) by extensions ['cmake', 'python']
[0.262s] Level 1:colcon.colcon_core.package_identification:_identify(src) by extension 'cmake'
[0.262s] Level 1:colcon.colcon_core.package_identification:_identify(src) by extension 'python'
[0.262s] Level 1:colcon.colcon_core.package_identification:_identify(src) by extensions ['python_setup_py']
[0.262s] Level 1:colcon.colcon_core.package_identification:_identify(src) by extension 'python_setup_py'
[0.262s] Level 1:colcon.colcon_core.package_identification:_identify(src/arduinobot_cpp_examples) by extensions ['ignore', 'ignore_ament_install']
[0.262s] Level 1:colcon.colcon_core.package_identification:_identify(src/arduinobot_cpp_examples) by extension 'ignore'
[0.262s] Level 1:colcon.colcon_core.package_identification:_identify(src/arduinobot_cpp_examples) by extension 'ignore_ament_install'
[0.262s] Level 1:colcon.colcon_core.package_identification:_identify(src/arduinobot_cpp_examples) by extensions ['colcon_pkg']
[0.262s] Level 1:colcon.colcon_core.package_identification:_identify(src/arduinobot_cpp_examples) by extension 'colcon_pkg'
[0.262s] Level 1:colcon.colcon_core.package_identification:_identify(src/arduinobot_cpp_examples) by extensions ['colcon_meta']
[0.262s] Level 1:colcon.colcon_core.package_identification:_identify(src/arduinobot_cpp_examples) by extension 'colcon_meta'
[0.262s] Level 1:colcon.colcon_core.package_identification:_identify(src/arduinobot_cpp_examples) by extensions ['ros']
[0.263s] Level 1:colcon.colcon_core.package_identification:_identify(src/arduinobot_cpp_examples) by extension 'ros'
[0.266s] DEBUG:colcon.colcon_core.package_identification:Package 'src/arduinobot_cpp_examples' with type 'ros.ament_cmake' and name 'arduinobot_cpp_examples'
[0.266s] Level 1:colcon.colcon_core.package_identification:_identify(src/arduinobot_description) by extensions ['ignore', 'ignore_ament_install']
[0.266s] Level 1:colcon.colcon_core.package_identification:_identify(src/arduinobot_description) by extension 'ignore'
[0.266s] Level 1:colcon.colcon_core.package_identification:_identify(src/arduinobot_description) by extension 'ignore_ament_install'
[0.266s] Level 1:colcon.colcon_core.package_identification:_identify(src/arduinobot_description) by extensions ['colcon_pkg']
[0.266s] Level 1:colcon.colcon_core.package_identification:_identify(src/arduinobot_description) by extension 'colcon_pkg'
[0.266s] Level 1:colcon.colcon_core.package_identification:_identify(src/arduinobot_description) by extensions ['colcon_meta']
[0.266s] Level 1:colcon.colcon_core.package_identification:_identify(src/arduinobot_description) by extension 'colcon_meta'
[0.266s] Level 1:colcon.colcon_core.package_identification:_identify(src/arduinobot_description) by extensions ['ros']
[0.266s] Level 1:colcon.colcon_core.package_identification:_identify(src/arduinobot_description) by extension 'ros'
[0.279s] DEBUG:colcon.colcon_core.package_identification:Package 'src/arduinobot_description' with type 'ros.ament_cmake' and name 'arduinobot_description'
[0.279s] Level 1:colcon.colcon_core.package_identification:_identify(src/arduinobot_moveit) by extensions ['ignore', 'ignore_ament_install']
[0.279s] Level 1:colcon.colcon_core.package_identification:_identify(src/arduinobot_moveit) by extension 'ignore'
[0.279s] Level 1:colcon.colcon_core.package_identification:_identify(src/arduinobot_moveit) by extension 'ignore_ament_install'
[0.279s] Level 1:colcon.colcon_core.package_identification:_identify(src/arduinobot_moveit) by extensions ['colcon_pkg']
[0.279s] Level 1:colcon.colcon_core.package_identification:_identify(src/arduinobot_moveit) by extension 'colcon_pkg'
[0.279s] Level 1:colcon.colcon_core.package_identification:_identify(src/arduinobot_moveit) by extensions ['colcon_meta']
[0.279s] Level 1:colcon.colcon_core.package_identification:_identify(src/arduinobot_moveit) by extension 'colcon_meta'
[0.279s] Level 1:colcon.colcon_core.package_identification:_identify(src/arduinobot_moveit) by extensions ['ros']
[0.279s] Level 1:colcon.colcon_core.package_identification:_identify(src/arduinobot_moveit) by extension 'ros'
[0.280s] DEBUG:colcon.colcon_core.package_identification:Package 'src/arduinobot_moveit' with type 'ros.ament_cmake' and name 'arduinobot_moveit'
[0.280s] Level 1:colcon.colcon_core.package_identification:_identify(src/arduinobot_msgs) by extensions ['ignore', 'ignore_ament_install']
[0.280s] Level 1:colcon.colcon_core.package_identification:_identify(src/arduinobot_msgs) by extension 'ignore'
[0.280s] Level 1:colcon.colcon_core.package_identification:_identify(src/arduinobot_msgs) by extension 'ignore_ament_install'
[0.280s] Level 1:colcon.colcon_core.package_identification:_identify(src/arduinobot_msgs) by extensions ['colcon_pkg']
[0.280s] Level 1:colcon.colcon_core.package_identification:_identify(src/arduinobot_msgs) by extension 'colcon_pkg'
[0.280s] Level 1:colcon.colcon_core.package_identification:_identify(src/arduinobot_msgs) by extensions ['colcon_meta']
[0.280s] Level 1:colcon.colcon_core.package_identification:_identify(src/arduinobot_msgs) by extension 'colcon_meta'
[0.280s] Level 1:colcon.colcon_core.package_identification:_identify(src/arduinobot_msgs) by extensions ['ros']
[0.280s] Level 1:colcon.colcon_core.package_identification:_identify(src/arduinobot_msgs) by extension 'ros'
[0.281s] DEBUG:colcon.colcon_core.package_identification:Package 'src/arduinobot_msgs' with type 'ros.ament_cmake' and name 'arduinobot_msgs'
[0.281s] Level 1:colcon.colcon_core.package_identification:_identify(src/arduinobot_py_examples) by extensions ['ignore', 'ignore_ament_install']
[0.281s] Level 1:colcon.colcon_core.package_identification:_identify(src/arduinobot_py_examples) by extension 'ignore'
[0.281s] Level 1:colcon.colcon_core.package_identification:_identify(src/arduinobot_py_examples) by extension 'ignore_ament_install'
[0.281s] Level 1:colcon.colcon_core.package_identification:_identify(src/arduinobot_py_examples) by extensions ['colcon_pkg']
[0.281s] Level 1:colcon.colcon_core.package_identification:_identify(src/arduinobot_py_examples) by extension 'colcon_pkg'
[0.281s] Level 1:colcon.colcon_core.package_identification:_identify(src/arduinobot_py_examples) by extensions ['colcon_meta']
[0.281s] Level 1:colcon.colcon_core.package_identification:_identify(src/arduinobot_py_examples) by extension 'colcon_meta'
[0.281s] Level 1:colcon.colcon_core.package_identification:_identify(src/arduinobot_py_examples) by extensions ['ros']
[0.281s] Level 1:colcon.colcon_core.package_identification:_identify(src/arduinobot_py_examples) by extension 'ros'
[0.282s] DEBUG:colcon.colcon_core.package_identification:Package 'src/arduinobot_py_examples' with type 'ros.ament_python' and name 'arduinobot_py_examples'
[0.282s] Level 1:colcon.colcon_core.package_identification:_identify(src/arduinobot_utils) by extensions ['ignore', 'ignore_ament_install']
[0.282s] Level 1:colcon.colcon_core.package_identification:_identify(src/arduinobot_utils) by extension 'ignore'
[0.282s] Level 1:colcon.colcon_core.package_identification:_identify(src/arduinobot_utils) by extension 'ignore_ament_install'
[0.282s] Level 1:colcon.colcon_core.package_identification:_identify(src/arduinobot_utils) by extensions ['colcon_pkg']
[0.282s] Level 1:colcon.colcon_core.package_identification:_identify(src/arduinobot_utils) by extension 'colcon_pkg'
[0.282s] Level 1:colcon.colcon_core.package_identification:_identify(src/arduinobot_utils) by extensions ['colcon_meta']
[0.282s] Level 1:colcon.colcon_core.package_identification:_identify(src/arduinobot_utils) by extension 'colcon_meta'
[0.282s] Level 1:colcon.colcon_core.package_identification:_identify(src/arduinobot_utils) by extensions ['ros']
[0.282s] Level 1:colcon.colcon_core.package_identification:_identify(src/arduinobot_utils) by extension 'ros'
[0.282s] DEBUG:colcon.colcon_core.package_identification:Package 'src/arduinobot_utils' with type 'ros.ament_cmake' and name 'arduinobot_utils'
[0.282s] Level 1:colcon.colcon_core.package_identification:_identify(src/aruduinobot_controller) by extensions ['ignore', 'ignore_ament_install']
[0.283s] Level 1:colcon.colcon_core.package_identification:_identify(src/aruduinobot_controller) by extension 'ignore'
[0.283s] Level 1:colcon.colcon_core.package_identification:_identify(src/aruduinobot_controller) by extension 'ignore_ament_install'
[0.283s] Level 1:colcon.colcon_core.package_identification:_identify(src/aruduinobot_controller) by extensions ['colcon_pkg']
[0.283s] Level 1:colcon.colcon_core.package_identification:_identify(src/aruduinobot_controller) by extension 'colcon_pkg'
[0.283s] Level 1:colcon.colcon_core.package_identification:_identify(src/aruduinobot_controller) by extensions ['colcon_meta']
[0.283s] Level 1:colcon.colcon_core.package_identification:_identify(src/aruduinobot_controller) by extension 'colcon_meta'
[0.283s] Level 1:colcon.colcon_core.package_identification:_identify(src/aruduinobot_controller) by extensions ['ros']
[0.283s] Level 1:colcon.colcon_core.package_identification:_identify(src/aruduinobot_controller) by extension 'ros'
[0.283s] DEBUG:colcon.colcon_core.package_identification:Package 'src/aruduinobot_controller' with type 'ros.ament_cmake' and name 'aruduinobot_controller'
[0.283s] Level 1:colcon.colcon_core.package_discovery:discover_packages(recursive) using defaults
[0.283s] Level 1:colcon.colcon_core.package_discovery:discover_packages(ignore) discover
[0.283s] Level 1:colcon.colcon_core.package_discovery:discover_packages(ignore) using defaults
[0.283s] Level 1:colcon.colcon_core.package_discovery:discover_packages(path) discover
[0.283s] Level 1:colcon.colcon_core.package_discovery:discover_packages(path) using defaults
[0.299s] Level 1:colcon.colcon_core.package_discovery:discover_packages(prefix_path) check parameters
[0.300s] Level 1:colcon.colcon_core.package_discovery:discover_packages(prefix_path) discover
[0.300s] WARNING:colcon.colcon_ros.prefix_path.ament:The path '/home/nicholas/arduinobot_ws/install/arduinobot_py_examples' in the environment variable AMENT_PREFIX_PATH doesn't exist
[0.300s] WARNING:colcon.colcon_ros.prefix_path.ament:The path '/home/nicholas/arduinobot_ws/install/arduinobot_msgs' in the environment variable AMENT_PREFIX_PATH doesn't exist
[0.300s] WARNING:colcon.colcon_ros.prefix_path.catkin:The path '/home/nicholas/arduinobot_ws/install/arduinobot_msgs' in the environment variable CMAKE_PREFIX_PATH doesn't exist
[0.301s] DEBUG:colcon.colcon_installed_package_information.package_discovery:Found 2 installed packages in /home/nicholas/arduinobot_ws/install
[0.304s] DEBUG:colcon.colcon_installed_package_information.package_discovery:Found 463 installed packages in /opt/ros/humble
[0.306s] Level 1:colcon.colcon_core.package_discovery:discover_packages(prefix_path) using defaults
[0.365s] Level 5:colcon.colcon_core.verb:set package 'arduinobot_cpp_examples' build argument 'cmake_args' from command line to 'None'
[0.365s] Level 5:colcon.colcon_core.verb:set package 'arduinobot_cpp_examples' build argument 'cmake_target' from command line to 'None'
[0.365s] Level 5:colcon.colcon_core.verb:set package 'arduinobot_cpp_examples' build argument 'cmake_target_skip_unavailable' from command line to 'False'
[0.365s] Level 5:colcon.colcon_core.verb:set package 'arduinobot_cpp_examples' build argument 'cmake_clean_cache' from command line to 'False'
[0.365s] Level 5:colcon.colcon_core.verb:set package 'arduinobot_cpp_examples' build argument 'cmake_clean_first' from command line to 'False'
[0.365s] Level 5:colcon.colcon_core.verb:set package 'arduinobot_cpp_examples' build argument 'cmake_force_configure' from command line to 'False'
[0.365s] Level 5:colcon.colcon_core.verb:set package 'arduinobot_cpp_examples' build argument 'ament_cmake_args' from command line to 'None'
[0.365s] Level 5:colcon.colcon_core.verb:set package 'arduinobot_cpp_examples' build argument 'catkin_cmake_args' from command line to 'None'
[0.365s] Level 5:colcon.colcon_core.verb:set package 'arduinobot_cpp_examples' build argument 'catkin_skip_building_tests' from command line to 'False'
[0.365s] DEBUG:colcon.colcon_core.verb:Building package 'arduinobot_cpp_examples' with the following arguments: {'ament_cmake_args': None, 'build_base': '/home/nicholas/arduinobot_ws/build/arduinobot_cpp_examples', 'catkin_cmake_args': None, 'catkin_skip_building_tests': False, 'cmake_args': None, 'cmake_clean_cache': False, 'cmake_clean_first': False, 'cmake_force_configure': False, 'cmake_target': None, 'cmake_target_skip_unavailable': False, 'install_base': '/home/nicholas/arduinobot_ws/install/arduinobot_cpp_examples', 'merge_install': False, 'path': '/home/nicholas/arduinobot_ws/src/arduinobot_cpp_examples', 'symlink_install': False, 'test_result_base': None}
[0.366s] Level 5:colcon.colcon_core.verb:set package 'arduinobot_description' build argument 'cmake_args' from command line to 'None'
[0.366s] Level 5:colcon.colcon_core.verb:set package 'arduinobot_description' build argument 'cmake_target' from command line to 'None'
[0.366s] Level 5:colcon.colcon_core.verb:set package 'arduinobot_description' build argument 'cmake_target_skip_unavailable' from command line to 'False'
[0.366s] Level 5:colcon.colcon_core.verb:set package 'arduinobot_description' build argument 'cmake_clean_cache' from command line to 'False'
[0.366s] Level 5:colcon.colcon_core.verb:set package 'arduinobot_description' build argument 'cmake_clean_first' from command line to 'False'
[0.366s] Level 5:colcon.colcon_core.verb:set package 'arduinobot_description' build argument 'cmake_force_configure' from command line to 'False'
[0.366s] Level 5:colcon.colcon_core.verb:set package 'arduinobot_description' build argument 'ament_cmake_args' from command line to 'None'
[0.366s] Level 5:colcon.colcon_core.verb:set package 'arduinobot_description' build argument 'catkin_cmake_args' from command line to 'None'
[0.366s] Level 5:colcon.colcon_core.verb:set package 'arduinobot_description' build argument 'catkin_skip_building_tests' from command line to 'False'
[0.366s] DEBUG:colcon.colcon_core.verb:Building package 'arduinobot_description' with the following arguments: {'ament_cmake_args': None, 'build_base': '/home/nicholas/arduinobot_ws/build/arduinobot_description', 'catkin_cmake_args': None, 'catkin_skip_building_tests': False, 'cmake_args': None, 'cmake_clean_cache': False, 'cmake_clean_first': False, 'cmake_force_configure': False, 'cmake_target': None, 'cmake_target_skip_unavailable': False, 'install_base': '/home/nicholas/arduinobot_ws/install/arduinobot_description', 'merge_install': False, 'path': '/home/nicholas/arduinobot_ws/src/arduinobot_description', 'symlink_install': False, 'test_result_base': None}
[0.366s] Level 5:colcon.colcon_core.verb:set package 'arduinobot_moveit' build argument 'cmake_args' from command line to 'None'
[0.366s] Level 5:colcon.colcon_core.verb:set package 'arduinobot_moveit' build argument 'cmake_target' from command line to 'None'
[0.366s] Level 5:colcon.colcon_core.verb:set package 'arduinobot_moveit' build argument 'cmake_target_skip_unavailable' from command line to 'False'
[0.366s] Level 5:colcon.colcon_core.verb:set package 'arduinobot_moveit' build argument 'cmake_clean_cache' from command line to 'False'
[0.366s] Level 5:colcon.colcon_core.verb:set package 'arduinobot_moveit' build argument 'cmake_clean_first' from command line to 'False'
[0.366s] Level 5:colcon.colcon_core.verb:set package 'arduinobot_moveit' build argument 'cmake_force_configure' from command line to 'False'
[0.366s] Level 5:colcon.colcon_core.verb:set package 'arduinobot_moveit' build argument 'ament_cmake_args' from command line to 'None'
[0.366s] Level 5:colcon.colcon_core.verb:set package 'arduinobot_moveit' build argument 'catkin_cmake_args' from command line to 'None'
[0.366s] Level 5:colcon.colcon_core.verb:set package 'arduinobot_moveit' build argument 'catkin_skip_building_tests' from command line to 'False'
[0.366s] DEBUG:colcon.colcon_core.verb:Building package 'arduinobot_moveit' with the following arguments: {'ament_cmake_args': None, 'build_base': '/home/nicholas/arduinobot_ws/build/arduinobot_moveit', 'catkin_cmake_args': None, 'catkin_skip_building_tests': False, 'cmake_args': None, 'cmake_clean_cache': False, 'cmake_clean_first': False, 'cmake_force_configure': False, 'cmake_target': None, 'cmake_target_skip_unavailable': False, 'install_base': '/home/nicholas/arduinobot_ws/install/arduinobot_moveit', 'merge_install': False, 'path': '/home/nicholas/arduinobot_ws/src/arduinobot_moveit', 'symlink_install': False, 'test_result_base': None}
[0.366s] Level 5:colcon.colcon_core.verb:set package 'arduinobot_msgs' build argument 'cmake_args' from command line to 'None'
[0.367s] Level 5:colcon.colcon_core.verb:set package 'arduinobot_msgs' build argument 'cmake_target' from command line to 'None'
[0.367s] Level 5:colcon.colcon_core.verb:set package 'arduinobot_msgs' build argument 'cmake_target_skip_unavailable' from command line to 'False'
[0.367s] Level 5:colcon.colcon_core.verb:set package 'arduinobot_msgs' build argument 'cmake_clean_cache' from command line to 'False'
[0.367s] Level 5:colcon.colcon_core.verb:set package 'arduinobot_msgs' build argument 'cmake_clean_first' from command line to 'False'
[0.367s] Level 5:colcon.colcon_core.verb:set package 'arduinobot_msgs' build argument 'cmake_force_configure' from command line to 'False'
[0.367s] Level 5:colcon.colcon_core.verb:set package 'arduinobot_msgs' build argument 'ament_cmake_args' from command line to 'None'
[0.367s] Level 5:colcon.colcon_core.verb:set package 'arduinobot_msgs' build argument 'catkin_cmake_args' from command line to 'None'
[0.367s] Level 5:colcon.colcon_core.verb:set package 'arduinobot_msgs' build argument 'catkin_skip_building_tests' from command line to 'False'
[0.367s] DEBUG:colcon.colcon_core.verb:Building package 'arduinobot_msgs' with the following arguments: {'ament_cmake_args': None, 'build_base': '/home/nicholas/arduinobot_ws/build/arduinobot_msgs', 'catkin_cmake_args': None, 'catkin_skip_building_tests': False, 'cmake_args': None, 'cmake_clean_cache': False, 'cmake_clean_first': False, 'cmake_force_configure': False, 'cmake_target': None, 'cmake_target_skip_unavailable': False, 'install_base': '/home/nicholas/arduinobot_ws/install/arduinobot_msgs', 'merge_install': False, 'path': '/home/nicholas/arduinobot_ws/src/arduinobot_msgs', 'symlink_install': False, 'test_result_base': None}
[0.367s] Level 5:colcon.colcon_core.verb:set package 'aruduinobot_controller' build argument 'cmake_args' from command line to 'None'
[0.367s] Level 5:colcon.colcon_core.verb:set package 'aruduinobot_controller' build argument 'cmake_target' from command line to 'None'
[0.367s] Level 5:colcon.colcon_core.verb:set package 'aruduinobot_controller' build argument 'cmake_target_skip_unavailable' from command line to 'False'
[0.367s] Level 5:colcon.colcon_core.verb:set package 'aruduinobot_controller' build argument 'cmake_clean_cache' from command line to 'False'
[0.367s] Level 5:colcon.colcon_core.verb:set package 'aruduinobot_controller' build argument 'cmake_clean_first' from command line to 'False'
[0.367s] Level 5:colcon.colcon_core.verb:set package 'aruduinobot_controller' build argument 'cmake_force_configure' from command line to 'False'
[0.367s] Level 5:colcon.colcon_core.verb:set package 'aruduinobot_controller' build argument 'ament_cmake_args' from command line to 'None'
[0.367s] Level 5:colcon.colcon_core.verb:set package 'aruduinobot_controller' build argument 'catkin_cmake_args' from command line to 'None'
[0.367s] Level 5:colcon.colcon_core.verb:set package 'aruduinobot_controller' build argument 'catkin_skip_building_tests' from command line to 'False'
[0.367s] DEBUG:colcon.colcon_core.verb:Building package 'aruduinobot_controller' with the following arguments: {'ament_cmake_args': None, 'build_base': '/home/nicholas/arduinobot_ws/build/aruduinobot_controller', 'catkin_cmake_args': None, 'catkin_skip_building_tests': False, 'cmake_args': None, 'cmake_clean_cache': False, 'cmake_clean_first': False, 'cmake_force_configure': False, 'cmake_target': None, 'cmake_target_skip_unavailable': False, 'install_base': '/home/nicholas/arduinobot_ws/install/aruduinobot_controller', 'merge_install': False, 'path': '/home/nicholas/arduinobot_ws/src/aruduinobot_controller', 'symlink_install': False, 'test_result_base': None}
[0.367s] Level 5:colcon.colcon_core.verb:set package 'arduinobot_py_examples' build argument 'cmake_args' from command line to 'None'
[0.367s] Level 5:colcon.colcon_core.verb:set package 'arduinobot_py_examples' build argument 'cmake_target' from command line to 'None'
[0.367s] Level 5:colcon.colcon_core.verb:set package 'arduinobot_py_examples' build argument 'cmake_target_skip_unavailable' from command line to 'False'
[0.367s] Level 5:colcon.colcon_core.verb:set package 'arduinobot_py_examples' build argument 'cmake_clean_cache' from command line to 'False'
[0.367s] Level 5:colcon.colcon_core.verb:set package 'arduinobot_py_examples' build argument 'cmake_clean_first' from command line to 'False'
[0.367s] Level 5:colcon.colcon_core.verb:set package 'arduinobot_py_examples' build argument 'cmake_force_configure' from command line to 'False'
[0.367s] Level 5:colcon.colcon_core.verb:set package 'arduinobot_py_examples' build argument 'ament_cmake_args' from command line to 'None'
[0.367s] Level 5:colcon.colcon_core.verb:set package 'arduinobot_py_examples' build argument 'catkin_cmake_args' from command line to 'None'
[0.367s] Level 5:colcon.colcon_core.verb:set package 'arduinobot_py_examples' build argument 'catkin_skip_building_tests' from command line to 'False'
[0.367s] DEBUG:colcon.colcon_core.verb:Building package 'arduinobot_py_examples' with the following arguments: {'ament_cmake_args': None, 'build_base': '/home/nicholas/arduinobot_ws/build/arduinobot_py_examples', 'catkin_cmake_args': None, 'catkin_skip_building_tests': False, 'cmake_args': None, 'cmake_clean_cache': False, 'cmake_clean_first': False, 'cmake_force_configure': False, 'cmake_target': None, 'cmake_target_skip_unavailable': False, 'install_base': '/home/nicholas/arduinobot_ws/install/arduinobot_py_examples', 'merge_install': False, 'path': '/home/nicholas/arduinobot_ws/src/arduinobot_py_examples', 'symlink_install': False, 'test_result_base': None}
[0.368s] Level 5:colcon.colcon_core.verb:set package 'arduinobot_utils' build argument 'cmake_args' from command line to 'None'
[0.368s] Level 5:colcon.colcon_core.verb:set package 'arduinobot_utils' build argument 'cmake_target' from command line to 'None'
[0.368s] Level 5:colcon.colcon_core.verb:set package 'arduinobot_utils' build argument 'cmake_target_skip_unavailable' from command line to 'False'
[0.368s] Level 5:colcon.colcon_core.verb:set package 'arduinobot_utils' build argument 'cmake_clean_cache' from command line to 'False'
[0.368s] Level 5:colcon.colcon_core.verb:set package 'arduinobot_utils' build argument 'cmake_clean_first' from command line to 'False'
[0.368s] Level 5:colcon.colcon_core.verb:set package 'arduinobot_utils' build argument 'cmake_force_configure' from command line to 'False'
[0.368s] Level 5:colcon.colcon_core.verb:set package 'arduinobot_utils' build argument 'ament_cmake_args' from command line to 'None'
[0.368s] Level 5:colcon.colcon_core.verb:set package 'arduinobot_utils' build argument 'catkin_cmake_args' from command line to 'None'
[0.368s] Level 5:colcon.colcon_core.verb:set package 'arduinobot_utils' build argument 'catkin_skip_building_tests' from command line to 'False'
[0.368s] DEBUG:colcon.colcon_core.verb:Building package 'arduinobot_utils' with the following arguments: {'ament_cmake_args': None, 'build_base': '/home/nicholas/arduinobot_ws/build/arduinobot_utils', 'catkin_cmake_args': None, 'catkin_skip_building_tests': False, 'cmake_args': None, 'cmake_clean_cache': False, 'cmake_clean_first': False, 'cmake_force_configure': False, 'cmake_target': None, 'cmake_target_skip_unavailable': False, 'install_base': '/home/nicholas/arduinobot_ws/install/arduinobot_utils', 'merge_install': False, 'path': '/home/nicholas/arduinobot_ws/src/arduinobot_utils', 'symlink_install': False, 'test_result_base': None}
[0.368s] INFO:colcon.colcon_core.executor:Executing jobs using 'parallel' executor
[0.370s] DEBUG:colcon.colcon_parallel_executor.executor.parallel:run_until_complete
[0.370s] INFO:colcon.colcon_ros.task.ament_cmake.build:Building ROS package in '/home/nicholas/arduinobot_ws/src/arduinobot_msgs' with build type 'ament_cmake'
[0.371s] INFO:colcon.colcon_cmake.task.cmake.build:Building CMake package in '/home/nicholas/arduinobot_ws/src/arduinobot_msgs'
[0.373s] INFO:colcon.colcon_core.plugin_system:Skipping extension 'colcon_core.shell.bat': Not used on non-Windows systems
[0.373s] INFO:colcon.colcon_core.shell:Skip shell extension 'powershell' for command environment: Not usable outside of PowerShell
[0.373s] DEBUG:colcon.colcon_core.shell:Skip shell extension 'dsv' for command environment
[0.378s] INFO:colcon.colcon_ros.task.ament_cmake.build:Building ROS package in '/home/nicholas/arduinobot_ws/src/arduinobot_cpp_examples' with build type 'ament_cmake'
[0.378s] INFO:colcon.colcon_cmake.task.cmake.build:Building CMake package in '/home/nicholas/arduinobot_ws/src/arduinobot_cpp_examples'
[0.378s] INFO:colcon.colcon_core.shell:Skip shell extension 'powershell' for command environment: Not usable outside of PowerShell
[0.378s] DEBUG:colcon.colcon_core.shell:Skip shell extension 'dsv' for command environment
[0.383s] INFO:colcon.colcon_ros.task.ament_cmake.build:Building ROS package in '/home/nicholas/arduinobot_ws/src/arduinobot_description' with build type 'ament_cmake'
[0.383s] INFO:colcon.colcon_cmake.task.cmake.build:Building CMake package in '/home/nicholas/arduinobot_ws/src/arduinobot_description'
[0.383s] INFO:colcon.colcon_core.shell:Skip shell extension 'powershell' for command environment: Not usable outside of PowerShell
[0.383s] DEBUG:colcon.colcon_core.shell:Skip shell extension 'dsv' for command environment
[0.388s] INFO:colcon.colcon_ros.task.ament_cmake.build:Building ROS package in '/home/nicholas/arduinobot_ws/src/arduinobot_moveit' with build type 'ament_cmake'
[0.388s] INFO:colcon.colcon_cmake.task.cmake.build:Building CMake package in '/home/nicholas/arduinobot_ws/src/arduinobot_moveit'
[0.388s] INFO:colcon.colcon_core.shell:Skip shell extension 'powershell' for command environment: Not usable outside of PowerShell
[0.388s] DEBUG:colcon.colcon_core.shell:Skip shell extension 'dsv' for command environment
[0.393s] INFO:colcon.colcon_ros.task.ament_cmake.build:Building ROS package in '/home/nicholas/arduinobot_ws/src/aruduinobot_controller' with build type 'ament_cmake'
[0.393s] INFO:colcon.colcon_cmake.task.cmake.build:Building CMake package in '/home/nicholas/arduinobot_ws/src/aruduinobot_controller'
[0.393s] INFO:colcon.colcon_core.shell:Skip shell extension 'powershell' for command environment: Not usable outside of PowerShell
[0.393s] DEBUG:colcon.colcon_core.shell:Skip shell extension 'dsv' for command environment
[0.403s] DEBUG:colcon.colcon_core.event_handler.log_command:Invoking command in '/home/nicholas/arduinobot_ws/build/arduinobot_msgs': CMAKE_PREFIX_PATH=${CMAKE_PREFIX_PATH}:/home/nicholas/arduinobot_ws/install/arduinobot_py_examples:/opt/ros/humble /usr/bin/cmake --build /home/nicholas/arduinobot_ws/build/arduinobot_msgs -- -j16 -l16
[0.411s] DEBUG:colcon.colcon_core.event_handler.log_command:Invoking command in '/home/nicholas/arduinobot_ws/build/arduinobot_cpp_examples': CMAKE_PREFIX_PATH=${CMAKE_PREFIX_PATH}:/home/nicholas/arduinobot_ws/install/arduinobot_py_examples:/opt/ros/humble /usr/bin/cmake --build /home/nicholas/arduinobot_ws/build/arduinobot_cpp_examples -- -j16 -l16
[0.413s] DEBUG:colcon.colcon_core.event_handler.log_command:Invoking command in '/home/nicholas/arduinobot_ws/build/arduinobot_description': CMAKE_PREFIX_PATH=${CMAKE_PREFIX_PATH}:/home/nicholas/arduinobot_ws/install/arduinobot_py_examples:/opt/ros/humble /usr/bin/cmake --build /home/nicholas/arduinobot_ws/build/arduinobot_description -- -j16 -l16
[0.417s] DEBUG:colcon.colcon_core.event_handler.log_command:Invoking command in '/home/nicholas/arduinobot_ws/build/arduinobot_moveit': CMAKE_PREFIX_PATH=${CMAKE_PREFIX_PATH}:/home/nicholas/arduinobot_ws/install/arduinobot_py_examples:/opt/ros/humble /usr/bin/cmake --build /home/nicholas/arduinobot_ws/build/arduinobot_moveit -- -j16 -l16
[0.423s] DEBUG:colcon.colcon_core.event_handler.log_command:Invoking command in '/home/nicholas/arduinobot_ws/build/aruduinobot_controller': CMAKE_PREFIX_PATH=${CMAKE_PREFIX_PATH}:/home/nicholas/arduinobot_ws/install/arduinobot_py_examples:/opt/ros/humble /usr/bin/cmake --build /home/nicholas/arduinobot_ws/build/aruduinobot_controller -- -j16 -l16
[0.462s] DEBUG:colcon.colcon_core.event_handler.log_command:Invoked command in '/home/nicholas/arduinobot_ws/build/arduinobot_cpp_examples' returned '0': CMAKE_PREFIX_PATH=${CMAKE_PREFIX_PATH}:/home/nicholas/arduinobot_ws/install/arduinobot_py_examples:/opt/ros/humble /usr/bin/cmake --build /home/nicholas/arduinobot_ws/build/arduinobot_cpp_examples -- -j16 -l16
[0.473s] DEBUG:colcon.colcon_core.event_handler.log_command:Invoking command in '/home/nicholas/arduinobot_ws/build/arduinobot_cpp_examples': CMAKE_PREFIX_PATH=${CMAKE_PREFIX_PATH}:/home/nicholas/arduinobot_ws/install/arduinobot_py_examples:/opt/ros/humble /usr/bin/cmake --install /home/nicholas/arduinobot_ws/build/arduinobot_cpp_examples
[0.477s] DEBUG:colcon.colcon_core.event_handler.log_command:Invoked command in '/home/nicholas/arduinobot_ws/build/arduinobot_description' returned '0': CMAKE_PREFIX_PATH=${CMAKE_PREFIX_PATH}:/home/nicholas/arduinobot_ws/install/arduinobot_py_examples:/opt/ros/humble /usr/bin/cmake --build /home/nicholas/arduinobot_ws/build/arduinobot_description -- -j16 -l16
[0.482s] DEBUG:colcon.colcon_core.event_handler.log_command:Invoking command in '/home/nicholas/arduinobot_ws/build/arduinobot_description': CMAKE_PREFIX_PATH=${CMAKE_PREFIX_PATH}:/home/nicholas/arduinobot_ws/install/arduinobot_py_examples:/opt/ros/humble /usr/bin/cmake --install /home/nicholas/arduinobot_ws/build/arduinobot_description
[0.484s] DEBUG:colcon.colcon_core.event_handler.log_command:Invoked command in '/home/nicholas/arduinobot_ws/build/aruduinobot_controller' returned '0': CMAKE_PREFIX_PATH=${CMAKE_PREFIX_PATH}:/home/nicholas/arduinobot_ws/install/arduinobot_py_examples:/opt/ros/humble /usr/bin/cmake --build /home/nicholas/arduinobot_ws/build/aruduinobot_controller -- -j16 -l16
[0.485s] DEBUG:colcon.colcon_core.event_handler.log_command:Invoking command in '/home/nicholas/arduinobot_ws/build/aruduinobot_controller': CMAKE_PREFIX_PATH=${CMAKE_PREFIX_PATH}:/home/nicholas/arduinobot_ws/install/arduinobot_py_examples:/opt/ros/humble /usr/bin/cmake --install /home/nicholas/arduinobot_ws/build/aruduinobot_controller
[0.494s] Level 1:colcon.colcon_core.environment:create_environment_scripts_only(arduinobot_cpp_examples)
[0.505s] Level 1:colcon.colcon_core.environment:checking '/home/nicholas/arduinobot_ws/install/arduinobot_cpp_examples' for CMake module files
[0.508s] Level 1:colcon.colcon_core.environment:checking '/home/nicholas/arduinobot_ws/install/arduinobot_cpp_examples' for CMake config files
[0.509s] DEBUG:colcon.colcon_core.event_handler.log_command:Invoked command in '/home/nicholas/arduinobot_ws/build/arduinobot_cpp_examples' returned '0': CMAKE_PREFIX_PATH=${CMAKE_PREFIX_PATH}:/home/nicholas/arduinobot_ws/install/arduinobot_py_examples:/opt/ros/humble /usr/bin/cmake --install /home/nicholas/arduinobot_ws/build/arduinobot_cpp_examples
[0.510s] Level 1:colcon.colcon_core.shell:create_environment_hook('arduinobot_cpp_examples', 'cmake_prefix_path')
[0.510s] INFO:colcon.colcon_core.shell:Creating environment hook '/home/nicholas/arduinobot_ws/install/arduinobot_cpp_examples/share/arduinobot_cpp_examples/hook/cmake_prefix_path.ps1'
[0.513s] INFO:colcon.colcon_core.shell:Creating environment descriptor '/home/nicholas/arduinobot_ws/install/arduinobot_cpp_examples/share/arduinobot_cpp_examples/hook/cmake_prefix_path.dsv'
[0.514s] INFO:colcon.colcon_core.shell:Creating environment hook '/home/nicholas/arduinobot_ws/install/arduinobot_cpp_examples/share/arduinobot_cpp_examples/hook/cmake_prefix_path.sh'
[0.515s] Level 1:colcon.colcon_core.environment:checking '/home/nicholas/arduinobot_ws/install/arduinobot_cpp_examples/bin'
[0.515s] Level 1:colcon.colcon_core.environment:checking '/home/nicholas/arduinobot_ws/install/arduinobot_cpp_examples/lib/pkgconfig/arduinobot_cpp_examples.pc'
[0.515s] Level 1:colcon.colcon_core.environment:checking '/home/nicholas/arduinobot_ws/install/arduinobot_cpp_examples/lib/python3.10/site-packages'
[0.515s] Level 1:colcon.colcon_core.environment:checking '/home/nicholas/arduinobot_ws/install/arduinobot_cpp_examples/bin'
[0.516s] INFO:colcon.colcon_core.shell:Creating package script '/home/nicholas/arduinobot_ws/install/arduinobot_cpp_examples/share/arduinobot_cpp_examples/package.ps1'
[0.516s] INFO:colcon.colcon_core.shell:Creating package descriptor '/home/nicholas/arduinobot_ws/install/arduinobot_cpp_examples/share/arduinobot_cpp_examples/package.dsv'
[0.517s] INFO:colcon.colcon_core.shell:Creating package script '/home/nicholas/arduinobot_ws/install/arduinobot_cpp_examples/share/arduinobot_cpp_examples/package.sh'
[0.518s] INFO:colcon.colcon_core.shell:Creating package script '/home/nicholas/arduinobot_ws/install/arduinobot_cpp_examples/share/arduinobot_cpp_examples/package.bash'
[0.518s] INFO:colcon.colcon_core.shell:Creating package script '/home/nicholas/arduinobot_ws/install/arduinobot_cpp_examples/share/arduinobot_cpp_examples/package.zsh'
[0.519s] Level 1:colcon.colcon_core.environment:create_file_with_runtime_dependencies(/home/nicholas/arduinobot_ws/install/arduinobot_cpp_examples/share/colcon-core/packages/arduinobot_cpp_examples)
[0.520s] Level 1:colcon.colcon_core.environment:create_environment_scripts_only(arduinobot_cpp_examples)
[0.520s] Level 1:colcon.colcon_core.environment:checking '/home/nicholas/arduinobot_ws/install/arduinobot_cpp_examples' for CMake module files
[0.520s] Level 1:colcon.colcon_core.environment:checking '/home/nicholas/arduinobot_ws/install/arduinobot_cpp_examples' for CMake config files
[0.520s] Level 1:colcon.colcon_core.shell:create_environment_hook('arduinobot_cpp_examples', 'cmake_prefix_path')
[0.520s] INFO:colcon.colcon_core.shell:Creating environment hook '/home/nicholas/arduinobot_ws/install/arduinobot_cpp_examples/share/arduinobot_cpp_examples/hook/cmake_prefix_path.ps1'
[0.521s] INFO:colcon.colcon_core.shell:Creating environment descriptor '/home/nicholas/arduinobot_ws/install/arduinobot_cpp_examples/share/arduinobot_cpp_examples/hook/cmake_prefix_path.dsv'
[0.521s] INFO:colcon.colcon_core.shell:Creating environment hook '/home/nicholas/arduinobot_ws/install/arduinobot_cpp_examples/share/arduinobot_cpp_examples/hook/cmake_prefix_path.sh'
[0.522s] Level 1:colcon.colcon_core.environment:checking '/home/nicholas/arduinobot_ws/install/arduinobot_cpp_examples/bin'
[0.522s] Level 1:colcon.colcon_core.environment:checking '/home/nicholas/arduinobot_ws/install/arduinobot_cpp_examples/lib/pkgconfig/arduinobot_cpp_examples.pc'
[0.522s] Level 1:colcon.colcon_core.environment:checking '/home/nicholas/arduinobot_ws/install/arduinobot_cpp_examples/lib/python3.10/site-packages'
[0.522s] Level 1:colcon.colcon_core.environment:checking '/home/nicholas/arduinobot_ws/install/arduinobot_cpp_examples/bin'
[0.522s] INFO:colcon.colcon_core.shell:Creating package script '/home/nicholas/arduinobot_ws/install/arduinobot_cpp_examples/share/arduinobot_cpp_examples/package.ps1'
[0.523s] INFO:colcon.colcon_core.shell:Creating package descriptor '/home/nicholas/arduinobot_ws/install/arduinobot_cpp_examples/share/arduinobot_cpp_examples/package.dsv'
[0.523s] INFO:colcon.colcon_core.shell:Creating package script '/home/nicholas/arduinobot_ws/install/arduinobot_cpp_examples/share/arduinobot_cpp_examples/package.sh'
[0.524s] INFO:colcon.colcon_core.shell:Creating package script '/home/nicholas/arduinobot_ws/install/arduinobot_cpp_examples/share/arduinobot_cpp_examples/package.bash'
[0.524s] INFO:colcon.colcon_core.shell:Creating package script '/home/nicholas/arduinobot_ws/install/arduinobot_cpp_examples/share/arduinobot_cpp_examples/package.zsh'
[0.525s] Level 1:colcon.colcon_core.environment:create_file_with_runtime_dependencies(/home/nicholas/arduinobot_ws/install/arduinobot_cpp_examples/share/colcon-core/packages/arduinobot_cpp_examples)
[0.526s] Level 1:colcon.colcon_core.environment:create_environment_scripts_only(arduinobot_description)
[0.526s] Level 1:colcon.colcon_core.environment:checking '/home/nicholas/arduinobot_ws/install/arduinobot_description' for CMake module files
[0.526s] DEBUG:colcon.colcon_core.event_handler.log_command:Invoked command in '/home/nicholas/arduinobot_ws/build/arduinobot_description' returned '0': CMAKE_PREFIX_PATH=${CMAKE_PREFIX_PATH}:/home/nicholas/arduinobot_ws/install/arduinobot_py_examples:/opt/ros/humble /usr/bin/cmake --install /home/nicholas/arduinobot_ws/build/arduinobot_description
[0.527s] Level 1:colcon.colcon_core.environment:checking '/home/nicholas/arduinobot_ws/install/arduinobot_description' for CMake config files
[0.527s] Level 1:colcon.colcon_core.shell:create_environment_hook('arduinobot_description', 'cmake_prefix_path')
[0.527s] INFO:colcon.colcon_core.shell:Creating environment hook '/home/nicholas/arduinobot_ws/install/arduinobot_description/share/arduinobot_description/hook/cmake_prefix_path.ps1'
[0.528s] INFO:colcon.colcon_core.shell:Creating environment descriptor '/home/nicholas/arduinobot_ws/install/arduinobot_description/share/arduinobot_description/hook/cmake_prefix_path.dsv'
[0.528s] INFO:colcon.colcon_core.shell:Creating environment hook '/home/nicholas/arduinobot_ws/install/arduinobot_description/share/arduinobot_description/hook/cmake_prefix_path.sh'
[0.528s] Level 1:colcon.colcon_core.environment:checking '/home/nicholas/arduinobot_ws/install/arduinobot_description/bin'
[0.528s] Level 1:colcon.colcon_core.environment:checking '/home/nicholas/arduinobot_ws/install/arduinobot_description/lib/pkgconfig/arduinobot_description.pc'
[0.529s] Level 1:colcon.colcon_core.environment:checking '/home/nicholas/arduinobot_ws/install/arduinobot_description/lib/python3.10/site-packages'
[0.529s] Level 1:colcon.colcon_core.environment:checking '/home/nicholas/arduinobot_ws/install/arduinobot_description/bin'
[0.529s] INFO:colcon.colcon_core.shell:Creating package script '/home/nicholas/arduinobot_ws/install/arduinobot_description/share/arduinobot_description/package.ps1'
[0.529s] INFO:colcon.colcon_core.shell:Creating package descriptor '/home/nicholas/arduinobot_ws/install/arduinobot_description/share/arduinobot_description/package.dsv'
[0.530s] INFO:colcon.colcon_core.shell:Creating package script '/home/nicholas/arduinobot_ws/install/arduinobot_description/share/arduinobot_description/package.sh'
[0.530s] INFO:colcon.colcon_core.shell:Creating package script '/home/nicholas/arduinobot_ws/install/arduinobot_description/share/arduinobot_description/package.bash'
[0.531s] INFO:colcon.colcon_core.shell:Creating package script '/home/nicholas/arduinobot_ws/install/arduinobot_description/share/arduinobot_description/package.zsh'
[0.531s] Level 1:colcon.colcon_core.environment:create_file_with_runtime_dependencies(/home/nicholas/arduinobot_ws/install/arduinobot_description/share/colcon-core/packages/arduinobot_description)
[0.532s] Level 1:colcon.colcon_core.environment:create_environment_scripts_only(arduinobot_description)
[0.532s] Level 1:colcon.colcon_core.environment:checking '/home/nicholas/arduinobot_ws/install/arduinobot_description' for CMake module files
[0.532s] Level 1:colcon.colcon_core.environment:checking '/home/nicholas/arduinobot_ws/install/arduinobot_description' for CMake config files
[0.532s] Level 1:colcon.colcon_core.shell:create_environment_hook('arduinobot_description', 'cmake_prefix_path')
[0.533s] INFO:colcon.colcon_core.shell:Creating environment hook '/home/nicholas/arduinobot_ws/install/arduinobot_description/share/arduinobot_description/hook/cmake_prefix_path.ps1'
[0.533s] INFO:colcon.colcon_core.shell:Creating environment descriptor '/home/nicholas/arduinobot_ws/install/arduinobot_description/share/arduinobot_description/hook/cmake_prefix_path.dsv'
[0.533s] INFO:colcon.colcon_core.shell:Creating environment hook '/home/nicholas/arduinobot_ws/install/arduinobot_description/share/arduinobot_description/hook/cmake_prefix_path.sh'
[0.534s] Level 1:colcon.colcon_core.environment:checking '/home/nicholas/arduinobot_ws/install/arduinobot_description/bin'
[0.534s] Level 1:colcon.colcon_core.environment:checking '/home/nicholas/arduinobot_ws/install/arduinobot_description/lib/pkgconfig/arduinobot_description.pc'
[0.534s] Level 1:colcon.colcon_core.environment:checking '/home/nicholas/arduinobot_ws/install/arduinobot_description/lib/python3.10/site-packages'
[0.534s] Level 1:colcon.colcon_core.environment:checking '/home/nicholas/arduinobot_ws/install/arduinobot_description/bin'
[0.535s] INFO:colcon.colcon_core.shell:Creating package script '/home/nicholas/arduinobot_ws/install/arduinobot_description/share/arduinobot_description/package.ps1'
[0.535s] INFO:colcon.colcon_core.shell:Creating package descriptor '/home/nicholas/arduinobot_ws/install/arduinobot_description/share/arduinobot_description/package.dsv'
[0.535s] INFO:colcon.colcon_core.shell:Creating package script '/home/nicholas/arduinobot_ws/install/arduinobot_description/share/arduinobot_description/package.sh'
[0.536s] INFO:colcon.colcon_core.shell:Creating package script '/home/nicholas/arduinobot_ws/install/arduinobot_description/share/arduinobot_description/package.bash'
[0.536s] INFO:colcon.colcon_core.shell:Creating package script '/home/nicholas/arduinobot_ws/install/arduinobot_description/share/arduinobot_description/package.zsh'
[0.537s] Level 1:colcon.colcon_core.environment:create_file_with_runtime_dependencies(/home/nicholas/arduinobot_ws/install/arduinobot_description/share/colcon-core/packages/arduinobot_description)
[0.537s] Level 1:colcon.colcon_core.environment:create_environment_scripts_only(aruduinobot_controller)
[0.537s] Level 1:colcon.colcon_core.environment:checking '/home/nicholas/arduinobot_ws/install/aruduinobot_controller' for CMake module files
[0.538s] Level 1:colcon.colcon_core.environment:checking '/home/nicholas/arduinobot_ws/install/aruduinobot_controller' for CMake config files
[0.539s] DEBUG:colcon.colcon_core.event_handler.log_command:Invoked command in '/home/nicholas/arduinobot_ws/build/aruduinobot_controller' returned '0': CMAKE_PREFIX_PATH=${CMAKE_PREFIX_PATH}:/home/nicholas/arduinobot_ws/install/arduinobot_py_examples:/opt/ros/humble /usr/bin/cmake --install /home/nicholas/arduinobot_ws/build/aruduinobot_controller
[0.539s] Level 1:colcon.colcon_core.shell:create_environment_hook('aruduinobot_controller', 'cmake_prefix_path')
[0.539s] INFO:colcon.colcon_core.shell:Creating environment hook '/home/nicholas/arduinobot_ws/install/aruduinobot_controller/share/aruduinobot_controller/hook/cmake_prefix_path.ps1'
[0.540s] INFO:colcon.colcon_core.shell:Creating environment descriptor '/home/nicholas/arduinobot_ws/install/aruduinobot_controller/share/aruduinobot_controller/hook/cmake_prefix_path.dsv'
[0.540s] INFO:colcon.colcon_core.shell:Creating environment hook '/home/nicholas/arduinobot_ws/install/aruduinobot_controller/share/aruduinobot_controller/hook/cmake_prefix_path.sh'
[0.541s] Level 1:colcon.colcon_core.environment:checking '/home/nicholas/arduinobot_ws/install/aruduinobot_controller/bin'
[0.541s] Level 1:colcon.colcon_core.environment:checking '/home/nicholas/arduinobot_ws/install/aruduinobot_controller/lib/pkgconfig/aruduinobot_controller.pc'
[0.541s] Level 1:colcon.colcon_core.environment:checking '/home/nicholas/arduinobot_ws/install/aruduinobot_controller/lib/python3.10/site-packages'
[0.541s] Level 1:colcon.colcon_core.environment:checking '/home/nicholas/arduinobot_ws/install/aruduinobot_controller/bin'
[0.542s] INFO:colcon.colcon_core.shell:Creating package script '/home/nicholas/arduinobot_ws/install/aruduinobot_controller/share/aruduinobot_controller/package.ps1'
[0.542s] INFO:colcon.colcon_core.shell:Creating package descriptor '/home/nicholas/arduinobot_ws/install/aruduinobot_controller/share/aruduinobot_controller/package.dsv'
[0.543s] INFO:colcon.colcon_core.shell:Creating package script '/home/nicholas/arduinobot_ws/install/aruduinobot_controller/share/aruduinobot_controller/package.sh'
[0.543s] INFO:colcon.colcon_core.shell:Creating package script '/home/nicholas/arduinobot_ws/install/aruduinobot_controller/share/aruduinobot_controller/package.bash'
[0.543s] INFO:colcon.colcon_core.shell:Creating package script '/home/nicholas/arduinobot_ws/install/aruduinobot_controller/share/aruduinobot_controller/package.zsh'
[0.544s] Level 1:colcon.colcon_core.environment:create_file_with_runtime_dependencies(/home/nicholas/arduinobot_ws/install/aruduinobot_controller/share/colcon-core/packages/aruduinobot_controller)
[0.545s] Level 1:colcon.colcon_core.environment:create_environment_scripts_only(aruduinobot_controller)
[0.545s] Level 1:colcon.colcon_core.environment:checking '/home/nicholas/arduinobot_ws/install/aruduinobot_controller' for CMake module files
[0.545s] Level 1:colcon.colcon_core.environment:checking '/home/nicholas/arduinobot_ws/install/aruduinobot_controller' for CMake config files
[0.546s] Level 1:colcon.colcon_core.shell:create_environment_hook('aruduinobot_controller', 'cmake_prefix_path')
[0.546s] INFO:colcon.colcon_core.shell:Creating environment hook '/home/nicholas/arduinobot_ws/install/aruduinobot_controller/share/aruduinobot_controller/hook/cmake_prefix_path.ps1'
[0.547s] INFO:colcon.colcon_core.shell:Creating environment descriptor '/home/nicholas/arduinobot_ws/install/aruduinobot_controller/share/aruduinobot_controller/hook/cmake_prefix_path.dsv'
[0.547s] INFO:colcon.colcon_core.shell:Creating environment hook '/home/nicholas/arduinobot_ws/install/aruduinobot_controller/share/aruduinobot_controller/hook/cmake_prefix_path.sh'
[0.548s] Level 1:colcon.colcon_core.environment:checking '/home/nicholas/arduinobot_ws/install/aruduinobot_controller/bin'
[0.548s] Level 1:colcon.colcon_core.environment:checking '/home/nicholas/arduinobot_ws/install/aruduinobot_controller/lib/pkgconfig/aruduinobot_controller.pc'
[0.548s] Level 1:colcon.colcon_core.environment:checking '/home/nicholas/arduinobot_ws/install/aruduinobot_controller/lib/python3.10/site-packages'
[0.548s] Level 1:colcon.colcon_core.environment:checking '/home/nicholas/arduinobot_ws/install/aruduinobot_controller/bin'
[0.549s] INFO:colcon.colcon_core.shell:Creating package script '/home/nicholas/arduinobot_ws/install/aruduinobot_controller/share/aruduinobot_controller/package.ps1'
[0.549s] INFO:colcon.colcon_core.shell:Creating package descriptor '/home/nicholas/arduinobot_ws/install/aruduinobot_controller/share/aruduinobot_controller/package.dsv'
[0.550s] INFO:colcon.colcon_core.shell:Creating package script '/home/nicholas/arduinobot_ws/install/aruduinobot_controller/share/aruduinobot_controller/package.sh'
[0.550s] INFO:colcon.colcon_core.shell:Creating package script '/home/nicholas/arduinobot_ws/install/aruduinobot_controller/share/aruduinobot_controller/package.bash'
[0.551s] INFO:colcon.colcon_core.shell:Creating package script '/home/nicholas/arduinobot_ws/install/aruduinobot_controller/share/aruduinobot_controller/package.zsh'
[0.552s] Level 1:colcon.colcon_core.environment:create_file_with_runtime_dependencies(/home/nicholas/arduinobot_ws/install/aruduinobot_controller/share/colcon-core/packages/aruduinobot_controller)
[0.745s] DEBUG:colcon.colcon_core.event_handler.log_command:Invoked command in '/home/nicholas/arduinobot_ws/build/arduinobot_moveit' returned '0': CMAKE_PREFIX_PATH=${CMAKE_PREFIX_PATH}:/home/nicholas/arduinobot_ws/install/arduinobot_py_examples:/opt/ros/humble /usr/bin/cmake --build /home/nicholas/arduinobot_ws/build/arduinobot_moveit -- -j16 -l16
[0.746s] DEBUG:colcon.colcon_core.event_handler.log_command:Invoking command in '/home/nicholas/arduinobot_ws/build/arduinobot_moveit': CMAKE_PREFIX_PATH=${CMAKE_PREFIX_PATH}:/home/nicholas/arduinobot_ws/install/arduinobot_py_examples:/opt/ros/humble /usr/bin/cmake --install /home/nicholas/arduinobot_ws/build/arduinobot_moveit
[0.762s] Level 1:colcon.colcon_core.environment:create_environment_scripts_only(arduinobot_moveit)
[0.762s] Level 1:colcon.colcon_core.environment:checking '/home/nicholas/arduinobot_ws/install/arduinobot_moveit' for CMake module files
[0.762s] DEBUG:colcon.colcon_core.event_handler.log_command:Invoked command in '/home/nicholas/arduinobot_ws/build/arduinobot_moveit' returned '0': CMAKE_PREFIX_PATH=${CMAKE_PREFIX_PATH}:/home/nicholas/arduinobot_ws/install/arduinobot_py_examples:/opt/ros/humble /usr/bin/cmake --install /home/nicholas/arduinobot_ws/build/arduinobot_moveit
[0.763s] Level 1:colcon.colcon_core.environment:checking '/home/nicholas/arduinobot_ws/install/arduinobot_moveit' for CMake config files
[0.763s] Level 1:colcon.colcon_core.shell:create_environment_hook('arduinobot_moveit', 'cmake_prefix_path')
[0.763s] INFO:colcon.colcon_core.shell:Creating environment hook '/home/nicholas/arduinobot_ws/install/arduinobot_moveit/share/arduinobot_moveit/hook/cmake_prefix_path.ps1'
[0.763s] INFO:colcon.colcon_core.shell:Creating environment descriptor '/home/nicholas/arduinobot_ws/install/arduinobot_moveit/share/arduinobot_moveit/hook/cmake_prefix_path.dsv'
[0.764s] INFO:colcon.colcon_core.shell:Creating environment hook '/home/nicholas/arduinobot_ws/install/arduinobot_moveit/share/arduinobot_moveit/hook/cmake_prefix_path.sh'
[0.764s] Level 1:colcon.colcon_core.environment:checking '/home/nicholas/arduinobot_ws/install/arduinobot_moveit/bin'
[0.764s] Level 1:colcon.colcon_core.environment:checking '/home/nicholas/arduinobot_ws/install/arduinobot_moveit/lib/pkgconfig/arduinobot_moveit.pc'
[0.764s] Level 1:colcon.colcon_core.environment:checking '/home/nicholas/arduinobot_ws/install/arduinobot_moveit/lib/python3.10/site-packages'
[0.764s] Level 1:colcon.colcon_core.environment:checking '/home/nicholas/arduinobot_ws/install/arduinobot_moveit/bin'
[0.765s] INFO:colcon.colcon_core.shell:Creating package script '/home/nicholas/arduinobot_ws/install/arduinobot_moveit/share/arduinobot_moveit/package.ps1'
[0.765s] INFO:colcon.colcon_core.shell:Creating package descriptor '/home/nicholas/arduinobot_ws/install/arduinobot_moveit/share/arduinobot_moveit/package.dsv'
[0.765s] INFO:colcon.colcon_core.shell:Creating package script '/home/nicholas/arduinobot_ws/install/arduinobot_moveit/share/arduinobot_moveit/package.sh'
[0.766s] INFO:colcon.colcon_core.shell:Creating package script '/home/nicholas/arduinobot_ws/install/arduinobot_moveit/share/arduinobot_moveit/package.bash'
[0.766s] INFO:colcon.colcon_core.shell:Creating package script '/home/nicholas/arduinobot_ws/install/arduinobot_moveit/share/arduinobot_moveit/package.zsh'
[0.766s] Level 1:colcon.colcon_core.environment:create_file_with_runtime_dependencies(/home/nicholas/arduinobot_ws/install/arduinobot_moveit/share/colcon-core/packages/arduinobot_moveit)
[0.767s] Level 1:colcon.colcon_core.environment:create_environment_scripts_only(arduinobot_moveit)
[0.767s] Level 1:colcon.colcon_core.environment:checking '/home/nicholas/arduinobot_ws/install/arduinobot_moveit' for CMake module files
[0.767s] Level 1:colcon.colcon_core.environment:checking '/home/nicholas/arduinobot_ws/install/arduinobot_moveit' for CMake config files
[0.768s] Level 1:colcon.colcon_core.shell:create_environment_hook('arduinobot_moveit', 'cmake_prefix_path')
[0.768s] INFO:colcon.colcon_core.shell:Creating environment hook '/home/nicholas/arduinobot_ws/install/arduinobot_moveit/share/arduinobot_moveit/hook/cmake_prefix_path.ps1'
[0.768s] INFO:colcon.colcon_core.shell:Creating environment descriptor '/home/nicholas/arduinobot_ws/install/arduinobot_moveit/share/arduinobot_moveit/hook/cmake_prefix_path.dsv'
[0.768s] INFO:colcon.colcon_core.shell:Creating environment hook '/home/nicholas/arduinobot_ws/install/arduinobot_moveit/share/arduinobot_moveit/hook/cmake_prefix_path.sh'
[0.769s] Level 1:colcon.colcon_core.environment:checking '/home/nicholas/arduinobot_ws/install/arduinobot_moveit/bin'
[0.769s] Level 1:colcon.colcon_core.environment:checking '/home/nicholas/arduinobot_ws/install/arduinobot_moveit/lib/pkgconfig/arduinobot_moveit.pc'
[0.769s] Level 1:colcon.colcon_core.environment:checking '/home/nicholas/arduinobot_ws/install/arduinobot_moveit/lib/python3.10/site-packages'
[0.769s] Level 1:colcon.colcon_core.environment:checking '/home/nicholas/arduinobot_ws/install/arduinobot_moveit/bin'
[0.769s] INFO:colcon.colcon_core.shell:Creating package script '/home/nicholas/arduinobot_ws/install/arduinobot_moveit/share/arduinobot_moveit/package.ps1'
[0.770s] INFO:colcon.colcon_core.shell:Creating package descriptor '/home/nicholas/arduinobot_ws/install/arduinobot_moveit/share/arduinobot_moveit/package.dsv'
[0.770s] INFO:colcon.colcon_core.shell:Creating package script '/home/nicholas/arduinobot_ws/install/arduinobot_moveit/share/arduinobot_moveit/package.sh'
[0.771s] INFO:colcon.colcon_core.shell:Creating package script '/home/nicholas/arduinobot_ws/install/arduinobot_moveit/share/arduinobot_moveit/package.bash'
[0.771s] INFO:colcon.colcon_core.shell:Creating package script '/home/nicholas/arduinobot_ws/install/arduinobot_moveit/share/arduinobot_moveit/package.zsh'
[0.772s] Level 1:colcon.colcon_core.environment:create_file_with_runtime_dependencies(/home/nicholas/arduinobot_ws/install/arduinobot_moveit/share/colcon-core/packages/arduinobot_moveit)
[3.267s] DEBUG:colcon.colcon_core.event_handler.log_command:Invoked command in '/home/nicholas/arduinobot_ws/build/arduinobot_msgs' returned '0': CMAKE_PREFIX_PATH=${CMAKE_PREFIX_PATH}:/home/nicholas/arduinobot_ws/install/arduinobot_py_examples:/opt/ros/humble /usr/bin/cmake --build /home/nicholas/arduinobot_ws/build/arduinobot_msgs -- -j16 -l16
[3.269s] DEBUG:colcon.colcon_core.event_handler.log_command:Invoking command in '/home/nicholas/arduinobot_ws/build/arduinobot_msgs': CMAKE_PREFIX_PATH=${CMAKE_PREFIX_PATH}:/home/nicholas/arduinobot_ws/install/arduinobot_py_examples:/opt/ros/humble /usr/bin/cmake --install /home/nicholas/arduinobot_ws/build/arduinobot_msgs
[3.350s] Level 1:colcon.colcon_core.environment:create_environment_scripts_only(arduinobot_msgs)
[3.351s] Level 1:colcon.colcon_core.environment:checking '/home/nicholas/arduinobot_ws/install/arduinobot_msgs' for CMake module files
[3.351s] DEBUG:colcon.colcon_core.event_handler.log_command:Invoked command in '/home/nicholas/arduinobot_ws/build/arduinobot_msgs' returned '0': CMAKE_PREFIX_PATH=${CMAKE_PREFIX_PATH}:/home/nicholas/arduinobot_ws/install/arduinobot_py_examples:/opt/ros/humble /usr/bin/cmake --install /home/nicholas/arduinobot_ws/build/arduinobot_msgs
[3.352s] Level 1:colcon.colcon_core.environment:checking '/home/nicholas/arduinobot_ws/install/arduinobot_msgs' for CMake config files
[3.353s] Level 1:colcon.colcon_core.shell:create_environment_hook('arduinobot_msgs', 'cmake_prefix_path')
[3.353s] INFO:colcon.colcon_core.shell:Creating environment hook '/home/nicholas/arduinobot_ws/install/arduinobot_msgs/share/arduinobot_msgs/hook/cmake_prefix_path.ps1'
[3.353s] INFO:colcon.colcon_core.shell:Creating environment descriptor '/home/nicholas/arduinobot_ws/install/arduinobot_msgs/share/arduinobot_msgs/hook/cmake_prefix_path.dsv'
[3.354s] INFO:colcon.colcon_core.shell:Creating environment hook '/home/nicholas/arduinobot_ws/install/arduinobot_msgs/share/arduinobot_msgs/hook/cmake_prefix_path.sh'
[3.354s] Level 1:colcon.colcon_core.environment:checking '/home/nicholas/arduinobot_ws/install/arduinobot_msgs/lib'
[3.354s] Level 1:colcon.colcon_core.shell:create_environment_hook('arduinobot_msgs', 'ld_library_path_lib')
[3.355s] INFO:colcon.colcon_core.shell:Creating environment hook '/home/nicholas/arduinobot_ws/install/arduinobot_msgs/share/arduinobot_msgs/hook/ld_library_path_lib.ps1'
[3.355s] INFO:colcon.colcon_core.shell:Creating environment descriptor '/home/nicholas/arduinobot_ws/install/arduinobot_msgs/share/arduinobot_msgs/hook/ld_library_path_lib.dsv'
[3.355s] INFO:colcon.colcon_core.shell:Creating environment hook '/home/nicholas/arduinobot_ws/install/arduinobot_msgs/share/arduinobot_msgs/hook/ld_library_path_lib.sh'
[3.356s] Level 1:colcon.colcon_core.environment:checking '/home/nicholas/arduinobot_ws/install/arduinobot_msgs/bin'
[3.356s] Level 1:colcon.colcon_core.environment:checking '/home/nicholas/arduinobot_ws/install/arduinobot_msgs/lib/pkgconfig/arduinobot_msgs.pc'
[3.356s] Level 1:colcon.colcon_core.environment:checking '/home/nicholas/arduinobot_ws/install/arduinobot_msgs/lib/python3.10/site-packages'
[3.357s] Level 1:colcon.colcon_core.environment:checking '/home/nicholas/arduinobot_ws/install/arduinobot_msgs/bin'
[3.357s] INFO:colcon.colcon_core.shell:Creating package script '/home/nicholas/arduinobot_ws/install/arduinobot_msgs/share/arduinobot_msgs/package.ps1'
[3.357s] INFO:colcon.colcon_core.shell:Creating package descriptor '/home/nicholas/arduinobot_ws/install/arduinobot_msgs/share/arduinobot_msgs/package.dsv'
[3.358s] INFO:colcon.colcon_core.shell:Creating package script '/home/nicholas/arduinobot_ws/install/arduinobot_msgs/share/arduinobot_msgs/package.sh'
[3.358s] INFO:colcon.colcon_core.shell:Creating package script '/home/nicholas/arduinobot_ws/install/arduinobot_msgs/share/arduinobot_msgs/package.bash'
[3.359s] INFO:colcon.colcon_core.shell:Creating package script '/home/nicholas/arduinobot_ws/install/arduinobot_msgs/share/arduinobot_msgs/package.zsh'
[3.359s] Level 1:colcon.colcon_core.environment:create_file_with_runtime_dependencies(/home/nicholas/arduinobot_ws/install/arduinobot_msgs/share/colcon-core/packages/arduinobot_msgs)
[3.360s] Level 1:colcon.colcon_core.environment:create_environment_scripts_only(arduinobot_msgs)
[3.360s] Level 1:colcon.colcon_core.environment:checking '/home/nicholas/arduinobot_ws/install/arduinobot_msgs' for CMake module files
[3.361s] Level 1:colcon.colcon_core.environment:checking '/home/nicholas/arduinobot_ws/install/arduinobot_msgs' for CMake config files
[3.362s] Level 1:colcon.colcon_core.shell:create_environment_hook('arduinobot_msgs', 'cmake_prefix_path')
[3.363s] INFO:colcon.colcon_core.shell:Creating environment hook '/home/nicholas/arduinobot_ws/install/arduinobot_msgs/share/arduinobot_msgs/hook/cmake_prefix_path.ps1'
[3.363s] INFO:colcon.colcon_core.shell:Creating environment descriptor '/home/nicholas/arduinobot_ws/install/arduinobot_msgs/share/arduinobot_msgs/hook/cmake_prefix_path.dsv'
[3.364s] INFO:colcon.colcon_core.shell:Creating environment hook '/home/nicholas/arduinobot_ws/install/arduinobot_msgs/share/arduinobot_msgs/hook/cmake_prefix_path.sh'
[3.364s] Level 1:colcon.colcon_core.environment:checking '/home/nicholas/arduinobot_ws/install/arduinobot_msgs/lib'
[3.364s] Level 1:colcon.colcon_core.shell:create_environment_hook('arduinobot_msgs', 'ld_library_path_lib')
[3.365s] INFO:colcon.colcon_core.shell:Creating environment hook '/home/nicholas/arduinobot_ws/install/arduinobot_msgs/share/arduinobot_msgs/hook/ld_library_path_lib.ps1'
[3.365s] INFO:colcon.colcon_core.shell:Creating environment descriptor '/home/nicholas/arduinobot_ws/install/arduinobot_msgs/share/arduinobot_msgs/hook/ld_library_path_lib.dsv'
[3.366s] INFO:colcon.colcon_core.shell:Creating environment hook '/home/nicholas/arduinobot_ws/install/arduinobot_msgs/share/arduinobot_msgs/hook/ld_library_path_lib.sh'
[3.366s] Level 1:colcon.colcon_core.environment:checking '/home/nicholas/arduinobot_ws/install/arduinobot_msgs/bin'
[3.366s] Level 1:colcon.colcon_core.environment:checking '/home/nicholas/arduinobot_ws/install/arduinobot_msgs/lib/pkgconfig/arduinobot_msgs.pc'
[3.366s] Level 1:colcon.colcon_core.environment:checking '/home/nicholas/arduinobot_ws/install/arduinobot_msgs/lib/python3.10/site-packages'
[3.367s] Level 1:colcon.colcon_core.environment:checking '/home/nicholas/arduinobot_ws/install/arduinobot_msgs/bin'
[3.367s] INFO:colcon.colcon_core.shell:Creating package script '/home/nicholas/arduinobot_ws/install/arduinobot_msgs/share/arduinobot_msgs/package.ps1'
[3.368s] INFO:colcon.colcon_core.shell:Creating package descriptor '/home/nicholas/arduinobot_ws/install/arduinobot_msgs/share/arduinobot_msgs/package.dsv'
[3.368s] INFO:colcon.colcon_core.shell:Creating package script '/home/nicholas/arduinobot_ws/install/arduinobot_msgs/share/arduinobot_msgs/package.sh'
[3.369s] INFO:colcon.colcon_core.shell:Creating package script '/home/nicholas/arduinobot_ws/install/arduinobot_msgs/share/arduinobot_msgs/package.bash'
[3.370s] INFO:colcon.colcon_core.shell:Creating package script '/home/nicholas/arduinobot_ws/install/arduinobot_msgs/share/arduinobot_msgs/package.zsh'
[3.370s] Level 1:colcon.colcon_core.environment:create_file_with_runtime_dependencies(/home/nicholas/arduinobot_ws/install/arduinobot_msgs/share/colcon-core/packages/arduinobot_msgs)
[3.370s] INFO:colcon.colcon_ros.task.ament_python.build:Building ROS package in '/home/nicholas/arduinobot_ws/src/arduinobot_py_examples' with build type 'ament_python'
[3.371s] Level 1:colcon.colcon_core.shell:create_environment_hook('arduinobot_py_examples', 'ament_prefix_path')
[3.371s] INFO:colcon.colcon_core.shell:Creating environment hook '/home/nicholas/arduinobot_ws/install/arduinobot_py_examples/share/arduinobot_py_examples/hook/ament_prefix_path.ps1'
[3.372s] INFO:colcon.colcon_core.shell:Creating environment descriptor '/home/nicholas/arduinobot_ws/install/arduinobot_py_examples/share/arduinobot_py_examples/hook/ament_prefix_path.dsv'
[3.372s] INFO:colcon.colcon_core.shell:Creating environment hook '/home/nicholas/arduinobot_ws/install/arduinobot_py_examples/share/arduinobot_py_examples/hook/ament_prefix_path.sh'
[3.373s] INFO:colcon.colcon_core.shell:Skip shell extension 'powershell' for command environment: Not usable outside of PowerShell
[3.373s] DEBUG:colcon.colcon_core.shell:Skip shell extension 'dsv' for command environment
[3.380s] INFO:colcon.colcon_ros.task.ament_cmake.build:Building ROS package in '/home/nicholas/arduinobot_ws/src/arduinobot_utils' with build type 'ament_cmake'
[3.380s] INFO:colcon.colcon_cmake.task.cmake.build:Building CMake package in '/home/nicholas/arduinobot_ws/src/arduinobot_utils'
[3.381s] INFO:colcon.colcon_core.shell:Skip shell extension 'powershell' for command environment: Not usable outside of PowerShell
[3.381s] DEBUG:colcon.colcon_core.shell:Skip shell extension 'dsv' for command environment
[3.661s] INFO:colcon.colcon_core.task.python.build:Building Python package in '/home/nicholas/arduinobot_ws/src/arduinobot_py_examples'
[3.662s] INFO:colcon.colcon_core.shell:Skip shell extension 'powershell' for command environment: Not usable outside of PowerShell
[3.662s] DEBUG:colcon.colcon_core.shell:Skip shell extension 'dsv' for command environment
[3.673s] DEBUG:colcon.colcon_core.event_handler.log_command:Invoking command in '/home/nicholas/arduinobot_ws/build/arduinobot_utils': CMAKE_PREFIX_PATH=/home/nicholas/arduinobot_ws/install/arduinobot_msgs:/home/nicholas/arduinobot_ws/install/aruduinobot_controller:/home/nicholas/arduinobot_ws/install/arduinobot_description:/home/nicholas/arduinobot_ws/install/arduinobot_cpp_examples:/home/nicholas/arduinobot_ws/install/arduinobot_py_examples:/opt/ros/humble LD_LIBRARY_PATH=/home/nicholas/arduinobot_ws/install/arduinobot_msgs/lib:${LD_LIBRARY_PATH} PYTHONPATH=/home/nicholas/arduinobot_ws/install/arduinobot_msgs/local/lib/python3.10/dist-packages:${PYTHONPATH} /usr/bin/cmake /home/nicholas/arduinobot_ws/src/arduinobot_utils -DCMAKE_INSTALL_PREFIX=/home/nicholas/arduinobot_ws/install/arduinobot_utils
[4.104s] DEBUG:colcon.colcon_core.event_handler.log_command:Invoking command in '/home/nicholas/arduinobot_ws/src/arduinobot_py_examples': CMAKE_PREFIX_PATH=/home/nicholas/arduinobot_ws/install/arduinobot_msgs:/home/nicholas/arduinobot_ws/install/aruduinobot_controller:/home/nicholas/arduinobot_ws/install/arduinobot_description:/home/nicholas/arduinobot_ws/install/arduinobot_cpp_examples LD_LIBRARY_PATH=/home/nicholas/arduinobot_ws/install/arduinobot_msgs/lib:${LD_LIBRARY_PATH} PYTHONPATH=/home/nicholas/arduinobot_ws/build/arduinobot_py_examples/prefix_override:/usr/lib/python3/dist-packages/colcon_core/task/python/colcon_distutils_commands:/home/nicholas/arduinobot_ws/install/arduinobot_py_examples/lib/python3.10/site-packages:/home/nicholas/arduinobot_ws/install/arduinobot_msgs/local/lib/python3.10/dist-packages:${PYTHONPATH} /usr/bin/python3 -W ignore:setup.py install is deprecated -W ignore:easy_install command is deprecated setup.py egg_info --egg-base ../../build/arduinobot_py_examples build --build-base /home/nicholas/arduinobot_ws/build/arduinobot_py_examples/build install --record /home/nicholas/arduinobot_ws/build/arduinobot_py_examples/install.log --single-version-externally-managed install_data
[4.380s] Level 1:colcon.colcon_core.environment:checking '/home/nicholas/arduinobot_ws/install/arduinobot_py_examples' for CMake module files
[4.380s] DEBUG:colcon.colcon_core.event_handler.log_command:Invoked command in '/home/nicholas/arduinobot_ws/src/arduinobot_py_examples' returned '0': CMAKE_PREFIX_PATH=/home/nicholas/arduinobot_ws/install/arduinobot_msgs:/home/nicholas/arduinobot_ws/install/aruduinobot_controller:/home/nicholas/arduinobot_ws/install/arduinobot_description:/home/nicholas/arduinobot_ws/install/arduinobot_cpp_examples LD_LIBRARY_PATH=/home/nicholas/arduinobot_ws/install/arduinobot_msgs/lib:${LD_LIBRARY_PATH} PYTHONPATH=/home/nicholas/arduinobot_ws/build/arduinobot_py_examples/prefix_override:/usr/lib/python3/dist-packages/colcon_core/task/python/colcon_distutils_commands:/home/nicholas/arduinobot_ws/install/arduinobot_py_examples/lib/python3.10/site-packages:/home/nicholas/arduinobot_ws/install/arduinobot_msgs/local/lib/python3.10/dist-packages:${PYTHONPATH} /usr/bin/python3 -W ignore:setup.py install is deprecated -W ignore:easy_install command is deprecated setup.py egg_info --egg-base ../../build/arduinobot_py_examples build --build-base /home/nicholas/arduinobot_ws/build/arduinobot_py_examples/build install --record /home/nicholas/arduinobot_ws/build/arduinobot_py_examples/install.log --single-version-externally-managed install_data
[4.381s] Level 1:colcon.colcon_core.environment:checking '/home/nicholas/arduinobot_ws/install/arduinobot_py_examples' for CMake config files
[4.381s] Level 1:colcon.colcon_core.environment:checking '/home/nicholas/arduinobot_ws/install/arduinobot_py_examples/lib'
[4.381s] Level 1:colcon.colcon_core.environment:checking '/home/nicholas/arduinobot_ws/install/arduinobot_py_examples/bin'
[4.382s] Level 1:colcon.colcon_core.environment:checking '/home/nicholas/arduinobot_ws/install/arduinobot_py_examples/lib/pkgconfig/arduinobot_py_examples.pc'
[4.382s] Level 1:colcon.colcon_core.environment:checking '/home/nicholas/arduinobot_ws/install/arduinobot_py_examples/lib/python3.10/site-packages'
[4.382s] Level 1:colcon.colcon_core.shell:create_environment_hook('arduinobot_py_examples', 'pythonpath')
[4.382s] INFO:colcon.colcon_core.shell:Creating environment hook '/home/nicholas/arduinobot_ws/install/arduinobot_py_examples/share/arduinobot_py_examples/hook/pythonpath.ps1'
[4.382s] INFO:colcon.colcon_core.shell:Creating environment descriptor '/home/nicholas/arduinobot_ws/install/arduinobot_py_examples/share/arduinobot_py_examples/hook/pythonpath.dsv'
[4.383s] INFO:colcon.colcon_core.shell:Creating environment hook '/home/nicholas/arduinobot_ws/install/arduinobot_py_examples/share/arduinobot_py_examples/hook/pythonpath.sh'
[4.383s] Level 1:colcon.colcon_core.environment:checking '/home/nicholas/arduinobot_ws/install/arduinobot_py_examples/bin'
[4.383s] Level 1:colcon.colcon_core.environment:create_environment_scripts_only(arduinobot_py_examples)
[4.383s] INFO:colcon.colcon_core.shell:Creating package script '/home/nicholas/arduinobot_ws/install/arduinobot_py_examples/share/arduinobot_py_examples/package.ps1'
[4.384s] INFO:colcon.colcon_core.shell:Creating package descriptor '/home/nicholas/arduinobot_ws/install/arduinobot_py_examples/share/arduinobot_py_examples/package.dsv'
[4.384s] INFO:colcon.colcon_core.shell:Creating package script '/home/nicholas/arduinobot_ws/install/arduinobot_py_examples/share/arduinobot_py_examples/package.sh'
[4.384s] INFO:colcon.colcon_core.shell:Creating package script '/home/nicholas/arduinobot_ws/install/arduinobot_py_examples/share/arduinobot_py_examples/package.bash'
[4.385s] INFO:colcon.colcon_core.shell:Creating package script '/home/nicholas/arduinobot_ws/install/arduinobot_py_examples/share/arduinobot_py_examples/package.zsh'
[4.385s] Level 1:colcon.colcon_core.environment:create_file_with_runtime_dependencies(/home/nicholas/arduinobot_ws/install/arduinobot_py_examples/share/colcon-core/packages/arduinobot_py_examples)
[4.522s] DEBUG:colcon.colcon_core.event_handler.log_command:Invoked command in '/home/nicholas/arduinobot_ws/build/arduinobot_utils' returned '0': CMAKE_PREFIX_PATH=/home/nicholas/arduinobot_ws/install/arduinobot_msgs:/home/nicholas/arduinobot_ws/install/aruduinobot_controller:/home/nicholas/arduinobot_ws/install/arduinobot_description:/home/nicholas/arduinobot_ws/install/arduinobot_cpp_examples:/home/nicholas/arduinobot_ws/install/arduinobot_py_examples:/opt/ros/humble LD_LIBRARY_PATH=/home/nicholas/arduinobot_ws/install/arduinobot_msgs/lib:${LD_LIBRARY_PATH} PYTHONPATH=/home/nicholas/arduinobot_ws/install/arduinobot_msgs/local/lib/python3.10/dist-packages:${PYTHONPATH} /usr/bin/cmake /home/nicholas/arduinobot_ws/src/arduinobot_utils -DCMAKE_INSTALL_PREFIX=/home/nicholas/arduinobot_ws/install/arduinobot_utils
[4.524s] DEBUG:colcon.colcon_core.event_handler.log_command:Invoking command in '/home/nicholas/arduinobot_ws/build/arduinobot_utils': CMAKE_PREFIX_PATH=/home/nicholas/arduinobot_ws/install/arduinobot_msgs:/home/nicholas/arduinobot_ws/install/aruduinobot_controller:/home/nicholas/arduinobot_ws/install/arduinobot_description:/home/nicholas/arduinobot_ws/install/arduinobot_cpp_examples:/home/nicholas/arduinobot_ws/install/arduinobot_py_examples:/opt/ros/humble LD_LIBRARY_PATH=/home/nicholas/arduinobot_ws/install/arduinobot_msgs/lib:${LD_LIBRARY_PATH} PYTHONPATH=/home/nicholas/arduinobot_ws/install/arduinobot_msgs/local/lib/python3.10/dist-packages:${PYTHONPATH} /usr/bin/cmake --build /home/nicholas/arduinobot_ws/build/arduinobot_utils -- -j16 -l16
[4.873s] DEBUG:colcon.colcon_core.event_handler.log_command:Invoked command in '/home/nicholas/arduinobot_ws/build/arduinobot_utils' returned '0': CMAKE_PREFIX_PATH=/home/nicholas/arduinobot_ws/install/arduinobot_msgs:/home/nicholas/arduinobot_ws/install/aruduinobot_controller:/home/nicholas/arduinobot_ws/install/arduinobot_description:/home/nicholas/arduinobot_ws/install/arduinobot_cpp_examples:/home/nicholas/arduinobot_ws/install/arduinobot_py_examples:/opt/ros/humble LD_LIBRARY_PATH=/home/nicholas/arduinobot_ws/install/arduinobot_msgs/lib:${LD_LIBRARY_PATH} PYTHONPATH=/home/nicholas/arduinobot_ws/install/arduinobot_msgs/local/lib/python3.10/dist-packages:${PYTHONPATH} /usr/bin/cmake --build /home/nicholas/arduinobot_ws/build/arduinobot_utils -- -j16 -l16
[4.875s] DEBUG:colcon.colcon_core.event_handler.log_command:Invoking command in '/home/nicholas/arduinobot_ws/build/arduinobot_utils': CMAKE_PREFIX_PATH=/home/nicholas/arduinobot_ws/install/arduinobot_msgs:/home/nicholas/arduinobot_ws/install/aruduinobot_controller:/home/nicholas/arduinobot_ws/install/arduinobot_description:/home/nicholas/arduinobot_ws/install/arduinobot_cpp_examples:/home/nicholas/arduinobot_ws/install/arduinobot_py_examples:/opt/ros/humble LD_LIBRARY_PATH=/home/nicholas/arduinobot_ws/install/arduinobot_msgs/lib:${LD_LIBRARY_PATH} PYTHONPATH=/home/nicholas/arduinobot_ws/install/arduinobot_msgs/local/lib/python3.10/dist-packages:${PYTHONPATH} /usr/bin/cmake --install /home/nicholas/arduinobot_ws/build/arduinobot_utils
[4.929s] Level 1:colcon.colcon_core.environment:create_environment_scripts_only(arduinobot_utils)
[4.929s] Level 1:colcon.colcon_core.environment:checking '/home/nicholas/arduinobot_ws/install/arduinobot_utils' for CMake module files
[4.930s] DEBUG:colcon.colcon_core.event_handler.log_command:Invoked command in '/home/nicholas/arduinobot_ws/build/arduinobot_utils' returned '0': CMAKE_PREFIX_PATH=/home/nicholas/arduinobot_ws/install/arduinobot_msgs:/home/nicholas/arduinobot_ws/install/aruduinobot_controller:/home/nicholas/arduinobot_ws/install/arduinobot_description:/home/nicholas/arduinobot_ws/install/arduinobot_cpp_examples:/home/nicholas/arduinobot_ws/install/arduinobot_py_examples:/opt/ros/humble LD_LIBRARY_PATH=/home/nicholas/arduinobot_ws/install/arduinobot_msgs/lib:${LD_LIBRARY_PATH} PYTHONPATH=/home/nicholas/arduinobot_ws/install/arduinobot_msgs/local/lib/python3.10/dist-packages:${PYTHONPATH} /usr/bin/cmake --install /home/nicholas/arduinobot_ws/build/arduinobot_utils
[4.930s] Level 1:colcon.colcon_core.environment:checking '/home/nicholas/arduinobot_ws/install/arduinobot_utils' for CMake config files
[4.931s] Level 1:colcon.colcon_core.shell:create_environment_hook('arduinobot_utils', 'cmake_prefix_path')
[4.931s] INFO:colcon.colcon_core.shell:Creating environment hook '/home/nicholas/arduinobot_ws/install/arduinobot_utils/share/arduinobot_utils/hook/cmake_prefix_path.ps1'
[4.931s] INFO:colcon.colcon_core.shell:Creating environment descriptor '/home/nicholas/arduinobot_ws/install/arduinobot_utils/share/arduinobot_utils/hook/cmake_prefix_path.dsv'
[4.932s] INFO:colcon.colcon_core.shell:Creating environment hook '/home/nicholas/arduinobot_ws/install/arduinobot_utils/share/arduinobot_utils/hook/cmake_prefix_path.sh'
[4.932s] Level 1:colcon.colcon_core.environment:checking '/home/nicholas/arduinobot_ws/install/arduinobot_utils/lib'
[4.932s] Level 1:colcon.colcon_core.environment:checking '/home/nicholas/arduinobot_ws/install/arduinobot_utils/bin'
[4.932s] Level 1:colcon.colcon_core.environment:checking '/home/nicholas/arduinobot_ws/install/arduinobot_utils/lib/pkgconfig/arduinobot_utils.pc'
[4.933s] Level 1:colcon.colcon_core.environment:checking '/home/nicholas/arduinobot_ws/install/arduinobot_utils/lib/python3.10/site-packages'
[4.933s] Level 1:colcon.colcon_core.environment:checking '/home/nicholas/arduinobot_ws/install/arduinobot_utils/bin'
[4.933s] INFO:colcon.colcon_core.shell:Creating package script '/home/nicholas/arduinobot_ws/install/arduinobot_utils/share/arduinobot_utils/package.ps1'
[4.933s] INFO:colcon.colcon_core.shell:Creating package descriptor '/home/nicholas/arduinobot_ws/install/arduinobot_utils/share/arduinobot_utils/package.dsv'
[4.934s] INFO:colcon.colcon_core.shell:Creating package script '/home/nicholas/arduinobot_ws/install/arduinobot_utils/share/arduinobot_utils/package.sh'
[4.934s] INFO:colcon.colcon_core.shell:Creating package script '/home/nicholas/arduinobot_ws/install/arduinobot_utils/share/arduinobot_utils/package.bash'
[4.935s] INFO:colcon.colcon_core.shell:Creating package script '/home/nicholas/arduinobot_ws/install/arduinobot_utils/share/arduinobot_utils/package.zsh'
[4.935s] Level 1:colcon.colcon_core.environment:create_file_with_runtime_dependencies(/home/nicholas/arduinobot_ws/install/arduinobot_utils/share/colcon-core/packages/arduinobot_utils)
[4.935s] Level 1:colcon.colcon_core.environment:create_environment_scripts_only(arduinobot_utils)
[4.936s] Level 1:colcon.colcon_core.environment:checking '/home/nicholas/arduinobot_ws/install/arduinobot_utils' for CMake module files
[4.936s] Level 1:colcon.colcon_core.environment:checking '/home/nicholas/arduinobot_ws/install/arduinobot_utils' for CMake config files
[4.937s] Level 1:colcon.colcon_core.shell:create_environment_hook('arduinobot_utils', 'cmake_prefix_path')
[4.937s] INFO:colcon.colcon_core.shell:Creating environment hook '/home/nicholas/arduinobot_ws/install/arduinobot_utils/share/arduinobot_utils/hook/cmake_prefix_path.ps1'
[4.937s] INFO:colcon.colcon_core.shell:Creating environment descriptor '/home/nicholas/arduinobot_ws/install/arduinobot_utils/share/arduinobot_utils/hook/cmake_prefix_path.dsv'
[4.938s] INFO:colcon.colcon_core.shell:Creating environment hook '/home/nicholas/arduinobot_ws/install/arduinobot_utils/share/arduinobot_utils/hook/cmake_prefix_path.sh'
[4.938s] Level 1:colcon.colcon_core.environment:checking '/home/nicholas/arduinobot_ws/install/arduinobot_utils/lib'
[4.938s] Level 1:colcon.colcon_core.environment:checking '/home/nicholas/arduinobot_ws/install/arduinobot_utils/bin'
[4.938s] Level 1:colcon.colcon_core.environment:checking '/home/nicholas/arduinobot_ws/install/arduinobot_utils/lib/pkgconfig/arduinobot_utils.pc'
[4.938s] Level 1:colcon.colcon_core.environment:checking '/home/nicholas/arduinobot_ws/install/arduinobot_utils/lib/python3.10/site-packages'
[4.939s] Level 1:colcon.colcon_core.environment:checking '/home/nicholas/arduinobot_ws/install/arduinobot_utils/bin'
[4.939s] INFO:colcon.colcon_core.shell:Creating package script '/home/nicholas/arduinobot_ws/install/arduinobot_utils/share/arduinobot_utils/package.ps1'
[4.939s] INFO:colcon.colcon_core.shell:Creating package descriptor '/home/nicholas/arduinobot_ws/install/arduinobot_utils/share/arduinobot_utils/package.dsv'
[4.940s] INFO:colcon.colcon_core.shell:Creating package script '/home/nicholas/arduinobot_ws/install/arduinobot_utils/share/arduinobot_utils/package.sh'
[4.940s] INFO:colcon.colcon_core.shell:Creating package script '/home/nicholas/arduinobot_ws/install/arduinobot_utils/share/arduinobot_utils/package.bash'
[4.941s] INFO:colcon.colcon_core.shell:Creating package script '/home/nicholas/arduinobot_ws/install/arduinobot_utils/share/arduinobot_utils/package.zsh'
[4.941s] Level 1:colcon.colcon_core.environment:create_file_with_runtime_dependencies(/home/nicholas/arduinobot_ws/install/arduinobot_utils/share/colcon-core/packages/arduinobot_utils)
[4.941s] DEBUG:colcon.colcon_parallel_executor.executor.parallel:closing loop
[4.942s] DEBUG:colcon.colcon_parallel_executor.executor.parallel:loop closed
[4.942s] DEBUG:colcon.colcon_parallel_executor.executor.parallel:run_until_complete finished with '0'
[4.942s] DEBUG:colcon.colcon_core.event_reactor:joining thread
[4.947s] INFO:colcon.colcon_core.plugin_system:Skipping extension 'colcon_notification.desktop_notification.terminal_notifier': Not used on non-Darwin systems
[4.947s] INFO:colcon.colcon_core.plugin_system:Skipping extension 'colcon_notification.desktop_notification.win32': Not used on non-Windows systems
[4.948s] INFO:colcon.colcon_notification.desktop_notification:Sending desktop notification using 'notify2'
[4.957s] DEBUG:colcon.colcon_core.event_reactor:joined thread
[4.958s] INFO:colcon.colcon_core.shell:Creating prefix script '/home/nicholas/arduinobot_ws/install/local_setup.ps1'
[4.959s] INFO:colcon.colcon_core.shell:Creating prefix util module '/home/nicholas/arduinobot_ws/install/_local_setup_util_ps1.py'
[4.960s] INFO:colcon.colcon_core.shell:Creating prefix chain script '/home/nicholas/arduinobot_ws/install/setup.ps1'
[4.962s] INFO:colcon.colcon_core.shell:Creating prefix script '/home/nicholas/arduinobot_ws/install/local_setup.sh'
[4.962s] INFO:colcon.colcon_core.shell:Creating prefix util module '/home/nicholas/arduinobot_ws/install/_local_setup_util_sh.py'
[4.963s] INFO:colcon.colcon_core.shell:Creating prefix chain script '/home/nicholas/arduinobot_ws/install/setup.sh'
[4.964s] INFO:colcon.colcon_core.shell:Creating prefix script '/home/nicholas/arduinobot_ws/install/local_setup.bash'
[4.965s] INFO:colcon.colcon_core.shell:Creating prefix chain script '/home/nicholas/arduinobot_ws/install/setup.bash'
[4.966s] INFO:colcon.colcon_core.shell:Creating prefix script '/home/nicholas/arduinobot_ws/install/local_setup.zsh'
[4.966s] INFO:colcon.colcon_core.shell:Creating prefix chain script '/home/nicholas/arduinobot_ws/install/setup.zsh'
