[0.245s] Invoking command in '/home/nicholas/arduinobot_ws/build/arduinobot_remote': CMAKE_PREFIX_PATH=/home/nicholas/arduinobot_ws/install/arduinobot_moveit:/home/nicholas/arduinobot_ws/install/arduinobot_msgs:/home/nicholas/arduinobot_ws/install/arduinobot_description:/home/nicholas/arduinobot_ws/install/aruduinobot_controller:/home/nicholas/arduinobot_ws/install/arduinobot_utils:/home/nicholas/arduinobot_ws/install/arduinobot_remote:/home/nicholas/arduinobot_ws/install/arduinobot_cpp_examples:/home/nicholas/arduinobot_ws/install/arduinobot_py_examples:/opt/ros/humble LD_LIBRARY_PATH=/home/nicholas/arduinobot_ws/install/arduinobot_msgs/lib:/home/nicholas/arduinobot_ws/install/arduinobot_remote/lib:/usr/lib/x86_64-linux-gnu/gazebo-11/plugins:/opt/ros/humble/opt/rviz_ogre_vendor/lib:/opt/ros/humble/lib/x86_64-linux-gnu:/usr/share/gurumdds/cmake/../../../lib:/opt/ros/humble/lib /usr/bin/cmake --build /home/nicholas/arduinobot_ws/build/arduinobot_remote -- -j16 -l16
[0.276s] -- Found ament_cmake: 1.3.11 (/opt/ros/humble/share/ament_cmake/cmake)
[0.403s] -- Found rclcpp: 16.0.12 (/opt/ros/humble/share/rclcpp/cmake)
[0.440s] -- Found rosidl_generator_c: 3.1.6 (/opt/ros/humble/share/rosidl_generator_c/cmake)
[0.443s] -- Found rosidl_adapter: 3.1.6 (/opt/ros/humble/share/rosidl_adapter/cmake)
[0.451s] -- Found rosidl_generator_cpp: 3.1.6 (/opt/ros/humble/share/rosidl_generator_cpp/cmake)
[0.463s] -- Using all available rosidl_typesupport_c: rosidl_typesupport_fastrtps_c;rosidl_typesupport_introspection_c
[0.477s] -- Using all available rosidl_typesupport_cpp: rosidl_typesupport_fastrtps_cpp;rosidl_typesupport_introspection_cpp
[0.522s] -- Found rmw_implementation_cmake: 6.1.2 (/opt/ros/humble/share/rmw_implementation_cmake/cmake)
[0.525s] -- Found rmw_cyclonedds_cpp: 1.3.4 (/opt/ros/humble/share/rmw_cyclonedds_cpp/cmake)
[0.551s] -- Using RMW implementation 'rmw_cyclonedds_cpp' as default
[0.623s] -- Found rclcpp_action: 16.0.12 (/opt/ros/humble/share/rclcpp_action/cmake)
[0.660s] -- Found rclcpp_components: 16.0.12 (/opt/ros/humble/share/rclcpp_components/cmake)
[0.688s] -- Found arduinobot_msgs: 0.0.0 (/home/nicholas/arduinobot_ws/install/arduinobot_msgs/share/arduinobot_msgs/cmake)
[0.707s] -- Found moveit_ros_planning_interface: 2.5.8 (/opt/ros/humble/share/moveit_ros_planning_interface/cmake)
[0.724s] -- Found Boost: /usr/lib/x86_64-linux-gnu/cmake/Boost-1.74.0/BoostConfig.cmake (found version "1.74.0") found components: date_time filesystem program_options system thread 
[0.889s] -- Found Boost: /usr/lib/x86_64-linux-gnu/cmake/Boost-1.74.0/BoostConfig.cmake (found version "1.74.0") found components: chrono date_time filesystem iostreams program_options regex serialization system thread 
[0.927s] -- Found parameter_traits: 0.4.0 (/opt/ros/humble/share/parameter_traits/cmake)
[0.940s] -- Found rclcpp_lifecycle: 16.0.12 (/opt/ros/humble/share/rclcpp_lifecycle/cmake)
[0.969s] -- Found Boost: /usr/lib/x86_64-linux-gnu/cmake/Boost-1.74.0/BoostConfig.cmake (found version "1.74.0") found components: filesystem 
[1.009s] -- library: /usr/lib/x86_64-linux-gnu/libcurl.so
[1.038s] -- Ensuring Eigen3 include directory is part of orocos-kdl CMake target
[1.134s] -- Found Boost: /usr/lib/x86_64-linux-gnu/cmake/Boost-1.74.0/BoostConfig.cmake (found version "1.74.0") found components: system filesystem date_time program_options thread chrono 
[1.163s] -- Found Boost: /usr/lib/x86_64-linux-gnu/cmake/Boost-1.74.0/BoostConfig.cmake (found version "1.74.0") found components: thread system filesystem regex date_time program_options 
[1.196s] -- Found Boost: /usr/lib/x86_64-linux-gnu/cmake/Boost-1.74.0/BoostConfig.cmake (found version "1.74.0") found components: system filesystem date_time program_options thread 
[1.231s] -- Found rclpy: 3.3.16 (/opt/ros/humble/share/rclpy/cmake)
[1.356s] -- Configuring done
[1.405s] -- Generating done
[1.418s] -- Build files have been written to: /home/nicholas/arduinobot_ws/build/arduinobot_remote
[1.455s] [35m[1mConsolidate compiler generated dependencies of target task_server_node[0m
[1.455s] [35m[1mConsolidate compiler generated dependencies of target task_server[0m
[1.473s] [ 25%] Built target ament_cmake_python_copy_arduinobot_remote
[1.473s] [ 50%] Built target task_server_node
[1.482s] [100%] Built target task_server
[1.683s] running egg_info
[1.683s] writing arduinobot_remote.egg-info/PKG-INFO
[1.684s] writing dependency_links to arduinobot_remote.egg-info/dependency_links.txt
[1.684s] writing top-level names to arduinobot_remote.egg-info/top_level.txt
[1.685s] reading manifest file 'arduinobot_remote.egg-info/SOURCES.txt'
[1.687s] writing manifest file 'arduinobot_remote.egg-info/SOURCES.txt'
[1.710s] [100%] Built target ament_cmake_python_build_arduinobot_remote_egg
[1.722s] Invoked command in '/home/nicholas/arduinobot_ws/build/arduinobot_remote' returned '0': CMAKE_PREFIX_PATH=/home/nicholas/arduinobot_ws/install/arduinobot_moveit:/home/nicholas/arduinobot_ws/install/arduinobot_msgs:/home/nicholas/arduinobot_ws/install/arduinobot_description:/home/nicholas/arduinobot_ws/install/aruduinobot_controller:/home/nicholas/arduinobot_ws/install/arduinobot_utils:/home/nicholas/arduinobot_ws/install/arduinobot_remote:/home/nicholas/arduinobot_ws/install/arduinobot_cpp_examples:/home/nicholas/arduinobot_ws/install/arduinobot_py_examples:/opt/ros/humble LD_LIBRARY_PATH=/home/nicholas/arduinobot_ws/install/arduinobot_msgs/lib:/home/nicholas/arduinobot_ws/install/arduinobot_remote/lib:/usr/lib/x86_64-linux-gnu/gazebo-11/plugins:/opt/ros/humble/opt/rviz_ogre_vendor/lib:/opt/ros/humble/lib/x86_64-linux-gnu:/usr/share/gurumdds/cmake/../../../lib:/opt/ros/humble/lib /usr/bin/cmake --build /home/nicholas/arduinobot_ws/build/arduinobot_remote -- -j16 -l16
[1.723s] Invoking command in '/home/nicholas/arduinobot_ws/build/arduinobot_remote': CMAKE_PREFIX_PATH=/home/nicholas/arduinobot_ws/install/arduinobot_moveit:/home/nicholas/arduinobot_ws/install/arduinobot_msgs:/home/nicholas/arduinobot_ws/install/arduinobot_description:/home/nicholas/arduinobot_ws/install/aruduinobot_controller:/home/nicholas/arduinobot_ws/install/arduinobot_utils:/home/nicholas/arduinobot_ws/install/arduinobot_remote:/home/nicholas/arduinobot_ws/install/arduinobot_cpp_examples:/home/nicholas/arduinobot_ws/install/arduinobot_py_examples:/opt/ros/humble LD_LIBRARY_PATH=/home/nicholas/arduinobot_ws/install/arduinobot_msgs/lib:/home/nicholas/arduinobot_ws/install/arduinobot_remote/lib:/usr/lib/x86_64-linux-gnu/gazebo-11/plugins:/opt/ros/humble/opt/rviz_ogre_vendor/lib:/opt/ros/humble/lib/x86_64-linux-gnu:/usr/share/gurumdds/cmake/../../../lib:/opt/ros/humble/lib /usr/bin/cmake --install /home/nicholas/arduinobot_ws/build/arduinobot_remote
[1.731s] -- Install configuration: ""
[1.731s] -- Up-to-date: /home/nicholas/arduinobot_ws/install/arduinobot_remote/lib/arduinobot_remote/task_server_node
[1.731s] -- Up-to-date: /home/nicholas/arduinobot_ws/install/arduinobot_remote/share/arduinobot_remote/environment/pythonpath.sh
[1.731s] -- Installing: /home/nicholas/arduinobot_ws/install/arduinobot_remote/share/arduinobot_remote/environment/pythonpath.dsv
[1.732s] -- Up-to-date: /home/nicholas/arduinobot_ws/install/arduinobot_remote/local/lib/python3.10/dist-packages/arduinobot_remote-0.0.0-py3.10.egg-info
[1.732s] -- Installing: /home/nicholas/arduinobot_ws/install/arduinobot_remote/local/lib/python3.10/dist-packages/arduinobot_remote-0.0.0-py3.10.egg-info/top_level.txt
[1.732s] -- Installing: /home/nicholas/arduinobot_ws/install/arduinobot_remote/local/lib/python3.10/dist-packages/arduinobot_remote-0.0.0-py3.10.egg-info/dependency_links.txt
[1.732s] -- Installing: /home/nicholas/arduinobot_ws/install/arduinobot_remote/local/lib/python3.10/dist-packages/arduinobot_remote-0.0.0-py3.10.egg-info/SOURCES.txt
[1.732s] -- Installing: /home/nicholas/arduinobot_ws/install/arduinobot_remote/local/lib/python3.10/dist-packages/arduinobot_remote-0.0.0-py3.10.egg-info/PKG-INFO
[1.732s] -- Up-to-date: /home/nicholas/arduinobot_ws/install/arduinobot_remote/local/lib/python3.10/dist-packages/arduinobot_remote
[1.732s] -- Installing: /home/nicholas/arduinobot_ws/install/arduinobot_remote/local/lib/python3.10/dist-packages/arduinobot_remote/alexa_interface.py
[1.733s] -- Up-to-date: /home/nicholas/arduinobot_ws/install/arduinobot_remote/local/lib/python3.10/dist-packages/arduinobot_remote/__init__.py
[1.761s] Listing '/home/nicholas/arduinobot_ws/install/arduinobot_remote/local/lib/python3.10/dist-packages/arduinobot_remote'...
[1.761s] Compiling '/home/nicholas/arduinobot_ws/install/arduinobot_remote/local/lib/python3.10/dist-packages/arduinobot_remote/alexa_interface.py'...
[1.766s] -- Up-to-date: /home/nicholas/arduinobot_ws/install/arduinobot_remote/lib/libtask_server.so
[1.766s] -- Installing: /home/nicholas/arduinobot_ws/install/arduinobot_remote/lib/arduinobot_remote/alexa_interface.py
[1.766s] -- Up-to-date: /home/nicholas/arduinobot_ws/install/arduinobot_remote/share/arduinobot_remote/launch
[1.766s] -- Installing: /home/nicholas/arduinobot_ws/install/arduinobot_remote/share/arduinobot_remote/launch/remote_interface.launch.py
[1.766s] -- Up-to-date: /home/nicholas/arduinobot_ws/install/arduinobot_remote/share/ament_index/resource_index/package_run_dependencies/arduinobot_remote
[1.767s] -- Up-to-date: /home/nicholas/arduinobot_ws/install/arduinobot_remote/share/ament_index/resource_index/parent_prefix_path/arduinobot_remote
[1.767s] -- Up-to-date: /home/nicholas/arduinobot_ws/install/arduinobot_remote/share/arduinobot_remote/environment/ament_prefix_path.sh
[1.767s] -- Installing: /home/nicholas/arduinobot_ws/install/arduinobot_remote/share/arduinobot_remote/environment/ament_prefix_path.dsv
[1.767s] -- Up-to-date: /home/nicholas/arduinobot_ws/install/arduinobot_remote/share/arduinobot_remote/environment/path.sh
[1.767s] -- Installing: /home/nicholas/arduinobot_ws/install/arduinobot_remote/share/arduinobot_remote/environment/path.dsv
[1.767s] -- Up-to-date: /home/nicholas/arduinobot_ws/install/arduinobot_remote/share/arduinobot_remote/local_setup.bash
[1.767s] -- Up-to-date: /home/nicholas/arduinobot_ws/install/arduinobot_remote/share/arduinobot_remote/local_setup.sh
[1.768s] -- Up-to-date: /home/nicholas/arduinobot_ws/install/arduinobot_remote/share/arduinobot_remote/local_setup.zsh
[1.768s] -- Installing: /home/nicholas/arduinobot_ws/install/arduinobot_remote/share/arduinobot_remote/local_setup.dsv
[1.768s] -- Installing: /home/nicholas/arduinobot_ws/install/arduinobot_remote/share/arduinobot_remote/package.dsv
[1.768s] -- Up-to-date: /home/nicholas/arduinobot_ws/install/arduinobot_remote/share/ament_index/resource_index/packages/arduinobot_remote
[1.768s] -- Up-to-date: /home/nicholas/arduinobot_ws/install/arduinobot_remote/share/ament_index/resource_index/rclcpp_components/arduinobot_remote
[1.768s] -- Up-to-date: /home/nicholas/arduinobot_ws/install/arduinobot_remote/share/arduinobot_remote/cmake/arduinobot_remoteConfig.cmake
[1.768s] -- Up-to-date: /home/nicholas/arduinobot_ws/install/arduinobot_remote/share/arduinobot_remote/cmake/arduinobot_remoteConfig-version.cmake
[1.769s] -- Up-to-date: /home/nicholas/arduinobot_ws/install/arduinobot_remote/share/arduinobot_remote/package.xml
[1.772s] Invoked command in '/home/nicholas/arduinobot_ws/build/arduinobot_remote' returned '0': CMAKE_PREFIX_PATH=/home/nicholas/arduinobot_ws/install/arduinobot_moveit:/home/nicholas/arduinobot_ws/install/arduinobot_msgs:/home/nicholas/arduinobot_ws/install/arduinobot_description:/home/nicholas/arduinobot_ws/install/aruduinobot_controller:/home/nicholas/arduinobot_ws/install/arduinobot_utils:/home/nicholas/arduinobot_ws/install/arduinobot_remote:/home/nicholas/arduinobot_ws/install/arduinobot_cpp_examples:/home/nicholas/arduinobot_ws/install/arduinobot_py_examples:/opt/ros/humble LD_LIBRARY_PATH=/home/nicholas/arduinobot_ws/install/arduinobot_msgs/lib:/home/nicholas/arduinobot_ws/install/arduinobot_remote/lib:/usr/lib/x86_64-linux-gnu/gazebo-11/plugins:/opt/ros/humble/opt/rviz_ogre_vendor/lib:/opt/ros/humble/lib/x86_64-linux-gnu:/usr/share/gurumdds/cmake/../../../lib:/opt/ros/humble/lib /usr/bin/cmake --install /home/nicholas/arduinobot_ws/build/arduinobot_remote
