[0.031s] Invoking command in '/home/nicholas/arduinobot_ws/build/arduinobot_firmware': CMAKE_PREFIX_PATH=${CMAKE_PREFIX_PATH}:/home/nicholas/arduinobot_ws/install/arduinobot_py_examples:/opt/ros/humble /usr/bin/cmake --build /home/nicholas/arduinobot_ws/build/arduinobot_firmware -- -j16 -l16
[0.054s] -- Found ament_cmake: 1.3.11 (/opt/ros/humble/share/ament_cmake/cmake)
[0.194s] -- Found rclpy: 3.3.16 (/opt/ros/humble/share/rclpy/cmake)
[0.257s] -- Found ament_lint_auto: 0.12.12 (/opt/ros/humble/share/ament_lint_auto/cmake)
[0.319s] -- Added test 'flake8' to check Python code syntax and style conventions
[0.319s] -- Added test 'lint_cmake' to check CMake code style
[0.319s] -- Added test 'pep257' to check Python code against some of the docstring style conventions in PEP 257
[0.321s] -- Added test 'xmllint' to check XML markup files
[0.322s] -- Configuring done
[0.327s] -- Generating done
[0.329s] -- Build files have been written to: /home/nicholas/arduinobot_ws/build/arduinobot_firmware
[0.370s] Built target ament_cmake_python_copy_arduinobot_firmware
[0.652s] running egg_info
[0.653s] creating arduinobot_firmware.egg-info
[0.653s] writing arduinobot_firmware.egg-info/PKG-INFO
[0.653s] writing dependency_links to arduinobot_firmware.egg-info/dependency_links.txt
[0.653s] writing top-level names to arduinobot_firmware.egg-info/top_level.txt
[0.654s] writing manifest file 'arduinobot_firmware.egg-info/SOURCES.txt'
[0.656s] reading manifest file 'arduinobot_firmware.egg-info/SOURCES.txt'
[0.656s] writing manifest file 'arduinobot_firmware.egg-info/SOURCES.txt'
[0.685s] Built target ament_cmake_python_build_arduinobot_firmware_egg
[0.809s] Invoked command in '/home/nicholas/arduinobot_ws/build/arduinobot_firmware' returned '0': CMAKE_PREFIX_PATH=${CMAKE_PREFIX_PATH}:/home/nicholas/arduinobot_ws/install/arduinobot_py_examples:/opt/ros/humble /usr/bin/cmake --build /home/nicholas/arduinobot_ws/build/arduinobot_firmware -- -j16 -l16
[0.811s] Invoking command in '/home/nicholas/arduinobot_ws/build/arduinobot_firmware': CMAKE_PREFIX_PATH=${CMAKE_PREFIX_PATH}:/home/nicholas/arduinobot_ws/install/arduinobot_py_examples:/opt/ros/humble /usr/bin/cmake --install /home/nicholas/arduinobot_ws/build/arduinobot_firmware
[0.818s] -- Install configuration: ""
[0.818s] -- Installing: /home/nicholas/arduinobot_ws/install/arduinobot_firmware/share/arduinobot_firmware/environment/pythonpath.sh
[0.818s] -- Installing: /home/nicholas/arduinobot_ws/install/arduinobot_firmware/share/arduinobot_firmware/environment/pythonpath.dsv
[0.818s] -- Installing: /home/nicholas/arduinobot_ws/install/arduinobot_firmware/local/lib/python3.10/dist-packages/arduinobot_firmware-0.0.0-py3.10.egg-info
[0.819s] -- Installing: /home/nicholas/arduinobot_ws/install/arduinobot_firmware/local/lib/python3.10/dist-packages/arduinobot_firmware-0.0.0-py3.10.egg-info/top_level.txt
[0.819s] -- Installing: /home/nicholas/arduinobot_ws/install/arduinobot_firmware/local/lib/python3.10/dist-packages/arduinobot_firmware-0.0.0-py3.10.egg-info/dependency_links.txt
[0.819s] -- Installing: /home/nicholas/arduinobot_ws/install/arduinobot_firmware/local/lib/python3.10/dist-packages/arduinobot_firmware-0.0.0-py3.10.egg-info/SOURCES.txt
[0.819s] -- Installing: /home/nicholas/arduinobot_ws/install/arduinobot_firmware/local/lib/python3.10/dist-packages/arduinobot_firmware-0.0.0-py3.10.egg-info/PKG-INFO
[0.819s] -- Installing: /home/nicholas/arduinobot_ws/install/arduinobot_firmware/local/lib/python3.10/dist-packages/arduinobot_firmware
[0.819s] -- Installing: /home/nicholas/arduinobot_ws/install/arduinobot_firmware/local/lib/python3.10/dist-packages/arduinobot_firmware/simple_serial_transmitter.py
[0.820s] -- Installing: /home/nicholas/arduinobot_ws/install/arduinobot_firmware/local/lib/python3.10/dist-packages/arduinobot_firmware/__init__.py
[0.860s] Listing '/home/nicholas/arduinobot_ws/install/arduinobot_firmware/local/lib/python3.10/dist-packages/arduinobot_firmware'...
[0.860s] Compiling '/home/nicholas/arduinobot_ws/install/arduinobot_firmware/local/lib/python3.10/dist-packages/arduinobot_firmware/__init__.py'...
[0.860s] Compiling '/home/nicholas/arduinobot_ws/install/arduinobot_firmware/local/lib/python3.10/dist-packages/arduinobot_firmware/simple_serial_transmitter.py'...
[0.865s] -- Installing: /home/nicholas/arduinobot_ws/install/arduinobot_firmware/lib/arduinobot_firmware/simple_serial_transmitter.py
[0.865s] -- Installing: /home/nicholas/arduinobot_ws/install/arduinobot_firmware/share/ament_index/resource_index/package_run_dependencies/arduinobot_firmware
[0.866s] -- Installing: /home/nicholas/arduinobot_ws/install/arduinobot_firmware/share/ament_index/resource_index/parent_prefix_path/arduinobot_firmware
[0.866s] -- Up-to-date: /home/nicholas/arduinobot_ws/install/arduinobot_firmware/share/arduinobot_firmware/environment/ament_prefix_path.sh
[0.866s] -- Installing: /home/nicholas/arduinobot_ws/install/arduinobot_firmware/share/arduinobot_firmware/environment/ament_prefix_path.dsv
[0.866s] -- Up-to-date: /home/nicholas/arduinobot_ws/install/arduinobot_firmware/share/arduinobot_firmware/environment/path.sh
[0.867s] -- Installing: /home/nicholas/arduinobot_ws/install/arduinobot_firmware/share/arduinobot_firmware/environment/path.dsv
[0.867s] -- Up-to-date: /home/nicholas/arduinobot_ws/install/arduinobot_firmware/share/arduinobot_firmware/local_setup.bash
[0.867s] -- Installing: /home/nicholas/arduinobot_ws/install/arduinobot_firmware/share/arduinobot_firmware/local_setup.sh
[0.867s] -- Up-to-date: /home/nicholas/arduinobot_ws/install/arduinobot_firmware/share/arduinobot_firmware/local_setup.zsh
[0.867s] -- Installing: /home/nicholas/arduinobot_ws/install/arduinobot_firmware/share/arduinobot_firmware/local_setup.dsv
[0.867s] -- Installing: /home/nicholas/arduinobot_ws/install/arduinobot_firmware/share/arduinobot_firmware/package.dsv
[0.868s] -- Up-to-date: /home/nicholas/arduinobot_ws/install/arduinobot_firmware/share/ament_index/resource_index/packages/arduinobot_firmware
[0.868s] -- Up-to-date: /home/nicholas/arduinobot_ws/install/arduinobot_firmware/share/arduinobot_firmware/cmake/arduinobot_firmwareConfig.cmake
[0.868s] -- Up-to-date: /home/nicholas/arduinobot_ws/install/arduinobot_firmware/share/arduinobot_firmware/cmake/arduinobot_firmwareConfig-version.cmake
[0.868s] -- Installing: /home/nicholas/arduinobot_ws/install/arduinobot_firmware/share/arduinobot_firmware/package.xml
[0.872s] Invoked command in '/home/nicholas/arduinobot_ws/build/arduinobot_firmware' returned '0': CMAKE_PREFIX_PATH=${CMAKE_PREFIX_PATH}:/home/nicholas/arduinobot_ws/install/arduinobot_py_examples:/opt/ros/humble /usr/bin/cmake --install /home/nicholas/arduinobot_ws/build/arduinobot_firmware
